Sender: LSF System <lsfadmin@zhcc014>
Subject: Job 777548: <python3 trainer_resnet.py -seed=1 -batch_size=256 -weight_decay=0.0005 -momentum=0.9 -save_every=10 -lr=0.1 -n_attack_steps=3 -beta_robustness=0.0 -gamma=0.1 -eps_pga=0.001 -eta_train=0.0 -inner_lr=0.1 -eta_mode=ind -clipping_alpha=2.0 -attack_size_mismatch=0.05 -initial_std=0.001 -pretrained -burn_in=0 -workers=4 -n_epochs=300 -dataset=cifar10 -architecture=resnet32 -start_epoch=60 -data_dir=/dataP/jbu -session_id=2032600485> in cluster <ZHC2clusterLSF> Exited

Job <python3 trainer_resnet.py -seed=1 -batch_size=256 -weight_decay=0.0005 -momentum=0.9 -save_every=10 -lr=0.1 -n_attack_steps=3 -beta_robustness=0.0 -gamma=0.1 -eps_pga=0.001 -eta_train=0.0 -inner_lr=0.1 -eta_mode=ind -clipping_alpha=2.0 -attack_size_mismatch=0.05 -initial_std=0.001 -pretrained -burn_in=0 -workers=4 -n_epochs=300 -dataset=cifar10 -architecture=resnet32 -start_epoch=60 -data_dir=/dataP/jbu -session_id=2032600485> was submitted from host <zhcc022> by user <jbu> in cluster <ZHC2clusterLSF> at Wed Nov 24 14:38:09 2021
Job was executed on host(s) <zhcc014>, in queue <prod.med>, as user <jbu> in cluster <ZHC2clusterLSF> at Wed Nov 24 14:38:10 2021
</u/jbu> was used as the home directory.
</u/jbu/Resnet32-ICLR> was used as the working directory.
Started at Wed Nov 24 14:38:10 2021
Terminated at Wed Nov 24 14:38:17 2021
Results reported at Wed Nov 24 14:38:17 2021

Your job looked like:

------------------------------------------------------------
# LSBATCH: User input
python3 trainer_resnet.py -seed=1 -batch_size=256 -weight_decay=0.0005 -momentum=0.9 -save_every=10 -lr=0.1 -n_attack_steps=3 -beta_robustness=0.0 -gamma=0.1 -eps_pga=0.001 -eta_train=0.0 -inner_lr=0.1 -eta_mode=ind -clipping_alpha=2.0 -attack_size_mismatch=0.05 -initial_std=0.001 -pretrained -burn_in=0 -workers=4 -n_epochs=300 -dataset=cifar10 -architecture=resnet32 -start_epoch=60 -data_dir=/dataP/jbu -session_id=2032600485
------------------------------------------------------------

TERM_OWNER: job killed by owner.
Exited with exit code 1.

Resource usage summary:

    CPU time :                                   8.95 sec.
    Max Memory :                                 87 MB
    Average Memory :                             58.33 MB
    Total Requested Memory :                     -
    Delta Memory :                               -
    Max Swap :                                   -
    Max Processes :                              3
    Max Threads :                                131
    Run time :                                   11 sec.
    Turnaround time :                            8 sec.

The output (if any) follows:

Traceback (most recent call last):
  File "trainer_resnet.py", line 10, in <module>
    from Losses.torch_loss import AdversarialLoss, AWP_Loss, AMP_Loss
  File "/ibm/gpfs-homes/jbu/Resnet32-ICLR/Losses/torch_loss.py", line 3, in <module>
    from cleverhans.torch.attacks import projected_gradient_descent
  File "/u/jbu/.conda/envs/msc/lib/python3.7/site-packages/cleverhans/__init__.py", line 6, in <module>
    __version__ = append_dev_version("4.0.0")
  File "/u/jbu/.conda/envs/msc/lib/python3.7/site-packages/cleverhans/devtools/version.py", line 32, in append_dev_version
    dev_version_value = dev_version()
  File "/u/jbu/.conda/envs/msc/lib/python3.7/site-packages/cleverhans/devtools/version.py", line 22, in dev_version
    content = fobj.read()
KeyboardInterrupt
