Sender: LSF System <lsfadmin@zhcc012>
Subject: Job 777577: <python3 trainer_resnet.py -seed=0 -batch_size=256 -weight_decay=0.0005 -momentum=0.9 -save_every=10 -lr=0.1 -n_attack_steps=3 -beta_robustness=0.0 -gamma=0.1 -eps_pga=0.001 -eta_train=0.0 -inner_lr=0.1 -eta_mode=ind -clipping_alpha=2.0 -attack_size_mismatch=0.05 -initial_std=0.001 -pretrained -burn_in=0 -workers=4 -n_epochs=300 -dataset=cifar10 -architecture=resnet32 -start_epoch=60 -data_dir=/dataP/jbu -session_id=2217480346> in cluster <ZHC2clusterLSF> Exited

Job <python3 trainer_resnet.py -seed=0 -batch_size=256 -weight_decay=0.0005 -momentum=0.9 -save_every=10 -lr=0.1 -n_attack_steps=3 -beta_robustness=0.0 -gamma=0.1 -eps_pga=0.001 -eta_train=0.0 -inner_lr=0.1 -eta_mode=ind -clipping_alpha=2.0 -attack_size_mismatch=0.05 -initial_std=0.001 -pretrained -burn_in=0 -workers=4 -n_epochs=300 -dataset=cifar10 -architecture=resnet32 -start_epoch=60 -data_dir=/dataP/jbu -session_id=2217480346> was submitted from host <zhcc022> by user <jbu> in cluster <ZHC2clusterLSF> at Wed Nov 24 14:40:34 2021
Job was executed on host(s) <zhcc012>, in queue <prod.med>, as user <jbu> in cluster <ZHC2clusterLSF> at Wed Nov 24 14:40:35 2021
</u/jbu> was used as the home directory.
</u/jbu/Resnet32-ICLR> was used as the working directory.
Started at Wed Nov 24 14:40:35 2021
Terminated at Wed Nov 24 14:40:56 2021
Results reported at Wed Nov 24 14:40:56 2021

Your job looked like:

------------------------------------------------------------
# LSBATCH: User input
python3 trainer_resnet.py -seed=0 -batch_size=256 -weight_decay=0.0005 -momentum=0.9 -save_every=10 -lr=0.1 -n_attack_steps=3 -beta_robustness=0.0 -gamma=0.1 -eps_pga=0.001 -eta_train=0.0 -inner_lr=0.1 -eta_mode=ind -clipping_alpha=2.0 -attack_size_mismatch=0.05 -initial_std=0.001 -pretrained -burn_in=0 -workers=4 -n_epochs=300 -dataset=cifar10 -architecture=resnet32 -start_epoch=60 -data_dir=/dataP/jbu -session_id=2217480346
------------------------------------------------------------

TERM_OWNER: job killed by owner.
Exited with exit code 1.

Resource usage summary:

    CPU time :                                   15.23 sec.
    Max Memory :                                 1850 MB
    Average Memory :                             1076.20 MB
    Total Requested Memory :                     -
    Delta Memory :                               -
    Max Swap :                                   -
    Max Processes :                              7
    Max Threads :                                133
    Run time :                                   23 sec.
    Turnaround time :                            22 sec.

The output (if any) follows:

Loaded pretrained model from /ibm/gpfs-homes/jbu/Resnet32-ICLR/Resources/cifar10_pretrained_models/resnet32.th
Files already downloaded and verified
Files already downloaded and verified
Files already downloaded and verified
/u/jbu/.conda/envs/msc/lib/python3.7/site-packages/torch/optim/lr_scheduler.py:136: UserWarning: Detected call of `lr_scheduler.step()` before `optimizer.step()`. In PyTorch 1.1.0 and later, you should call them in the opposite order: `optimizer.step()` before `lr_scheduler.step()`.  Failure to do this will result in PyTorch skipping the first value of the learning rate schedule. See more details at https://pytorch.org/docs/stable/optim.html#how-to-adjust-learning-rate
  "https://pytorch.org/docs/stable/optim.html#how-to-adjust-learning-rate", UserWarning)
Traceback (most recent call last):
  File "trainer_resnet.py", line 344, in <module>
    main()
  File "trainer_resnet.py", line 138, in main
    p1_nc = validate(val_loader, model, args=args)
  File "trainer_resnet.py", line 289, in validate
    output = model(input_var)
  File "/u/jbu/.conda/envs/msc/lib/python3.7/site-packages/torch/nn/modules/module.py", line 727, in _call_impl
    result = self.forward(*input, **kwargs)
  File "/u/jbu/.conda/envs/msc/lib/python3.7/site-packages/torch/nn/parallel/data_parallel.py", line 159, in forward
    return self.module(*inputs[0], **kwargs[0])
  File "/u/jbu/.conda/envs/msc/lib/python3.7/site-packages/torch/nn/modules/module.py", line 727, in _call_impl
    result = self.forward(*input, **kwargs)
  File "/ibm/gpfs-homes/jbu/Resnet32-ICLR/Architectures/cifar_resnet.py", line 107, in forward
    out = F.relu(self.bn1(self.conv1(x)))
  File "/u/jbu/.conda/envs/msc/lib/python3.7/site-packages/torch/nn/modules/module.py", line 727, in _call_impl
    result = self.forward(*input, **kwargs)
  File "/u/jbu/.conda/envs/msc/lib/python3.7/site-packages/torch/nn/modules/conv.py", line 423, in forward
    return self._conv_forward(input, self.weight)
  File "/u/jbu/.conda/envs/msc/lib/python3.7/site-packages/torch/nn/modules/conv.py", line 420, in _conv_forward
    self.padding, self.dilation, self.groups)
KeyboardInterrupt
