Sender: LSF System <lsfadmin@zhcc012>
Subject: Job 777179: <python3 trainer_resnet.py -seed=0 -batch_size=256 -weight_decay=0.0005 -momentum=0.9 -save_every=10 -lr=0.1 -n_attack_steps=10 -beta_robustness=0.0 -gamma=0.0 -eps_pga=0.0 -eta_train=0.0 -eta_mode=ind -clipping_alpha=0.0 -attack_size_mismatch=0.2 -initial_std=0.001 -pretrained -burn_in=0 -workers=4 -n_epochs=300 -dataset=cifar10 -architecture=resnet32 -start_epoch=0 -data_dir=/dataP/jbu -session_id=2344090215> in cluster <ZHC2clusterLSF> Exited

Job <python3 trainer_resnet.py -seed=0 -batch_size=256 -weight_decay=0.0005 -momentum=0.9 -save_every=10 -lr=0.1 -n_attack_steps=10 -beta_robustness=0.0 -gamma=0.0 -eps_pga=0.0 -eta_train=0.0 -eta_mode=ind -clipping_alpha=0.0 -attack_size_mismatch=0.2 -initial_std=0.001 -pretrained -burn_in=0 -workers=4 -n_epochs=300 -dataset=cifar10 -architecture=resnet32 -start_epoch=0 -data_dir=/dataP/jbu -session_id=2344090215> was submitted from host <zhcc022> by user <jbu> in cluster <ZHC2clusterLSF> at Tue Nov 23 12:49:17 2021
Job was executed on host(s) <zhcc012>, in queue <prod.med>, as user <jbu> in cluster <ZHC2clusterLSF> at Tue Nov 23 12:49:18 2021
</u/jbu> was used as the home directory.
</u/jbu/Resnet32-ICLR> was used as the working directory.
Started at Tue Nov 23 12:49:18 2021
Terminated at Tue Nov 23 12:50:28 2021
Results reported at Tue Nov 23 12:50:28 2021

Your job looked like:

------------------------------------------------------------
# LSBATCH: User input
python3 trainer_resnet.py -seed=0 -batch_size=256 -weight_decay=0.0005 -momentum=0.9 -save_every=10 -lr=0.1 -n_attack_steps=10 -beta_robustness=0.0 -gamma=0.0 -eps_pga=0.0 -eta_train=0.0 -eta_mode=ind -clipping_alpha=0.0 -attack_size_mismatch=0.2 -initial_std=0.001 -pretrained -burn_in=0 -workers=4 -n_epochs=300 -dataset=cifar10 -architecture=resnet32 -start_epoch=0 -data_dir=/dataP/jbu -session_id=2344090215
------------------------------------------------------------

TERM_OWNER: job killed by owner.
Exited with exit code 1.

Resource usage summary:

    CPU time :                                   207.83 sec.
    Max Memory :                                 1999 MB
    Average Memory :                             1495.75 MB
    Total Requested Memory :                     -
    Delta Memory :                               -
    Max Swap :                                   -
    Max Processes :                              7
    Max Threads :                                133
    Run time :                                   70 sec.
    Turnaround time :                            71 sec.

The output (if any) follows:

Loaded pretrained model from /ibm/gpfs-homes/jbu/Resnet32-ICLR/Resources/cifar10_pretrained_models/resnet32.th
Files already downloaded and verified
Files already downloaded and verified
Files already downloaded and verified
 * Prec@1 94.280
 * Prec@1 94.280
 * Prec@1 94.280
 * Prec@1 94.280
 * Prec@1 94.280
 * Noisy Prec@1 94.28
After loading, with clipping@0.00 94.28 w/o 94.28 noisy: 94.28pm0.00
current lr 1.00000e-01
Epoch: [0][0/176]	Time 0.564 (0.564)	Data 0.467 (0.467)	Loss 0.1161 (0.1161)	Prec@1 99.219 (99.219)
Epoch: [0][17/176]	Time 0.063 (0.090)	Data 0.002 (0.027)	Loss 1.6426 (1.8799)	Prec@1 43.750 (45.421)
Epoch: [0][34/176]	Time 0.062 (0.077)	Data 0.001 (0.014)	Loss 1.5588 (1.7571)	Prec@1 51.562 (45.458)
Epoch: [0][51/176]	Time 0.069 (0.072)	Data 0.001 (0.010)	Loss 1.3177 (1.6558)	Prec@1 58.984 (47.844)
Epoch: [0][68/176]	Time 0.062 (0.070)	Data 0.001 (0.008)	Loss 1.2203 (1.5753)	Prec@1 62.891 (50.249)
Epoch: [0][85/176]	Time 0.062 (0.068)	Data 0.001 (0.007)	Loss 1.2607 (1.5210)	Prec@1 60.547 (52.257)
Epoch: [0][102/176]	Time 0.062 (0.067)	Data 0.001 (0.006)	Loss 1.1600 (1.4745)	Prec@1 65.625 (53.880)
Epoch: [0][119/176]	Time 0.062 (0.067)	Data 0.001 (0.005)	Loss 1.1692 (1.4348)	Prec@1 61.719 (55.332)
Epoch: [0][136/176]	Time 0.062 (0.066)	Data 0.001 (0.005)	Loss 1.1486 (1.3999)	Prec@1 65.234 (56.529)
Epoch: [0][153/176]	Time 0.066 (0.066)	Data 0.001 (0.004)	Loss 1.0151 (1.3682)	Prec@1 69.141 (57.711)
Epoch: [0][170/176]	Time 0.061 (0.066)	Data 0.000 (0.004)	Loss 1.1013 (1.3360)	Prec@1 64.844 (58.900)
 * Prec@1 57.200
 * Prec@1 57.200
 * Prec@1 57.200
 * Prec@1 57.200
 * Noisy Prec@1 57.20
	 * New best: 57.20000
current lr 1.00000e-01
Epoch: [1][0/176]	Time 0.608 (0.608)	Data 0.546 (0.546)	Loss 1.1097 (1.1097)	Prec@1 68.359 (68.359)
Epoch: [1][17/176]	Time 0.062 (0.093)	Data 0.001 (0.031)	Loss 1.1089 (1.0345)	Prec@1 68.750 (70.638)
Epoch: [1][34/176]	Time 0.062 (0.078)	Data 0.001 (0.017)	Loss 0.9401 (1.0065)	Prec@1 72.656 (71.283)
Epoch: [1][51/176]	Time 0.062 (0.073)	Data 0.001 (0.012)	Loss 1.0429 (1.0082)	Prec@1 70.312 (71.229)
Epoch: [1][68/176]	Time 0.062 (0.070)	Data 0.001 (0.009)	Loss 1.0130 (1.0043)	Prec@1 72.656 (71.615)
Epoch: [1][85/176]	Time 0.062 (0.069)	Data 0.001 (0.007)	Loss 0.9458 (0.9956)	Prec@1 73.047 (71.825)
Epoch: [1][102/176]	Time 0.062 (0.068)	Data 0.001 (0.006)	Loss 0.8800 (0.9856)	Prec@1 74.609 (72.239)
Epoch: [1][119/176]	Time 0.063 (0.067)	Data 0.001 (0.006)	Loss 0.8589 (0.9738)	Prec@1 75.391 (72.676)
Epoch: [1][136/176]	Time 0.062 (0.066)	Data 0.001 (0.005)	Loss 0.9747 (0.9657)	Prec@1 73.047 (72.919)
Epoch: [1][153/176]	Time 0.062 (0.066)	Data 0.001 (0.005)	Loss 0.8862 (0.9590)	Prec@1 75.781 (73.179)
Epoch: [1][170/176]	Time 0.061 (0.066)	Data 0.000 (0.004)	Loss 0.8261 (0.9493)	Prec@1 79.297 (73.549)
 * Prec@1 72.580
 * Prec@1 72.580
 * Prec@1 72.580
 * Prec@1 72.580
 * Noisy Prec@1 72.58
	 * New best: 72.58000
current lr 1.00000e-01
Epoch: [2][0/176]	Time 0.485 (0.485)	Data 0.417 (0.417)	Loss 0.8011 (0.8011)	Prec@1 78.125 (78.125)
Epoch: [2][17/176]	Time 0.062 (0.086)	Data 0.001 (0.024)	Loss 0.8282 (0.8871)	Prec@1 78.125 (75.760)
Epoch: [2][34/176]	Time 0.062 (0.075)	Data 0.001 (0.013)	Loss 0.7972 (0.8618)	Prec@1 80.469 (76.685)
Epoch: [2][51/176]	Time 0.062 (0.071)	Data 0.001 (0.009)	Loss 0.8535 (0.8625)	Prec@1 76.172 (76.976)
Epoch: [2][68/176]	Time 0.062 (0.069)	Data 0.001 (0.007)	Loss 0.7331 (0.8583)	Prec@1 80.469 (77.225)
Epoch: [2][85/176]	Time 0.062 (0.067)	Data 0.001 (0.006)	Loss 0.7836 (0.8510)	Prec@1 80.469 (77.498)
Epoch: [2][102/176]	Time 0.062 (0.067)	Data 0.001 (0.005)	Loss 0.7394 (0.8476)	Prec@1 80.078 (77.568)
Epoch: [2][119/176]	Time 0.062 (0.066)	Data 0.001 (0.005)	Loss 0.7702 (0.8384)	Prec@1 77.344 (77.770)
Epoch: [2][136/176]	Time 0.062 (0.066)	Data 0.001 (0.004)	Loss 0.8061 (0.8375)	Prec@1 79.297 (77.883)
Epoch: [2][153/176]	Time 0.062 (0.065)	Data 0.001 (0.004)	Loss 0.7469 (0.8347)	Prec@1 79.297 (77.973)
Epoch: [2][170/176]	Time 0.061 (0.065)	Data 0.000 (0.004)	Loss 0.7167 (0.8292)	Prec@1 83.203 (78.130)
 * Prec@1 74.960
Traceback (most recent call last):
  File "trainer_resnet.py", line 333, in <module>
    main()
  File "trainer_resnet.py", line 142, in main
    mean_prec1, std_prec1 = validate_noisy(val_loader, model, args, eta_inf=args.eta_train, eta_mode=args.eta_mode, n_inf=3)
  File "trainer_resnet.py", line 255, in validate_noisy
    accs[i] = validate(val_loader, model_noisy, args)
  File "trainer_resnet.py", line 272, in validate
    for i, (input, target) in enumerate(val_loader):
  File "/u/jbu/.conda/envs/msc/lib/python3.7/site-packages/torch/utils/data/dataloader.py", line 435, in __next__
    data = self._next_data()
  File "/u/jbu/.conda/envs/msc/lib/python3.7/site-packages/torch/utils/data/dataloader.py", line 1068, in _next_data
    idx, data = self._get_data()
  File "/u/jbu/.conda/envs/msc/lib/python3.7/site-packages/torch/utils/data/dataloader.py", line 1024, in _get_data
    success, data = self._try_get_data()
  File "/u/jbu/.conda/envs/msc/lib/python3.7/site-packages/torch/utils/data/dataloader.py", line 872, in _try_get_data
    data = self._data_queue.get(timeout=timeout)
  File "/u/jbu/.conda/envs/msc/lib/python3.7/queue.py", line 179, in get
    self.not_empty.wait(remaining)
  File "/u/jbu/.conda/envs/msc/lib/python3.7/threading.py", line 300, in wait
    gotit = waiter.acquire(True, timeout)
KeyboardInterrupt
