Sender: LSF System <lsfadmin@zhcc003>
Subject: Job 768213: <python3 trainer_resnet.py -seed=0 -batch_size=256 -weight_decay=0.0005 -momentum=0.9 -save_every=10 -lr=0.1 -n_attack_steps=3 -beta_robustness=0.25 -eta_train=0.11 -eta_mode=range -clipping_alpha=2.0 -attack_size_mismatch=0.2 -initial_std=0.001 -pretrained -burn_in=0 -workers=4 -n_epochs=300 -dataset=cifar10 -architecture=resnet32 -start_epoch=60 -data_dir=/dataP/jbu -session_id=2448014417> in cluster <ZHC2clusterLSF> Exited

Job <python3 trainer_resnet.py -seed=0 -batch_size=256 -weight_decay=0.0005 -momentum=0.9 -save_every=10 -lr=0.1 -n_attack_steps=3 -beta_robustness=0.25 -eta_train=0.11 -eta_mode=range -clipping_alpha=2.0 -attack_size_mismatch=0.2 -initial_std=0.001 -pretrained -burn_in=0 -workers=4 -n_epochs=300 -dataset=cifar10 -architecture=resnet32 -start_epoch=60 -data_dir=/dataP/jbu -session_id=2448014417> was submitted from host <zhcc022> by user <jbu> in cluster <ZHC2clusterLSF> at Tue Nov  2 14:09:31 2021
Job was executed on host(s) <zhcc003>, in queue <prod.med>, as user <jbu> in cluster <ZHC2clusterLSF> at Tue Nov  2 14:13:13 2021
</u/jbu> was used as the home directory.
</u/jbu/Master-Thesis> was used as the working directory.
Started at Tue Nov  2 14:13:13 2021
Terminated at Tue Nov  2 14:13:14 2021
Results reported at Tue Nov  2 14:13:14 2021
Cannot open your job file: /u/jbu/.lsbatch/1635858571.768213
TERM_OWNER: job killed by owner.
Exited with signal termination: 2.

Resource usage summary:

    CPU time :                                   0.00 sec.
    Max Memory :                                 1 MB
    Average Memory :                             1.00 MB
    Total Requested Memory :                     -
    Delta Memory :                               -
    Max Swap :                                   -
    Max Processes :                              1
    Max Threads :                                1
    Run time :                                   1 sec.
    Turnaround time :                            223 sec.


PS:

Unable to read output data from the stdout buffer file </u/jbu/.lsbatch/1635858571.768213.out>: your job was probably aborted prematurely.

