Sender: LSF System <lsfadmin@zhcc004>
Subject: Job 777182: <python3 trainer_resnet.py -seed=0 -batch_size=256 -weight_decay=0.0005 -momentum=0.9 -save_every=10 -lr=0.1 -n_attack_steps=3 -beta_robustness=0.0 -gamma=0.1 -eps_pga=0.001 -eta_train=0.0 -eta_mode=ind -clipping_alpha=2.0 -attack_size_mismatch=0.2 -initial_std=0.001 -pretrained -burn_in=0 -workers=4 -n_epochs=300 -dataset=cifar10 -architecture=resnet32 -start_epoch=60 -data_dir=/dataP/jbu -session_id=2693606624> in cluster <ZHC2clusterLSF> Exited

Job <python3 trainer_resnet.py -seed=0 -batch_size=256 -weight_decay=0.0005 -momentum=0.9 -save_every=10 -lr=0.1 -n_attack_steps=3 -beta_robustness=0.0 -gamma=0.1 -eps_pga=0.001 -eta_train=0.0 -eta_mode=ind -clipping_alpha=2.0 -attack_size_mismatch=0.2 -initial_std=0.001 -pretrained -burn_in=0 -workers=4 -n_epochs=300 -dataset=cifar10 -architecture=resnet32 -start_epoch=60 -data_dir=/dataP/jbu -session_id=2693606624> was submitted from host <zhcc022> by user <jbu> in cluster <ZHC2clusterLSF> at Tue Nov 23 13:14:22 2021
Job was executed on host(s) <zhcc004>, in queue <prod.med>, as user <jbu> in cluster <ZHC2clusterLSF> at Tue Nov 23 13:14:23 2021
</u/jbu> was used as the home directory.
</u/jbu/Resnet32-ICLR> was used as the working directory.
Started at Tue Nov 23 13:14:23 2021
Terminated at Tue Nov 23 14:23:03 2021
Results reported at Tue Nov 23 14:23:03 2021

Your job looked like:

------------------------------------------------------------
# LSBATCH: User input
python3 trainer_resnet.py -seed=0 -batch_size=256 -weight_decay=0.0005 -momentum=0.9 -save_every=10 -lr=0.1 -n_attack_steps=3 -beta_robustness=0.0 -gamma=0.1 -eps_pga=0.001 -eta_train=0.0 -eta_mode=ind -clipping_alpha=2.0 -attack_size_mismatch=0.2 -initial_std=0.001 -pretrained -burn_in=0 -workers=4 -n_epochs=300 -dataset=cifar10 -architecture=resnet32 -start_epoch=60 -data_dir=/dataP/jbu -session_id=2693606624
------------------------------------------------------------

TERM_OWNER: job killed by owner.
Exited with exit code 1.

Resource usage summary:

    CPU time :                                   6152.88 sec.
    Max Memory :                                 2074 MB
    Average Memory :                             2010.54 MB
    Total Requested Memory :                     -
    Delta Memory :                               -
    Max Swap :                                   2 MB
    Max Processes :                              7
    Max Threads :                                131
    Run time :                                   4120 sec.
    Turnaround time :                            4121 sec.

The output (if any) follows:

Loaded pretrained model from /ibm/gpfs-homes/jbu/Resnet32-ICLR/Resources/cifar10_pretrained_models/resnet32.th
Files already downloaded and verified
Files already downloaded and verified
Files already downloaded and verified
/u/jbu/.conda/envs/msc/lib/python3.7/site-packages/torch/optim/lr_scheduler.py:136: UserWarning: Detected call of `lr_scheduler.step()` before `optimizer.step()`. In PyTorch 1.1.0 and later, you should call them in the opposite order: `optimizer.step()` before `lr_scheduler.step()`.  Failure to do this will result in PyTorch skipping the first value of the learning rate schedule. See more details at https://pytorch.org/docs/stable/optim.html#how-to-adjust-learning-rate
  "https://pytorch.org/docs/stable/optim.html#how-to-adjust-learning-rate", UserWarning)
 * Prec@1 94.280
 * Prec@1 15.320
 * Prec@1 15.320
 * Prec@1 15.320
 * Prec@1 15.320
 * Noisy Prec@1 15.32
After loading, with clipping@2.00 15.32 w/o 94.28 noisy: 15.32pm0.00
current lr 2.00000e-02
Epoch: [60][0/176]	Time 1.097 (1.097)	Data 0.498 (0.498)	Loss 1.8791 (1.8791)	Prec@1 87.891 (87.891)
Epoch: [60][17/176]	Time 0.531 (0.568)	Data 0.001 (0.029)	Loss 1.1599 (1.5237)	Prec@1 82.812 (82.943)
Epoch: [60][34/176]	Time 0.532 (0.551)	Data 0.001 (0.015)	Loss 0.9806 (1.3087)	Prec@1 84.375 (82.366)
Epoch: [60][51/176]	Time 0.531 (0.545)	Data 0.001 (0.011)	Loss 0.8463 (1.1785)	Prec@1 88.672 (83.594)
Epoch: [60][68/176]	Time 0.545 (0.543)	Data 0.001 (0.008)	Loss 0.7727 (1.0866)	Prec@1 88.672 (84.805)
Epoch: [60][85/176]	Time 0.533 (0.541)	Data 0.001 (0.007)	Loss 0.8065 (1.0327)	Prec@1 88.281 (85.556)
Epoch: [60][102/176]	Time 0.554 (0.541)	Data 0.002 (0.006)	Loss 0.7748 (0.9915)	Prec@1 90.234 (86.207)
Epoch: [60][119/176]	Time 0.531 (0.540)	Data 0.001 (0.005)	Loss 0.7251 (0.9565)	Prec@1 91.016 (86.816)
Epoch: [60][136/176]	Time 0.531 (0.539)	Data 0.001 (0.005)	Loss 0.7908 (0.9301)	Prec@1 90.234 (87.298)
Epoch: [60][153/176]	Time 0.531 (0.538)	Data 0.001 (0.004)	Loss 0.6327 (0.9082)	Prec@1 91.406 (87.645)
Epoch: [60][170/176]	Time 0.528 (0.537)	Data 0.000 (0.004)	Loss 0.6618 (0.8877)	Prec@1 94.531 (88.067)
 * Prec@1 86.080
 * Prec@1 86.080
 * Prec@1 86.080
 * Prec@1 86.080
 * Noisy Prec@1 86.08
	 * New best: 86.07999
current lr 2.00000e-02
Epoch: [61][0/176]	Time 0.994 (0.994)	Data 0.446 (0.446)	Loss 0.7355 (0.7355)	Prec@1 92.188 (92.188)
Epoch: [61][17/176]	Time 0.532 (0.562)	Data 0.001 (0.026)	Loss 0.6821 (0.6897)	Prec@1 91.797 (91.992)
Epoch: [61][34/176]	Time 0.531 (0.548)	Data 0.001 (0.014)	Loss 0.6188 (0.6804)	Prec@1 93.750 (91.953)
Epoch: [61][51/176]	Time 0.531 (0.543)	Data 0.001 (0.010)	Loss 0.6724 (0.6776)	Prec@1 91.406 (92.233)
Epoch: [61][68/176]	Time 0.532 (0.541)	Data 0.001 (0.008)	Loss 0.6375 (0.6778)	Prec@1 93.359 (92.171)
Epoch: [61][85/176]	Time 0.532 (0.540)	Data 0.001 (0.006)	Loss 0.6836 (0.6725)	Prec@1 91.406 (92.374)
Epoch: [61][102/176]	Time 0.532 (0.539)	Data 0.001 (0.005)	Loss 0.6331 (0.6726)	Prec@1 91.797 (92.305)
Epoch: [61][119/176]	Time 0.535 (0.538)	Data 0.001 (0.005)	Loss 0.5933 (0.6676)	Prec@1 92.578 (92.327)
Epoch: [61][136/176]	Time 0.532 (0.537)	Data 0.001 (0.004)	Loss 0.6211 (0.6653)	Prec@1 91.797 (92.430)
Epoch: [61][153/176]	Time 0.536 (0.537)	Data 0.001 (0.004)	Loss 0.6175 (0.6643)	Prec@1 94.141 (92.411)
Epoch: [61][170/176]	Time 0.529 (0.537)	Data 0.000 (0.004)	Loss 0.5889 (0.6607)	Prec@1 91.406 (92.430)
 * Prec@1 89.180
 * Prec@1 89.180
 * Prec@1 89.180
 * Prec@1 89.180
 * Noisy Prec@1 89.18
	 * New best: 89.18000
current lr 2.00000e-02
Epoch: [62][0/176]	Time 1.091 (1.091)	Data 0.528 (0.528)	Loss 0.6336 (0.6336)	Prec@1 93.750 (93.750)
Epoch: [62][17/176]	Time 0.533 (0.564)	Data 0.001 (0.030)	Loss 0.5541 (0.6263)	Prec@1 97.266 (92.773)
Epoch: [62][34/176]	Time 0.532 (0.550)	Data 0.001 (0.016)	Loss 0.5860 (0.6183)	Prec@1 94.531 (93.002)
Epoch: [62][51/176]	Time 0.531 (0.544)	Data 0.001 (0.011)	Loss 0.6197 (0.6215)	Prec@1 93.750 (92.946)
Epoch: [62][68/176]	Time 0.532 (0.541)	Data 0.001 (0.009)	Loss 0.5195 (0.6198)	Prec@1 92.969 (93.048)
Epoch: [62][85/176]	Time 0.533 (0.540)	Data 0.001 (0.007)	Loss 0.7253 (0.6201)	Prec@1 90.625 (93.023)
Epoch: [62][102/176]	Time 0.531 (0.539)	Data 0.001 (0.006)	Loss 0.5593 (0.6218)	Prec@1 94.141 (92.946)
Epoch: [62][119/176]	Time 0.546 (0.538)	Data 0.001 (0.006)	Loss 0.6200 (0.6176)	Prec@1 92.188 (92.959)
Epoch: [62][136/176]	Time 0.531 (0.537)	Data 0.001 (0.005)	Loss 0.5807 (0.6177)	Prec@1 92.969 (92.937)
Epoch: [62][153/176]	Time 0.533 (0.537)	Data 0.001 (0.005)	Loss 0.6811 (0.6174)	Prec@1 91.016 (92.855)
Epoch: [62][170/176]	Time 0.529 (0.537)	Data 0.000 (0.004)	Loss 0.5654 (0.6168)	Prec@1 96.484 (92.882)
 * Prec@1 89.080
 * Prec@1 89.080
 * Prec@1 89.080
 * Prec@1 89.080
 * Noisy Prec@1 89.08
current lr 2.00000e-02
Epoch: [63][0/176]	Time 1.003 (1.003)	Data 0.453 (0.453)	Loss 0.7131 (0.7131)	Prec@1 90.234 (90.234)
Epoch: [63][17/176]	Time 0.555 (0.563)	Data 0.001 (0.026)	Loss 0.6339 (0.6247)	Prec@1 91.406 (93.164)
Epoch: [63][34/176]	Time 0.531 (0.550)	Data 0.001 (0.014)	Loss 0.5531 (0.5925)	Prec@1 94.922 (93.672)
Epoch: [63][51/176]	Time 0.531 (0.545)	Data 0.001 (0.010)	Loss 0.5956 (0.5957)	Prec@1 92.188 (93.397)
Epoch: [63][68/176]	Time 0.532 (0.542)	Data 0.001 (0.008)	Loss 0.6217 (0.6012)	Prec@1 92.188 (93.139)
Epoch: [63][85/176]	Time 0.530 (0.540)	Data 0.001 (0.006)	Loss 0.6301 (0.6034)	Prec@1 92.188 (93.060)
Epoch: [63][102/176]	Time 0.531 (0.539)	Data 0.001 (0.006)	Loss 0.6938 (0.6026)	Prec@1 89.062 (93.041)
Epoch: [63][119/176]	Time 0.534 (0.538)	Data 0.001 (0.005)	Loss 0.6079 (0.5999)	Prec@1 92.578 (93.112)
Epoch: [63][136/176]	Time 0.531 (0.538)	Data 0.001 (0.004)	Loss 0.5572 (0.5990)	Prec@1 93.750 (93.117)
Epoch: [63][153/176]	Time 0.552 (0.538)	Data 0.001 (0.004)	Loss 0.5049 (0.6003)	Prec@1 94.531 (93.083)
Epoch: [63][170/176]	Time 0.529 (0.537)	Data 0.000 (0.004)	Loss 0.6000 (0.5992)	Prec@1 92.578 (93.104)
 * Prec@1 89.620
 * Prec@1 89.620
 * Prec@1 89.620
 * Prec@1 89.620
 * Noisy Prec@1 89.62
	 * New best: 89.62000
current lr 2.00000e-02
Epoch: [64][0/176]	Time 1.034 (1.034)	Data 0.479 (0.479)	Loss 0.5927 (0.5927)	Prec@1 93.359 (93.359)
Epoch: [64][17/176]	Time 0.535 (0.564)	Data 0.001 (0.028)	Loss 0.5714 (0.5572)	Prec@1 93.750 (94.010)
Epoch: [64][34/176]	Time 0.534 (0.549)	Data 0.001 (0.015)	Loss 0.6819 (0.5761)	Prec@1 90.234 (93.371)
Epoch: [64][51/176]	Time 0.535 (0.545)	Data 0.001 (0.010)	Loss 0.5205 (0.5809)	Prec@1 94.141 (93.247)
Epoch: [64][68/176]	Time 0.532 (0.543)	Data 0.001 (0.008)	Loss 0.5444 (0.5814)	Prec@1 91.797 (93.167)
Epoch: [64][85/176]	Time 0.532 (0.541)	Data 0.001 (0.007)	Loss 0.5514 (0.5812)	Prec@1 92.969 (93.273)
Epoch: [64][102/176]	Time 0.532 (0.540)	Data 0.001 (0.006)	Loss 0.5762 (0.5816)	Prec@1 92.969 (93.238)
Epoch: [64][119/176]	Time 0.531 (0.539)	Data 0.001 (0.005)	Loss 0.5789 (0.5805)	Prec@1 92.969 (93.223)
Epoch: [64][136/176]	Time 0.531 (0.538)	Data 0.001 (0.005)	Loss 0.5805 (0.5798)	Prec@1 90.625 (93.197)
Epoch: [64][153/176]	Time 0.531 (0.538)	Data 0.001 (0.004)	Loss 0.6509 (0.5824)	Prec@1 89.844 (93.177)
Epoch: [64][170/176]	Time 0.529 (0.537)	Data 0.000 (0.004)	Loss 0.6108 (0.5813)	Prec@1 92.969 (93.193)
 * Prec@1 90.680
 * Prec@1 90.680
 * Prec@1 90.680
 * Prec@1 90.680
 * Noisy Prec@1 90.68
	 * New best: 90.68000
current lr 2.00000e-02
Epoch: [65][0/176]	Time 1.000 (1.000)	Data 0.455 (0.455)	Loss 0.5375 (0.5375)	Prec@1 92.969 (92.969)
Epoch: [65][17/176]	Time 0.535 (0.563)	Data 0.001 (0.026)	Loss 0.5884 (0.5712)	Prec@1 93.359 (92.947)
Epoch: [65][34/176]	Time 0.531 (0.551)	Data 0.001 (0.014)	Loss 0.6041 (0.5724)	Prec@1 92.188 (93.237)
Epoch: [65][51/176]	Time 0.571 (0.546)	Data 0.001 (0.010)	Loss 0.5331 (0.5654)	Prec@1 94.531 (93.510)
Epoch: [65][68/176]	Time 0.532 (0.543)	Data 0.001 (0.008)	Loss 0.6224 (0.5691)	Prec@1 91.797 (93.388)
Epoch: [65][85/176]	Time 0.531 (0.541)	Data 0.001 (0.006)	Loss 0.5273 (0.5697)	Prec@1 94.922 (93.391)
Epoch: [65][102/176]	Time 0.531 (0.540)	Data 0.001 (0.006)	Loss 0.5140 (0.5723)	Prec@1 95.703 (93.310)
Epoch: [65][119/176]	Time 0.531 (0.539)	Data 0.001 (0.005)	Loss 0.5762 (0.5740)	Prec@1 92.969 (93.262)
Epoch: [65][136/176]	Time 0.531 (0.538)	Data 0.001 (0.004)	Loss 0.6012 (0.5736)	Prec@1 92.578 (93.242)
Epoch: [65][153/176]	Time 0.532 (0.538)	Data 0.001 (0.004)	Loss 0.5975 (0.5725)	Prec@1 91.406 (93.266)
Epoch: [65][170/176]	Time 0.531 (0.537)	Data 0.000 (0.004)	Loss 0.5425 (0.5741)	Prec@1 93.750 (93.186)
 * Prec@1 90.000
 * Prec@1 90.000
 * Prec@1 90.000
 * Prec@1 90.000
 * Noisy Prec@1 90.00
current lr 2.00000e-02
Epoch: [66][0/176]	Time 1.023 (1.023)	Data 0.472 (0.472)	Loss 0.6307 (0.6307)	Prec@1 91.406 (91.406)
Epoch: [66][17/176]	Time 0.532 (0.562)	Data 0.001 (0.027)	Loss 0.5067 (0.5437)	Prec@1 96.094 (93.880)
Epoch: [66][34/176]	Time 0.531 (0.547)	Data 0.001 (0.015)	Loss 0.6348 (0.5559)	Prec@1 90.234 (93.583)
Epoch: [66][51/176]	Time 0.531 (0.542)	Data 0.001 (0.010)	Loss 0.5806 (0.5551)	Prec@1 93.359 (93.487)
Epoch: [66][68/176]	Time 0.531 (0.540)	Data 0.001 (0.008)	Loss 0.6550 (0.5593)	Prec@1 88.281 (93.337)
Epoch: [66][85/176]	Time 0.531 (0.538)	Data 0.001 (0.007)	Loss 0.5599 (0.5601)	Prec@1 94.141 (93.464)
Epoch: [66][102/176]	Time 0.531 (0.538)	Data 0.001 (0.006)	Loss 0.5787 (0.5603)	Prec@1 94.141 (93.416)
Epoch: [66][119/176]	Time 0.531 (0.537)	Data 0.001 (0.005)	Loss 0.5422 (0.5592)	Prec@1 94.141 (93.421)
Epoch: [66][136/176]	Time 0.558 (0.537)	Data 0.001 (0.005)	Loss 0.5870 (0.5603)	Prec@1 92.578 (93.345)
Epoch: [66][153/176]	Time 0.531 (0.537)	Data 0.001 (0.004)	Loss 0.5892 (0.5609)	Prec@1 93.750 (93.382)
Epoch: [66][170/176]	Time 0.548 (0.537)	Data 0.000 (0.004)	Loss 0.5857 (0.5632)	Prec@1 91.797 (93.305)
 * Prec@1 91.120
 * Prec@1 91.120
 * Prec@1 91.120
 * Prec@1 91.120
 * Noisy Prec@1 91.12
	 * New best: 91.12000
current lr 2.00000e-02
Epoch: [67][0/176]	Time 0.982 (0.982)	Data 0.418 (0.418)	Loss 0.5777 (0.5777)	Prec@1 94.141 (94.141)
Epoch: [67][17/176]	Time 0.531 (0.556)	Data 0.001 (0.024)	Loss 0.5659 (0.5408)	Prec@1 94.531 (94.206)
Epoch: [67][34/176]	Time 0.545 (0.547)	Data 0.001 (0.013)	Loss 0.5279 (0.5414)	Prec@1 94.141 (93.839)
Epoch: [67][51/176]	Time 0.532 (0.544)	Data 0.001 (0.009)	Loss 0.5791 (0.5419)	Prec@1 93.359 (93.773)
Epoch: [67][68/176]	Time 0.532 (0.541)	Data 0.001 (0.007)	Loss 0.5503 (0.5436)	Prec@1 92.188 (93.625)
Epoch: [67][85/176]	Time 0.533 (0.541)	Data 0.001 (0.006)	Loss 0.4658 (0.5440)	Prec@1 94.531 (93.705)
Epoch: [67][102/176]	Time 0.532 (0.540)	Data 0.001 (0.005)	Loss 0.6236 (0.5442)	Prec@1 91.016 (93.625)
Epoch: [67][119/176]	Time 0.531 (0.539)	Data 0.001 (0.005)	Loss 0.5287 (0.5447)	Prec@1 91.797 (93.506)
Epoch: [67][136/176]	Time 0.532 (0.539)	Data 0.001 (0.004)	Loss 0.5125 (0.5489)	Prec@1 95.312 (93.405)
Epoch: [67][153/176]	Time 0.536 (0.538)	Data 0.001 (0.004)	Loss 0.5126 (0.5488)	Prec@1 95.312 (93.375)
Epoch: [67][170/176]	Time 0.535 (0.538)	Data 0.000 (0.004)	Loss 0.5282 (0.5485)	Prec@1 93.750 (93.396)
 * Prec@1 90.900
 * Prec@1 90.900
 * Prec@1 90.900
 * Prec@1 90.900
 * Noisy Prec@1 90.90
current lr 2.00000e-02
Epoch: [68][0/176]	Time 1.036 (1.036)	Data 0.480 (0.480)	Loss 0.4716 (0.4716)	Prec@1 94.141 (94.141)
Epoch: [68][17/176]	Time 0.532 (0.564)	Data 0.001 (0.028)	Loss 0.5025 (0.5228)	Prec@1 94.531 (93.815)
Epoch: [68][34/176]	Time 0.533 (0.549)	Data 0.001 (0.015)	Loss 0.5204 (0.5316)	Prec@1 94.141 (93.806)
Epoch: [68][51/176]	Time 0.532 (0.545)	Data 0.001 (0.010)	Loss 0.5180 (0.5309)	Prec@1 92.969 (93.848)
Epoch: [68][68/176]	Time 0.532 (0.542)	Data 0.001 (0.008)	Loss 0.5262 (0.5306)	Prec@1 94.141 (93.909)
Epoch: [68][85/176]	Time 0.553 (0.541)	Data 0.001 (0.007)	Loss 0.4949 (0.5325)	Prec@1 92.969 (93.868)
Epoch: [68][102/176]	Time 0.546 (0.541)	Data 0.001 (0.006)	Loss 0.5393 (0.5394)	Prec@1 92.578 (93.697)
Epoch: [68][119/176]	Time 0.531 (0.540)	Data 0.001 (0.005)	Loss 0.6131 (0.5418)	Prec@1 91.797 (93.643)
Epoch: [68][136/176]	Time 0.537 (0.540)	Data 0.001 (0.005)	Loss 0.5314 (0.5430)	Prec@1 90.625 (93.562)
Epoch: [68][153/176]	Time 0.532 (0.540)	Data 0.001 (0.004)	Loss 0.5178 (0.5450)	Prec@1 94.531 (93.550)
Epoch: [68][170/176]	Time 0.534 (0.540)	Data 0.000 (0.004)	Loss 0.5026 (0.5446)	Prec@1 94.531 (93.590)
 * Prec@1 91.100
 * Prec@1 91.100
 * Prec@1 91.100
 * Prec@1 91.100
 * Noisy Prec@1 91.10
current lr 2.00000e-02
Epoch: [69][0/176]	Time 1.015 (1.015)	Data 0.452 (0.452)	Loss 0.5330 (0.5330)	Prec@1 93.750 (93.750)
Epoch: [69][17/176]	Time 0.531 (0.564)	Data 0.001 (0.026)	Loss 0.6234 (0.5407)	Prec@1 93.359 (94.076)
Epoch: [69][34/176]	Time 0.539 (0.549)	Data 0.001 (0.014)	Loss 0.5581 (0.5413)	Prec@1 93.750 (93.839)
Epoch: [69][51/176]	Time 0.534 (0.544)	Data 0.001 (0.010)	Loss 0.5458 (0.5414)	Prec@1 93.750 (93.900)
Epoch: [69][68/176]	Time 0.532 (0.542)	Data 0.001 (0.008)	Loss 0.5560 (0.5470)	Prec@1 92.969 (93.631)
Epoch: [69][85/176]	Time 0.532 (0.540)	Data 0.001 (0.006)	Loss 0.5369 (0.5473)	Prec@1 94.531 (93.623)
Epoch: [69][102/176]	Time 0.553 (0.540)	Data 0.001 (0.006)	Loss 0.4976 (0.5482)	Prec@1 94.141 (93.500)
Epoch: [69][119/176]	Time 0.535 (0.540)	Data 0.001 (0.005)	Loss 0.4881 (0.5485)	Prec@1 94.531 (93.451)
Epoch: [69][136/176]	Time 0.532 (0.540)	Data 0.001 (0.004)	Loss 0.5836 (0.5461)	Prec@1 91.797 (93.468)
Epoch: [69][153/176]	Time 0.532 (0.539)	Data 0.001 (0.004)	Loss 0.4932 (0.5458)	Prec@1 95.703 (93.534)
Epoch: [69][170/176]	Time 0.533 (0.539)	Data 0.000 (0.004)	Loss 0.4865 (0.5445)	Prec@1 96.094 (93.579)
 * Prec@1 90.760
 * Prec@1 90.760
 * Prec@1 90.760
 * Prec@1 90.760
 * Noisy Prec@1 90.76
current lr 2.00000e-02
Epoch: [70][0/176]	Time 1.027 (1.027)	Data 0.483 (0.483)	Loss 0.5661 (0.5661)	Prec@1 92.188 (92.188)
Epoch: [70][17/176]	Time 0.535 (0.567)	Data 0.001 (0.028)	Loss 0.4624 (0.5402)	Prec@1 94.531 (93.468)
Epoch: [70][34/176]	Time 0.532 (0.553)	Data 0.001 (0.015)	Loss 0.5676 (0.5280)	Prec@1 92.188 (93.772)
Epoch: [70][51/176]	Time 0.532 (0.547)	Data 0.001 (0.010)	Loss 0.4234 (0.5272)	Prec@1 97.266 (93.758)
Epoch: [70][68/176]	Time 0.532 (0.544)	Data 0.001 (0.008)	Loss 0.5693 (0.5290)	Prec@1 93.359 (93.795)
Epoch: [70][85/176]	Time 0.532 (0.542)	Data 0.001 (0.007)	Loss 0.5157 (0.5314)	Prec@1 94.141 (93.745)
Epoch: [70][102/176]	Time 0.531 (0.541)	Data 0.001 (0.006)	Loss 0.5350 (0.5337)	Prec@1 93.750 (93.678)
Epoch: [70][119/176]	Time 0.532 (0.540)	Data 0.001 (0.005)	Loss 0.5788 (0.5313)	Prec@1 92.969 (93.789)
Epoch: [70][136/176]	Time 0.531 (0.539)	Data 0.001 (0.005)	Loss 0.4628 (0.5347)	Prec@1 95.312 (93.727)
Epoch: [70][153/176]	Time 0.532 (0.538)	Data 0.001 (0.004)	Loss 0.5715 (0.5363)	Prec@1 94.531 (93.709)
Epoch: [70][170/176]	Time 0.541 (0.539)	Data 0.000 (0.004)	Loss 0.5285 (0.5357)	Prec@1 92.969 (93.661)
 * Prec@1 91.460
 * Prec@1 91.460
 * Prec@1 91.460
 * Prec@1 91.460
 * Noisy Prec@1 91.46
	 * New best: 91.46000
current lr 2.00000e-02
Epoch: [71][0/176]	Time 0.958 (0.958)	Data 0.416 (0.416)	Loss 0.5675 (0.5675)	Prec@1 91.797 (91.797)
Epoch: [71][17/176]	Time 0.532 (0.556)	Data 0.001 (0.024)	Loss 0.6629 (0.5229)	Prec@1 91.016 (93.685)
Epoch: [71][34/176]	Time 0.531 (0.544)	Data 0.001 (0.013)	Loss 0.5188 (0.5289)	Prec@1 93.750 (93.560)
Epoch: [71][51/176]	Time 0.534 (0.541)	Data 0.001 (0.009)	Loss 0.4473 (0.5258)	Prec@1 96.094 (93.727)
Epoch: [71][68/176]	Time 0.533 (0.539)	Data 0.001 (0.007)	Loss 0.5507 (0.5262)	Prec@1 91.406 (93.699)
Epoch: [71][85/176]	Time 0.544 (0.538)	Data 0.001 (0.006)	Loss 0.5158 (0.5271)	Prec@1 91.406 (93.641)
Epoch: [71][102/176]	Time 0.532 (0.538)	Data 0.001 (0.005)	Loss 0.5172 (0.5272)	Prec@1 93.750 (93.678)
Epoch: [71][119/176]	Time 0.531 (0.537)	Data 0.001 (0.005)	Loss 0.5596 (0.5284)	Prec@1 93.359 (93.662)
Epoch: [71][136/176]	Time 0.531 (0.536)	Data 0.001 (0.004)	Loss 0.5111 (0.5284)	Prec@1 94.531 (93.704)
Epoch: [71][153/176]	Time 0.534 (0.536)	Data 0.001 (0.004)	Loss 0.5136 (0.5297)	Prec@1 94.922 (93.687)
Epoch: [71][170/176]	Time 0.553 (0.536)	Data 0.000 (0.004)	Loss 0.5332 (0.5304)	Prec@1 93.750 (93.672)
 * Prec@1 91.360
 * Prec@1 91.360
 * Prec@1 91.360
 * Prec@1 91.360
 * Noisy Prec@1 91.36
current lr 2.00000e-02
Epoch: [72][0/176]	Time 0.990 (0.990)	Data 0.446 (0.446)	Loss 0.5353 (0.5353)	Prec@1 92.578 (92.578)
Epoch: [72][17/176]	Time 0.532 (0.560)	Data 0.001 (0.026)	Loss 0.5115 (0.5171)	Prec@1 94.922 (93.837)
Epoch: [72][34/176]	Time 0.533 (0.547)	Data 0.001 (0.014)	Loss 0.4570 (0.5096)	Prec@1 95.703 (93.951)
Epoch: [72][51/176]	Time 0.532 (0.542)	Data 0.001 (0.010)	Loss 0.5793 (0.5155)	Prec@1 93.359 (93.870)
Epoch: [72][68/176]	Time 0.532 (0.540)	Data 0.001 (0.008)	Loss 0.4916 (0.5210)	Prec@1 94.531 (93.812)
Epoch: [72][85/176]	Time 0.532 (0.538)	Data 0.001 (0.006)	Loss 0.4790 (0.5264)	Prec@1 93.359 (93.677)
Epoch: [72][102/176]	Time 0.531 (0.538)	Data 0.001 (0.005)	Loss 0.4408 (0.5235)	Prec@1 96.094 (93.765)
Epoch: [72][119/176]	Time 0.532 (0.537)	Data 0.001 (0.005)	Loss 0.4669 (0.5257)	Prec@1 94.922 (93.659)
Epoch: [72][136/176]	Time 0.531 (0.536)	Data 0.001 (0.004)	Loss 0.4836 (0.5290)	Prec@1 92.578 (93.573)
Epoch: [72][153/176]	Time 0.532 (0.536)	Data 0.001 (0.004)	Loss 0.5204 (0.5310)	Prec@1 93.750 (93.517)
Epoch: [72][170/176]	Time 0.534 (0.536)	Data 0.000 (0.004)	Loss 0.5324 (0.5311)	Prec@1 91.797 (93.499)
 * Prec@1 91.760
 * Prec@1 91.760
 * Prec@1 91.760
 * Prec@1 91.760
 * Noisy Prec@1 91.76
	 * New best: 91.76000
current lr 2.00000e-02
Epoch: [73][0/176]	Time 1.069 (1.069)	Data 0.529 (0.529)	Loss 0.4891 (0.4891)	Prec@1 95.312 (95.312)
Epoch: [73][17/176]	Time 0.531 (0.564)	Data 0.001 (0.030)	Loss 0.5756 (0.5210)	Prec@1 92.188 (93.815)
Epoch: [73][34/176]	Time 0.552 (0.550)	Data 0.001 (0.016)	Loss 0.5554 (0.5221)	Prec@1 92.969 (93.772)
Epoch: [73][51/176]	Time 0.531 (0.547)	Data 0.001 (0.011)	Loss 0.5390 (0.5222)	Prec@1 92.969 (93.773)
Epoch: [73][68/176]	Time 0.532 (0.544)	Data 0.001 (0.009)	Loss 0.5892 (0.5218)	Prec@1 93.750 (93.818)
Epoch: [73][85/176]	Time 0.559 (0.543)	Data 0.001 (0.007)	Loss 0.4905 (0.5196)	Prec@1 94.531 (93.873)
Epoch: [73][102/176]	Time 0.531 (0.542)	Data 0.001 (0.006)	Loss 0.5333 (0.5233)	Prec@1 93.359 (93.841)
Epoch: [73][119/176]	Time 0.531 (0.541)	Data 0.001 (0.006)	Loss 0.5809 (0.5243)	Prec@1 94.141 (93.828)
Epoch: [73][136/176]	Time 0.539 (0.541)	Data 0.001 (0.005)	Loss 0.5501 (0.5243)	Prec@1 93.359 (93.790)
Epoch: [73][153/176]	Time 0.531 (0.540)	Data 0.001 (0.005)	Loss 0.5140 (0.5257)	Prec@1 95.312 (93.742)
Epoch: [73][170/176]	Time 0.538 (0.539)	Data 0.000 (0.004)	Loss 0.4836 (0.5264)	Prec@1 95.703 (93.775)
 * Prec@1 91.640
 * Prec@1 91.640
 * Prec@1 91.640
 * Prec@1 91.640
 * Noisy Prec@1 91.64
current lr 2.00000e-02
Epoch: [74][0/176]	Time 1.043 (1.043)	Data 0.502 (0.502)	Loss 0.4705 (0.4705)	Prec@1 94.141 (94.141)
Epoch: [74][17/176]	Time 0.532 (0.560)	Data 0.001 (0.029)	Loss 0.5295 (0.5112)	Prec@1 94.531 (94.162)
Epoch: [74][34/176]	Time 0.540 (0.548)	Data 0.001 (0.015)	Loss 0.4942 (0.5080)	Prec@1 93.750 (94.286)
Epoch: [74][51/176]	Time 0.532 (0.543)	Data 0.001 (0.011)	Loss 0.4468 (0.5099)	Prec@1 94.531 (94.178)
Epoch: [74][68/176]	Time 0.532 (0.540)	Data 0.001 (0.008)	Loss 0.5415 (0.5127)	Prec@1 91.797 (93.954)
Epoch: [74][85/176]	Time 0.532 (0.539)	Data 0.001 (0.007)	Loss 0.5172 (0.5167)	Prec@1 94.922 (93.850)
Epoch: [74][102/176]	Time 0.532 (0.537)	Data 0.001 (0.006)	Loss 0.5429 (0.5205)	Prec@1 92.188 (93.727)
Epoch: [74][119/176]	Time 0.532 (0.537)	Data 0.001 (0.005)	Loss 0.4953 (0.5198)	Prec@1 95.312 (93.743)
Epoch: [74][136/176]	Time 0.531 (0.536)	Data 0.001 (0.005)	Loss 0.5532 (0.5206)	Prec@1 91.406 (93.716)
Epoch: [74][153/176]	Time 0.531 (0.536)	Data 0.001 (0.004)	Loss 0.5366 (0.5236)	Prec@1 91.406 (93.595)
Epoch: [74][170/176]	Time 0.533 (0.536)	Data 0.000 (0.004)	Loss 0.4994 (0.5226)	Prec@1 94.922 (93.638)
 * Prec@1 91.400
 * Prec@1 91.400
 * Prec@1 91.400
 * Prec@1 91.400
 * Noisy Prec@1 91.40
current lr 2.00000e-02
Epoch: [75][0/176]	Time 1.044 (1.044)	Data 0.505 (0.505)	Loss 0.5519 (0.5519)	Prec@1 94.141 (94.141)
Epoch: [75][17/176]	Time 0.531 (0.566)	Data 0.001 (0.029)	Loss 0.5543 (0.5251)	Prec@1 91.797 (93.294)
Epoch: [75][34/176]	Time 0.551 (0.552)	Data 0.001 (0.016)	Loss 0.5525 (0.5099)	Prec@1 92.188 (93.929)
Epoch: [75][51/176]	Time 0.532 (0.545)	Data 0.001 (0.011)	Loss 0.4596 (0.5046)	Prec@1 94.531 (94.171)
Epoch: [75][68/176]	Time 0.531 (0.542)	Data 0.001 (0.008)	Loss 0.4888 (0.5117)	Prec@1 95.312 (94.033)
Epoch: [75][85/176]	Time 0.532 (0.540)	Data 0.001 (0.007)	Loss 0.4609 (0.5112)	Prec@1 94.531 (94.041)
Epoch: [75][102/176]	Time 0.531 (0.538)	Data 0.001 (0.006)	Loss 0.5395 (0.5107)	Prec@1 91.797 (93.993)
Epoch: [75][119/176]	Time 0.531 (0.537)	Data 0.001 (0.005)	Loss 0.5820 (0.5138)	Prec@1 89.844 (93.861)
Epoch: [75][136/176]	Time 0.531 (0.537)	Data 0.001 (0.005)	Loss 0.5273 (0.5147)	Prec@1 95.312 (93.830)
Epoch: [75][153/176]	Time 0.532 (0.537)	Data 0.001 (0.004)	Loss 0.4948 (0.5156)	Prec@1 94.141 (93.816)
Epoch: [75][170/176]	Time 0.541 (0.537)	Data 0.000 (0.004)	Loss 0.4973 (0.5170)	Prec@1 96.094 (93.764)
 * Prec@1 92.180
 * Prec@1 92.180
 * Prec@1 92.180
 * Prec@1 92.180
 * Noisy Prec@1 92.18
	 * New best: 92.18000
current lr 2.00000e-02
Epoch: [76][0/176]	Time 1.041 (1.041)	Data 0.496 (0.496)	Loss 0.4887 (0.4887)	Prec@1 95.312 (95.312)
Epoch: [76][17/176]	Time 0.531 (0.563)	Data 0.001 (0.029)	Loss 0.5254 (0.5265)	Prec@1 95.312 (93.750)
Epoch: [76][34/176]	Time 0.531 (0.548)	Data 0.001 (0.015)	Loss 0.4328 (0.5098)	Prec@1 94.531 (94.196)
Epoch: [76][51/176]	Time 0.531 (0.543)	Data 0.001 (0.011)	Loss 0.5550 (0.5109)	Prec@1 92.969 (94.035)
Epoch: [76][68/176]	Time 0.535 (0.541)	Data 0.001 (0.008)	Loss 0.5091 (0.5079)	Prec@1 93.359 (94.112)
Epoch: [76][85/176]	Time 0.532 (0.540)	Data 0.001 (0.007)	Loss 0.4999 (0.5074)	Prec@1 94.922 (94.163)
Epoch: [76][102/176]	Time 0.532 (0.539)	Data 0.001 (0.006)	Loss 0.4309 (0.5079)	Prec@1 95.703 (94.076)
Epoch: [76][119/176]	Time 0.531 (0.538)	Data 0.001 (0.005)	Loss 0.5590 (0.5082)	Prec@1 91.797 (93.988)
Epoch: [76][136/176]	Time 0.532 (0.538)	Data 0.001 (0.005)	Loss 0.5342 (0.5085)	Prec@1 94.531 (93.967)
Epoch: [76][153/176]	Time 0.532 (0.537)	Data 0.001 (0.004)	Loss 0.4974 (0.5085)	Prec@1 92.188 (93.925)
Epoch: [76][170/176]	Time 0.530 (0.537)	Data 0.000 (0.004)	Loss 0.5493 (0.5106)	Prec@1 93.359 (93.894)
 * Prec@1 92.160
 * Prec@1 92.160
 * Prec@1 92.160
 * Prec@1 92.160
 * Noisy Prec@1 92.16
current lr 2.00000e-02
Epoch: [77][0/176]	Time 0.975 (0.975)	Data 0.424 (0.424)	Loss 0.6338 (0.6338)	Prec@1 91.406 (91.406)
Epoch: [77][17/176]	Time 0.531 (0.560)	Data 0.001 (0.025)	Loss 0.4911 (0.5184)	Prec@1 92.188 (93.338)
Epoch: [77][34/176]	Time 0.532 (0.546)	Data 0.001 (0.013)	Loss 0.5774 (0.5115)	Prec@1 89.844 (93.449)
Epoch: [77][51/176]	Time 0.532 (0.542)	Data 0.001 (0.009)	Loss 0.5257 (0.5074)	Prec@1 94.531 (93.697)
Epoch: [77][68/176]	Time 0.532 (0.539)	Data 0.001 (0.007)	Loss 0.5301 (0.5103)	Prec@1 92.969 (93.699)
Epoch: [77][85/176]	Time 0.546 (0.538)	Data 0.001 (0.006)	Loss 0.4936 (0.5062)	Prec@1 94.141 (93.836)
Epoch: [77][102/176]	Time 0.531 (0.538)	Data 0.001 (0.005)	Loss 0.5363 (0.5066)	Prec@1 94.531 (93.887)
Epoch: [77][119/176]	Time 0.533 (0.537)	Data 0.001 (0.005)	Loss 0.5388 (0.5072)	Prec@1 94.141 (93.903)
Epoch: [77][136/176]	Time 0.531 (0.537)	Data 0.001 (0.004)	Loss 0.5420 (0.5098)	Prec@1 92.188 (93.901)
Epoch: [77][153/176]	Time 0.531 (0.537)	Data 0.001 (0.004)	Loss 0.5259 (0.5120)	Prec@1 92.578 (93.834)
Epoch: [77][170/176]	Time 0.530 (0.537)	Data 0.000 (0.004)	Loss 0.5623 (0.5151)	Prec@1 92.969 (93.775)
 * Prec@1 91.940
 * Prec@1 91.940
 * Prec@1 91.940
 * Prec@1 91.940
 * Noisy Prec@1 91.94
current lr 2.00000e-02
Epoch: [78][0/176]	Time 1.018 (1.018)	Data 0.454 (0.454)	Loss 0.4807 (0.4807)	Prec@1 93.750 (93.750)
Epoch: [78][17/176]	Time 0.531 (0.565)	Data 0.001 (0.026)	Loss 0.5865 (0.5088)	Prec@1 92.969 (93.880)
Epoch: [78][34/176]	Time 0.533 (0.550)	Data 0.001 (0.014)	Loss 0.5070 (0.5091)	Prec@1 93.750 (93.895)
Epoch: [78][51/176]	Time 0.532 (0.544)	Data 0.001 (0.010)	Loss 0.5571 (0.5078)	Prec@1 94.922 (94.133)
Epoch: [78][68/176]	Time 0.532 (0.541)	Data 0.001 (0.008)	Loss 0.4565 (0.5039)	Prec@1 94.141 (94.186)
Epoch: [78][85/176]	Time 0.533 (0.539)	Data 0.001 (0.006)	Loss 0.5772 (0.5080)	Prec@1 90.625 (94.004)
Epoch: [78][102/176]	Time 0.532 (0.538)	Data 0.001 (0.006)	Loss 0.5105 (0.5119)	Prec@1 96.094 (93.989)
Epoch: [78][119/176]	Time 0.531 (0.537)	Data 0.001 (0.005)	Loss 0.4568 (0.5136)	Prec@1 95.312 (93.874)
Epoch: [78][136/176]	Time 0.541 (0.537)	Data 0.001 (0.004)	Loss 0.4401 (0.5126)	Prec@1 94.922 (93.904)
Epoch: [78][153/176]	Time 0.532 (0.536)	Data 0.001 (0.004)	Loss 0.4676 (0.5112)	Prec@1 95.312 (93.938)
Epoch: [78][170/176]	Time 0.531 (0.537)	Data 0.000 (0.004)	Loss 0.5284 (0.5127)	Prec@1 92.969 (93.848)
 * Prec@1 91.300
 * Prec@1 91.300
 * Prec@1 91.300
 * Prec@1 91.300
 * Noisy Prec@1 91.30
current lr 2.00000e-02
Epoch: [79][0/176]	Time 1.069 (1.069)	Data 0.491 (0.491)	Loss 0.4731 (0.4731)	Prec@1 94.922 (94.922)
Epoch: [79][17/176]	Time 0.551 (0.567)	Data 0.001 (0.028)	Loss 0.5680 (0.5202)	Prec@1 92.188 (93.837)
Epoch: [79][34/176]	Time 0.532 (0.551)	Data 0.001 (0.015)	Loss 0.5571 (0.5113)	Prec@1 92.578 (93.839)
Epoch: [79][51/176]	Time 0.539 (0.546)	Data 0.001 (0.011)	Loss 0.4894 (0.5169)	Prec@1 93.750 (93.660)
Epoch: [79][68/176]	Time 0.532 (0.544)	Data 0.001 (0.008)	Loss 0.4899 (0.5173)	Prec@1 94.531 (93.642)
Epoch: [79][85/176]	Time 0.531 (0.542)	Data 0.001 (0.007)	Loss 0.4794 (0.5148)	Prec@1 94.141 (93.632)
Epoch: [79][102/176]	Time 0.531 (0.541)	Data 0.001 (0.006)	Loss 0.4456 (0.5145)	Prec@1 95.703 (93.701)
Epoch: [79][119/176]	Time 0.531 (0.539)	Data 0.001 (0.005)	Loss 0.4794 (0.5130)	Prec@1 94.922 (93.789)
Epoch: [79][136/176]	Time 0.531 (0.539)	Data 0.001 (0.005)	Loss 0.5025 (0.5099)	Prec@1 93.750 (93.841)
Epoch: [79][153/176]	Time 0.540 (0.538)	Data 0.001 (0.004)	Loss 0.4136 (0.5085)	Prec@1 94.922 (93.869)
Epoch: [79][170/176]	Time 0.529 (0.538)	Data 0.000 (0.004)	Loss 0.4993 (0.5086)	Prec@1 93.750 (93.862)
 * Prec@1 91.060
 * Prec@1 91.060
 * Prec@1 91.060
 * Prec@1 91.060
 * Noisy Prec@1 91.06
current lr 2.00000e-02
Epoch: [80][0/176]	Time 1.100 (1.100)	Data 0.552 (0.552)	Loss 0.5204 (0.5204)	Prec@1 94.141 (94.141)
Epoch: [80][17/176]	Time 0.589 (0.570)	Data 0.001 (0.032)	Loss 0.5733 (0.4787)	Prec@1 94.141 (94.878)
Epoch: [80][34/176]	Time 0.532 (0.554)	Data 0.001 (0.017)	Loss 0.5512 (0.4923)	Prec@1 92.188 (94.397)
Epoch: [80][51/176]	Time 0.542 (0.549)	Data 0.001 (0.012)	Loss 0.4928 (0.4994)	Prec@1 92.969 (94.178)
Epoch: [80][68/176]	Time 0.531 (0.547)	Data 0.001 (0.009)	Loss 0.4952 (0.5024)	Prec@1 92.969 (94.050)
Epoch: [80][85/176]	Time 0.553 (0.544)	Data 0.001 (0.008)	Loss 0.5016 (0.5056)	Prec@1 96.484 (94.045)
Epoch: [80][102/176]	Time 0.532 (0.543)	Data 0.001 (0.007)	Loss 0.5690 (0.5073)	Prec@1 90.625 (93.962)
Epoch: [80][119/176]	Time 0.533 (0.542)	Data 0.001 (0.006)	Loss 0.4566 (0.5076)	Prec@1 94.531 (93.978)
Epoch: [80][136/176]	Time 0.532 (0.542)	Data 0.001 (0.005)	Loss 0.4370 (0.5072)	Prec@1 94.922 (93.967)
Epoch: [80][153/176]	Time 0.531 (0.540)	Data 0.001 (0.005)	Loss 0.4512 (0.5078)	Prec@1 96.094 (93.958)
Epoch: [80][170/176]	Time 0.530 (0.540)	Data 0.000 (0.005)	Loss 0.5556 (0.5079)	Prec@1 92.188 (93.960)
 * Prec@1 92.060
 * Prec@1 92.060
 * Prec@1 92.060
 * Prec@1 92.060
 * Noisy Prec@1 92.06
current lr 2.00000e-02
Epoch: [81][0/176]	Time 1.014 (1.014)	Data 0.467 (0.467)	Loss 0.4445 (0.4445)	Prec@1 96.484 (96.484)
Epoch: [81][17/176]	Time 0.531 (0.558)	Data 0.001 (0.027)	Loss 0.4066 (0.4884)	Prec@1 95.312 (94.336)
Epoch: [81][34/176]	Time 0.538 (0.546)	Data 0.001 (0.014)	Loss 0.4682 (0.4859)	Prec@1 95.312 (94.252)
Epoch: [81][51/176]	Time 0.532 (0.544)	Data 0.001 (0.010)	Loss 0.5409 (0.4934)	Prec@1 92.578 (93.998)
Epoch: [81][68/176]	Time 0.531 (0.542)	Data 0.001 (0.008)	Loss 0.5619 (0.5024)	Prec@1 91.797 (93.880)
Epoch: [81][85/176]	Time 0.531 (0.541)	Data 0.001 (0.007)	Loss 0.4792 (0.4997)	Prec@1 95.312 (94.004)
Epoch: [81][102/176]	Time 0.538 (0.540)	Data 0.001 (0.006)	Loss 0.5082 (0.4998)	Prec@1 92.969 (94.050)
Epoch: [81][119/176]	Time 0.549 (0.539)	Data 0.001 (0.005)	Loss 0.5133 (0.5009)	Prec@1 94.922 (94.076)
Epoch: [81][136/176]	Time 0.531 (0.538)	Data 0.001 (0.005)	Loss 0.4740 (0.5010)	Prec@1 95.312 (94.049)
Epoch: [81][153/176]	Time 0.531 (0.539)	Data 0.001 (0.004)	Loss 0.5176 (0.5011)	Prec@1 91.797 (94.062)
Epoch: [81][170/176]	Time 0.531 (0.538)	Data 0.000 (0.004)	Loss 0.4719 (0.5013)	Prec@1 93.750 (94.013)
 * Prec@1 91.980
 * Prec@1 91.980
 * Prec@1 91.980
 * Prec@1 91.980
 * Noisy Prec@1 91.98
current lr 2.00000e-02
Epoch: [82][0/176]	Time 0.974 (0.974)	Data 0.426 (0.426)	Loss 0.5670 (0.5670)	Prec@1 91.797 (91.797)
Epoch: [82][17/176]	Time 0.538 (0.558)	Data 0.001 (0.025)	Loss 0.6267 (0.5177)	Prec@1 91.406 (93.750)
Epoch: [82][34/176]	Time 0.533 (0.548)	Data 0.001 (0.013)	Loss 0.4275 (0.4994)	Prec@1 96.094 (94.018)
Epoch: [82][51/176]	Time 0.540 (0.543)	Data 0.002 (0.009)	Loss 0.4676 (0.4958)	Prec@1 94.531 (94.088)
Epoch: [82][68/176]	Time 0.532 (0.542)	Data 0.001 (0.007)	Loss 0.5585 (0.5010)	Prec@1 91.406 (94.095)
Epoch: [82][85/176]	Time 0.533 (0.540)	Data 0.001 (0.006)	Loss 0.4909 (0.5001)	Prec@1 95.312 (94.150)
Epoch: [82][102/176]	Time 0.545 (0.539)	Data 0.001 (0.005)	Loss 0.5274 (0.5027)	Prec@1 92.969 (94.065)
Epoch: [82][119/176]	Time 0.532 (0.539)	Data 0.001 (0.005)	Loss 0.5031 (0.5025)	Prec@1 93.359 (94.095)
Epoch: [82][136/176]	Time 0.531 (0.538)	Data 0.001 (0.004)	Loss 0.5927 (0.5001)	Prec@1 91.797 (94.158)
Epoch: [82][153/176]	Time 0.531 (0.537)	Data 0.001 (0.004)	Loss 0.5619 (0.5019)	Prec@1 92.969 (94.125)
Epoch: [82][170/176]	Time 0.532 (0.537)	Data 0.000 (0.004)	Loss 0.4503 (0.5015)	Prec@1 96.094 (94.084)
 * Prec@1 92.340
 * Prec@1 92.340
 * Prec@1 92.340
 * Prec@1 92.340
 * Noisy Prec@1 92.34
	 * New best: 92.34000
current lr 2.00000e-02
Epoch: [83][0/176]	Time 1.114 (1.114)	Data 0.573 (0.573)	Loss 0.5077 (0.5077)	Prec@1 93.750 (93.750)
Epoch: [83][17/176]	Time 0.531 (0.563)	Data 0.001 (0.033)	Loss 0.4548 (0.4955)	Prec@1 94.531 (94.249)
Epoch: [83][34/176]	Time 0.532 (0.548)	Data 0.001 (0.018)	Loss 0.4831 (0.4899)	Prec@1 94.922 (94.420)
Epoch: [83][51/176]	Time 0.537 (0.543)	Data 0.001 (0.012)	Loss 0.5110 (0.4969)	Prec@1 93.750 (94.268)
Epoch: [83][68/176]	Time 0.532 (0.541)	Data 0.001 (0.009)	Loss 0.5110 (0.4950)	Prec@1 94.141 (94.293)
Epoch: [83][85/176]	Time 0.536 (0.539)	Data 0.001 (0.008)	Loss 0.5687 (0.4998)	Prec@1 92.578 (94.127)
Epoch: [83][102/176]	Time 0.532 (0.538)	Data 0.001 (0.007)	Loss 0.5277 (0.4996)	Prec@1 94.141 (94.095)
Epoch: [83][119/176]	Time 0.531 (0.538)	Data 0.001 (0.006)	Loss 0.5031 (0.4989)	Prec@1 92.578 (94.134)
Epoch: [83][136/176]	Time 0.533 (0.537)	Data 0.001 (0.005)	Loss 0.4104 (0.5003)	Prec@1 95.312 (94.069)
Epoch: [83][153/176]	Time 0.531 (0.537)	Data 0.001 (0.005)	Loss 0.5071 (0.5008)	Prec@1 93.750 (94.085)
Epoch: [83][170/176]	Time 0.532 (0.537)	Data 0.000 (0.005)	Loss 0.4668 (0.5022)	Prec@1 93.359 (94.017)
 * Prec@1 92.100
 * Prec@1 92.100
 * Prec@1 92.100
 * Prec@1 92.100
 * Noisy Prec@1 92.10
current lr 2.00000e-02
Epoch: [84][0/176]	Time 1.019 (1.019)	Data 0.466 (0.466)	Loss 0.4417 (0.4417)	Prec@1 94.922 (94.922)
Epoch: [84][17/176]	Time 0.535 (0.564)	Data 0.001 (0.027)	Loss 0.5517 (0.4852)	Prec@1 92.969 (94.379)
Epoch: [84][34/176]	Time 0.549 (0.550)	Data 0.001 (0.014)	Loss 0.4537 (0.4816)	Prec@1 94.922 (94.732)
Epoch: [84][51/176]	Time 0.532 (0.544)	Data 0.001 (0.010)	Loss 0.5322 (0.4770)	Prec@1 94.531 (94.712)
Epoch: [84][68/176]	Time 0.532 (0.542)	Data 0.001 (0.008)	Loss 0.5375 (0.4768)	Prec@1 94.141 (94.718)
Epoch: [84][85/176]	Time 0.532 (0.540)	Data 0.001 (0.007)	Loss 0.4854 (0.4814)	Prec@1 94.922 (94.572)
Epoch: [84][102/176]	Time 0.576 (0.540)	Data 0.001 (0.006)	Loss 0.5055 (0.4846)	Prec@1 93.750 (94.459)
Epoch: [84][119/176]	Time 0.531 (0.539)	Data 0.001 (0.005)	Loss 0.5524 (0.4829)	Prec@1 91.406 (94.525)
Epoch: [84][136/176]	Time 0.531 (0.538)	Data 0.001 (0.005)	Loss 0.5191 (0.4854)	Prec@1 93.750 (94.460)
Epoch: [84][153/176]	Time 0.576 (0.538)	Data 0.002 (0.004)	Loss 0.5480 (0.4873)	Prec@1 91.406 (94.412)
Epoch: [84][170/176]	Time 0.531 (0.538)	Data 0.000 (0.004)	Loss 0.4014 (0.4885)	Prec@1 96.094 (94.362)
 * Prec@1 92.240
 * Prec@1 92.240
 * Prec@1 92.240
 * Prec@1 92.240
 * Noisy Prec@1 92.24
current lr 2.00000e-02
Epoch: [85][0/176]	Time 1.145 (1.145)	Data 0.585 (0.585)	Loss 0.5307 (0.5307)	Prec@1 91.406 (91.406)
Epoch: [85][17/176]	Time 0.532 (0.570)	Data 0.001 (0.034)	Loss 0.5391 (0.4999)	Prec@1 94.141 (94.184)
Epoch: [85][34/176]	Time 0.540 (0.553)	Data 0.001 (0.018)	Loss 0.4839 (0.4936)	Prec@1 95.312 (94.263)
Epoch: [85][51/176]	Time 0.532 (0.547)	Data 0.001 (0.012)	Loss 0.5348 (0.4896)	Prec@1 94.531 (94.313)
Epoch: [85][68/176]	Time 0.531 (0.543)	Data 0.001 (0.010)	Loss 0.5095 (0.4877)	Prec@1 93.359 (94.327)
Epoch: [85][85/176]	Time 0.532 (0.541)	Data 0.001 (0.008)	Loss 0.5079 (0.4892)	Prec@1 92.188 (94.300)
Epoch: [85][102/176]	Time 0.531 (0.540)	Data 0.001 (0.007)	Loss 0.4565 (0.4895)	Prec@1 95.312 (94.319)
Epoch: [85][119/176]	Time 0.532 (0.539)	Data 0.001 (0.006)	Loss 0.5158 (0.4896)	Prec@1 94.141 (94.261)
Epoch: [85][136/176]	Time 0.540 (0.538)	Data 0.001 (0.005)	Loss 0.5584 (0.4928)	Prec@1 92.969 (94.155)
Epoch: [85][153/176]	Time 0.536 (0.538)	Data 0.001 (0.005)	Loss 0.4633 (0.4929)	Prec@1 94.531 (94.171)
Epoch: [85][170/176]	Time 0.530 (0.538)	Data 0.000 (0.005)	Loss 0.4169 (0.4926)	Prec@1 96.484 (94.200)
 * Prec@1 91.920
 * Prec@1 91.920
 * Prec@1 91.920
 * Prec@1 91.920
 * Noisy Prec@1 91.92
current lr 2.00000e-02
Epoch: [86][0/176]	Time 0.984 (0.984)	Data 0.425 (0.425)	Loss 0.4990 (0.4990)	Prec@1 94.922 (94.922)
Epoch: [86][17/176]	Time 0.532 (0.559)	Data 0.001 (0.025)	Loss 0.4740 (0.4860)	Prec@1 94.922 (94.358)
Epoch: [86][34/176]	Time 0.533 (0.547)	Data 0.001 (0.013)	Loss 0.4841 (0.4853)	Prec@1 93.359 (94.375)
Epoch: [86][51/176]	Time 0.531 (0.543)	Data 0.001 (0.009)	Loss 0.5042 (0.4828)	Prec@1 92.578 (94.441)
Epoch: [86][68/176]	Time 0.532 (0.540)	Data 0.001 (0.007)	Loss 0.4730 (0.4833)	Prec@1 94.141 (94.401)
Epoch: [86][85/176]	Time 0.563 (0.539)	Data 0.001 (0.006)	Loss 0.6011 (0.4892)	Prec@1 91.406 (94.182)
Epoch: [86][102/176]	Time 0.532 (0.538)	Data 0.001 (0.005)	Loss 0.4574 (0.4913)	Prec@1 97.266 (94.156)
Epoch: [86][119/176]	Time 0.543 (0.538)	Data 0.001 (0.005)	Loss 0.5572 (0.4949)	Prec@1 94.141 (94.098)
Epoch: [86][136/176]	Time 0.531 (0.537)	Data 0.001 (0.004)	Loss 0.4278 (0.4957)	Prec@1 94.141 (94.132)
Epoch: [86][153/176]	Time 0.535 (0.537)	Data 0.001 (0.004)	Loss 0.4548 (0.4964)	Prec@1 94.141 (94.103)
Epoch: [86][170/176]	Time 0.531 (0.537)	Data 0.000 (0.004)	Loss 0.5613 (0.4973)	Prec@1 91.406 (94.040)
 * Prec@1 92.140
 * Prec@1 92.140
 * Prec@1 92.140
 * Prec@1 92.140
 * Noisy Prec@1 92.14
current lr 2.00000e-02
Epoch: [87][0/176]	Time 1.019 (1.019)	Data 0.469 (0.469)	Loss 0.4641 (0.4641)	Prec@1 95.312 (95.312)
Epoch: [87][17/176]	Time 0.532 (0.562)	Data 0.001 (0.027)	Loss 0.4521 (0.4861)	Prec@1 92.969 (94.336)
Epoch: [87][34/176]	Time 0.531 (0.548)	Data 0.001 (0.015)	Loss 0.4889 (0.4829)	Prec@1 94.141 (94.263)
Epoch: [87][51/176]	Time 0.531 (0.543)	Data 0.001 (0.010)	Loss 0.4716 (0.4873)	Prec@1 93.359 (94.313)
Epoch: [87][68/176]	Time 0.531 (0.540)	Data 0.001 (0.008)	Loss 0.4404 (0.4905)	Prec@1 96.094 (94.310)
Epoch: [87][85/176]	Time 0.531 (0.538)	Data 0.001 (0.007)	Loss 0.5076 (0.4895)	Prec@1 92.188 (94.350)
Epoch: [87][102/176]	Time 0.530 (0.537)	Data 0.001 (0.006)	Loss 0.4549 (0.4906)	Prec@1 94.141 (94.383)
Epoch: [87][119/176]	Time 0.531 (0.536)	Data 0.001 (0.005)	Loss 0.4922 (0.4900)	Prec@1 94.141 (94.346)
Epoch: [87][136/176]	Time 0.531 (0.536)	Data 0.001 (0.005)	Loss 0.5662 (0.4902)	Prec@1 92.188 (94.306)
Epoch: [87][153/176]	Time 0.534 (0.535)	Data 0.001 (0.004)	Loss 0.5010 (0.4906)	Prec@1 93.750 (94.285)
Epoch: [87][170/176]	Time 0.530 (0.535)	Data 0.000 (0.004)	Loss 0.5249 (0.4914)	Prec@1 94.922 (94.262)
 * Prec@1 91.680
 * Prec@1 91.680
 * Prec@1 91.680
 * Prec@1 91.680
 * Noisy Prec@1 91.68
current lr 2.00000e-02
Epoch: [88][0/176]	Time 1.034 (1.034)	Data 0.464 (0.464)	Loss 0.4867 (0.4867)	Prec@1 92.969 (92.969)
Epoch: [88][17/176]	Time 0.532 (0.561)	Data 0.001 (0.027)	Loss 0.4863 (0.4856)	Prec@1 94.531 (94.054)
Epoch: [88][34/176]	Time 0.532 (0.548)	Data 0.001 (0.014)	Loss 0.4918 (0.4849)	Prec@1 94.141 (94.241)
Epoch: [88][51/176]	Time 0.532 (0.543)	Data 0.001 (0.010)	Loss 0.4635 (0.4889)	Prec@1 95.312 (94.253)
Epoch: [88][68/176]	Time 0.532 (0.540)	Data 0.001 (0.008)	Loss 0.6220 (0.4884)	Prec@1 91.406 (94.361)
Epoch: [88][85/176]	Time 0.532 (0.538)	Data 0.001 (0.007)	Loss 0.5288 (0.4892)	Prec@1 93.750 (94.309)
Epoch: [88][102/176]	Time 0.549 (0.538)	Data 0.001 (0.006)	Loss 0.4367 (0.4916)	Prec@1 94.141 (94.152)
Epoch: [88][119/176]	Time 0.535 (0.537)	Data 0.001 (0.005)	Loss 0.4554 (0.4916)	Prec@1 96.094 (94.154)
Epoch: [88][136/176]	Time 0.533 (0.537)	Data 0.001 (0.005)	Loss 0.4314 (0.4926)	Prec@1 95.312 (94.066)
Epoch: [88][153/176]	Time 0.535 (0.537)	Data 0.001 (0.004)	Loss 0.4510 (0.4934)	Prec@1 95.312 (94.075)
Epoch: [88][170/176]	Time 0.530 (0.537)	Data 0.000 (0.004)	Loss 0.4967 (0.4939)	Prec@1 94.141 (94.020)
 * Prec@1 92.000
 * Prec@1 92.000
 * Prec@1 92.000
 * Prec@1 92.000
 * Noisy Prec@1 92.00
current lr 2.00000e-02
Epoch: [89][0/176]	Time 1.029 (1.029)	Data 0.473 (0.473)	Loss 0.4816 (0.4816)	Prec@1 93.750 (93.750)
Epoch: [89][17/176]	Time 0.532 (0.562)	Data 0.001 (0.027)	Loss 0.4716 (0.4854)	Prec@1 94.141 (94.141)
Epoch: [89][34/176]	Time 0.533 (0.550)	Data 0.001 (0.015)	Loss 0.4511 (0.4815)	Prec@1 95.703 (94.330)
Epoch: [89][51/176]	Time 0.570 (0.545)	Data 0.001 (0.010)	Loss 0.5208 (0.4874)	Prec@1 96.484 (94.336)
Epoch: [89][68/176]	Time 0.530 (0.542)	Data 0.001 (0.008)	Loss 0.5048 (0.4932)	Prec@1 95.312 (94.243)
Epoch: [89][85/176]	Time 0.532 (0.540)	Data 0.001 (0.007)	Loss 0.4910 (0.4918)	Prec@1 93.359 (94.272)
Epoch: [89][102/176]	Time 0.531 (0.540)	Data 0.001 (0.006)	Loss 0.4619 (0.4889)	Prec@1 92.578 (94.361)
Epoch: [89][119/176]	Time 0.531 (0.539)	Data 0.001 (0.005)	Loss 0.5522 (0.4891)	Prec@1 92.578 (94.355)
Epoch: [89][136/176]	Time 0.533 (0.538)	Data 0.001 (0.005)	Loss 0.4640 (0.4865)	Prec@1 95.312 (94.366)
Epoch: [89][153/176]	Time 0.536 (0.538)	Data 0.001 (0.004)	Loss 0.5073 (0.4855)	Prec@1 94.141 (94.387)
Epoch: [89][170/176]	Time 0.536 (0.538)	Data 0.000 (0.004)	Loss 0.4922 (0.4877)	Prec@1 93.750 (94.307)
 * Prec@1 92.060
 * Prec@1 92.060
 * Prec@1 92.060
 * Prec@1 92.060
 * Noisy Prec@1 92.06
current lr 2.00000e-02
Epoch: [90][0/176]	Time 0.987 (0.987)	Data 0.440 (0.440)	Loss 0.4325 (0.4325)	Prec@1 94.141 (94.141)
Epoch: [90][17/176]	Time 0.532 (0.560)	Data 0.001 (0.026)	Loss 0.4856 (0.4781)	Prec@1 94.922 (94.661)
Epoch: [90][34/176]	Time 0.532 (0.548)	Data 0.001 (0.014)	Loss 0.4737 (0.4807)	Prec@1 94.531 (94.565)
Epoch: [90][51/176]	Time 0.532 (0.544)	Data 0.001 (0.010)	Loss 0.4766 (0.4791)	Prec@1 93.750 (94.689)
Epoch: [90][68/176]	Time 0.533 (0.542)	Data 0.001 (0.008)	Loss 0.4649 (0.4779)	Prec@1 94.922 (94.724)
Epoch: [90][85/176]	Time 0.533 (0.541)	Data 0.001 (0.006)	Loss 0.4894 (0.4775)	Prec@1 95.312 (94.763)
Epoch: [90][102/176]	Time 0.532 (0.540)	Data 0.001 (0.005)	Loss 0.4729 (0.4805)	Prec@1 94.531 (94.641)
Epoch: [90][119/176]	Time 0.532 (0.540)	Data 0.001 (0.005)	Loss 0.4532 (0.4836)	Prec@1 94.922 (94.574)
Epoch: [90][136/176]	Time 0.570 (0.540)	Data 0.001 (0.004)	Loss 0.4730 (0.4844)	Prec@1 94.922 (94.503)
Epoch: [90][153/176]	Time 0.536 (0.539)	Data 0.001 (0.004)	Loss 0.4982 (0.4868)	Prec@1 94.922 (94.465)
Epoch: [90][170/176]	Time 0.530 (0.539)	Data 0.000 (0.004)	Loss 0.4285 (0.4862)	Prec@1 95.312 (94.435)
 * Prec@1 92.620
 * Prec@1 92.620
 * Prec@1 92.620
 * Prec@1 92.620
 * Noisy Prec@1 92.62
	 * New best: 92.62000
current lr 2.00000e-02
Epoch: [91][0/176]	Time 0.962 (0.962)	Data 0.421 (0.421)	Loss 0.4682 (0.4682)	Prec@1 94.922 (94.922)
Epoch: [91][17/176]	Time 0.531 (0.559)	Data 0.001 (0.024)	Loss 0.5547 (0.4879)	Prec@1 92.188 (94.423)
Epoch: [91][34/176]	Time 0.531 (0.546)	Data 0.001 (0.013)	Loss 0.5116 (0.4806)	Prec@1 94.141 (94.542)
Epoch: [91][51/176]	Time 0.552 (0.543)	Data 0.001 (0.009)	Loss 0.4282 (0.4821)	Prec@1 93.750 (94.516)
Epoch: [91][68/176]	Time 0.531 (0.541)	Data 0.001 (0.007)	Loss 0.5506 (0.4845)	Prec@1 92.578 (94.463)
Epoch: [91][85/176]	Time 0.532 (0.539)	Data 0.001 (0.006)	Loss 0.4901 (0.4855)	Prec@1 94.922 (94.395)
Epoch: [91][102/176]	Time 0.540 (0.540)	Data 0.002 (0.005)	Loss 0.5084 (0.4867)	Prec@1 94.922 (94.425)
Epoch: [91][119/176]	Time 0.535 (0.539)	Data 0.001 (0.005)	Loss 0.4674 (0.4827)	Prec@1 93.359 (94.512)
Epoch: [91][136/176]	Time 0.532 (0.539)	Data 0.001 (0.004)	Loss 0.4813 (0.4840)	Prec@1 92.578 (94.446)
Epoch: [91][153/176]	Time 0.535 (0.539)	Data 0.001 (0.004)	Loss 0.5094 (0.4855)	Prec@1 91.797 (94.346)
Epoch: [91][170/176]	Time 0.529 (0.538)	Data 0.000 (0.004)	Loss 0.5340 (0.4870)	Prec@1 93.750 (94.319)
 * Prec@1 92.240
 * Prec@1 92.240
 * Prec@1 92.240
 * Prec@1 92.240
 * Noisy Prec@1 92.24
current lr 2.00000e-02
Epoch: [92][0/176]	Time 1.000 (1.000)	Data 0.436 (0.436)	Loss 0.5413 (0.5413)	Prec@1 94.531 (94.531)
Epoch: [92][17/176]	Time 0.532 (0.559)	Data 0.001 (0.025)	Loss 0.5317 (0.5047)	Prec@1 93.359 (94.141)
Epoch: [92][34/176]	Time 0.532 (0.546)	Data 0.001 (0.014)	Loss 0.4674 (0.4863)	Prec@1 94.531 (94.420)
Epoch: [92][51/176]	Time 0.566 (0.544)	Data 0.001 (0.010)	Loss 0.4659 (0.4908)	Prec@1 93.359 (94.306)
Epoch: [92][68/176]	Time 0.539 (0.543)	Data 0.001 (0.007)	Loss 0.4953 (0.4879)	Prec@1 93.750 (94.367)
Epoch: [92][85/176]	Time 0.544 (0.541)	Data 0.001 (0.006)	Loss 0.5122 (0.4880)	Prec@1 92.578 (94.213)
Epoch: [92][102/176]	Time 0.532 (0.540)	Data 0.001 (0.005)	Loss 0.4382 (0.4853)	Prec@1 95.312 (94.311)
Epoch: [92][119/176]	Time 0.531 (0.539)	Data 0.001 (0.005)	Loss 0.4959 (0.4853)	Prec@1 93.750 (94.320)
Epoch: [92][136/176]	Time 0.531 (0.538)	Data 0.001 (0.004)	Loss 0.4054 (0.4867)	Prec@1 96.875 (94.280)
Epoch: [92][153/176]	Time 0.537 (0.538)	Data 0.001 (0.004)	Loss 0.4754 (0.4874)	Prec@1 91.797 (94.204)
Epoch: [92][170/176]	Time 0.530 (0.538)	Data 0.000 (0.004)	Loss 0.5291 (0.4859)	Prec@1 94.531 (94.262)
 * Prec@1 92.560
 * Prec@1 92.560
 * Prec@1 92.560
 * Prec@1 92.560
 * Noisy Prec@1 92.56
current lr 2.00000e-02
Epoch: [93][0/176]	Time 1.011 (1.011)	Data 0.465 (0.465)	Loss 0.5482 (0.5482)	Prec@1 92.578 (92.578)
Epoch: [93][17/176]	Time 0.538 (0.561)	Data 0.001 (0.027)	Loss 0.4737 (0.4848)	Prec@1 95.312 (94.444)
Epoch: [93][34/176]	Time 0.532 (0.548)	Data 0.001 (0.014)	Loss 0.5229 (0.4829)	Prec@1 93.750 (94.442)
Epoch: [93][51/176]	Time 0.533 (0.543)	Data 0.001 (0.010)	Loss 0.5263 (0.4833)	Prec@1 94.141 (94.509)
Epoch: [93][68/176]	Time 0.532 (0.540)	Data 0.001 (0.008)	Loss 0.4661 (0.4880)	Prec@1 96.094 (94.339)
Epoch: [93][85/176]	Time 0.532 (0.539)	Data 0.001 (0.007)	Loss 0.5118 (0.4857)	Prec@1 96.094 (94.336)
Epoch: [93][102/176]	Time 0.532 (0.539)	Data 0.001 (0.006)	Loss 0.4410 (0.4842)	Prec@1 96.094 (94.372)
Epoch: [93][119/176]	Time 0.532 (0.538)	Data 0.001 (0.005)	Loss 0.4210 (0.4838)	Prec@1 96.094 (94.427)
Epoch: [93][136/176]	Time 0.533 (0.538)	Data 0.001 (0.005)	Loss 0.5081 (0.4856)	Prec@1 93.359 (94.340)
Epoch: [93][153/176]	Time 0.535 (0.537)	Data 0.001 (0.004)	Loss 0.4675 (0.4865)	Prec@1 97.656 (94.336)
Epoch: [93][170/176]	Time 0.530 (0.537)	Data 0.000 (0.004)	Loss 0.5215 (0.4876)	Prec@1 92.578 (94.280)
 * Prec@1 92.080
 * Prec@1 92.080
 * Prec@1 92.080
 * Prec@1 92.080
 * Noisy Prec@1 92.08
current lr 2.00000e-02
Epoch: [94][0/176]	Time 1.076 (1.076)	Data 0.518 (0.518)	Loss 0.5155 (0.5155)	Prec@1 94.531 (94.531)
Epoch: [94][17/176]	Time 0.539 (0.562)	Data 0.001 (0.030)	Loss 0.4825 (0.4859)	Prec@1 95.703 (94.748)
Epoch: [94][34/176]	Time 0.531 (0.548)	Data 0.001 (0.016)	Loss 0.4520 (0.4876)	Prec@1 96.094 (94.386)
Epoch: [94][51/176]	Time 0.531 (0.545)	Data 0.001 (0.011)	Loss 0.4279 (0.4821)	Prec@1 98.047 (94.666)
Epoch: [94][68/176]	Time 0.532 (0.542)	Data 0.001 (0.009)	Loss 0.4826 (0.4815)	Prec@1 94.531 (94.492)
Epoch: [94][85/176]	Time 0.532 (0.542)	Data 0.001 (0.007)	Loss 0.4536 (0.4857)	Prec@1 93.359 (94.436)
Epoch: [94][102/176]	Time 0.541 (0.540)	Data 0.001 (0.006)	Loss 0.5357 (0.4855)	Prec@1 93.359 (94.459)
Epoch: [94][119/176]	Time 0.560 (0.540)	Data 0.002 (0.006)	Loss 0.4438 (0.4827)	Prec@1 94.531 (94.492)
Epoch: [94][136/176]	Time 0.534 (0.539)	Data 0.001 (0.005)	Loss 0.5466 (0.4851)	Prec@1 92.969 (94.363)
Epoch: [94][153/176]	Time 0.535 (0.539)	Data 0.001 (0.005)	Loss 0.5506 (0.4842)	Prec@1 92.188 (94.354)
Epoch: [94][170/176]	Time 0.530 (0.539)	Data 0.000 (0.004)	Loss 0.4324 (0.4857)	Prec@1 96.094 (94.337)
 * Prec@1 91.920
 * Prec@1 91.920
 * Prec@1 91.920
 * Prec@1 91.920
 * Noisy Prec@1 91.92
current lr 2.00000e-02
Epoch: [95][0/176]	Time 0.984 (0.984)	Data 0.436 (0.436)	Loss 0.4580 (0.4580)	Prec@1 93.750 (93.750)
Epoch: [95][17/176]	Time 0.532 (0.558)	Data 0.001 (0.025)	Loss 0.4729 (0.4825)	Prec@1 92.969 (93.945)
Epoch: [95][34/176]	Time 0.532 (0.546)	Data 0.001 (0.014)	Loss 0.4913 (0.4867)	Prec@1 94.531 (94.152)
Epoch: [95][51/176]	Time 0.531 (0.542)	Data 0.001 (0.010)	Loss 0.4871 (0.4832)	Prec@1 93.750 (94.231)
Epoch: [95][68/176]	Time 0.532 (0.540)	Data 0.001 (0.007)	Loss 0.5095 (0.4810)	Prec@1 94.531 (94.305)
Epoch: [95][85/176]	Time 0.532 (0.538)	Data 0.001 (0.006)	Loss 0.4918 (0.4802)	Prec@1 93.359 (94.309)
Epoch: [95][102/176]	Time 0.593 (0.539)	Data 0.001 (0.005)	Loss 0.5259 (0.4798)	Prec@1 94.141 (94.270)
Epoch: [95][119/176]	Time 0.537 (0.538)	Data 0.001 (0.005)	Loss 0.5148 (0.4827)	Prec@1 94.531 (94.261)
Epoch: [95][136/176]	Time 0.532 (0.537)	Data 0.001 (0.004)	Loss 0.4393 (0.4813)	Prec@1 96.484 (94.258)
Epoch: [95][153/176]	Time 0.539 (0.538)	Data 0.001 (0.004)	Loss 0.5878 (0.4838)	Prec@1 92.188 (94.204)
Epoch: [95][170/176]	Time 0.530 (0.538)	Data 0.000 (0.004)	Loss 0.4655 (0.4820)	Prec@1 94.141 (94.211)
 * Prec@1 92.300
 * Prec@1 92.300
 * Prec@1 92.300
 * Prec@1 92.300
 * Noisy Prec@1 92.30
current lr 2.00000e-02
Epoch: [96][0/176]	Time 1.047 (1.047)	Data 0.452 (0.452)	Loss 0.4014 (0.4014)	Prec@1 95.703 (95.703)
Epoch: [96][17/176]	Time 0.532 (0.561)	Data 0.001 (0.026)	Loss 0.5038 (0.4702)	Prec@1 94.531 (94.987)
Epoch: [96][34/176]	Time 0.531 (0.548)	Data 0.001 (0.014)	Loss 0.4408 (0.4781)	Prec@1 95.312 (94.542)
Epoch: [96][51/176]	Time 0.589 (0.544)	Data 0.001 (0.010)	Loss 0.4491 (0.4815)	Prec@1 92.969 (94.441)
Epoch: [96][68/176]	Time 0.531 (0.542)	Data 0.001 (0.008)	Loss 0.4986 (0.4855)	Prec@1 94.141 (94.390)
Epoch: [96][85/176]	Time 0.531 (0.540)	Data 0.001 (0.006)	Loss 0.5329 (0.4848)	Prec@1 93.359 (94.404)
Epoch: [96][102/176]	Time 0.531 (0.538)	Data 0.001 (0.006)	Loss 0.5146 (0.4866)	Prec@1 92.969 (94.304)
Epoch: [96][119/176]	Time 0.531 (0.538)	Data 0.001 (0.005)	Loss 0.4388 (0.4855)	Prec@1 96.484 (94.352)
Epoch: [96][136/176]	Time 0.540 (0.537)	Data 0.001 (0.004)	Loss 0.4475 (0.4842)	Prec@1 94.141 (94.332)
Epoch: [96][153/176]	Time 0.532 (0.537)	Data 0.001 (0.004)	Loss 0.6098 (0.4855)	Prec@1 92.578 (94.267)
Epoch: [96][170/176]	Time 0.530 (0.537)	Data 0.000 (0.004)	Loss 0.4977 (0.4854)	Prec@1 92.969 (94.266)
 * Prec@1 92.180
 * Prec@1 92.180
 * Prec@1 92.180
 * Prec@1 92.180
 * Noisy Prec@1 92.18
current lr 2.00000e-02
Epoch: [97][0/176]	Time 1.029 (1.029)	Data 0.481 (0.481)	Loss 0.4797 (0.4797)	Prec@1 95.312 (95.312)
Epoch: [97][17/176]	Time 0.531 (0.564)	Data 0.001 (0.028)	Loss 0.4477 (0.4796)	Prec@1 95.703 (94.596)
Epoch: [97][34/176]	Time 0.538 (0.552)	Data 0.001 (0.015)	Loss 0.5254 (0.4937)	Prec@1 92.578 (94.252)
Epoch: [97][51/176]	Time 0.531 (0.546)	Data 0.001 (0.010)	Loss 0.4610 (0.4873)	Prec@1 93.359 (94.276)
Epoch: [97][68/176]	Time 0.531 (0.543)	Data 0.001 (0.008)	Loss 0.5268 (0.4922)	Prec@1 93.359 (94.039)
Epoch: [97][85/176]	Time 0.540 (0.541)	Data 0.001 (0.007)	Loss 0.5528 (0.4929)	Prec@1 92.578 (93.959)
Epoch: [97][102/176]	Time 0.533 (0.540)	Data 0.001 (0.006)	Loss 0.4592 (0.4917)	Prec@1 94.141 (94.034)
Epoch: [97][119/176]	Time 0.535 (0.540)	Data 0.001 (0.005)	Loss 0.4736 (0.4883)	Prec@1 94.141 (94.079)
Epoch: [97][136/176]	Time 0.531 (0.539)	Data 0.001 (0.005)	Loss 0.4273 (0.4892)	Prec@1 94.922 (94.029)
Epoch: [97][153/176]	Time 0.539 (0.539)	Data 0.001 (0.004)	Loss 0.4827 (0.4873)	Prec@1 94.141 (94.103)
Epoch: [97][170/176]	Time 0.529 (0.539)	Data 0.000 (0.004)	Loss 0.4854 (0.4861)	Prec@1 94.141 (94.154)
 * Prec@1 92.140
 * Prec@1 92.140
 * Prec@1 92.140
 * Prec@1 92.140
 * Noisy Prec@1 92.14
current lr 2.00000e-02
Epoch: [98][0/176]	Time 1.038 (1.038)	Data 0.491 (0.491)	Loss 0.5194 (0.5194)	Prec@1 94.141 (94.141)
Epoch: [98][17/176]	Time 0.531 (0.561)	Data 0.001 (0.028)	Loss 0.5332 (0.4879)	Prec@1 91.406 (93.902)
Epoch: [98][34/176]	Time 0.532 (0.549)	Data 0.001 (0.015)	Loss 0.4587 (0.4864)	Prec@1 94.141 (94.163)
Epoch: [98][51/176]	Time 0.536 (0.544)	Data 0.001 (0.011)	Loss 0.4972 (0.4863)	Prec@1 94.531 (94.186)
Epoch: [98][68/176]	Time 0.532 (0.542)	Data 0.001 (0.008)	Loss 0.5276 (0.4833)	Prec@1 94.141 (94.282)
Epoch: [98][85/176]	Time 0.532 (0.542)	Data 0.001 (0.007)	Loss 0.5079 (0.4830)	Prec@1 94.141 (94.227)
Epoch: [98][102/176]	Time 0.532 (0.540)	Data 0.001 (0.006)	Loss 0.4349 (0.4840)	Prec@1 96.484 (94.209)
Epoch: [98][119/176]	Time 0.531 (0.540)	Data 0.001 (0.005)	Loss 0.4755 (0.4844)	Prec@1 94.141 (94.193)
Epoch: [98][136/176]	Time 0.531 (0.540)	Data 0.001 (0.005)	Loss 0.5174 (0.4851)	Prec@1 94.141 (94.263)
Epoch: [98][153/176]	Time 0.532 (0.540)	Data 0.001 (0.004)	Loss 0.5148 (0.4858)	Prec@1 94.141 (94.285)
Epoch: [98][170/176]	Time 0.529 (0.539)	Data 0.000 (0.004)	Loss 0.4567 (0.4865)	Prec@1 96.094 (94.230)
 * Prec@1 92.060
 * Prec@1 92.060
 * Prec@1 92.060
 * Prec@1 92.060
 * Noisy Prec@1 92.06
current lr 2.00000e-02
Epoch: [99][0/176]	Time 1.024 (1.024)	Data 0.484 (0.484)	Loss 0.5276 (0.5276)	Prec@1 93.359 (93.359)
Epoch: [99][17/176]	Time 0.534 (0.564)	Data 0.001 (0.028)	Loss 0.4959 (0.4672)	Prec@1 93.359 (94.596)
Epoch: [99][34/176]	Time 0.532 (0.550)	Data 0.001 (0.015)	Loss 0.4921 (0.4651)	Prec@1 93.750 (94.766)
Epoch: [99][51/176]	Time 0.532 (0.546)	Data 0.001 (0.010)	Loss 0.5140 (0.4688)	Prec@1 92.969 (94.817)
Epoch: [99][68/176]	Time 0.532 (0.543)	Data 0.001 (0.008)	Loss 0.5171 (0.4723)	Prec@1 92.578 (94.661)
Epoch: [99][85/176]	Time 0.532 (0.541)	Data 0.001 (0.007)	Loss 0.5132 (0.4770)	Prec@1 92.969 (94.531)
Epoch: [99][102/176]	Time 0.531 (0.539)	Data 0.001 (0.006)	Loss 0.5403 (0.4775)	Prec@1 93.750 (94.524)
Epoch: [99][119/176]	Time 0.530 (0.538)	Data 0.001 (0.005)	Loss 0.4391 (0.4773)	Prec@1 96.094 (94.557)
Epoch: [99][136/176]	Time 0.531 (0.538)	Data 0.001 (0.005)	Loss 0.5304 (0.4804)	Prec@1 92.969 (94.508)
Epoch: [99][153/176]	Time 0.531 (0.538)	Data 0.001 (0.004)	Loss 0.5064 (0.4817)	Prec@1 92.578 (94.415)
Epoch: [99][170/176]	Time 0.530 (0.537)	Data 0.000 (0.004)	Loss 0.5971 (0.4828)	Prec@1 91.797 (94.387)
 * Prec@1 91.860
 * Prec@1 91.860
 * Prec@1 91.860
 * Prec@1 91.860
 * Noisy Prec@1 91.86
current lr 2.00000e-02
Epoch: [100][0/176]	Time 0.973 (0.973)	Data 0.418 (0.418)	Loss 0.4262 (0.4262)	Prec@1 96.094 (96.094)
Epoch: [100][17/176]	Time 0.532 (0.557)	Data 0.001 (0.024)	Loss 0.4956 (0.4936)	Prec@1 93.750 (93.989)
Epoch: [100][34/176]	Time 0.535 (0.546)	Data 0.001 (0.013)	Loss 0.4640 (0.4834)	Prec@1 96.875 (94.263)
Epoch: [100][51/176]	Time 0.547 (0.542)	Data 0.001 (0.009)	Loss 0.4888 (0.4759)	Prec@1 94.531 (94.569)
Epoch: [100][68/176]	Time 0.532 (0.541)	Data 0.001 (0.007)	Loss 0.4433 (0.4734)	Prec@1 94.141 (94.633)
Epoch: [100][85/176]	Time 0.531 (0.539)	Data 0.001 (0.006)	Loss 0.4910 (0.4751)	Prec@1 93.750 (94.522)
Epoch: [100][102/176]	Time 0.531 (0.538)	Data 0.001 (0.005)	Loss 0.4269 (0.4740)	Prec@1 95.312 (94.471)
Epoch: [100][119/176]	Time 0.532 (0.537)	Data 0.001 (0.005)	Loss 0.4579 (0.4788)	Prec@1 96.094 (94.378)
Epoch: [100][136/176]	Time 0.531 (0.537)	Data 0.001 (0.004)	Loss 0.5275 (0.4798)	Prec@1 93.750 (94.349)
Epoch: [100][153/176]	Time 0.532 (0.537)	Data 0.001 (0.004)	Loss 0.4203 (0.4796)	Prec@1 96.094 (94.316)
Epoch: [100][170/176]	Time 0.530 (0.537)	Data 0.000 (0.004)	Loss 0.4077 (0.4786)	Prec@1 96.875 (94.326)
 * Prec@1 92.260
 * Prec@1 92.260
 * Prec@1 92.260
 * Prec@1 92.260
 * Noisy Prec@1 92.26
current lr 2.00000e-02
Epoch: [101][0/176]	Time 0.968 (0.968)	Data 0.418 (0.418)	Loss 0.5328 (0.5328)	Prec@1 92.188 (92.188)
Epoch: [101][17/176]	Time 0.532 (0.560)	Data 0.001 (0.024)	Loss 0.5203 (0.4818)	Prec@1 92.578 (93.989)
Epoch: [101][34/176]	Time 0.532 (0.548)	Data 0.001 (0.013)	Loss 0.4085 (0.4751)	Prec@1 94.922 (94.129)
Epoch: [101][51/176]	Time 0.531 (0.545)	Data 0.001 (0.009)	Loss 0.4170 (0.4750)	Prec@1 98.047 (94.351)
Epoch: [101][68/176]	Time 0.552 (0.543)	Data 0.001 (0.007)	Loss 0.6158 (0.4759)	Prec@1 90.234 (94.282)
Epoch: [101][85/176]	Time 0.531 (0.540)	Data 0.001 (0.006)	Loss 0.5314 (0.4773)	Prec@1 92.578 (94.263)
Epoch: [101][102/176]	Time 0.531 (0.539)	Data 0.001 (0.005)	Loss 0.4135 (0.4803)	Prec@1 97.266 (94.258)
Epoch: [101][119/176]	Time 0.531 (0.538)	Data 0.001 (0.005)	Loss 0.4170 (0.4800)	Prec@1 96.094 (94.297)
Epoch: [101][136/176]	Time 0.531 (0.537)	Data 0.001 (0.004)	Loss 0.5049 (0.4800)	Prec@1 94.922 (94.337)
Epoch: [101][153/176]	Time 0.544 (0.537)	Data 0.002 (0.004)	Loss 0.4716 (0.4794)	Prec@1 96.484 (94.351)
Epoch: [101][170/176]	Time 0.568 (0.537)	Data 0.000 (0.004)	Loss 0.5951 (0.4810)	Prec@1 90.625 (94.346)
 * Prec@1 92.440
 * Prec@1 92.440
 * Prec@1 92.440
 * Prec@1 92.440
 * Noisy Prec@1 92.44
current lr 2.00000e-02
Epoch: [102][0/176]	Time 0.993 (0.993)	Data 0.450 (0.450)	Loss 0.4138 (0.4138)	Prec@1 97.266 (97.266)
Epoch: [102][17/176]	Time 0.532 (0.561)	Data 0.001 (0.026)	Loss 0.4494 (0.4545)	Prec@1 93.750 (94.813)
Traceback (most recent call last):
  File "trainer_resnet.py", line 333, in <module>
    main()
  File "trainer_resnet.py", line 138, in main
    train(train_loader, model, criterion, optimizer, epoch, args=args, clip_fn=clip_weights)
  File "trainer_resnet.py", line 213, in train
    epoch=epoch - args.start_epoch
  File "/ibm/gpfs-homes/jbu/Resnet32-ICLR/Losses/torch_loss.py", line 275, in compute_gradient_and_backward
    y
  File "/ibm/gpfs-homes/jbu/Resnet32-ICLR/Losses/torch_loss.py", line 216, in _adversarial_loss
    output_theta_star = self.model_theta_star(X)
  File "/u/jbu/.conda/envs/msc/lib/python3.7/site-packages/torch/nn/modules/module.py", line 727, in _call_impl
    result = self.forward(*input, **kwargs)
  File "/u/jbu/.conda/envs/msc/lib/python3.7/site-packages/torch/nn/parallel/data_parallel.py", line 159, in forward
    return self.module(*inputs[0], **kwargs[0])
  File "/u/jbu/.conda/envs/msc/lib/python3.7/site-packages/torch/nn/modules/module.py", line 727, in _call_impl
    result = self.forward(*input, **kwargs)
  File "/ibm/gpfs-homes/jbu/Resnet32-ICLR/Architectures/cifar_resnet.py", line 110, in forward
    out = self.layer3(out)
  File "/u/jbu/.conda/envs/msc/lib/python3.7/site-packages/torch/nn/modules/module.py", line 727, in _call_impl
    result = self.forward(*input, **kwargs)
  File "/u/jbu/.conda/envs/msc/lib/python3.7/site-packages/torch/nn/modules/container.py", line 117, in forward
    input = module(input)
  File "/u/jbu/.conda/envs/msc/lib/python3.7/site-packages/torch/nn/modules/module.py", line 727, in _call_impl
    result = self.forward(*input, **kwargs)
  File "/ibm/gpfs-homes/jbu/Resnet32-ICLR/Architectures/cifar_resnet.py", line 76, in forward
    out = F.relu(self.bn1(self.conv1(x)))
  File "/u/jbu/.conda/envs/msc/lib/python3.7/site-packages/torch/nn/modules/module.py", line 727, in _call_impl
    result = self.forward(*input, **kwargs)
  File "/u/jbu/.conda/envs/msc/lib/python3.7/site-packages/torch/nn/modules/batchnorm.py", line 136, in forward
    self.weight, self.bias, bn_training, exponential_average_factor, self.eps)
  File "/u/jbu/.conda/envs/msc/lib/python3.7/site-packages/torch/nn/functional.py", line 2058, in batch_norm
    training, momentum, eps, torch.backends.cudnn.enabled
KeyboardInterrupt
