Sender: LSF System <lsfadmin@zhcc004>
Subject: Job 777185: <python3 trainer_resnet.py -seed=0 -batch_size=256 -weight_decay=0.0005 -momentum=0.9 -save_every=10 -lr=0.1 -n_attack_steps=3 -beta_robustness=0.0 -gamma=0.1 -eps_pga=0.3 -eta_train=0.0 -eta_mode=ind -clipping_alpha=2.0 -attack_size_mismatch=0.2 -initial_std=0.001 -pretrained -burn_in=0 -workers=4 -n_epochs=300 -dataset=cifar10 -architecture=resnet32 -start_epoch=60 -data_dir=/dataP/jbu -session_id=3316881557> in cluster <ZHC2clusterLSF> Exited

Job <python3 trainer_resnet.py -seed=0 -batch_size=256 -weight_decay=0.0005 -momentum=0.9 -save_every=10 -lr=0.1 -n_attack_steps=3 -beta_robustness=0.0 -gamma=0.1 -eps_pga=0.3 -eta_train=0.0 -eta_mode=ind -clipping_alpha=2.0 -attack_size_mismatch=0.2 -initial_std=0.001 -pretrained -burn_in=0 -workers=4 -n_epochs=300 -dataset=cifar10 -architecture=resnet32 -start_epoch=60 -data_dir=/dataP/jbu -session_id=3316881557> was submitted from host <zhcc022> by user <jbu> in cluster <ZHC2clusterLSF> at Tue Nov 23 13:14:23 2021
Job was executed on host(s) <zhcc004>, in queue <prod.med>, as user <jbu> in cluster <ZHC2clusterLSF> at Tue Nov 23 13:14:24 2021
</u/jbu> was used as the home directory.
</u/jbu/Resnet32-ICLR> was used as the working directory.
Started at Tue Nov 23 13:14:24 2021
Terminated at Tue Nov 23 14:23:03 2021
Results reported at Tue Nov 23 14:23:03 2021

Your job looked like:

------------------------------------------------------------
# LSBATCH: User input
python3 trainer_resnet.py -seed=0 -batch_size=256 -weight_decay=0.0005 -momentum=0.9 -save_every=10 -lr=0.1 -n_attack_steps=3 -beta_robustness=0.0 -gamma=0.1 -eps_pga=0.3 -eta_train=0.0 -eta_mode=ind -clipping_alpha=2.0 -attack_size_mismatch=0.2 -initial_std=0.001 -pretrained -burn_in=0 -workers=4 -n_epochs=300 -dataset=cifar10 -architecture=resnet32 -start_epoch=60 -data_dir=/dataP/jbu -session_id=3316881557
------------------------------------------------------------

TERM_OWNER: job killed by owner.
Exited with exit code 1.

Resource usage summary:

    CPU time :                                   6167.28 sec.
    Max Memory :                                 2096 MB
    Average Memory :                             2030.81 MB
    Total Requested Memory :                     -
    Delta Memory :                               -
    Max Swap :                                   -
    Max Processes :                              7
    Max Threads :                                131
    Run time :                                   4119 sec.
    Turnaround time :                            4120 sec.

The output (if any) follows:

Loaded pretrained model from /ibm/gpfs-homes/jbu/Resnet32-ICLR/Resources/cifar10_pretrained_models/resnet32.th
Files already downloaded and verified
Files already downloaded and verified
Files already downloaded and verified
/u/jbu/.conda/envs/msc/lib/python3.7/site-packages/torch/optim/lr_scheduler.py:136: UserWarning: Detected call of `lr_scheduler.step()` before `optimizer.step()`. In PyTorch 1.1.0 and later, you should call them in the opposite order: `optimizer.step()` before `lr_scheduler.step()`.  Failure to do this will result in PyTorch skipping the first value of the learning rate schedule. See more details at https://pytorch.org/docs/stable/optim.html#how-to-adjust-learning-rate
  "https://pytorch.org/docs/stable/optim.html#how-to-adjust-learning-rate", UserWarning)
 * Prec@1 94.280
 * Prec@1 15.320
 * Prec@1 15.320
 * Prec@1 15.320
 * Prec@1 15.320
 * Noisy Prec@1 15.32
After loading, with clipping@2.00 15.32 w/o 94.28 noisy: 15.32pm0.00
current lr 2.00000e-02
Epoch: [60][0/176]	Time 1.086 (1.086)	Data 0.511 (0.511)	Loss 3.9775 (3.9775)	Prec@1 59.766 (59.766)
Epoch: [60][17/176]	Time 0.527 (0.565)	Data 0.001 (0.030)	Loss 1.7176 (2.4424)	Prec@1 56.641 (55.903)
Epoch: [60][34/176]	Time 0.528 (0.548)	Data 0.001 (0.016)	Loss 1.5885 (2.0924)	Prec@1 58.594 (55.547)
Epoch: [60][51/176]	Time 0.549 (0.542)	Data 0.001 (0.011)	Loss 1.5425 (1.9243)	Prec@1 60.938 (57.309)
Epoch: [60][68/176]	Time 0.530 (0.539)	Data 0.001 (0.009)	Loss 1.4462 (1.8132)	Prec@1 66.797 (58.967)
Epoch: [60][85/176]	Time 0.528 (0.538)	Data 0.001 (0.007)	Loss 1.4140 (1.7479)	Prec@1 70.312 (60.243)
Epoch: [60][102/176]	Time 0.537 (0.537)	Data 0.001 (0.006)	Loss 1.4172 (1.6985)	Prec@1 67.578 (61.400)
Epoch: [60][119/176]	Time 0.528 (0.536)	Data 0.001 (0.005)	Loss 1.3574 (1.6579)	Prec@1 71.875 (62.520)
Epoch: [60][136/176]	Time 0.528 (0.535)	Data 0.001 (0.005)	Loss 1.2824 (1.6187)	Prec@1 71.484 (63.589)
Epoch: [60][153/176]	Time 0.528 (0.534)	Data 0.001 (0.004)	Loss 1.3201 (1.5860)	Prec@1 75.391 (64.430)
Epoch: [60][170/176]	Time 0.526 (0.534)	Data 0.000 (0.004)	Loss 1.2533 (1.5590)	Prec@1 71.875 (65.294)
 * Prec@1 77.100
 * Prec@1 77.100
 * Prec@1 77.100
 * Prec@1 77.100
 * Noisy Prec@1 77.10
	 * New best: 77.10000
current lr 2.00000e-02
Epoch: [61][0/176]	Time 1.023 (1.023)	Data 0.453 (0.453)	Loss 1.3868 (1.3868)	Prec@1 74.219 (74.219)
Epoch: [61][17/176]	Time 0.528 (0.560)	Data 0.001 (0.026)	Loss 1.3878 (1.2977)	Prec@1 71.875 (75.629)
Epoch: [61][34/176]	Time 0.527 (0.545)	Data 0.001 (0.014)	Loss 1.2217 (1.2739)	Prec@1 75.781 (75.748)
Epoch: [61][51/176]	Time 0.528 (0.540)	Data 0.001 (0.010)	Loss 1.2064 (1.2709)	Prec@1 75.391 (75.496)
Epoch: [61][68/176]	Time 0.528 (0.537)	Data 0.001 (0.008)	Loss 1.2699 (1.2736)	Prec@1 75.000 (75.272)
Epoch: [61][85/176]	Time 0.529 (0.535)	Data 0.001 (0.006)	Loss 1.1934 (1.2643)	Prec@1 75.000 (75.418)
Epoch: [61][102/176]	Time 0.531 (0.534)	Data 0.001 (0.006)	Loss 1.2027 (1.2597)	Prec@1 77.734 (75.485)
Epoch: [61][119/176]	Time 0.562 (0.534)	Data 0.001 (0.005)	Loss 1.1316 (1.2486)	Prec@1 77.344 (75.885)
Epoch: [61][136/176]	Time 0.529 (0.534)	Data 0.001 (0.004)	Loss 1.1362 (1.2420)	Prec@1 76.562 (76.021)
Epoch: [61][153/176]	Time 0.554 (0.533)	Data 0.001 (0.004)	Loss 1.0720 (1.2392)	Prec@1 79.297 (76.197)
Epoch: [61][170/176]	Time 0.525 (0.533)	Data 0.000 (0.004)	Loss 1.0184 (1.2330)	Prec@1 76.953 (76.368)
 * Prec@1 80.440
 * Prec@1 80.440
 * Prec@1 80.440
 * Prec@1 80.440
 * Noisy Prec@1 80.44
	 * New best: 80.44000
current lr 2.00000e-02
Epoch: [62][0/176]	Time 1.045 (1.045)	Data 0.457 (0.457)	Loss 1.1442 (1.1442)	Prec@1 77.344 (77.344)
Epoch: [62][17/176]	Time 0.528 (0.557)	Data 0.001 (0.026)	Loss 1.0595 (1.2001)	Prec@1 85.156 (78.364)
Epoch: [62][34/176]	Time 0.530 (0.543)	Data 0.001 (0.014)	Loss 1.1416 (1.1744)	Prec@1 77.734 (78.549)
Epoch: [62][51/176]	Time 0.529 (0.539)	Data 0.001 (0.010)	Loss 1.1712 (1.1746)	Prec@1 77.734 (78.591)
Epoch: [62][68/176]	Time 0.529 (0.537)	Data 0.001 (0.008)	Loss 0.9690 (1.1668)	Prec@1 84.375 (78.674)
Epoch: [62][85/176]	Time 0.528 (0.536)	Data 0.001 (0.006)	Loss 1.1197 (1.1655)	Prec@1 78.125 (78.679)
Epoch: [62][102/176]	Time 0.543 (0.535)	Data 0.001 (0.006)	Loss 1.0124 (1.1589)	Prec@1 77.734 (78.652)
Epoch: [62][119/176]	Time 0.528 (0.534)	Data 0.001 (0.005)	Loss 1.0766 (1.1495)	Prec@1 81.250 (78.890)
Epoch: [62][136/176]	Time 0.535 (0.534)	Data 0.001 (0.004)	Loss 1.2248 (1.1506)	Prec@1 79.297 (78.863)
Epoch: [62][153/176]	Time 0.529 (0.533)	Data 0.001 (0.004)	Loss 1.1596 (1.1513)	Prec@1 77.734 (78.962)
Epoch: [62][170/176]	Time 0.526 (0.533)	Data 0.000 (0.004)	Loss 1.1003 (1.1479)	Prec@1 85.547 (79.112)
 * Prec@1 81.760
 * Prec@1 81.760
 * Prec@1 81.760
 * Prec@1 81.760
 * Noisy Prec@1 81.76
	 * New best: 81.76000
current lr 2.00000e-02
Epoch: [63][0/176]	Time 1.062 (1.062)	Data 0.469 (0.469)	Loss 1.3027 (1.3027)	Prec@1 78.516 (78.516)
Epoch: [63][17/176]	Time 0.528 (0.563)	Data 0.001 (0.027)	Loss 1.0598 (1.1296)	Prec@1 78.516 (79.622)
Epoch: [63][34/176]	Time 0.528 (0.548)	Data 0.001 (0.015)	Loss 1.1048 (1.0996)	Prec@1 80.469 (80.826)
Epoch: [63][51/176]	Time 0.529 (0.543)	Data 0.001 (0.010)	Loss 1.0893 (1.1020)	Prec@1 79.297 (80.739)
Epoch: [63][68/176]	Time 0.529 (0.541)	Data 0.001 (0.008)	Loss 1.1145 (1.1109)	Prec@1 80.469 (80.265)
Epoch: [63][85/176]	Time 0.553 (0.539)	Data 0.001 (0.007)	Loss 1.2801 (1.1104)	Prec@1 78.516 (80.214)
Epoch: [63][102/176]	Time 0.528 (0.537)	Data 0.001 (0.006)	Loss 1.2414 (1.1104)	Prec@1 77.734 (80.188)
Epoch: [63][119/176]	Time 0.536 (0.537)	Data 0.001 (0.005)	Loss 1.1571 (1.1094)	Prec@1 80.078 (80.352)
Epoch: [63][136/176]	Time 0.540 (0.537)	Data 0.002 (0.005)	Loss 0.9405 (1.1083)	Prec@1 84.766 (80.380)
Epoch: [63][153/176]	Time 0.529 (0.536)	Data 0.001 (0.004)	Loss 0.9288 (1.1101)	Prec@1 81.250 (80.408)
Epoch: [63][170/176]	Time 0.526 (0.536)	Data 0.000 (0.004)	Loss 1.1143 (1.1072)	Prec@1 82.031 (80.498)
 * Prec@1 82.460
 * Prec@1 82.460
 * Prec@1 82.460
 * Prec@1 82.460
 * Noisy Prec@1 82.46
	 * New best: 82.46000
current lr 2.00000e-02
Epoch: [64][0/176]	Time 1.089 (1.089)	Data 0.527 (0.527)	Loss 1.0303 (1.0303)	Prec@1 81.641 (81.641)
Epoch: [64][17/176]	Time 0.528 (0.565)	Data 0.001 (0.030)	Loss 1.1512 (1.0406)	Prec@1 79.297 (81.489)
Epoch: [64][34/176]	Time 0.529 (0.549)	Data 0.001 (0.016)	Loss 1.2028 (1.0830)	Prec@1 81.641 (81.049)
Epoch: [64][51/176]	Time 0.528 (0.545)	Data 0.001 (0.011)	Loss 1.0417 (1.0824)	Prec@1 80.469 (80.987)
Epoch: [64][68/176]	Time 0.540 (0.542)	Data 0.001 (0.009)	Loss 0.9371 (1.0813)	Prec@1 80.078 (80.927)
Epoch: [64][85/176]	Time 0.536 (0.540)	Data 0.001 (0.007)	Loss 1.0306 (1.0816)	Prec@1 81.250 (81.091)
Epoch: [64][102/176]	Time 0.529 (0.539)	Data 0.001 (0.006)	Loss 1.1588 (1.0828)	Prec@1 83.203 (81.003)
Epoch: [64][119/176]	Time 0.529 (0.537)	Data 0.001 (0.006)	Loss 1.0528 (1.0798)	Prec@1 80.469 (81.032)
Epoch: [64][136/176]	Time 0.529 (0.537)	Data 0.001 (0.005)	Loss 1.1752 (1.0778)	Prec@1 76.953 (81.030)
Epoch: [64][153/176]	Time 0.571 (0.537)	Data 0.001 (0.005)	Loss 1.1436 (1.0821)	Prec@1 79.297 (80.938)
Epoch: [64][170/176]	Time 0.527 (0.537)	Data 0.000 (0.004)	Loss 1.1427 (1.0836)	Prec@1 82.031 (80.935)
 * Prec@1 83.380
 * Prec@1 83.380
 * Prec@1 83.380
 * Prec@1 83.380
 * Noisy Prec@1 83.38
	 * New best: 83.38000
current lr 2.00000e-02
Epoch: [65][0/176]	Time 1.057 (1.057)	Data 0.481 (0.481)	Loss 1.1117 (1.1117)	Prec@1 82.422 (82.422)
Epoch: [65][17/176]	Time 0.529 (0.566)	Data 0.001 (0.028)	Loss 1.1300 (1.0416)	Prec@1 79.297 (81.706)
Epoch: [65][34/176]	Time 0.529 (0.552)	Data 0.001 (0.015)	Loss 1.1878 (1.0492)	Prec@1 79.297 (82.199)
Epoch: [65][51/176]	Time 0.529 (0.545)	Data 0.001 (0.010)	Loss 1.0945 (1.0490)	Prec@1 80.859 (81.986)
Epoch: [65][68/176]	Time 0.529 (0.542)	Data 0.001 (0.008)	Loss 1.0971 (1.0558)	Prec@1 79.297 (81.805)
Epoch: [65][85/176]	Time 0.529 (0.540)	Data 0.001 (0.007)	Loss 1.1180 (1.0586)	Prec@1 82.031 (81.786)
Epoch: [65][102/176]	Time 0.528 (0.539)	Data 0.001 (0.006)	Loss 0.9222 (1.0607)	Prec@1 85.156 (81.747)
Epoch: [65][119/176]	Time 0.527 (0.538)	Data 0.001 (0.005)	Loss 1.0184 (1.0635)	Prec@1 81.641 (81.755)
Epoch: [65][136/176]	Time 0.531 (0.536)	Data 0.001 (0.005)	Loss 0.9897 (1.0629)	Prec@1 81.250 (81.698)
Epoch: [65][153/176]	Time 0.528 (0.536)	Data 0.001 (0.004)	Loss 1.0289 (1.0615)	Prec@1 80.078 (81.689)
Epoch: [65][170/176]	Time 0.526 (0.535)	Data 0.000 (0.004)	Loss 0.9855 (1.0635)	Prec@1 82.812 (81.609)
 * Prec@1 83.280
 * Prec@1 83.280
 * Prec@1 83.280
 * Prec@1 83.280
 * Noisy Prec@1 83.28
current lr 2.00000e-02
Epoch: [66][0/176]	Time 1.049 (1.049)	Data 0.498 (0.498)	Loss 1.1163 (1.1163)	Prec@1 77.734 (77.734)
Epoch: [66][17/176]	Time 0.529 (0.561)	Data 0.001 (0.029)	Loss 0.9777 (1.0454)	Prec@1 79.297 (81.749)
Epoch: [66][34/176]	Time 0.529 (0.546)	Data 0.001 (0.015)	Loss 1.0837 (1.0486)	Prec@1 80.469 (82.188)
Epoch: [66][51/176]	Time 0.536 (0.541)	Data 0.001 (0.011)	Loss 1.1124 (1.0538)	Prec@1 80.859 (82.024)
Epoch: [66][68/176]	Time 0.528 (0.538)	Data 0.001 (0.008)	Loss 1.0820 (1.0520)	Prec@1 73.438 (81.760)
Epoch: [66][85/176]	Time 0.529 (0.537)	Data 0.001 (0.007)	Loss 0.9725 (1.0520)	Prec@1 82.031 (81.659)
Epoch: [66][102/176]	Time 0.528 (0.536)	Data 0.001 (0.006)	Loss 1.1050 (1.0475)	Prec@1 84.375 (81.880)
Epoch: [66][119/176]	Time 0.549 (0.535)	Data 0.001 (0.005)	Loss 0.9896 (1.0441)	Prec@1 84.375 (81.950)
Epoch: [66][136/176]	Time 0.566 (0.536)	Data 0.001 (0.005)	Loss 1.1301 (1.0453)	Prec@1 80.078 (81.911)
Epoch: [66][153/176]	Time 0.535 (0.535)	Data 0.001 (0.004)	Loss 1.0075 (1.0451)	Prec@1 81.250 (81.915)
Epoch: [66][170/176]	Time 0.526 (0.535)	Data 0.000 (0.004)	Loss 0.9996 (1.0466)	Prec@1 80.078 (81.874)
 * Prec@1 84.080
 * Prec@1 84.080
 * Prec@1 84.080
 * Prec@1 84.080
 * Noisy Prec@1 84.08
	 * New best: 84.08000
current lr 2.00000e-02
Epoch: [67][0/176]	Time 1.013 (1.013)	Data 0.419 (0.419)	Loss 1.0478 (1.0478)	Prec@1 82.422 (82.422)
Epoch: [67][17/176]	Time 0.542 (0.570)	Data 0.001 (0.024)	Loss 1.0680 (1.0267)	Prec@1 79.688 (81.727)
Epoch: [67][34/176]	Time 0.532 (0.550)	Data 0.001 (0.013)	Loss 0.9330 (1.0235)	Prec@1 82.812 (82.109)
Epoch: [67][51/176]	Time 0.538 (0.544)	Data 0.001 (0.009)	Loss 1.1439 (1.0399)	Prec@1 81.641 (82.001)
Epoch: [67][68/176]	Time 0.528 (0.540)	Data 0.001 (0.007)	Loss 1.0363 (1.0389)	Prec@1 79.688 (81.969)
Epoch: [67][85/176]	Time 0.537 (0.540)	Data 0.001 (0.006)	Loss 0.9945 (1.0385)	Prec@1 85.156 (82.059)
Epoch: [67][102/176]	Time 0.530 (0.539)	Data 0.001 (0.005)	Loss 1.0285 (1.0403)	Prec@1 82.422 (82.118)
Epoch: [67][119/176]	Time 0.528 (0.538)	Data 0.001 (0.005)	Loss 0.9751 (1.0391)	Prec@1 82.031 (82.106)
Epoch: [67][136/176]	Time 0.528 (0.537)	Data 0.001 (0.004)	Loss 1.1207 (1.0440)	Prec@1 87.109 (82.088)
Epoch: [67][153/176]	Time 0.528 (0.536)	Data 0.001 (0.004)	Loss 1.0829 (1.0437)	Prec@1 82.031 (82.102)
Epoch: [67][170/176]	Time 0.526 (0.535)	Data 0.000 (0.004)	Loss 0.9474 (1.0395)	Prec@1 82.812 (82.164)
 * Prec@1 83.940
 * Prec@1 83.940
 * Prec@1 83.940
 * Prec@1 83.940
 * Noisy Prec@1 83.94
current lr 2.00000e-02
Epoch: [68][0/176]	Time 1.004 (1.004)	Data 0.421 (0.421)	Loss 0.9748 (0.9748)	Prec@1 85.156 (85.156)
Epoch: [68][17/176]	Time 0.528 (0.559)	Data 0.001 (0.024)	Loss 0.9631 (1.0374)	Prec@1 83.203 (82.357)
Epoch: [68][34/176]	Time 0.528 (0.544)	Data 0.001 (0.013)	Loss 0.9249 (1.0323)	Prec@1 83.984 (82.254)
Epoch: [68][51/176]	Time 0.532 (0.541)	Data 0.001 (0.009)	Loss 1.0457 (1.0228)	Prec@1 86.719 (82.520)
Epoch: [68][68/176]	Time 0.529 (0.538)	Data 0.001 (0.007)	Loss 1.0482 (1.0167)	Prec@1 79.297 (82.546)
Epoch: [68][85/176]	Time 0.530 (0.538)	Data 0.001 (0.006)	Loss 1.0234 (1.0156)	Prec@1 82.422 (82.499)
Epoch: [68][102/176]	Time 0.529 (0.537)	Data 0.001 (0.005)	Loss 1.1073 (1.0282)	Prec@1 81.641 (82.221)
Epoch: [68][119/176]	Time 0.528 (0.537)	Data 0.001 (0.005)	Loss 1.1975 (1.0326)	Prec@1 76.172 (82.067)
Epoch: [68][136/176]	Time 0.528 (0.537)	Data 0.001 (0.004)	Loss 1.0130 (1.0299)	Prec@1 84.375 (82.077)
Epoch: [68][153/176]	Time 0.542 (0.537)	Data 0.001 (0.004)	Loss 1.0128 (1.0327)	Prec@1 82.812 (82.079)
Epoch: [68][170/176]	Time 0.538 (0.537)	Data 0.000 (0.004)	Loss 0.9661 (1.0317)	Prec@1 86.328 (82.077)
 * Prec@1 85.020
 * Prec@1 85.020
 * Prec@1 85.020
 * Prec@1 85.020
 * Noisy Prec@1 85.02
	 * New best: 85.02000
current lr 2.00000e-02
Epoch: [69][0/176]	Time 1.080 (1.080)	Data 0.521 (0.521)	Loss 0.9305 (0.9305)	Prec@1 83.203 (83.203)
Epoch: [69][17/176]	Time 0.527 (0.561)	Data 0.001 (0.030)	Loss 1.2591 (1.0236)	Prec@1 78.125 (82.704)
Epoch: [69][34/176]	Time 0.528 (0.546)	Data 0.001 (0.016)	Loss 0.9548 (1.0172)	Prec@1 82.422 (82.924)
Epoch: [69][51/176]	Time 0.528 (0.541)	Data 0.001 (0.011)	Loss 0.9819 (1.0119)	Prec@1 82.031 (82.993)
Epoch: [69][68/176]	Time 0.528 (0.538)	Data 0.001 (0.009)	Loss 1.0045 (1.0243)	Prec@1 80.859 (82.643)
Epoch: [69][85/176]	Time 0.529 (0.537)	Data 0.001 (0.007)	Loss 0.9686 (1.0203)	Prec@1 84.766 (82.613)
Epoch: [69][102/176]	Time 0.532 (0.536)	Data 0.001 (0.006)	Loss 1.0969 (1.0175)	Prec@1 83.594 (82.680)
Epoch: [69][119/176]	Time 0.528 (0.537)	Data 0.001 (0.005)	Loss 0.9552 (1.0215)	Prec@1 86.328 (82.643)
Epoch: [69][136/176]	Time 0.531 (0.537)	Data 0.001 (0.005)	Loss 1.0169 (1.0209)	Prec@1 80.078 (82.724)
Epoch: [69][153/176]	Time 0.535 (0.537)	Data 0.001 (0.005)	Loss 0.9338 (1.0223)	Prec@1 84.766 (82.696)
Epoch: [69][170/176]	Time 0.530 (0.537)	Data 0.000 (0.004)	Loss 1.0262 (1.0218)	Prec@1 84.375 (82.675)
 * Prec@1 84.960
 * Prec@1 84.960
 * Prec@1 84.960
 * Prec@1 84.960
 * Noisy Prec@1 84.96
current lr 2.00000e-02
Epoch: [70][0/176]	Time 1.087 (1.087)	Data 0.551 (0.551)	Loss 1.0647 (1.0647)	Prec@1 83.984 (83.984)
Epoch: [70][17/176]	Time 0.539 (0.567)	Data 0.001 (0.032)	Loss 0.8814 (1.0347)	Prec@1 87.109 (83.138)
Epoch: [70][34/176]	Time 0.555 (0.551)	Data 0.001 (0.017)	Loss 1.0858 (1.0164)	Prec@1 79.688 (83.694)
Epoch: [70][51/176]	Time 0.531 (0.545)	Data 0.001 (0.012)	Loss 0.9134 (1.0146)	Prec@1 84.766 (83.346)
Epoch: [70][68/176]	Time 0.528 (0.541)	Data 0.001 (0.009)	Loss 1.1425 (1.0219)	Prec@1 82.031 (83.005)
Epoch: [70][85/176]	Time 0.529 (0.539)	Data 0.001 (0.008)	Loss 0.8585 (1.0208)	Prec@1 83.594 (82.944)
Epoch: [70][102/176]	Time 0.528 (0.538)	Data 0.001 (0.007)	Loss 1.0671 (1.0165)	Prec@1 80.469 (82.945)
Epoch: [70][119/176]	Time 0.531 (0.537)	Data 0.001 (0.006)	Loss 1.0195 (1.0126)	Prec@1 81.641 (83.014)
Epoch: [70][136/176]	Time 0.530 (0.537)	Data 0.001 (0.005)	Loss 0.9543 (1.0171)	Prec@1 83.984 (82.964)
Epoch: [70][153/176]	Time 0.528 (0.536)	Data 0.001 (0.005)	Loss 0.9572 (1.0174)	Prec@1 81.250 (82.947)
Epoch: [70][170/176]	Time 0.527 (0.535)	Data 0.000 (0.004)	Loss 0.9483 (1.0161)	Prec@1 83.203 (82.959)
 * Prec@1 84.880
 * Prec@1 84.880
 * Prec@1 84.880
 * Prec@1 84.880
 * Noisy Prec@1 84.88
current lr 2.00000e-02
Epoch: [71][0/176]	Time 0.965 (0.965)	Data 0.422 (0.422)	Loss 0.9671 (0.9671)	Prec@1 81.250 (81.250)
Epoch: [71][17/176]	Time 0.577 (0.565)	Data 0.001 (0.025)	Loss 1.1388 (1.0105)	Prec@1 78.125 (82.682)
Epoch: [71][34/176]	Time 0.529 (0.548)	Data 0.001 (0.013)	Loss 0.9856 (1.0210)	Prec@1 83.203 (82.511)
Epoch: [71][51/176]	Time 0.529 (0.542)	Data 0.001 (0.009)	Loss 0.9212 (1.0088)	Prec@1 83.984 (82.895)
Epoch: [71][68/176]	Time 0.529 (0.540)	Data 0.001 (0.007)	Loss 1.0102 (1.0038)	Prec@1 83.594 (82.909)
Epoch: [71][85/176]	Time 0.533 (0.538)	Data 0.001 (0.006)	Loss 0.9275 (0.9994)	Prec@1 85.938 (82.849)
Epoch: [71][102/176]	Time 0.529 (0.537)	Data 0.001 (0.005)	Loss 0.9244 (1.0022)	Prec@1 83.594 (82.820)
Epoch: [71][119/176]	Time 0.528 (0.537)	Data 0.001 (0.005)	Loss 1.1518 (1.0034)	Prec@1 82.812 (82.816)
Epoch: [71][136/176]	Time 0.527 (0.536)	Data 0.001 (0.004)	Loss 0.9716 (1.0015)	Prec@1 82.812 (82.892)
Epoch: [71][153/176]	Time 0.527 (0.535)	Data 0.001 (0.004)	Loss 0.9275 (1.0034)	Prec@1 79.688 (82.785)
Epoch: [71][170/176]	Time 0.527 (0.535)	Data 0.000 (0.004)	Loss 0.9889 (1.0078)	Prec@1 83.594 (82.744)
 * Prec@1 84.440
 * Prec@1 84.440
 * Prec@1 84.440
 * Prec@1 84.440
 * Noisy Prec@1 84.44
current lr 2.00000e-02
Epoch: [72][0/176]	Time 0.976 (0.976)	Data 0.439 (0.439)	Loss 0.9937 (0.9937)	Prec@1 82.422 (82.422)
Epoch: [72][17/176]	Time 0.534 (0.560)	Data 0.001 (0.025)	Loss 1.0491 (1.0225)	Prec@1 80.078 (83.138)
Epoch: [72][34/176]	Time 0.528 (0.546)	Data 0.001 (0.014)	Loss 0.8791 (1.0045)	Prec@1 85.547 (83.203)
Epoch: [72][51/176]	Time 0.528 (0.540)	Data 0.001 (0.010)	Loss 0.9712 (0.9999)	Prec@1 85.156 (83.286)
Epoch: [72][68/176]	Time 0.528 (0.537)	Data 0.001 (0.008)	Loss 1.0372 (1.0041)	Prec@1 81.250 (83.169)
Epoch: [72][85/176]	Time 0.529 (0.535)	Data 0.001 (0.006)	Loss 0.8930 (1.0063)	Prec@1 85.156 (83.040)
Epoch: [72][102/176]	Time 0.534 (0.535)	Data 0.001 (0.005)	Loss 0.8635 (0.9996)	Prec@1 86.328 (83.264)
Epoch: [72][119/176]	Time 0.528 (0.535)	Data 0.001 (0.005)	Loss 0.9276 (1.0005)	Prec@1 83.594 (83.275)
Epoch: [72][136/176]	Time 0.528 (0.534)	Data 0.001 (0.004)	Loss 1.0500 (1.0023)	Prec@1 84.766 (83.149)
Epoch: [72][153/176]	Time 0.528 (0.534)	Data 0.001 (0.004)	Loss 1.0413 (1.0067)	Prec@1 83.203 (82.955)
Epoch: [72][170/176]	Time 0.527 (0.533)	Data 0.000 (0.004)	Loss 0.9700 (1.0037)	Prec@1 84.766 (82.972)
 * Prec@1 84.660
 * Prec@1 84.660
 * Prec@1 84.660
 * Prec@1 84.660
 * Noisy Prec@1 84.66
current lr 2.00000e-02
Epoch: [73][0/176]	Time 1.150 (1.150)	Data 0.607 (0.607)	Loss 1.0443 (1.0443)	Prec@1 83.594 (83.594)
Epoch: [73][17/176]	Time 0.529 (0.566)	Data 0.001 (0.035)	Loss 0.9946 (1.0115)	Prec@1 82.812 (83.746)
Epoch: [73][34/176]	Time 0.529 (0.550)	Data 0.001 (0.018)	Loss 0.8941 (0.9986)	Prec@1 82.812 (82.991)
Epoch: [73][51/176]	Time 0.528 (0.545)	Data 0.001 (0.013)	Loss 0.9452 (0.9889)	Prec@1 83.203 (83.173)
Epoch: [73][68/176]	Time 0.528 (0.542)	Data 0.001 (0.010)	Loss 0.9752 (0.9891)	Prec@1 83.594 (83.248)
Epoch: [73][85/176]	Time 0.528 (0.540)	Data 0.001 (0.008)	Loss 0.9206 (0.9878)	Prec@1 87.109 (83.353)
Epoch: [73][102/176]	Time 0.548 (0.539)	Data 0.001 (0.007)	Loss 0.9271 (0.9893)	Prec@1 83.984 (83.313)
Epoch: [73][119/176]	Time 0.528 (0.538)	Data 0.001 (0.006)	Loss 1.0503 (0.9926)	Prec@1 82.812 (83.353)
Epoch: [73][136/176]	Time 0.568 (0.538)	Data 0.001 (0.006)	Loss 0.9936 (0.9898)	Prec@1 82.031 (83.374)
Epoch: [73][153/176]	Time 0.529 (0.537)	Data 0.001 (0.005)	Loss 0.9990 (0.9924)	Prec@1 82.812 (83.320)
Epoch: [73][170/176]	Time 0.528 (0.537)	Data 0.000 (0.005)	Loss 0.8973 (0.9932)	Prec@1 87.109 (83.244)
 * Prec@1 84.260
 * Prec@1 84.260
 * Prec@1 84.260
 * Prec@1 84.260
 * Noisy Prec@1 84.26
current lr 2.00000e-02
Epoch: [74][0/176]	Time 1.001 (1.001)	Data 0.458 (0.458)	Loss 0.9176 (0.9176)	Prec@1 87.891 (87.891)
Epoch: [74][17/176]	Time 0.561 (0.569)	Data 0.001 (0.027)	Loss 0.9248 (0.9459)	Prec@1 83.203 (83.767)
Epoch: [74][34/176]	Time 0.529 (0.549)	Data 0.001 (0.014)	Loss 1.0019 (0.9502)	Prec@1 84.375 (84.185)
Epoch: [74][51/176]	Time 0.529 (0.544)	Data 0.001 (0.010)	Loss 0.8639 (0.9633)	Prec@1 88.281 (83.872)
Epoch: [74][68/176]	Time 0.562 (0.543)	Data 0.001 (0.008)	Loss 1.2094 (0.9694)	Prec@1 78.906 (83.758)
Epoch: [74][85/176]	Time 0.529 (0.541)	Data 0.001 (0.007)	Loss 1.1353 (0.9765)	Prec@1 84.766 (83.662)
Epoch: [74][102/176]	Time 0.528 (0.539)	Data 0.001 (0.006)	Loss 0.8822 (0.9821)	Prec@1 82.422 (83.446)
Epoch: [74][119/176]	Time 0.528 (0.538)	Data 0.001 (0.005)	Loss 1.0051 (0.9836)	Prec@1 84.375 (83.428)
Epoch: [74][136/176]	Time 0.528 (0.537)	Data 0.001 (0.005)	Loss 0.9674 (0.9850)	Prec@1 80.859 (83.494)
Epoch: [74][153/176]	Time 0.528 (0.536)	Data 0.001 (0.004)	Loss 1.0064 (0.9878)	Prec@1 85.156 (83.363)
Epoch: [74][170/176]	Time 0.528 (0.536)	Data 0.000 (0.004)	Loss 0.9028 (0.9893)	Prec@1 86.328 (83.400)
 * Prec@1 85.760
 * Prec@1 85.760
 * Prec@1 85.760
 * Prec@1 85.760
 * Noisy Prec@1 85.76
	 * New best: 85.76000
current lr 2.00000e-02
Epoch: [75][0/176]	Time 1.015 (1.015)	Data 0.467 (0.467)	Loss 1.2234 (1.2234)	Prec@1 81.641 (81.641)
Epoch: [75][17/176]	Time 0.528 (0.558)	Data 0.001 (0.027)	Loss 1.0354 (1.0062)	Prec@1 83.203 (83.138)
Epoch: [75][34/176]	Time 0.528 (0.543)	Data 0.001 (0.014)	Loss 0.9245 (0.9889)	Prec@1 82.812 (83.616)
Epoch: [75][51/176]	Time 0.529 (0.539)	Data 0.001 (0.010)	Loss 0.9196 (0.9796)	Prec@1 87.891 (83.744)
Epoch: [75][68/176]	Time 0.529 (0.537)	Data 0.001 (0.008)	Loss 0.9678 (0.9833)	Prec@1 83.203 (83.588)
Epoch: [75][85/176]	Time 0.529 (0.536)	Data 0.001 (0.007)	Loss 0.9687 (0.9845)	Prec@1 81.641 (83.512)
Epoch: [75][102/176]	Time 0.529 (0.535)	Data 0.001 (0.006)	Loss 1.1232 (0.9809)	Prec@1 81.641 (83.605)
Epoch: [75][119/176]	Time 0.529 (0.535)	Data 0.001 (0.005)	Loss 1.0626 (0.9786)	Prec@1 82.031 (83.685)
Epoch: [75][136/176]	Time 0.536 (0.534)	Data 0.001 (0.005)	Loss 0.9828 (0.9790)	Prec@1 83.984 (83.705)
Epoch: [75][153/176]	Time 0.530 (0.534)	Data 0.001 (0.004)	Loss 0.9431 (0.9763)	Prec@1 85.938 (83.797)
Epoch: [75][170/176]	Time 0.529 (0.534)	Data 0.000 (0.004)	Loss 0.8629 (0.9791)	Prec@1 85.156 (83.715)
 * Prec@1 85.440
 * Prec@1 85.440
 * Prec@1 85.440
 * Prec@1 85.440
 * Noisy Prec@1 85.44
current lr 2.00000e-02
Epoch: [76][0/176]	Time 0.978 (0.978)	Data 0.429 (0.429)	Loss 1.1451 (1.1451)	Prec@1 82.812 (82.812)
Epoch: [76][17/176]	Time 0.529 (0.561)	Data 0.001 (0.025)	Loss 0.9308 (1.0033)	Prec@1 85.156 (82.661)
Epoch: [76][34/176]	Time 0.528 (0.545)	Data 0.001 (0.013)	Loss 0.8891 (0.9834)	Prec@1 87.500 (83.315)
Epoch: [76][51/176]	Time 0.528 (0.539)	Data 0.001 (0.009)	Loss 1.0442 (0.9867)	Prec@1 81.641 (83.151)
Epoch: [76][68/176]	Time 0.528 (0.537)	Data 0.001 (0.007)	Loss 0.9488 (0.9808)	Prec@1 82.031 (83.158)
Epoch: [76][85/176]	Time 0.529 (0.536)	Data 0.001 (0.006)	Loss 1.0056 (0.9741)	Prec@1 81.250 (83.389)
Epoch: [76][102/176]	Time 0.529 (0.535)	Data 0.001 (0.005)	Loss 0.9147 (0.9751)	Prec@1 85.156 (83.370)
Epoch: [76][119/176]	Time 0.529 (0.534)	Data 0.001 (0.005)	Loss 1.0270 (0.9728)	Prec@1 81.250 (83.444)
Epoch: [76][136/176]	Time 0.528 (0.534)	Data 0.001 (0.004)	Loss 1.0549 (0.9728)	Prec@1 81.641 (83.411)
Epoch: [76][153/176]	Time 0.541 (0.533)	Data 0.001 (0.004)	Loss 0.8561 (0.9722)	Prec@1 83.984 (83.442)
Epoch: [76][170/176]	Time 0.527 (0.533)	Data 0.000 (0.004)	Loss 0.9294 (0.9736)	Prec@1 84.375 (83.436)
 * Prec@1 85.700
 * Prec@1 85.700
 * Prec@1 85.700
 * Prec@1 85.700
 * Noisy Prec@1 85.70
current lr 2.00000e-02
Epoch: [77][0/176]	Time 1.013 (1.013)	Data 0.452 (0.452)	Loss 1.1140 (1.1140)	Prec@1 82.031 (82.031)
Epoch: [77][17/176]	Time 0.528 (0.560)	Data 0.001 (0.026)	Loss 1.0914 (0.9898)	Prec@1 81.250 (83.333)
Epoch: [77][34/176]	Time 0.550 (0.548)	Data 0.001 (0.014)	Loss 0.9915 (0.9680)	Prec@1 80.859 (83.538)
Epoch: [77][51/176]	Time 0.528 (0.542)	Data 0.001 (0.010)	Loss 0.9791 (0.9743)	Prec@1 81.641 (83.338)
Epoch: [77][68/176]	Time 0.528 (0.538)	Data 0.001 (0.008)	Loss 0.9445 (0.9728)	Prec@1 85.156 (83.441)
Epoch: [77][85/176]	Time 0.529 (0.537)	Data 0.001 (0.006)	Loss 0.9799 (0.9712)	Prec@1 81.250 (83.535)
Epoch: [77][102/176]	Time 0.529 (0.536)	Data 0.001 (0.006)	Loss 0.9027 (0.9739)	Prec@1 87.500 (83.582)
Epoch: [77][119/176]	Time 0.569 (0.536)	Data 0.001 (0.005)	Loss 1.1504 (0.9732)	Prec@1 81.641 (83.643)
Epoch: [77][136/176]	Time 0.569 (0.536)	Data 0.001 (0.004)	Loss 0.8832 (0.9754)	Prec@1 80.859 (83.491)
Epoch: [77][153/176]	Time 0.529 (0.535)	Data 0.001 (0.004)	Loss 1.0352 (0.9788)	Prec@1 84.375 (83.472)
Epoch: [77][170/176]	Time 0.527 (0.535)	Data 0.000 (0.004)	Loss 1.0019 (0.9815)	Prec@1 82.031 (83.438)
 * Prec@1 83.840
 * Prec@1 83.840
 * Prec@1 83.840
 * Prec@1 83.840
 * Noisy Prec@1 83.84
current lr 2.00000e-02
Epoch: [78][0/176]	Time 1.012 (1.012)	Data 0.459 (0.459)	Loss 0.9942 (0.9942)	Prec@1 82.422 (82.422)
Epoch: [78][17/176]	Time 0.528 (0.562)	Data 0.001 (0.027)	Loss 1.0495 (0.9979)	Prec@1 81.641 (83.963)
Epoch: [78][34/176]	Time 0.528 (0.547)	Data 0.001 (0.014)	Loss 0.9381 (0.9825)	Prec@1 84.375 (84.085)
Epoch: [78][51/176]	Time 0.528 (0.541)	Data 0.001 (0.010)	Loss 1.0164 (0.9826)	Prec@1 83.594 (84.105)
Epoch: [78][68/176]	Time 0.528 (0.538)	Data 0.001 (0.008)	Loss 0.8890 (0.9762)	Prec@1 85.156 (84.007)
Epoch: [78][85/176]	Time 0.529 (0.536)	Data 0.001 (0.006)	Loss 1.0460 (0.9759)	Prec@1 80.469 (83.975)
Epoch: [78][102/176]	Time 0.528 (0.535)	Data 0.001 (0.006)	Loss 0.9227 (0.9797)	Prec@1 83.203 (83.764)
Epoch: [78][119/176]	Time 0.528 (0.535)	Data 0.001 (0.005)	Loss 1.0502 (0.9783)	Prec@1 79.297 (83.509)
Epoch: [78][136/176]	Time 0.529 (0.534)	Data 0.001 (0.005)	Loss 0.8532 (0.9760)	Prec@1 82.812 (83.528)
Epoch: [78][153/176]	Time 0.529 (0.534)	Data 0.001 (0.004)	Loss 0.9266 (0.9737)	Prec@1 85.547 (83.589)
Epoch: [78][170/176]	Time 0.527 (0.533)	Data 0.000 (0.004)	Loss 1.0342 (0.9773)	Prec@1 78.516 (83.541)
 * Prec@1 85.980
 * Prec@1 85.980
 * Prec@1 85.980
 * Prec@1 85.980
 * Noisy Prec@1 85.98
	 * New best: 85.98000
current lr 2.00000e-02
Epoch: [79][0/176]	Time 1.008 (1.008)	Data 0.472 (0.472)	Loss 0.9570 (0.9570)	Prec@1 85.156 (85.156)
Epoch: [79][17/176]	Time 0.533 (0.564)	Data 0.001 (0.027)	Loss 1.0235 (1.0049)	Prec@1 80.078 (82.899)
Epoch: [79][34/176]	Time 0.528 (0.547)	Data 0.001 (0.015)	Loss 0.9455 (0.9787)	Prec@1 82.812 (83.527)
Epoch: [79][51/176]	Time 0.531 (0.542)	Data 0.001 (0.010)	Loss 0.8430 (0.9871)	Prec@1 83.594 (83.203)
Epoch: [79][68/176]	Time 0.529 (0.540)	Data 0.001 (0.008)	Loss 0.9955 (0.9809)	Prec@1 84.766 (83.209)
Epoch: [79][85/176]	Time 0.530 (0.538)	Data 0.001 (0.007)	Loss 0.8755 (0.9810)	Prec@1 82.422 (83.185)
Epoch: [79][102/176]	Time 0.528 (0.537)	Data 0.001 (0.006)	Loss 0.8080 (0.9776)	Prec@1 88.281 (83.252)
Epoch: [79][119/176]	Time 0.528 (0.536)	Data 0.001 (0.005)	Loss 1.0642 (0.9797)	Prec@1 85.156 (83.366)
Epoch: [79][136/176]	Time 0.528 (0.536)	Data 0.001 (0.005)	Loss 0.8465 (0.9725)	Prec@1 85.938 (83.597)
Epoch: [79][153/176]	Time 0.528 (0.535)	Data 0.001 (0.004)	Loss 0.8916 (0.9691)	Prec@1 86.328 (83.639)
Epoch: [79][170/176]	Time 0.527 (0.535)	Data 0.000 (0.004)	Loss 0.8940 (0.9681)	Prec@1 83.984 (83.719)
 * Prec@1 84.920
 * Prec@1 84.920
 * Prec@1 84.920
 * Prec@1 84.920
 * Noisy Prec@1 84.92
current lr 2.00000e-02
Epoch: [80][0/176]	Time 1.093 (1.093)	Data 0.527 (0.527)	Loss 0.8133 (0.8133)	Prec@1 88.281 (88.281)
Epoch: [80][17/176]	Time 0.534 (0.562)	Data 0.001 (0.030)	Loss 0.9832 (0.9296)	Prec@1 80.469 (84.592)
Epoch: [80][34/176]	Time 0.530 (0.547)	Data 0.001 (0.016)	Loss 0.9641 (0.9416)	Prec@1 83.984 (84.174)
Epoch: [80][51/176]	Time 0.528 (0.541)	Data 0.001 (0.011)	Loss 0.9475 (0.9536)	Prec@1 85.156 (83.849)
Epoch: [80][68/176]	Time 0.528 (0.538)	Data 0.001 (0.009)	Loss 0.9966 (0.9540)	Prec@1 84.766 (83.662)
Epoch: [80][85/176]	Time 0.529 (0.536)	Data 0.001 (0.007)	Loss 0.9734 (0.9578)	Prec@1 83.594 (83.680)
Epoch: [80][102/176]	Time 0.531 (0.536)	Data 0.001 (0.006)	Loss 0.9511 (0.9597)	Prec@1 83.203 (83.624)
Epoch: [80][119/176]	Time 0.529 (0.535)	Data 0.001 (0.006)	Loss 0.8738 (0.9627)	Prec@1 83.203 (83.636)
Epoch: [80][136/176]	Time 0.530 (0.535)	Data 0.001 (0.005)	Loss 0.8801 (0.9638)	Prec@1 85.547 (83.605)
Epoch: [80][153/176]	Time 0.528 (0.534)	Data 0.001 (0.005)	Loss 0.9073 (0.9630)	Prec@1 83.594 (83.612)
Epoch: [80][170/176]	Time 0.527 (0.534)	Data 0.000 (0.004)	Loss 0.9296 (0.9634)	Prec@1 82.812 (83.621)
 * Prec@1 85.920
 * Prec@1 85.920
 * Prec@1 85.920
 * Prec@1 85.920
 * Noisy Prec@1 85.92
current lr 2.00000e-02
Epoch: [81][0/176]	Time 1.111 (1.111)	Data 0.565 (0.565)	Loss 0.8074 (0.8074)	Prec@1 87.109 (87.109)
Epoch: [81][17/176]	Time 0.534 (0.562)	Data 0.001 (0.033)	Loss 0.9567 (0.9551)	Prec@1 85.156 (84.787)
Epoch: [81][34/176]	Time 0.536 (0.547)	Data 0.001 (0.017)	Loss 1.0332 (0.9567)	Prec@1 84.375 (84.531)
Epoch: [81][51/176]	Time 0.532 (0.541)	Data 0.001 (0.012)	Loss 0.9645 (0.9668)	Prec@1 83.203 (84.120)
Epoch: [81][68/176]	Time 0.529 (0.538)	Data 0.001 (0.009)	Loss 0.9342 (0.9675)	Prec@1 81.641 (83.962)
Epoch: [81][85/176]	Time 0.529 (0.536)	Data 0.001 (0.008)	Loss 0.9625 (0.9704)	Prec@1 82.812 (83.998)
Epoch: [81][102/176]	Time 0.528 (0.535)	Data 0.001 (0.007)	Loss 0.9683 (0.9702)	Prec@1 83.594 (83.905)
Epoch: [81][119/176]	Time 0.530 (0.535)	Data 0.001 (0.006)	Loss 0.9322 (0.9716)	Prec@1 84.375 (83.812)
Epoch: [81][136/176]	Time 0.528 (0.534)	Data 0.001 (0.005)	Loss 0.8881 (0.9688)	Prec@1 84.375 (83.885)
Epoch: [81][153/176]	Time 0.527 (0.534)	Data 0.001 (0.005)	Loss 1.0231 (0.9657)	Prec@1 82.031 (83.893)
Epoch: [81][170/176]	Time 0.527 (0.534)	Data 0.000 (0.005)	Loss 0.9817 (0.9625)	Prec@1 83.594 (83.957)
 * Prec@1 86.140
 * Prec@1 86.140
 * Prec@1 86.140
 * Prec@1 86.140
 * Noisy Prec@1 86.14
	 * New best: 86.13999
current lr 2.00000e-02
Epoch: [82][0/176]	Time 0.999 (0.999)	Data 0.454 (0.454)	Loss 1.0425 (1.0425)	Prec@1 82.812 (82.812)
Epoch: [82][17/176]	Time 0.545 (0.563)	Data 0.001 (0.026)	Loss 1.0375 (0.9765)	Prec@1 79.297 (83.247)
Epoch: [82][34/176]	Time 0.530 (0.547)	Data 0.001 (0.014)	Loss 0.9643 (0.9629)	Prec@1 85.156 (83.772)
Epoch: [82][51/176]	Time 0.529 (0.543)	Data 0.001 (0.010)	Loss 0.9033 (0.9589)	Prec@1 84.766 (83.639)
Epoch: [82][68/176]	Time 0.529 (0.540)	Data 0.001 (0.008)	Loss 1.1099 (0.9688)	Prec@1 78.516 (83.690)
Epoch: [82][85/176]	Time 0.556 (0.539)	Data 0.001 (0.006)	Loss 0.8905 (0.9620)	Prec@1 85.547 (83.866)
Epoch: [82][102/176]	Time 0.529 (0.539)	Data 0.001 (0.006)	Loss 1.0730 (0.9673)	Prec@1 81.250 (83.719)
Epoch: [82][119/176]	Time 0.547 (0.538)	Data 0.001 (0.005)	Loss 1.0297 (0.9659)	Prec@1 86.719 (83.874)
Epoch: [82][136/176]	Time 0.529 (0.538)	Data 0.001 (0.004)	Loss 1.1145 (0.9633)	Prec@1 80.469 (83.896)
Epoch: [82][153/176]	Time 0.529 (0.537)	Data 0.001 (0.004)	Loss 1.0961 (0.9638)	Prec@1 82.422 (83.939)
Epoch: [82][170/176]	Time 0.527 (0.536)	Data 0.000 (0.004)	Loss 0.8005 (0.9616)	Prec@1 87.500 (83.939)
 * Prec@1 85.640
 * Prec@1 85.640
 * Prec@1 85.640
 * Prec@1 85.640
 * Noisy Prec@1 85.64
current lr 2.00000e-02
Epoch: [83][0/176]	Time 1.100 (1.100)	Data 0.549 (0.549)	Loss 0.9378 (0.9378)	Prec@1 84.766 (84.766)
Epoch: [83][17/176]	Time 0.531 (0.561)	Data 0.001 (0.032)	Loss 0.7897 (0.9372)	Prec@1 86.719 (84.505)
Epoch: [83][34/176]	Time 0.528 (0.545)	Data 0.001 (0.017)	Loss 0.9762 (0.9542)	Prec@1 81.250 (84.431)
Epoch: [83][51/176]	Time 0.528 (0.539)	Data 0.001 (0.012)	Loss 0.9196 (0.9580)	Prec@1 81.250 (84.120)
Epoch: [83][68/176]	Time 0.528 (0.537)	Data 0.001 (0.009)	Loss 0.8795 (0.9579)	Prec@1 83.594 (84.245)
Epoch: [83][85/176]	Time 0.529 (0.536)	Data 0.001 (0.008)	Loss 0.9267 (0.9576)	Prec@1 82.031 (84.221)
Epoch: [83][102/176]	Time 0.528 (0.535)	Data 0.001 (0.006)	Loss 1.1332 (0.9558)	Prec@1 82.031 (84.098)
Epoch: [83][119/176]	Time 0.530 (0.534)	Data 0.001 (0.006)	Loss 0.9032 (0.9541)	Prec@1 85.938 (84.124)
Epoch: [83][136/176]	Time 0.528 (0.534)	Data 0.001 (0.005)	Loss 0.7737 (0.9522)	Prec@1 89.844 (84.104)
Epoch: [83][153/176]	Time 0.536 (0.534)	Data 0.001 (0.005)	Loss 0.8997 (0.9548)	Prec@1 85.547 (84.106)
Epoch: [83][170/176]	Time 0.530 (0.533)	Data 0.000 (0.004)	Loss 0.9273 (0.9526)	Prec@1 85.156 (84.067)
 * Prec@1 86.580
 * Prec@1 86.580
 * Prec@1 86.580
 * Prec@1 86.580
 * Noisy Prec@1 86.58
	 * New best: 86.57999
current lr 2.00000e-02
Epoch: [84][0/176]	Time 1.018 (1.018)	Data 0.478 (0.478)	Loss 0.9103 (0.9103)	Prec@1 84.375 (84.375)
Epoch: [84][17/176]	Time 0.533 (0.561)	Data 0.001 (0.028)	Loss 0.9633 (0.9567)	Prec@1 85.156 (84.266)
Epoch: [84][34/176]	Time 0.534 (0.547)	Data 0.001 (0.015)	Loss 1.0301 (0.9367)	Prec@1 85.547 (84.699)
Epoch: [84][51/176]	Time 0.534 (0.541)	Data 0.001 (0.010)	Loss 0.8752 (0.9278)	Prec@1 84.375 (85.014)
Epoch: [84][68/176]	Time 0.542 (0.539)	Data 0.001 (0.008)	Loss 0.9745 (0.9290)	Prec@1 81.641 (84.924)
Epoch: [84][85/176]	Time 0.531 (0.538)	Data 0.001 (0.007)	Loss 0.9380 (0.9347)	Prec@1 82.422 (84.757)
Epoch: [84][102/176]	Time 0.529 (0.536)	Data 0.001 (0.006)	Loss 0.9846 (0.9391)	Prec@1 83.594 (84.667)
Epoch: [84][119/176]	Time 0.529 (0.535)	Data 0.001 (0.005)	Loss 1.0019 (0.9366)	Prec@1 82.031 (84.782)
Epoch: [84][136/176]	Time 0.551 (0.534)	Data 0.001 (0.005)	Loss 0.9514 (0.9385)	Prec@1 84.766 (84.786)
Epoch: [84][153/176]	Time 0.592 (0.534)	Data 0.001 (0.004)	Loss 1.0457 (0.9414)	Prec@1 80.859 (84.710)
Epoch: [84][170/176]	Time 0.529 (0.535)	Data 0.000 (0.004)	Loss 0.7518 (0.9438)	Prec@1 86.719 (84.656)
 * Prec@1 85.940
 * Prec@1 85.940
 * Prec@1 85.940
 * Prec@1 85.940
 * Noisy Prec@1 85.94
current lr 2.00000e-02
Epoch: [85][0/176]	Time 1.018 (1.018)	Data 0.472 (0.472)	Loss 0.9281 (0.9281)	Prec@1 85.938 (85.938)
Epoch: [85][17/176]	Time 0.556 (0.562)	Data 0.002 (0.027)	Loss 1.0810 (0.9535)	Prec@1 79.688 (83.898)
Epoch: [85][34/176]	Time 0.529 (0.547)	Data 0.001 (0.015)	Loss 0.9348 (0.9437)	Prec@1 85.938 (84.107)
Epoch: [85][51/176]	Time 0.529 (0.542)	Data 0.001 (0.010)	Loss 1.0736 (0.9411)	Prec@1 82.812 (84.210)
Epoch: [85][68/176]	Time 0.536 (0.539)	Data 0.001 (0.008)	Loss 1.0165 (0.9455)	Prec@1 82.422 (84.273)
Epoch: [85][85/176]	Time 0.529 (0.538)	Data 0.001 (0.007)	Loss 0.8456 (0.9429)	Prec@1 83.984 (84.316)
Epoch: [85][102/176]	Time 0.531 (0.537)	Data 0.001 (0.006)	Loss 1.0015 (0.9436)	Prec@1 83.203 (84.345)
Epoch: [85][119/176]	Time 0.531 (0.537)	Data 0.001 (0.005)	Loss 1.0342 (0.9444)	Prec@1 82.812 (84.284)
Epoch: [85][136/176]	Time 0.562 (0.536)	Data 0.001 (0.005)	Loss 0.9977 (0.9438)	Prec@1 82.812 (84.150)
Epoch: [85][153/176]	Time 0.529 (0.536)	Data 0.001 (0.004)	Loss 0.8939 (0.9446)	Prec@1 85.156 (84.182)
Epoch: [85][170/176]	Time 0.527 (0.536)	Data 0.000 (0.004)	Loss 0.9026 (0.9456)	Prec@1 86.719 (84.197)
 * Prec@1 86.560
 * Prec@1 86.560
 * Prec@1 86.560
 * Prec@1 86.560
 * Noisy Prec@1 86.56
current lr 2.00000e-02
Epoch: [86][0/176]	Time 0.988 (0.988)	Data 0.422 (0.422)	Loss 0.9087 (0.9087)	Prec@1 83.203 (83.203)
Epoch: [86][17/176]	Time 0.529 (0.555)	Data 0.001 (0.025)	Loss 0.9444 (0.9609)	Prec@1 84.375 (83.876)
Epoch: [86][34/176]	Time 0.529 (0.543)	Data 0.001 (0.013)	Loss 0.8649 (0.9523)	Prec@1 87.500 (83.940)
Epoch: [86][51/176]	Time 0.528 (0.539)	Data 0.001 (0.009)	Loss 0.9803 (0.9473)	Prec@1 81.250 (84.217)
Epoch: [86][68/176]	Time 0.529 (0.538)	Data 0.001 (0.007)	Loss 0.9125 (0.9438)	Prec@1 85.547 (84.262)
Epoch: [86][85/176]	Time 0.528 (0.536)	Data 0.001 (0.006)	Loss 0.9516 (0.9478)	Prec@1 82.422 (84.230)
Epoch: [86][102/176]	Time 0.528 (0.536)	Data 0.001 (0.005)	Loss 0.9322 (0.9472)	Prec@1 81.641 (84.007)
Epoch: [86][119/176]	Time 0.528 (0.536)	Data 0.001 (0.005)	Loss 1.0661 (0.9509)	Prec@1 82.812 (83.965)
Epoch: [86][136/176]	Time 0.528 (0.536)	Data 0.001 (0.004)	Loss 0.8840 (0.9484)	Prec@1 83.203 (84.078)
Epoch: [86][153/176]	Time 0.535 (0.536)	Data 0.001 (0.004)	Loss 0.9037 (0.9489)	Prec@1 85.938 (84.116)
Epoch: [86][170/176]	Time 0.527 (0.535)	Data 0.000 (0.004)	Loss 1.0182 (0.9497)	Prec@1 84.766 (84.073)
 * Prec@1 86.380
 * Prec@1 86.380
 * Prec@1 86.380
 * Prec@1 86.380
 * Noisy Prec@1 86.38
current lr 2.00000e-02
Epoch: [87][0/176]	Time 0.977 (0.977)	Data 0.439 (0.439)	Loss 0.7996 (0.7996)	Prec@1 87.891 (87.891)
Epoch: [87][17/176]	Time 0.537 (0.558)	Data 0.001 (0.025)	Loss 0.9152 (0.9134)	Prec@1 84.766 (84.635)
Epoch: [87][34/176]	Time 0.529 (0.546)	Data 0.001 (0.014)	Loss 0.9526 (0.9161)	Prec@1 86.719 (84.621)
Epoch: [87][51/176]	Time 0.528 (0.542)	Data 0.001 (0.010)	Loss 0.9316 (0.9300)	Prec@1 83.594 (84.428)
Epoch: [87][68/176]	Time 0.528 (0.539)	Data 0.001 (0.008)	Loss 0.9027 (0.9372)	Prec@1 87.500 (84.307)
Epoch: [87][85/176]	Time 0.528 (0.537)	Data 0.001 (0.006)	Loss 0.9365 (0.9418)	Prec@1 85.156 (84.293)
Epoch: [87][102/176]	Time 0.528 (0.536)	Data 0.001 (0.005)	Loss 0.8442 (0.9419)	Prec@1 86.719 (84.341)
Epoch: [87][119/176]	Time 0.528 (0.535)	Data 0.001 (0.005)	Loss 0.9567 (0.9438)	Prec@1 81.250 (84.333)
Epoch: [87][136/176]	Time 0.544 (0.535)	Data 0.001 (0.004)	Loss 1.0385 (0.9415)	Prec@1 80.859 (84.321)
Epoch: [87][153/176]	Time 0.528 (0.534)	Data 0.001 (0.004)	Loss 0.9621 (0.9404)	Prec@1 83.984 (84.286)
Epoch: [87][170/176]	Time 0.526 (0.534)	Data 0.000 (0.004)	Loss 1.0635 (0.9414)	Prec@1 80.078 (84.293)
 * Prec@1 86.160
 * Prec@1 86.160
 * Prec@1 86.160
 * Prec@1 86.160
 * Noisy Prec@1 86.16
current lr 2.00000e-02
Epoch: [88][0/176]	Time 1.019 (1.019)	Data 0.476 (0.476)	Loss 0.8733 (0.8733)	Prec@1 85.156 (85.156)
Epoch: [88][17/176]	Time 0.528 (0.557)	Data 0.001 (0.028)	Loss 1.0398 (0.9486)	Prec@1 81.641 (84.397)
Epoch: [88][34/176]	Time 0.528 (0.545)	Data 0.001 (0.015)	Loss 0.9176 (0.9258)	Prec@1 80.859 (84.498)
Epoch: [88][51/176]	Time 0.529 (0.540)	Data 0.001 (0.010)	Loss 0.8779 (0.9232)	Prec@1 84.766 (84.510)
Epoch: [88][68/176]	Time 0.528 (0.538)	Data 0.001 (0.008)	Loss 1.0496 (0.9251)	Prec@1 82.422 (84.550)
Epoch: [88][85/176]	Time 0.529 (0.536)	Data 0.001 (0.007)	Loss 0.9444 (0.9255)	Prec@1 85.547 (84.725)
Epoch: [88][102/176]	Time 0.530 (0.536)	Data 0.001 (0.006)	Loss 0.9983 (0.9307)	Prec@1 84.766 (84.538)
Epoch: [88][119/176]	Time 0.528 (0.535)	Data 0.001 (0.005)	Loss 0.8560 (0.9315)	Prec@1 84.375 (84.574)
Epoch: [88][136/176]	Time 0.529 (0.535)	Data 0.001 (0.005)	Loss 0.8954 (0.9367)	Prec@1 86.719 (84.495)
Epoch: [88][153/176]	Time 0.529 (0.534)	Data 0.001 (0.004)	Loss 0.9073 (0.9376)	Prec@1 84.375 (84.497)
Epoch: [88][170/176]	Time 0.528 (0.535)	Data 0.000 (0.004)	Loss 0.9936 (0.9355)	Prec@1 83.594 (84.487)
 * Prec@1 86.160
 * Prec@1 86.160
 * Prec@1 86.160
 * Prec@1 86.160
 * Noisy Prec@1 86.16
current lr 2.00000e-02
Epoch: [89][0/176]	Time 1.035 (1.035)	Data 0.468 (0.468)	Loss 0.9561 (0.9561)	Prec@1 82.422 (82.422)
Epoch: [89][17/176]	Time 0.531 (0.563)	Data 0.001 (0.027)	Loss 0.8927 (0.9078)	Prec@1 84.375 (84.701)
Epoch: [89][34/176]	Time 0.529 (0.551)	Data 0.001 (0.015)	Loss 1.0753 (0.9202)	Prec@1 82.422 (84.609)
Epoch: [89][51/176]	Time 0.531 (0.545)	Data 0.001 (0.010)	Loss 1.0223 (0.9308)	Prec@1 83.594 (84.645)
Epoch: [89][68/176]	Time 0.528 (0.542)	Data 0.001 (0.008)	Loss 0.7732 (0.9331)	Prec@1 85.156 (84.449)
Epoch: [89][85/176]	Time 0.528 (0.539)	Data 0.001 (0.007)	Loss 0.9879 (0.9333)	Prec@1 83.984 (84.643)
Epoch: [89][102/176]	Time 0.534 (0.539)	Data 0.001 (0.006)	Loss 0.8799 (0.9353)	Prec@1 85.938 (84.493)
Epoch: [89][119/176]	Time 0.531 (0.538)	Data 0.001 (0.005)	Loss 0.9737 (0.9337)	Prec@1 80.078 (84.404)
Epoch: [89][136/176]	Time 0.578 (0.538)	Data 0.001 (0.005)	Loss 0.8712 (0.9314)	Prec@1 80.859 (84.509)
Epoch: [89][153/176]	Time 0.532 (0.537)	Data 0.001 (0.004)	Loss 0.9367 (0.9334)	Prec@1 85.547 (84.484)
Epoch: [89][170/176]	Time 0.526 (0.536)	Data 0.000 (0.004)	Loss 0.9209 (0.9357)	Prec@1 85.938 (84.466)
 * Prec@1 86.260
 * Prec@1 86.260
 * Prec@1 86.260
 * Prec@1 86.260
 * Noisy Prec@1 86.26
current lr 2.00000e-02
Epoch: [90][0/176]	Time 1.040 (1.040)	Data 0.501 (0.501)	Loss 1.0155 (1.0155)	Prec@1 87.500 (87.500)
Epoch: [90][17/176]	Time 0.550 (0.564)	Data 0.001 (0.029)	Loss 0.8715 (0.9171)	Prec@1 83.984 (85.395)
Epoch: [90][34/176]	Time 0.529 (0.550)	Data 0.001 (0.015)	Loss 0.9362 (0.9161)	Prec@1 84.766 (85.067)
Epoch: [90][51/176]	Time 0.529 (0.544)	Data 0.001 (0.011)	Loss 0.9573 (0.9187)	Prec@1 87.109 (85.164)
Epoch: [90][68/176]	Time 0.529 (0.541)	Data 0.001 (0.008)	Loss 0.9697 (0.9236)	Prec@1 83.203 (85.043)
Epoch: [90][85/176]	Time 0.548 (0.539)	Data 0.001 (0.007)	Loss 0.8988 (0.9226)	Prec@1 85.547 (84.866)
Epoch: [90][102/176]	Time 0.529 (0.538)	Data 0.001 (0.006)	Loss 0.9081 (0.9219)	Prec@1 84.375 (84.720)
Epoch: [90][119/176]	Time 0.531 (0.538)	Data 0.001 (0.005)	Loss 0.9835 (0.9240)	Prec@1 82.812 (84.710)
Epoch: [90][136/176]	Time 0.528 (0.537)	Data 0.001 (0.005)	Loss 0.8548 (0.9223)	Prec@1 86.719 (84.706)
Epoch: [90][153/176]	Time 0.532 (0.536)	Data 0.001 (0.004)	Loss 0.8237 (0.9259)	Prec@1 86.719 (84.738)
Epoch: [90][170/176]	Time 0.527 (0.535)	Data 0.000 (0.004)	Loss 0.8982 (0.9251)	Prec@1 85.938 (84.740)
 * Prec@1 86.440
 * Prec@1 86.440
 * Prec@1 86.440
 * Prec@1 86.440
 * Noisy Prec@1 86.44
current lr 2.00000e-02
Epoch: [91][0/176]	Time 0.988 (0.988)	Data 0.435 (0.435)	Loss 0.8418 (0.8418)	Prec@1 84.375 (84.375)
Epoch: [91][17/176]	Time 0.527 (0.556)	Data 0.001 (0.025)	Loss 1.1536 (0.9518)	Prec@1 82.031 (84.223)
Epoch: [91][34/176]	Time 0.533 (0.544)	Data 0.001 (0.014)	Loss 0.8426 (0.9315)	Prec@1 84.766 (84.587)
Epoch: [91][51/176]	Time 0.528 (0.541)	Data 0.001 (0.010)	Loss 0.8252 (0.9209)	Prec@1 85.938 (84.758)
Epoch: [91][68/176]	Time 0.546 (0.538)	Data 0.001 (0.007)	Loss 0.8972 (0.9207)	Prec@1 84.375 (84.794)
Epoch: [91][85/176]	Time 0.596 (0.538)	Data 0.001 (0.006)	Loss 0.9763 (0.9256)	Prec@1 81.250 (84.693)
Epoch: [91][102/176]	Time 0.579 (0.537)	Data 0.001 (0.005)	Loss 1.0024 (0.9275)	Prec@1 83.984 (84.675)
Epoch: [91][119/176]	Time 0.530 (0.536)	Data 0.001 (0.005)	Loss 0.9078 (0.9234)	Prec@1 87.500 (84.788)
Epoch: [91][136/176]	Time 0.528 (0.536)	Data 0.001 (0.004)	Loss 0.9421 (0.9265)	Prec@1 85.547 (84.711)
Epoch: [91][153/176]	Time 0.543 (0.536)	Data 0.001 (0.004)	Loss 0.8360 (0.9312)	Prec@1 83.984 (84.606)
Epoch: [91][170/176]	Time 0.527 (0.536)	Data 0.000 (0.004)	Loss 0.8389 (0.9304)	Prec@1 81.641 (84.578)
 * Prec@1 86.420
 * Prec@1 86.420
 * Prec@1 86.420
 * Prec@1 86.420
 * Noisy Prec@1 86.42
current lr 2.00000e-02
Epoch: [92][0/176]	Time 0.977 (0.977)	Data 0.429 (0.429)	Loss 0.8780 (0.8780)	Prec@1 84.766 (84.766)
Epoch: [92][17/176]	Time 0.528 (0.557)	Data 0.001 (0.025)	Loss 1.0759 (0.9491)	Prec@1 82.812 (84.180)
Epoch: [92][34/176]	Time 0.528 (0.545)	Data 0.001 (0.013)	Loss 0.9446 (0.9403)	Prec@1 84.766 (84.699)
Epoch: [92][51/176]	Time 0.531 (0.541)	Data 0.001 (0.009)	Loss 0.8388 (0.9380)	Prec@1 85.547 (84.555)
Epoch: [92][68/176]	Time 0.532 (0.539)	Data 0.001 (0.007)	Loss 0.9143 (0.9353)	Prec@1 87.500 (84.805)
Epoch: [92][85/176]	Time 0.529 (0.537)	Data 0.001 (0.006)	Loss 0.9602 (0.9362)	Prec@1 81.641 (84.657)
Epoch: [92][102/176]	Time 0.544 (0.536)	Data 0.001 (0.005)	Loss 0.8864 (0.9339)	Prec@1 84.766 (84.713)
Epoch: [92][119/176]	Time 0.529 (0.536)	Data 0.001 (0.005)	Loss 1.0031 (0.9361)	Prec@1 84.375 (84.642)
Epoch: [92][136/176]	Time 0.528 (0.535)	Data 0.001 (0.004)	Loss 0.8435 (0.9391)	Prec@1 84.766 (84.612)
Epoch: [92][153/176]	Time 0.528 (0.534)	Data 0.001 (0.004)	Loss 0.9248 (0.9386)	Prec@1 82.812 (84.547)
Epoch: [92][170/176]	Time 0.528 (0.534)	Data 0.000 (0.004)	Loss 1.0078 (0.9365)	Prec@1 82.812 (84.661)
 * Prec@1 86.300
 * Prec@1 86.300
 * Prec@1 86.300
 * Prec@1 86.300
 * Noisy Prec@1 86.30
current lr 2.00000e-02
Epoch: [93][0/176]	Time 1.012 (1.012)	Data 0.465 (0.465)	Loss 0.9523 (0.9523)	Prec@1 84.375 (84.375)
Epoch: [93][17/176]	Time 0.532 (0.556)	Data 0.001 (0.027)	Loss 0.9492 (0.9551)	Prec@1 85.938 (84.397)
Epoch: [93][34/176]	Time 0.529 (0.545)	Data 0.001 (0.014)	Loss 0.9361 (0.9511)	Prec@1 83.984 (84.520)
Epoch: [93][51/176]	Time 0.542 (0.541)	Data 0.001 (0.010)	Loss 0.9103 (0.9451)	Prec@1 84.766 (84.518)
Epoch: [93][68/176]	Time 0.529 (0.539)	Data 0.001 (0.008)	Loss 0.8917 (0.9389)	Prec@1 88.281 (84.630)
Epoch: [93][85/176]	Time 0.529 (0.537)	Data 0.001 (0.007)	Loss 0.9191 (0.9341)	Prec@1 83.594 (84.693)
Epoch: [93][102/176]	Time 0.530 (0.536)	Data 0.001 (0.006)	Loss 0.8764 (0.9304)	Prec@1 83.203 (84.659)
Epoch: [93][119/176]	Time 0.550 (0.536)	Data 0.001 (0.005)	Loss 0.9083 (0.9242)	Prec@1 89.844 (84.782)
Epoch: [93][136/176]	Time 0.529 (0.535)	Data 0.001 (0.005)	Loss 0.8425 (0.9230)	Prec@1 85.156 (84.811)
Epoch: [93][153/176]	Time 0.529 (0.535)	Data 0.001 (0.004)	Loss 0.8912 (0.9243)	Prec@1 85.547 (84.799)
Epoch: [93][170/176]	Time 0.551 (0.535)	Data 0.000 (0.004)	Loss 1.0307 (0.9239)	Prec@1 83.203 (84.772)
 * Prec@1 86.680
 * Prec@1 86.680
 * Prec@1 86.680
 * Prec@1 86.680
 * Noisy Prec@1 86.68
	 * New best: 86.68000
current lr 2.00000e-02
Epoch: [94][0/176]	Time 1.016 (1.016)	Data 0.474 (0.474)	Loss 0.9294 (0.9294)	Prec@1 84.766 (84.766)
Epoch: [94][17/176]	Time 0.528 (0.559)	Data 0.001 (0.027)	Loss 0.8501 (0.9285)	Prec@1 86.328 (84.787)
Epoch: [94][34/176]	Time 0.528 (0.548)	Data 0.001 (0.015)	Loss 0.8456 (0.9253)	Prec@1 87.891 (84.799)
Epoch: [94][51/176]	Time 0.529 (0.542)	Data 0.001 (0.010)	Loss 0.8760 (0.9235)	Prec@1 86.328 (84.668)
Epoch: [94][68/176]	Time 0.528 (0.540)	Data 0.001 (0.008)	Loss 0.9469 (0.9244)	Prec@1 84.766 (84.652)
Epoch: [94][85/176]	Time 0.531 (0.539)	Data 0.001 (0.007)	Loss 0.9088 (0.9288)	Prec@1 85.156 (84.670)
Epoch: [94][102/176]	Time 0.529 (0.538)	Data 0.001 (0.006)	Loss 1.0218 (0.9309)	Prec@1 82.031 (84.595)
Epoch: [94][119/176]	Time 0.529 (0.537)	Data 0.001 (0.005)	Loss 0.8329 (0.9262)	Prec@1 85.938 (84.740)
Epoch: [94][136/176]	Time 0.528 (0.536)	Data 0.001 (0.005)	Loss 1.0674 (0.9255)	Prec@1 82.422 (84.674)
Epoch: [94][153/176]	Time 0.529 (0.536)	Data 0.001 (0.004)	Loss 0.8976 (0.9232)	Prec@1 83.984 (84.654)
Epoch: [94][170/176]	Time 0.527 (0.536)	Data 0.000 (0.004)	Loss 0.8575 (0.9256)	Prec@1 85.156 (84.642)
 * Prec@1 86.400
 * Prec@1 86.400
 * Prec@1 86.400
 * Prec@1 86.400
 * Noisy Prec@1 86.40
current lr 2.00000e-02
Epoch: [95][0/176]	Time 0.965 (0.965)	Data 0.421 (0.421)	Loss 1.0017 (1.0017)	Prec@1 86.328 (86.328)
Epoch: [95][17/176]	Time 0.548 (0.557)	Data 0.001 (0.025)	Loss 0.9352 (0.9182)	Prec@1 85.938 (84.983)
Epoch: [95][34/176]	Time 0.530 (0.547)	Data 0.001 (0.013)	Loss 0.9958 (0.9198)	Prec@1 80.469 (84.944)
Epoch: [95][51/176]	Time 0.532 (0.542)	Data 0.002 (0.009)	Loss 0.9107 (0.9232)	Prec@1 86.719 (85.051)
Epoch: [95][68/176]	Time 0.529 (0.539)	Data 0.001 (0.007)	Loss 0.8205 (0.9141)	Prec@1 86.328 (85.179)
Epoch: [95][85/176]	Time 0.528 (0.537)	Data 0.001 (0.006)	Loss 0.9652 (0.9148)	Prec@1 85.547 (85.283)
Epoch: [95][102/176]	Time 0.528 (0.536)	Data 0.001 (0.005)	Loss 0.9699 (0.9162)	Prec@1 82.031 (85.217)
Epoch: [95][119/176]	Time 0.551 (0.536)	Data 0.001 (0.005)	Loss 1.1240 (0.9189)	Prec@1 85.547 (85.140)
Epoch: [95][136/176]	Time 0.528 (0.535)	Data 0.001 (0.004)	Loss 0.9783 (0.9184)	Prec@1 83.984 (85.165)
Epoch: [95][153/176]	Time 0.528 (0.535)	Data 0.001 (0.004)	Loss 0.9374 (0.9235)	Prec@1 85.156 (84.898)
Epoch: [95][170/176]	Time 0.527 (0.535)	Data 0.000 (0.004)	Loss 0.8228 (0.9229)	Prec@1 87.109 (84.962)
 * Prec@1 86.860
 * Prec@1 86.860
 * Prec@1 86.860
 * Prec@1 86.860
 * Noisy Prec@1 86.86
	 * New best: 86.86001
current lr 2.00000e-02
Epoch: [96][0/176]	Time 1.077 (1.077)	Data 0.538 (0.538)	Loss 0.8033 (0.8033)	Prec@1 88.281 (88.281)
Epoch: [96][17/176]	Time 0.528 (0.565)	Data 0.001 (0.031)	Loss 0.9094 (0.9095)	Prec@1 82.422 (85.091)
Epoch: [96][34/176]	Time 0.531 (0.548)	Data 0.001 (0.017)	Loss 0.8211 (0.9141)	Prec@1 85.156 (85.201)
Epoch: [96][51/176]	Time 0.529 (0.542)	Data 0.001 (0.011)	Loss 0.9341 (0.9213)	Prec@1 86.328 (85.059)
Epoch: [96][68/176]	Time 0.528 (0.539)	Data 0.001 (0.009)	Loss 0.8588 (0.9220)	Prec@1 84.375 (85.037)
Epoch: [96][85/176]	Time 0.529 (0.538)	Data 0.001 (0.007)	Loss 0.9872 (0.9301)	Prec@1 83.984 (84.897)
Epoch: [96][102/176]	Time 0.597 (0.538)	Data 0.002 (0.006)	Loss 0.9495 (0.9335)	Prec@1 80.469 (84.675)
Epoch: [96][119/176]	Time 0.574 (0.537)	Data 0.002 (0.006)	Loss 0.9103 (0.9332)	Prec@1 86.719 (84.740)
Epoch: [96][136/176]	Time 0.545 (0.537)	Data 0.001 (0.005)	Loss 0.7995 (0.9278)	Prec@1 86.328 (84.865)
Epoch: [96][153/176]	Time 0.531 (0.537)	Data 0.001 (0.005)	Loss 0.8694 (0.9257)	Prec@1 83.984 (84.814)
Epoch: [96][170/176]	Time 0.527 (0.536)	Data 0.000 (0.004)	Loss 0.9563 (0.9246)	Prec@1 82.031 (84.827)
 * Prec@1 86.260
 * Prec@1 86.260
 * Prec@1 86.260
 * Prec@1 86.260
 * Noisy Prec@1 86.26
current lr 2.00000e-02
Epoch: [97][0/176]	Time 1.003 (1.003)	Data 0.462 (0.462)	Loss 0.8391 (0.8391)	Prec@1 84.766 (84.766)
Epoch: [97][17/176]	Time 0.528 (0.559)	Data 0.001 (0.027)	Loss 0.9034 (0.9307)	Prec@1 85.547 (85.417)
Epoch: [97][34/176]	Time 0.529 (0.548)	Data 0.001 (0.014)	Loss 0.9900 (0.9416)	Prec@1 80.469 (84.743)
Epoch: [97][51/176]	Time 0.532 (0.543)	Data 0.001 (0.010)	Loss 0.9757 (0.9379)	Prec@1 79.688 (84.818)
Epoch: [97][68/176]	Time 0.556 (0.541)	Data 0.001 (0.008)	Loss 0.8866 (0.9398)	Prec@1 83.203 (84.471)
Epoch: [97][85/176]	Time 0.529 (0.539)	Data 0.001 (0.007)	Loss 0.9440 (0.9353)	Prec@1 84.375 (84.679)
Epoch: [97][102/176]	Time 0.528 (0.537)	Data 0.001 (0.006)	Loss 0.9248 (0.9335)	Prec@1 85.547 (84.549)
Epoch: [97][119/176]	Time 0.528 (0.536)	Data 0.001 (0.005)	Loss 0.9237 (0.9283)	Prec@1 81.250 (84.678)
Epoch: [97][136/176]	Time 0.528 (0.536)	Data 0.001 (0.005)	Loss 0.8365 (0.9306)	Prec@1 84.766 (84.686)
Epoch: [97][153/176]	Time 0.529 (0.536)	Data 0.001 (0.004)	Loss 0.9218 (0.9285)	Prec@1 83.984 (84.735)
Epoch: [97][170/176]	Time 0.527 (0.535)	Data 0.000 (0.004)	Loss 0.9506 (0.9282)	Prec@1 83.594 (84.718)
 * Prec@1 86.380
 * Prec@1 86.380
 * Prec@1 86.380
 * Prec@1 86.380
 * Noisy Prec@1 86.38
current lr 2.00000e-02
Epoch: [98][0/176]	Time 0.988 (0.988)	Data 0.450 (0.450)	Loss 1.0506 (1.0506)	Prec@1 82.812 (82.812)
Epoch: [98][17/176]	Time 0.528 (0.555)	Data 0.001 (0.026)	Loss 0.9893 (0.9403)	Prec@1 82.422 (84.223)
Epoch: [98][34/176]	Time 0.536 (0.546)	Data 0.001 (0.014)	Loss 0.7466 (0.9396)	Prec@1 88.281 (84.408)
Epoch: [98][51/176]	Time 0.529 (0.540)	Data 0.001 (0.010)	Loss 0.8990 (0.9327)	Prec@1 86.328 (84.623)
Epoch: [98][68/176]	Time 0.529 (0.539)	Data 0.001 (0.008)	Loss 1.0991 (0.9260)	Prec@1 83.594 (84.788)
Epoch: [98][85/176]	Time 0.540 (0.538)	Data 0.001 (0.006)	Loss 0.8802 (0.9190)	Prec@1 86.719 (84.938)
Epoch: [98][102/176]	Time 0.529 (0.537)	Data 0.001 (0.006)	Loss 0.8746 (0.9179)	Prec@1 85.938 (84.876)
Epoch: [98][119/176]	Time 0.528 (0.536)	Data 0.001 (0.005)	Loss 0.9028 (0.9147)	Prec@1 83.594 (84.906)
Epoch: [98][136/176]	Time 0.529 (0.536)	Data 0.001 (0.004)	Loss 0.9238 (0.9142)	Prec@1 85.156 (84.962)
Epoch: [98][153/176]	Time 0.529 (0.535)	Data 0.001 (0.004)	Loss 0.8865 (0.9155)	Prec@1 84.766 (84.936)
Epoch: [98][170/176]	Time 0.527 (0.535)	Data 0.000 (0.004)	Loss 0.9178 (0.9153)	Prec@1 86.328 (84.912)
 * Prec@1 85.680
 * Prec@1 85.680
 * Prec@1 85.680
 * Prec@1 85.680
 * Noisy Prec@1 85.68
current lr 2.00000e-02
Epoch: [99][0/176]	Time 1.000 (1.000)	Data 0.453 (0.453)	Loss 0.8782 (0.8782)	Prec@1 84.375 (84.375)
Epoch: [99][17/176]	Time 0.528 (0.558)	Data 0.001 (0.026)	Loss 0.9136 (0.9018)	Prec@1 85.938 (85.569)
Epoch: [99][34/176]	Time 0.545 (0.547)	Data 0.001 (0.014)	Loss 0.9020 (0.9050)	Prec@1 84.766 (85.714)
Epoch: [99][51/176]	Time 0.528 (0.541)	Data 0.001 (0.010)	Loss 0.9458 (0.9082)	Prec@1 81.641 (85.382)
Epoch: [99][68/176]	Time 0.529 (0.539)	Data 0.001 (0.008)	Loss 0.9662 (0.9127)	Prec@1 85.547 (85.230)
Epoch: [99][85/176]	Time 0.529 (0.537)	Data 0.001 (0.006)	Loss 0.9277 (0.9160)	Prec@1 83.594 (85.043)
Epoch: [99][102/176]	Time 0.529 (0.537)	Data 0.001 (0.006)	Loss 0.8878 (0.9158)	Prec@1 83.203 (84.982)
Epoch: [99][119/176]	Time 0.528 (0.536)	Data 0.001 (0.005)	Loss 0.7537 (0.9152)	Prec@1 89.062 (85.010)
Epoch: [99][136/176]	Time 0.528 (0.535)	Data 0.001 (0.004)	Loss 0.9207 (0.9214)	Prec@1 81.250 (84.951)
Epoch: [99][153/176]	Time 0.528 (0.534)	Data 0.001 (0.004)	Loss 0.8727 (0.9179)	Prec@1 83.594 (84.918)
Epoch: [99][170/176]	Time 0.527 (0.534)	Data 0.000 (0.004)	Loss 1.0599 (0.9166)	Prec@1 80.859 (84.944)
 * Prec@1 86.840
 * Prec@1 86.840
 * Prec@1 86.840
 * Prec@1 86.840
 * Noisy Prec@1 86.84
current lr 2.00000e-02
Epoch: [100][0/176]	Time 1.008 (1.008)	Data 0.427 (0.427)	Loss 0.8997 (0.8997)	Prec@1 85.938 (85.938)
Epoch: [100][17/176]	Time 0.528 (0.561)	Data 0.001 (0.025)	Loss 0.8936 (0.9062)	Prec@1 87.500 (84.440)
Epoch: [100][34/176]	Time 0.531 (0.547)	Data 0.001 (0.013)	Loss 0.9245 (0.9075)	Prec@1 85.938 (84.866)
Epoch: [100][51/176]	Time 0.528 (0.541)	Data 0.001 (0.009)	Loss 0.8931 (0.9005)	Prec@1 84.375 (85.111)
Epoch: [100][68/176]	Time 0.529 (0.538)	Data 0.001 (0.007)	Loss 0.9518 (0.9041)	Prec@1 82.031 (85.077)
Epoch: [100][85/176]	Time 0.532 (0.537)	Data 0.001 (0.006)	Loss 0.9149 (0.9095)	Prec@1 86.719 (85.211)
Epoch: [100][102/176]	Time 0.528 (0.536)	Data 0.001 (0.005)	Loss 0.7722 (0.9082)	Prec@1 87.500 (85.190)
Epoch: [100][119/176]	Time 0.528 (0.535)	Data 0.001 (0.005)	Loss 0.8296 (0.9136)	Prec@1 86.328 (85.000)
Epoch: [100][136/176]	Time 0.528 (0.534)	Data 0.001 (0.004)	Loss 0.9682 (0.9145)	Prec@1 85.547 (85.014)
Epoch: [100][153/176]	Time 0.529 (0.534)	Data 0.001 (0.004)	Loss 0.9217 (0.9157)	Prec@1 86.328 (84.951)
Epoch: [100][170/176]	Time 0.526 (0.533)	Data 0.000 (0.004)	Loss 0.7824 (0.9128)	Prec@1 91.016 (85.028)
 * Prec@1 86.600
 * Prec@1 86.600
 * Prec@1 86.600
 * Prec@1 86.600
 * Noisy Prec@1 86.60
current lr 2.00000e-02
Epoch: [101][0/176]	Time 1.019 (1.019)	Data 0.476 (0.476)	Loss 0.9472 (0.9472)	Prec@1 82.422 (82.422)
Epoch: [101][17/176]	Time 0.528 (0.557)	Data 0.001 (0.028)	Loss 0.9056 (0.9133)	Prec@1 83.594 (84.961)
Epoch: [101][34/176]	Time 0.531 (0.546)	Data 0.001 (0.015)	Loss 0.8131 (0.9018)	Prec@1 85.547 (85.357)
Epoch: [101][51/176]	Time 0.529 (0.541)	Data 0.001 (0.010)	Loss 0.8049 (0.8985)	Prec@1 84.375 (85.186)
Epoch: [101][68/176]	Time 0.528 (0.539)	Data 0.001 (0.008)	Loss 1.0040 (0.8993)	Prec@1 83.203 (85.060)
Epoch: [101][85/176]	Time 0.529 (0.538)	Data 0.001 (0.007)	Loss 0.9094 (0.9009)	Prec@1 80.859 (84.975)
Epoch: [101][102/176]	Time 0.528 (0.537)	Data 0.001 (0.006)	Loss 0.8239 (0.9085)	Prec@1 90.625 (84.914)
Epoch: [101][119/176]	Time 0.528 (0.536)	Data 0.001 (0.005)	Loss 0.8134 (0.9110)	Prec@1 85.156 (84.857)
Epoch: [101][136/176]	Time 0.545 (0.535)	Data 0.001 (0.005)	Loss 0.8990 (0.9109)	Prec@1 85.547 (84.911)
Epoch: [101][153/176]	Time 0.528 (0.534)	Data 0.001 (0.004)	Loss 0.8080 (0.9083)	Prec@1 87.109 (84.986)
Epoch: [101][170/176]	Time 0.527 (0.534)	Data 0.000 (0.004)	Loss 1.1415 (0.9090)	Prec@1 82.031 (85.035)
 * Prec@1 86.740
 * Prec@1 86.740
 * Prec@1 86.740
 * Prec@1 86.740
 * Noisy Prec@1 86.74
current lr 2.00000e-02
Exception ignored in: <function _MultiProcessingDataLoaderIter.__del__ at 0x1002857e24d0>
Traceback (most recent call last):
  File "/u/jbu/.conda/envs/msc/lib/python3.7/site-packages/torch/utils/data/dataloader.py", line 1202, in __del__
    def __del__(self):
KeyboardInterrupt
Epoch: [102][0/176]	Time 1.020 (1.020)	Data 0.476 (0.476)	Loss 0.8028 (0.8028)	Prec@1 86.328 (86.328)
Epoch: [102][17/176]	Time 0.528 (0.557)	Data 0.001 (0.028)	Loss 0.8220 (0.8918)	Prec@1 85.547 (85.872)
Epoch: [102][34/176]	Time 0.534 (0.547)	Data 0.001 (0.015)	Loss 0.7761 (0.8965)	Prec@1 88.281 (85.536)
Epoch: [102][51/176]	Time 0.528 (0.542)	Data 0.001 (0.010)	Loss 0.9401 (0.8994)	Prec@1 87.891 (85.517)
Traceback (most recent call last):
  File "trainer_resnet.py", line 333, in <module>
    main()
  File "trainer_resnet.py", line 138, in main
    train(train_loader, model, criterion, optimizer, epoch, args=args, clip_fn=clip_weights)
  File "trainer_resnet.py", line 213, in train
    epoch=epoch - args.start_epoch
  File "/ibm/gpfs-homes/jbu/Resnet32-ICLR/Losses/torch_loss.py", line 275, in compute_gradient_and_backward
    y
  File "/ibm/gpfs-homes/jbu/Resnet32-ICLR/Losses/torch_loss.py", line 244, in _adversarial_loss
    theta_star[name] = self.model_theta.state_dict()[name] + self.gamma * (theta_star[name] - self.model_theta.state_dict()[name])
  File "/u/jbu/.conda/envs/msc/lib/python3.7/site-packages/torch/nn/modules/module.py", line 907, in state_dict
    module.state_dict(destination, prefix + name + '.', keep_vars=keep_vars)
  File "/u/jbu/.conda/envs/msc/lib/python3.7/site-packages/torch/nn/modules/module.py", line 907, in state_dict
    module.state_dict(destination, prefix + name + '.', keep_vars=keep_vars)
  File "/u/jbu/.conda/envs/msc/lib/python3.7/site-packages/torch/nn/modules/module.py", line 907, in state_dict
    module.state_dict(destination, prefix + name + '.', keep_vars=keep_vars)
  [Previous line repeated 1 more time]
  File "/u/jbu/.conda/envs/msc/lib/python3.7/site-packages/torch/nn/modules/module.py", line 904, in state_dict
    self._save_to_state_dict(destination, prefix, keep_vars)
  File "/u/jbu/.conda/envs/msc/lib/python3.7/site-packages/torch/nn/modules/module.py", line 868, in _save_to_state_dict
    destination[prefix + name] = buf if keep_vars else buf.detach()
KeyboardInterrupt
