Sender: LSF System <lsfadmin@zhcc006>
Subject: Job 777172: <python3 trainer_resnet.py -seed=1 -batch_size=256 -weight_decay=0.0005 -momentum=0.9 -save_every=10 -lr=0.1 -n_attack_steps=10 -beta_robustness=0.0 -gamma=0.0 -eps_pga=0.0 -eta_train=0.037 -eta_mode=ind -clipping_alpha=2.0 -attack_size_mismatch=0.2 -initial_std=0.001 -pretrained -burn_in=0 -workers=4 -n_epochs=300 -dataset=cifar10 -architecture=resnet32 -start_epoch=60 -data_dir=/dataP/jbu -session_id=3962893609> in cluster <ZHC2clusterLSF> Exited

Job <python3 trainer_resnet.py -seed=1 -batch_size=256 -weight_decay=0.0005 -momentum=0.9 -save_every=10 -lr=0.1 -n_attack_steps=10 -beta_robustness=0.0 -gamma=0.0 -eps_pga=0.0 -eta_train=0.037 -eta_mode=ind -clipping_alpha=2.0 -attack_size_mismatch=0.2 -initial_std=0.001 -pretrained -burn_in=0 -workers=4 -n_epochs=300 -dataset=cifar10 -architecture=resnet32 -start_epoch=60 -data_dir=/dataP/jbu -session_id=3962893609> was submitted from host <zhcc022> by user <jbu> in cluster <ZHC2clusterLSF> at Tue Nov 23 12:49:15 2021
Job was executed on host(s) <zhcc006>, in queue <prod.med>, as user <jbu> in cluster <ZHC2clusterLSF> at Tue Nov 23 12:49:16 2021
</u/jbu> was used as the home directory.
</u/jbu/Resnet32-ICLR> was used as the working directory.
Started at Tue Nov 23 12:49:16 2021
Terminated at Tue Nov 23 12:50:29 2021
Results reported at Tue Nov 23 12:50:29 2021

Your job looked like:

------------------------------------------------------------
# LSBATCH: User input
python3 trainer_resnet.py -seed=1 -batch_size=256 -weight_decay=0.0005 -momentum=0.9 -save_every=10 -lr=0.1 -n_attack_steps=10 -beta_robustness=0.0 -gamma=0.0 -eps_pga=0.0 -eta_train=0.037 -eta_mode=ind -clipping_alpha=2.0 -attack_size_mismatch=0.2 -initial_std=0.001 -pretrained -burn_in=0 -workers=4 -n_epochs=300 -dataset=cifar10 -architecture=resnet32 -start_epoch=60 -data_dir=/dataP/jbu -session_id=3962893609
------------------------------------------------------------

TERM_OWNER: job killed by owner.
Exited with exit code 1.

Resource usage summary:

    CPU time :                                   239.48 sec.
    Max Memory :                                 2067 MB
    Average Memory :                             1369.00 MB
    Total Requested Memory :                     -
    Delta Memory :                               -
    Max Swap :                                   -
    Max Processes :                              7
    Max Threads :                                133
    Run time :                                   75 sec.
    Turnaround time :                            74 sec.

The output (if any) follows:

Loaded pretrained model from /ibm/gpfs-homes/jbu/Resnet32-ICLR/Resources/cifar10_pretrained_models/resnet32.th
Files already downloaded and verified
Files already downloaded and verified
Files already downloaded and verified
/u/jbu/.conda/envs/msc/lib/python3.7/site-packages/torch/optim/lr_scheduler.py:136: UserWarning: Detected call of `lr_scheduler.step()` before `optimizer.step()`. In PyTorch 1.1.0 and later, you should call them in the opposite order: `optimizer.step()` before `lr_scheduler.step()`.  Failure to do this will result in PyTorch skipping the first value of the learning rate schedule. See more details at https://pytorch.org/docs/stable/optim.html#how-to-adjust-learning-rate
  "https://pytorch.org/docs/stable/optim.html#how-to-adjust-learning-rate", UserWarning)
 * Prec@1 99.440
 * Prec@1 14.440
 * Prec@1 14.260
 * Prec@1 14.640
 * Prec@1 14.100
 * Noisy Prec@1 14.33
After loading, with clipping@2.00 14.44 w/o 99.44 noisy: 14.33pm0.28
current lr 2.00000e-02
Epoch: [60][0/176]	Time 0.672 (0.672)	Data 0.568 (0.568)	Loss 0.9046 (0.9046)	Prec@1 88.672 (88.672)
Epoch: [60][17/176]	Time 0.082 (0.115)	Data 0.002 (0.033)	Loss 0.7615 (0.8194)	Prec@1 88.672 (89.627)
Epoch: [60][34/176]	Time 0.083 (0.098)	Data 0.002 (0.018)	Loss 0.6263 (0.7714)	Prec@1 89.453 (88.583)
Epoch: [60][51/176]	Time 0.081 (0.094)	Data 0.001 (0.013)	Loss 0.5301 (0.7190)	Prec@1 92.969 (89.378)
Epoch: [60][68/176]	Time 0.077 (0.093)	Data 0.002 (0.010)	Loss 0.5015 (0.6766)	Prec@1 93.750 (90.302)
Epoch: [60][85/176]	Time 0.087 (0.091)	Data 0.002 (0.008)	Loss 0.5682 (0.6394)	Prec@1 94.531 (91.125)
Epoch: [60][102/176]	Time 0.081 (0.090)	Data 0.001 (0.007)	Loss 0.5316 (0.6223)	Prec@1 94.531 (91.463)
Epoch: [60][119/176]	Time 0.073 (0.088)	Data 0.001 (0.006)	Loss 0.4985 (0.6020)	Prec@1 93.359 (91.823)
Epoch: [60][136/176]	Time 0.071 (0.088)	Data 0.001 (0.006)	Loss 0.5283 (0.5872)	Prec@1 93.359 (92.153)
Epoch: [60][153/176]	Time 0.072 (0.087)	Data 0.001 (0.005)	Loss 0.4359 (0.5752)	Prec@1 94.531 (92.337)
Epoch: [60][170/176]	Time 0.075 (0.086)	Data 0.000 (0.005)	Loss 0.5565 (0.5670)	Prec@1 91.797 (92.475)
 * Prec@1 86.580
 * Prec@1 86.040
 * Prec@1 85.400
 * Prec@1 86.980
 * Noisy Prec@1 86.14
	 * New best: 86.14001
current lr 2.00000e-02
Epoch: [61][0/176]	Time 0.653 (0.653)	Data 0.569 (0.569)	Loss 0.4694 (0.4694)	Prec@1 92.578 (92.578)
Epoch: [61][17/176]	Time 0.073 (0.105)	Data 0.001 (0.033)	Loss 0.4408 (0.4585)	Prec@1 94.922 (94.097)
Epoch: [61][34/176]	Time 0.085 (0.091)	Data 0.001 (0.018)	Loss 0.4070 (0.4575)	Prec@1 95.703 (94.230)
Epoch: [61][51/176]	Time 0.080 (0.089)	Data 0.002 (0.012)	Loss 0.3980 (0.4613)	Prec@1 95.312 (94.171)
Epoch: [61][68/176]	Time 0.087 (0.088)	Data 0.002 (0.010)	Loss 0.5061 (0.4556)	Prec@1 92.969 (94.163)
Epoch: [61][85/176]	Time 0.087 (0.087)	Data 0.001 (0.008)	Loss 0.4084 (0.4529)	Prec@1 95.703 (94.204)
Epoch: [61][102/176]	Time 0.072 (0.085)	Data 0.002 (0.007)	Loss 0.4825 (0.4518)	Prec@1 93.750 (94.247)
Epoch: [61][119/176]	Time 0.080 (0.085)	Data 0.001 (0.006)	Loss 0.4281 (0.4505)	Prec@1 93.750 (94.268)
Epoch: [61][136/176]	Time 0.084 (0.084)	Data 0.002 (0.006)	Loss 0.4652 (0.4473)	Prec@1 94.141 (94.386)
Epoch: [61][153/176]	Time 0.075 (0.084)	Data 0.002 (0.005)	Loss 0.4448 (0.4451)	Prec@1 94.141 (94.417)
Epoch: [61][170/176]	Time 0.070 (0.083)	Data 0.000 (0.005)	Loss 0.3823 (0.4448)	Prec@1 96.484 (94.417)
 * Prec@1 89.200
 * Prec@1 89.220
 * Prec@1 88.820
 * Prec@1 89.500
 * Noisy Prec@1 89.18
	 * New best: 89.18000
current lr 2.00000e-02
Epoch: [62][0/176]	Time 0.537 (0.537)	Data 0.446 (0.446)	Loss 0.5851 (0.5851)	Prec@1 92.578 (92.578)
Epoch: [62][17/176]	Time 0.087 (0.109)	Data 0.002 (0.026)	Loss 0.5181 (0.4304)	Prec@1 94.141 (94.379)
Epoch: [62][34/176]	Time 0.094 (0.097)	Data 0.002 (0.014)	Loss 0.4135 (0.4328)	Prec@1 93.750 (94.342)
Epoch: [62][51/176]	Time 0.072 (0.091)	Data 0.002 (0.010)	Loss 0.5027 (0.4375)	Prec@1 93.750 (94.163)
Epoch: [62][68/176]	Time 0.074 (0.087)	Data 0.001 (0.008)	Loss 0.3977 (0.4272)	Prec@1 96.484 (94.458)
Epoch: [62][85/176]	Time 0.094 (0.086)	Data 0.002 (0.007)	Loss 0.4257 (0.4290)	Prec@1 95.312 (94.445)
Epoch: [62][102/176]	Time 0.071 (0.086)	Data 0.001 (0.006)	Loss 0.4649 (0.4259)	Prec@1 92.188 (94.459)
Epoch: [62][119/176]	Time 0.071 (0.085)	Data 0.001 (0.005)	Loss 0.3534 (0.4219)	Prec@1 95.312 (94.479)
Epoch: [62][136/176]	Time 0.078 (0.085)	Data 0.002 (0.005)	Loss 0.4287 (0.4225)	Prec@1 93.750 (94.503)
Epoch: [62][153/176]	Time 0.072 (0.084)	Data 0.001 (0.004)	Loss 0.3691 (0.4227)	Prec@1 95.703 (94.448)
Traceback (most recent call last):
  File "trainer_resnet.py", line 333, in <module>
    main()
  File "trainer_resnet.py", line 138, in main
    train(train_loader, model, criterion, optimizer, epoch, args=args, clip_fn=clip_weights)
  File "trainer_resnet.py", line 216, in train
    optimizer.step()
  File "/u/jbu/.conda/envs/msc/lib/python3.7/site-packages/torch/optim/lr_scheduler.py", line 67, in wrapper
    return wrapped(*args, **kwargs)
  File "/u/jbu/.conda/envs/msc/lib/python3.7/site-packages/torch/autograd/grad_mode.py", line 26, in decorate_context
    return func(*args, **kwargs)
  File "/u/jbu/.conda/envs/msc/lib/python3.7/site-packages/torch/optim/sgd.py", line 99, in step
    d_p = d_p.add(p, alpha=weight_decay)
KeyboardInterrupt
