Sender: LSF System <lsfadmin@zhcc004>
Subject: Job 777159: <python3 trainer_resnet.py -seed=0 -batch_size=256 -weight_decay=0.0005 -momentum=0.9 -save_every=10 -lr=0.1 -n_attack_steps=10 -beta_robustness=0.0 -gamma=0.0 -eps_pga=0.0 -eta_train=0.026 -eta_mode=range -clipping_alpha=2.0 -attack_size_mismatch=0.2 -initial_std=0.001 -pretrained -burn_in=0 -workers=4 -n_epochs=300 -dataset=cifar10 -architecture=resnet32 -start_epoch=60 -data_dir=/dataP/jbu -session_id=4155850010> in cluster <ZHC2clusterLSF> Exited

Job <python3 trainer_resnet.py -seed=0 -batch_size=256 -weight_decay=0.0005 -momentum=0.9 -save_every=10 -lr=0.1 -n_attack_steps=10 -beta_robustness=0.0 -gamma=0.0 -eps_pga=0.0 -eta_train=0.026 -eta_mode=range -clipping_alpha=2.0 -attack_size_mismatch=0.2 -initial_std=0.001 -pretrained -burn_in=0 -workers=4 -n_epochs=300 -dataset=cifar10 -architecture=resnet32 -start_epoch=60 -data_dir=/dataP/jbu -session_id=4155850010> was submitted from host <zhcc022> by user <jbu> in cluster <ZHC2clusterLSF> at Tue Nov 23 12:49:12 2021
Job was executed on host(s) <zhcc004>, in queue <prod.med>, as user <jbu> in cluster <ZHC2clusterLSF> at Tue Nov 23 12:49:13 2021
</u/jbu> was used as the home directory.
</u/jbu/Resnet32-ICLR> was used as the working directory.
Started at Tue Nov 23 12:49:13 2021
Terminated at Tue Nov 23 12:50:29 2021
Results reported at Tue Nov 23 12:50:29 2021

Your job looked like:

------------------------------------------------------------
# LSBATCH: User input
python3 trainer_resnet.py -seed=0 -batch_size=256 -weight_decay=0.0005 -momentum=0.9 -save_every=10 -lr=0.1 -n_attack_steps=10 -beta_robustness=0.0 -gamma=0.0 -eps_pga=0.0 -eta_train=0.026 -eta_mode=range -clipping_alpha=2.0 -attack_size_mismatch=0.2 -initial_std=0.001 -pretrained -burn_in=0 -workers=4 -n_epochs=300 -dataset=cifar10 -architecture=resnet32 -start_epoch=60 -data_dir=/dataP/jbu -session_id=4155850010
------------------------------------------------------------

TERM_OWNER: job killed by owner.
Exited with exit code 1.

Resource usage summary:

    CPU time :                                   245.82 sec.
    Max Memory :                                 2009 MB
    Average Memory :                             1318.62 MB
    Total Requested Memory :                     -
    Delta Memory :                               -
    Max Swap :                                   -
    Max Processes :                              7
    Max Threads :                                133
    Run time :                                   77 sec.
    Turnaround time :                            77 sec.

The output (if any) follows:

Loaded pretrained model from /ibm/gpfs-homes/jbu/Resnet32-ICLR/Resources/cifar10_pretrained_models/resnet32.th
Files already downloaded and verified
Files already downloaded and verified
Files already downloaded and verified
/u/jbu/.conda/envs/msc/lib/python3.7/site-packages/torch/optim/lr_scheduler.py:136: UserWarning: Detected call of `lr_scheduler.step()` before `optimizer.step()`. In PyTorch 1.1.0 and later, you should call them in the opposite order: `optimizer.step()` before `lr_scheduler.step()`.  Failure to do this will result in PyTorch skipping the first value of the learning rate schedule. See more details at https://pytorch.org/docs/stable/optim.html#how-to-adjust-learning-rate
  "https://pytorch.org/docs/stable/optim.html#how-to-adjust-learning-rate", UserWarning)
 * Prec@1 94.280
 * Prec@1 15.320
 * Prec@1 15.620
 * Prec@1 14.820
 * Prec@1 15.680
 * Noisy Prec@1 15.37
After loading, with clipping@2.00 15.32 w/o 94.28 noisy: 15.37pm0.48
current lr 2.00000e-02
Epoch: [60][0/176]	Time 0.650 (0.650)	Data 0.569 (0.569)	Loss 0.8340 (0.8340)	Prec@1 87.109 (87.109)
Epoch: [60][17/176]	Time 0.071 (0.104)	Data 0.001 (0.033)	Loss 0.6666 (0.7841)	Prec@1 89.844 (90.582)
Epoch: [60][34/176]	Time 0.071 (0.088)	Data 0.001 (0.018)	Loss 0.5756 (0.7252)	Prec@1 91.406 (90.357)
Epoch: [60][51/176]	Time 0.071 (0.083)	Data 0.001 (0.012)	Loss 0.5190 (0.6667)	Prec@1 93.750 (91.158)
Epoch: [60][68/176]	Time 0.080 (0.082)	Data 0.002 (0.010)	Loss 0.4084 (0.6197)	Prec@1 96.875 (91.955)
Epoch: [60][85/176]	Time 0.073 (0.081)	Data 0.001 (0.008)	Loss 0.5015 (0.5906)	Prec@1 95.703 (92.624)
Epoch: [60][102/176]	Time 0.073 (0.080)	Data 0.001 (0.007)	Loss 0.4595 (0.5780)	Prec@1 95.703 (92.866)
Epoch: [60][119/176]	Time 0.082 (0.080)	Data 0.001 (0.006)	Loss 0.4297 (0.5633)	Prec@1 95.703 (92.972)
Epoch: [60][136/176]	Time 0.082 (0.080)	Data 0.002 (0.006)	Loss 0.5018 (0.5518)	Prec@1 93.359 (93.220)
Epoch: [60][153/176]	Time 0.087 (0.081)	Data 0.002 (0.005)	Loss 0.4241 (0.5475)	Prec@1 93.750 (93.248)
Epoch: [60][170/176]	Time 0.069 (0.081)	Data 0.000 (0.005)	Loss 0.3829 (0.5387)	Prec@1 96.875 (93.369)
 * Prec@1 84.800
 * Prec@1 85.180
 * Prec@1 84.840
 * Prec@1 84.860
 * Noisy Prec@1 84.96
	 * New best: 84.96000
current lr 2.00000e-02
Epoch: [61][0/176]	Time 0.641 (0.641)	Data 0.570 (0.570)	Loss 0.4809 (0.4809)	Prec@1 92.969 (92.969)
Epoch: [61][17/176]	Time 0.071 (0.103)	Data 0.001 (0.033)	Loss 0.4409 (0.4400)	Prec@1 95.312 (94.770)
Epoch: [61][34/176]	Time 0.077 (0.091)	Data 0.002 (0.018)	Loss 0.4142 (0.4405)	Prec@1 94.141 (94.743)
Epoch: [61][51/176]	Time 0.074 (0.085)	Data 0.002 (0.012)	Loss 0.4533 (0.4385)	Prec@1 94.922 (94.802)
Epoch: [61][68/176]	Time 0.071 (0.082)	Data 0.001 (0.010)	Loss 0.4076 (0.4407)	Prec@1 96.094 (94.718)
Epoch: [61][85/176]	Time 0.071 (0.080)	Data 0.001 (0.008)	Loss 0.4211 (0.4399)	Prec@1 94.531 (94.795)
Epoch: [61][102/176]	Time 0.071 (0.079)	Data 0.001 (0.007)	Loss 0.3459 (0.4396)	Prec@1 95.703 (94.698)
Epoch: [61][119/176]	Time 0.071 (0.078)	Data 0.001 (0.006)	Loss 0.3991 (0.4360)	Prec@1 94.922 (94.743)
Epoch: [61][136/176]	Time 0.071 (0.077)	Data 0.001 (0.006)	Loss 0.4290 (0.4333)	Prec@1 96.094 (94.885)
Epoch: [61][153/176]	Time 0.072 (0.076)	Data 0.001 (0.005)	Loss 0.4709 (0.4335)	Prec@1 92.578 (94.846)
Epoch: [61][170/176]	Time 0.070 (0.076)	Data 0.000 (0.005)	Loss 0.3842 (0.4321)	Prec@1 94.922 (94.828)
 * Prec@1 87.000
 * Prec@1 86.900
 * Prec@1 86.620
 * Prec@1 86.720
 * Noisy Prec@1 86.75
	 * New best: 86.74667
current lr 2.00000e-02
Epoch: [62][0/176]	Time 0.672 (0.672)	Data 0.578 (0.578)	Loss 0.3773 (0.3773)	Prec@1 95.312 (95.312)
Epoch: [62][17/176]	Time 0.071 (0.111)	Data 0.001 (0.034)	Loss 0.3464 (0.4177)	Prec@1 95.703 (94.900)
Epoch: [62][34/176]	Time 0.085 (0.096)	Data 0.003 (0.018)	Loss 0.3525 (0.4082)	Prec@1 96.484 (95.078)
Epoch: [62][51/176]	Time 0.071 (0.089)	Data 0.001 (0.013)	Loss 0.4564 (0.4112)	Prec@1 95.312 (95.110)
Epoch: [62][68/176]	Time 0.076 (0.087)	Data 0.002 (0.010)	Loss 0.3612 (0.4072)	Prec@1 95.703 (95.120)
Epoch: [62][85/176]	Time 0.073 (0.085)	Data 0.001 (0.008)	Loss 0.4665 (0.4034)	Prec@1 95.312 (95.226)
Epoch: [62][102/176]	Time 0.071 (0.082)	Data 0.001 (0.007)	Loss 0.3525 (0.4068)	Prec@1 96.875 (95.168)
Epoch: [62][119/176]	Time 0.071 (0.081)	Data 0.001 (0.006)	Loss 0.4457 (0.4041)	Prec@1 94.531 (95.130)
Epoch: [62][136/176]	Time 0.074 (0.080)	Data 0.002 (0.006)	Loss 0.4015 (0.4054)	Prec@1 94.531 (95.093)
Epoch: [62][153/176]	Time 0.071 (0.079)	Data 0.001 (0.005)	Loss 0.4525 (0.4055)	Prec@1 94.922 (95.077)
Epoch: [62][170/176]	Time 0.070 (0.078)	Data 0.000 (0.005)	Loss 0.3595 (0.4050)	Prec@1 96.094 (95.045)
 * Prec@1 87.020
 * Prec@1 87.400
 * Prec@1 86.460
Exception ignored in: <function _MultiProcessingDataLoaderIter.__del__ at 0x1002857e34d0>
Traceback (most recent call last):
  File "/u/jbu/.conda/envs/msc/lib/python3.7/site-packages/torch/utils/data/dataloader.py", line 1202, in __del__
    def __del__(self):
KeyboardInterrupt
Traceback (most recent call last):
  File "trainer_resnet.py", line 333, in <module>
    main()
  File "trainer_resnet.py", line 142, in main
    mean_prec1, std_prec1 = validate_noisy(val_loader, model, args, eta_inf=args.eta_train, eta_mode=args.eta_mode, n_inf=3)
  File "trainer_resnet.py", line 255, in validate_noisy
    accs[i] = validate(val_loader, model_noisy, args)
  File "trainer_resnet.py", line 278, in validate
    output = model(input_var)
  File "/u/jbu/.conda/envs/msc/lib/python3.7/site-packages/torch/nn/modules/module.py", line 727, in _call_impl
    result = self.forward(*input, **kwargs)
  File "/u/jbu/.conda/envs/msc/lib/python3.7/site-packages/torch/nn/parallel/data_parallel.py", line 159, in forward
    return self.module(*inputs[0], **kwargs[0])
  File "/u/jbu/.conda/envs/msc/lib/python3.7/site-packages/torch/nn/modules/module.py", line 727, in _call_impl
    result = self.forward(*input, **kwargs)
  File "/ibm/gpfs-homes/jbu/Resnet32-ICLR/Architectures/cifar_resnet.py", line 109, in forward
    out = self.layer2(out)
  File "/u/jbu/.conda/envs/msc/lib/python3.7/site-packages/torch/nn/modules/module.py", line 727, in _call_impl
    result = self.forward(*input, **kwargs)
  File "/u/jbu/.conda/envs/msc/lib/python3.7/site-packages/torch/nn/modules/container.py", line 117, in forward
    input = module(input)
  File "/u/jbu/.conda/envs/msc/lib/python3.7/site-packages/torch/nn/modules/module.py", line 727, in _call_impl
    result = self.forward(*input, **kwargs)
  File "/ibm/gpfs-homes/jbu/Resnet32-ICLR/Architectures/cifar_resnet.py", line 79, in forward
    out = F.relu(out)
  File "/u/jbu/.conda/envs/msc/lib/python3.7/site-packages/torch/nn/functional.py", line 1136, in relu
    result = torch.relu(input)
KeyboardInterrupt
