Sender: LSF System <lsfadmin@zhcc008>
Subject: Job 768149: <python3 trainer_resnet.py -seed=0 -batch_size=256 -weight_decay=0.0005 -momentum=0.9 -save_every=10 -lr=0.1 -n_attack_steps=3 -beta_robustness=0.25 -eta_train=0.026 -eta_mode=range -clipping_alpha=2.0 -attack_size_mismatch=0.2 -initial_std=0.001 -pretrained -burn_in=0 -workers=4 -n_epochs=300 -dataset=cifar10 -architecture=resnet32 -start_epoch=60 -data_dir=/dataP/jbu -session_id=4434558450> in cluster <ZHC2clusterLSF> Exited

Job <python3 trainer_resnet.py -seed=0 -batch_size=256 -weight_decay=0.0005 -momentum=0.9 -save_every=10 -lr=0.1 -n_attack_steps=3 -beta_robustness=0.25 -eta_train=0.026 -eta_mode=range -clipping_alpha=2.0 -attack_size_mismatch=0.2 -initial_std=0.001 -pretrained -burn_in=0 -workers=4 -n_epochs=300 -dataset=cifar10 -architecture=resnet32 -start_epoch=60 -data_dir=/dataP/jbu -session_id=4434558450> was submitted from host <zhcc022> by user <jbu> in cluster <ZHC2clusterLSF> at Tue Nov  2 14:09:21 2021
Job was executed on host(s) <zhcc008>, in queue <prod.med>, as user <jbu> in cluster <ZHC2clusterLSF> at Tue Nov  2 14:09:22 2021
</u/jbu> was used as the home directory.
</u/jbu/Master-Thesis> was used as the working directory.
Started at Tue Nov  2 14:09:22 2021
Terminated at Tue Nov  2 14:13:13 2021
Results reported at Tue Nov  2 14:13:13 2021

Your job looked like:

------------------------------------------------------------
# LSBATCH: User input
python3 trainer_resnet.py -seed=0 -batch_size=256 -weight_decay=0.0005 -momentum=0.9 -save_every=10 -lr=0.1 -n_attack_steps=3 -beta_robustness=0.25 -eta_train=0.026 -eta_mode=range -clipping_alpha=2.0 -attack_size_mismatch=0.2 -initial_std=0.001 -pretrained -burn_in=0 -workers=4 -n_epochs=300 -dataset=cifar10 -architecture=resnet32 -start_epoch=60 -data_dir=/dataP/jbu -session_id=4434558450
------------------------------------------------------------

TERM_OWNER: job killed by owner.
Exited with exit code 1.

Resource usage summary:

    CPU time :                                   359.94 sec.
    Max Memory :                                 2056 MB
    Average Memory :                             1978.26 MB
    Total Requested Memory :                     -
    Delta Memory :                               -
    Max Swap :                                   2 MB
    Max Processes :                              7
    Max Threads :                                24
    Run time :                                   235 sec.
    Turnaround time :                            232 sec.

The output (if any) follows:

Loaded pretrained model from /ibm/gpfs-homes/jbu/Master-Thesis/Resources/cifar10_pretrained_models/resnet32.th
Files already downloaded and verified
Files already downloaded and verified
Files already downloaded and verified
/u/jbu/.conda/envs/msc/lib/python3.7/site-packages/torch/optim/lr_scheduler.py:136: UserWarning: Detected call of `lr_scheduler.step()` before `optimizer.step()`. In PyTorch 1.1.0 and later, you should call them in the opposite order: `optimizer.step()` before `lr_scheduler.step()`.  Failure to do this will result in PyTorch skipping the first value of the learning rate schedule. See more details at https://pytorch.org/docs/stable/optim.html#how-to-adjust-learning-rate
  "https://pytorch.org/docs/stable/optim.html#how-to-adjust-learning-rate", UserWarning)
 * Prec@1 93.900
 * Prec@1 19.920
 * Prec@1 20.820
 * Prec@1 18.920
 * Prec@1 20.440
 * Noisy Prec@1 20.06
After loading, with clipping@2.00 19.92 w/o 93.90 noisy: 20.06pm1.01
current lr 2.00000e-02
Epoch: [60][0/176]	Time 0.973 (0.973)	Data 0.471 (0.471)	Loss 2.9979 (2.9979)	Prec@1 78.906 (78.906)
Epoch: [60][17/176]	Time 0.464 (0.493)	Data 0.001 (0.027)	Loss 2.2995 (2.8325)	Prec@1 80.078 (81.141)
Epoch: [60][34/176]	Time 0.474 (0.481)	Data 0.001 (0.015)	Loss 1.8851 (2.5367)	Prec@1 80.469 (79.665)
Epoch: [60][51/176]	Time 0.468 (0.476)	Data 0.001 (0.010)	Loss 1.6384 (2.2902)	Prec@1 82.812 (80.183)
Epoch: [60][68/176]	Time 0.467 (0.474)	Data 0.001 (0.008)	Loss 1.4332 (2.1141)	Prec@1 87.891 (81.029)
Epoch: [60][85/176]	Time 0.471 (0.473)	Data 0.001 (0.007)	Loss 1.5169 (1.9902)	Prec@1 87.500 (81.827)
Epoch: [60][102/176]	Time 0.469 (0.472)	Data 0.001 (0.006)	Loss 1.3353 (1.8924)	Prec@1 88.281 (82.524)
Epoch: [60][119/176]	Time 0.468 (0.472)	Data 0.001 (0.005)	Loss 1.3097 (1.8160)	Prec@1 84.766 (83.135)
Epoch: [60][136/176]	Time 0.468 (0.472)	Data 0.001 (0.005)	Loss 1.3148 (1.7526)	Prec@1 83.984 (83.628)
Epoch: [60][153/176]	Time 0.465 (0.471)	Data 0.001 (0.004)	Loss 1.1764 (1.6994)	Prec@1 89.453 (84.126)
Epoch: [60][170/176]	Time 0.465 (0.471)	Data 0.000 (0.004)	Loss 1.2013 (1.6541)	Prec@1 87.500 (84.537)
 * Prec@1 88.260
 * Prec@1 87.960
 * Prec@1 87.980
 * Prec@1 88.180
 * Noisy Prec@1 88.04
	 * New best: 88.04000
current lr 2.00000e-02
Epoch: [61][0/176]	Time 1.021 (1.021)	Data 0.549 (0.549)	Loss 1.2423 (1.2423)	Prec@1 87.891 (87.891)
Epoch: [61][17/176]	Time 0.464 (0.496)	Data 0.001 (0.032)	Loss 1.2277 (1.1900)	Prec@1 87.891 (89.019)
Epoch: [61][34/176]	Time 0.463 (0.481)	Data 0.001 (0.017)	Loss 1.1244 (1.1776)	Prec@1 91.797 (89.241)
Epoch: [61][51/176]	Time 0.463 (0.475)	Data 0.001 (0.012)	Loss 1.2034 (1.1711)	Prec@1 89.844 (89.325)
Epoch: [61][68/176]	Time 0.464 (0.472)	Data 0.001 (0.009)	Loss 1.1148 (1.1731)	Prec@1 89.844 (89.017)
Epoch: [61][85/176]	Time 0.464 (0.471)	Data 0.001 (0.008)	Loss 1.1141 (1.1656)	Prec@1 88.672 (89.117)
Epoch: [61][102/176]	Time 0.463 (0.469)	Data 0.001 (0.006)	Loss 1.0726 (1.1606)	Prec@1 90.625 (89.245)
Epoch: [61][119/176]	Time 0.463 (0.469)	Data 0.001 (0.006)	Loss 1.0787 (1.1541)	Prec@1 91.797 (89.395)
Epoch: [61][136/176]	Time 0.463 (0.468)	Data 0.001 (0.005)	Loss 1.0533 (1.1474)	Prec@1 89.844 (89.493)
Epoch: [61][153/176]	Time 0.463 (0.467)	Data 0.001 (0.005)	Loss 1.0704 (1.1431)	Prec@1 91.797 (89.489)
Epoch: [61][170/176]	Time 0.461 (0.467)	Data 0.000 (0.004)	Loss 1.0542 (1.1383)	Prec@1 90.234 (89.592)
 * Prec@1 89.060
 * Prec@1 88.700
 * Prec@1 88.620
 * Prec@1 88.880
 * Noisy Prec@1 88.73
	 * New best: 88.73334
current lr 2.00000e-02
Epoch: [62][0/176]	Time 1.000 (1.000)	Data 0.523 (0.523)	Loss 1.0435 (1.0435)	Prec@1 92.578 (92.578)
Epoch: [62][17/176]	Time 0.464 (0.493)	Data 0.001 (0.030)	Loss 1.0363 (1.0792)	Prec@1 96.094 (89.822)
Epoch: [62][34/176]	Time 0.463 (0.479)	Data 0.001 (0.016)	Loss 1.0409 (1.0852)	Prec@1 92.188 (90.033)
Epoch: [62][51/176]	Time 0.463 (0.474)	Data 0.001 (0.011)	Loss 1.1205 (1.0886)	Prec@1 91.406 (90.370)
Epoch: [62][68/176]	Time 0.463 (0.474)	Data 0.001 (0.009)	Loss 1.0231 (1.0843)	Prec@1 92.578 (90.489)
Epoch: [62][85/176]	Time 0.463 (0.472)	Data 0.001 (0.007)	Loss 1.1534 (1.0821)	Prec@1 89.453 (90.561)
Traceback (most recent call last):
  File "trainer_resnet.py", line 339, in <module>
    main()
  File "trainer_resnet.py", line 144, in main
    train(train_loader, model, criterion, optimizer, epoch, args=args, clip_fn=clip_weights)
  File "trainer_resnet.py", line 219, in train
    epoch=epoch - args.start_epoch
  File "/ibm/gpfs-homes/jbu/Master-Thesis/Losses/torch_loss.py", line 138, in compute_gradient_and_backward
    X
  File "/ibm/gpfs-homes/jbu/Master-Thesis/Losses/torch_loss.py", line 79, in _adversarial_loss
    step_loss.backward()
  File "/u/jbu/.conda/envs/msc/lib/python3.7/site-packages/torch/tensor.py", line 221, in backward
    torch.autograd.backward(self, gradient, retain_graph, create_graph)
  File "/u/jbu/.conda/envs/msc/lib/python3.7/site-packages/torch/autograd/__init__.py", line 132, in backward
    allow_unreachable=True)  # allow_unreachable flag
KeyboardInterrupt
