Sender: LSF System <lsfadmin@zhcc003>
Subject: Job 768125: <python3 trainer_resnet.py -seed=0 -batch_size=256 -weight_decay=0.0005 -momentum=0.9 -save_every=10 -lr=0.1 -n_attack_steps=3 -beta_robustness=0.25 -eta_train=0.037 -eta_mode=range -clipping_alpha=2.0 -attack_size_mismatch=0.2 -initial_std=0.001 -pretrained -burn_in=0 -workers=4 -n_epochs=300 -dataset=cifar10 -architecture=resnet32 -start_epoch=60 -data_dir=/dataP/jbu -session_id=4798321052> in cluster <ZHC2clusterLSF> Exited

Job <python3 trainer_resnet.py -seed=0 -batch_size=256 -weight_decay=0.0005 -momentum=0.9 -save_every=10 -lr=0.1 -n_attack_steps=3 -beta_robustness=0.25 -eta_train=0.037 -eta_mode=range -clipping_alpha=2.0 -attack_size_mismatch=0.2 -initial_std=0.001 -pretrained -burn_in=0 -workers=4 -n_epochs=300 -dataset=cifar10 -architecture=resnet32 -start_epoch=60 -data_dir=/dataP/jbu -session_id=4798321052> was submitted from host <zhcc022> by user <jbu> in cluster <ZHC2clusterLSF> at Tue Nov  2 14:07:40 2021
Job was executed on host(s) <zhcc003>, in queue <prod.med>, as user <jbu> in cluster <ZHC2clusterLSF> at Tue Nov  2 14:07:41 2021
</u/jbu> was used as the home directory.
</u/jbu/Master-Thesis> was used as the working directory.
Started at Tue Nov  2 14:07:41 2021
Terminated at Tue Nov  2 14:08:41 2021
Results reported at Tue Nov  2 14:08:41 2021

Your job looked like:

------------------------------------------------------------
# LSBATCH: User input
python3 trainer_resnet.py -seed=0 -batch_size=256 -weight_decay=0.0005 -momentum=0.9 -save_every=10 -lr=0.1 -n_attack_steps=3 -beta_robustness=0.25 -eta_train=0.037 -eta_mode=range -clipping_alpha=2.0 -attack_size_mismatch=0.2 -initial_std=0.001 -pretrained -burn_in=0 -workers=4 -n_epochs=300 -dataset=cifar10 -architecture=resnet32 -start_epoch=60 -data_dir=/dataP/jbu -session_id=4798321052
------------------------------------------------------------

TERM_OWNER: job killed by owner.
Exited with exit code 1.

Resource usage summary:

    CPU time :                                   99.91 sec.
    Max Memory :                                 2024 MB
    Average Memory :                             1419.64 MB
    Total Requested Memory :                     -
    Delta Memory :                               -
    Max Swap :                                   -
    Max Processes :                              7
    Max Threads :                                133
    Run time :                                   66 sec.
    Turnaround time :                            61 sec.

The output (if any) follows:

Loaded pretrained model from /ibm/gpfs-homes/jbu/Master-Thesis/Resources/cifar10_pretrained_models/resnet32.th
Files already downloaded and verified
Files already downloaded and verified
Files already downloaded and verified
/u/jbu/.conda/envs/msc/lib/python3.7/site-packages/torch/optim/lr_scheduler.py:136: UserWarning: Detected call of `lr_scheduler.step()` before `optimizer.step()`. In PyTorch 1.1.0 and later, you should call them in the opposite order: `optimizer.step()` before `lr_scheduler.step()`.  Failure to do this will result in PyTorch skipping the first value of the learning rate schedule. See more details at https://pytorch.org/docs/stable/optim.html#how-to-adjust-learning-rate
  "https://pytorch.org/docs/stable/optim.html#how-to-adjust-learning-rate", UserWarning)
 * Prec@1 93.900
 * Prec@1 19.920
 * Prec@1 20.880
 * Prec@1 18.080
 * Prec@1 20.360
 * Noisy Prec@1 19.77
After loading, with clipping@2.00 19.92 w/o 93.90 noisy: 19.77pm1.49
current lr 2.00000e-02
Exception ignored in: <function _MultiProcessingDataLoaderIter.__del__ at 0x1002857e04d0>
Traceback (most recent call last):
  File "/u/jbu/.conda/envs/msc/lib/python3.7/site-packages/torch/utils/data/dataloader.py", line 1202, in __del__
    def __del__(self):
KeyboardInterrupt
Epoch: [60][0/176]	Time 1.025 (1.025)	Data 0.501 (0.501)	Loss 2.9836 (2.9836)	Prec@1 78.516 (78.516)
Epoch: [60][17/176]	Time 0.471 (0.511)	Data 0.001 (0.029)	Loss 2.4594 (2.7955)	Prec@1 82.031 (80.729)
Epoch: [60][34/176]	Time 0.469 (0.490)	Data 0.001 (0.015)	Loss 1.8455 (2.5263)	Prec@1 78.516 (77.913)
Epoch: [60][51/176]	Time 0.464 (0.483)	Data 0.001 (0.011)	Loss 1.6648 (2.3027)	Prec@1 85.547 (78.335)
Epoch: [60][68/176]	Time 0.465 (0.479)	Data 0.001 (0.008)	Loss 1.4457 (2.1393)	Prec@1 86.328 (79.246)
Epoch: [60][85/176]	Time 0.463 (0.476)	Data 0.001 (0.007)	Loss 1.4310 (2.0214)	Prec@1 84.375 (80.183)
Traceback (most recent call last):
  File "trainer_resnet.py", line 339, in <module>
    main()
  File "trainer_resnet.py", line 144, in main
    train(train_loader, model, criterion, optimizer, epoch, args=args, clip_fn=clip_weights)
  File "trainer_resnet.py", line 219, in train
    epoch=epoch - args.start_epoch
  File "/ibm/gpfs-homes/jbu/Master-Thesis/Losses/torch_loss.py", line 138, in compute_gradient_and_backward
    X
  File "/ibm/gpfs-homes/jbu/Master-Thesis/Losses/torch_loss.py", line 92, in _adversarial_loss
    self.model_theta_star.load_state_dict({**model.state_dict(),**theta_star})
  File "/u/jbu/.conda/envs/msc/lib/python3.7/site-packages/torch/nn/modules/module.py", line 1037, in load_state_dict
    load(self)
  File "/u/jbu/.conda/envs/msc/lib/python3.7/site-packages/torch/nn/modules/module.py", line 1035, in load
    load(child, prefix + name + '.')
  File "/u/jbu/.conda/envs/msc/lib/python3.7/site-packages/torch/nn/modules/module.py", line 1035, in load
    load(child, prefix + name + '.')
  File "/u/jbu/.conda/envs/msc/lib/python3.7/site-packages/torch/nn/modules/module.py", line 1035, in load
    load(child, prefix + name + '.')
  [Previous line repeated 1 more time]
  File "/u/jbu/.conda/envs/msc/lib/python3.7/site-packages/torch/nn/modules/module.py", line 1032, in load
    state_dict, prefix, local_metadata, True, missing_keys, unexpected_keys, error_msgs)
  File "/u/jbu/.conda/envs/msc/lib/python3.7/site-packages/torch/nn/modules/batchnorm.py", line 87, in _load_from_state_dict
    missing_keys, unexpected_keys, error_msgs)
  File "/u/jbu/.conda/envs/msc/lib/python3.7/site-packages/torch/nn/modules/module.py", line 965, in _load_from_state_dict
    key = prefix + name
KeyboardInterrupt
