Sender: LSF System <lsfadmin@zhcc004>
Subject: Job 768120: <python3 trainer_resnet.py -seed=0 -batch_size=256 -weight_decay=0.0005 -momentum=0.9 -save_every=10 -lr=0.1 -n_attack_steps=3 -beta_robustness=0.1 -eta_train=0.026 -eta_mode=range -clipping_alpha=2.0 -attack_size_mismatch=0.2 -initial_std=0.001 -pretrained -burn_in=0 -workers=4 -n_epochs=300 -dataset=cifar10 -architecture=resnet32 -start_epoch=60 -data_dir=/dataP/jbu -session_id=5005063413> in cluster <ZHC2clusterLSF> Exited

Job <python3 trainer_resnet.py -seed=0 -batch_size=256 -weight_decay=0.0005 -momentum=0.9 -save_every=10 -lr=0.1 -n_attack_steps=3 -beta_robustness=0.1 -eta_train=0.026 -eta_mode=range -clipping_alpha=2.0 -attack_size_mismatch=0.2 -initial_std=0.001 -pretrained -burn_in=0 -workers=4 -n_epochs=300 -dataset=cifar10 -architecture=resnet32 -start_epoch=60 -data_dir=/dataP/jbu -session_id=5005063413> was submitted from host <zhcc022> by user <jbu> in cluster <ZHC2clusterLSF> at Tue Nov  2 14:07:39 2021
Job was executed on host(s) <zhcc004>, in queue <prod.med>, as user <jbu> in cluster <ZHC2clusterLSF> at Tue Nov  2 14:07:40 2021
</u/jbu> was used as the home directory.
</u/jbu/Master-Thesis> was used as the working directory.
Started at Tue Nov  2 14:07:40 2021
Terminated at Tue Nov  2 14:08:41 2021
Results reported at Tue Nov  2 14:08:41 2021

Your job looked like:

------------------------------------------------------------
# LSBATCH: User input
python3 trainer_resnet.py -seed=0 -batch_size=256 -weight_decay=0.0005 -momentum=0.9 -save_every=10 -lr=0.1 -n_attack_steps=3 -beta_robustness=0.1 -eta_train=0.026 -eta_mode=range -clipping_alpha=2.0 -attack_size_mismatch=0.2 -initial_std=0.001 -pretrained -burn_in=0 -workers=4 -n_epochs=300 -dataset=cifar10 -architecture=resnet32 -start_epoch=60 -data_dir=/dataP/jbu -session_id=5005063413
------------------------------------------------------------

TERM_OWNER: job killed by owner.
Exited with exit code 1.

Resource usage summary:

    CPU time :                                   102.37 sec.
    Max Memory :                                 2026 MB
    Average Memory :                             1821.55 MB
    Total Requested Memory :                     -
    Delta Memory :                               -
    Max Swap :                                   -
    Max Processes :                              7
    Max Threads :                                131
    Run time :                                   68 sec.
    Turnaround time :                            62 sec.

The output (if any) follows:

Loaded pretrained model from /ibm/gpfs-homes/jbu/Master-Thesis/Resources/cifar10_pretrained_models/resnet32.th
Files already downloaded and verified
Files already downloaded and verified
Files already downloaded and verified
/u/jbu/.conda/envs/msc/lib/python3.7/site-packages/torch/optim/lr_scheduler.py:136: UserWarning: Detected call of `lr_scheduler.step()` before `optimizer.step()`. In PyTorch 1.1.0 and later, you should call them in the opposite order: `optimizer.step()` before `lr_scheduler.step()`.  Failure to do this will result in PyTorch skipping the first value of the learning rate schedule. See more details at https://pytorch.org/docs/stable/optim.html#how-to-adjust-learning-rate
  "https://pytorch.org/docs/stable/optim.html#how-to-adjust-learning-rate", UserWarning)
 * Prec@1 93.900
 * Prec@1 19.920
 * Prec@1 20.820
 * Prec@1 18.920
 * Prec@1 20.440
 * Noisy Prec@1 20.06
After loading, with clipping@2.00 19.92 w/o 93.90 noisy: 20.06pm1.01
current lr 2.00000e-02
Epoch: [60][0/176]	Time 1.134 (1.134)	Data 0.580 (0.580)	Loss 1.5937 (1.5937)	Prec@1 83.984 (83.984)
Epoch: [60][17/176]	Time 0.468 (0.505)	Data 0.001 (0.033)	Loss 1.3136 (1.4650)	Prec@1 91.797 (91.558)
Epoch: [60][34/176]	Time 0.473 (0.490)	Data 0.001 (0.018)	Loss 1.1752 (1.3859)	Prec@1 89.453 (90.592)
Epoch: [60][51/176]	Time 0.463 (0.481)	Data 0.001 (0.012)	Loss 0.9130 (1.3084)	Prec@1 91.016 (90.490)
Epoch: [60][68/176]	Time 0.462 (0.477)	Data 0.001 (0.010)	Loss 1.0091 (1.2415)	Prec@1 91.016 (90.761)
Epoch: [60][85/176]	Time 0.463 (0.474)	Data 0.001 (0.008)	Loss 0.9771 (1.1888)	Prec@1 92.578 (91.034)
Traceback (most recent call last):
  File "trainer_resnet.py", line 339, in <module>
    main()
  File "trainer_resnet.py", line 144, in main
    train(train_loader, model, criterion, optimizer, epoch, args=args, clip_fn=clip_weights)
  File "trainer_resnet.py", line 228, in train
    output = model(input_var) #! This is inefficient, right?
  File "/u/jbu/.conda/envs/msc/lib/python3.7/site-packages/torch/nn/modules/module.py", line 727, in _call_impl
    result = self.forward(*input, **kwargs)
  File "/u/jbu/.conda/envs/msc/lib/python3.7/site-packages/torch/nn/parallel/data_parallel.py", line 151, in forward
    for t in chain(self.module.parameters(), self.module.buffers()):
  File "/u/jbu/.conda/envs/msc/lib/python3.7/site-packages/torch/nn/modules/module.py", line 1137, in buffers
    for name, buf in self.named_buffers(recurse=recurse):
  File "/u/jbu/.conda/envs/msc/lib/python3.7/site-packages/torch/nn/modules/module.py", line 1163, in named_buffers
    for elem in gen:
  File "/u/jbu/.conda/envs/msc/lib/python3.7/site-packages/torch/nn/modules/module.py", line 1059, in _named_members
    for module_prefix, module in modules:
  File "/u/jbu/.conda/envs/msc/lib/python3.7/site-packages/torch/nn/modules/module.py", line 1257, in named_modules
    for m in module.named_modules(memo, submodule_prefix):
  File "/u/jbu/.conda/envs/msc/lib/python3.7/site-packages/torch/nn/modules/module.py", line 1257, in named_modules
    for m in module.named_modules(memo, submodule_prefix):
  File "/u/jbu/.conda/envs/msc/lib/python3.7/site-packages/torch/nn/modules/module.py", line 1257, in named_modules
    for m in module.named_modules(memo, submodule_prefix):
KeyboardInterrupt
