Sender: LSF System <lsfadmin@zhcc004>
Subject: Job 777183: <python3 trainer_resnet.py -seed=0 -batch_size=256 -weight_decay=0.0005 -momentum=0.9 -save_every=10 -lr=0.1 -n_attack_steps=3 -beta_robustness=0.0 -gamma=0.1 -eps_pga=0.01 -eta_train=0.0 -eta_mode=ind -clipping_alpha=2.0 -attack_size_mismatch=0.2 -initial_std=0.001 -pretrained -burn_in=0 -workers=4 -n_epochs=300 -dataset=cifar10 -architecture=resnet32 -start_epoch=60 -data_dir=/dataP/jbu -session_id=5845743390> in cluster <ZHC2clusterLSF> Exited

Job <python3 trainer_resnet.py -seed=0 -batch_size=256 -weight_decay=0.0005 -momentum=0.9 -save_every=10 -lr=0.1 -n_attack_steps=3 -beta_robustness=0.0 -gamma=0.1 -eps_pga=0.01 -eta_train=0.0 -eta_mode=ind -clipping_alpha=2.0 -attack_size_mismatch=0.2 -initial_std=0.001 -pretrained -burn_in=0 -workers=4 -n_epochs=300 -dataset=cifar10 -architecture=resnet32 -start_epoch=60 -data_dir=/dataP/jbu -session_id=5845743390> was submitted from host <zhcc022> by user <jbu> in cluster <ZHC2clusterLSF> at Tue Nov 23 13:14:22 2021
Job was executed on host(s) <zhcc004>, in queue <prod.med>, as user <jbu> in cluster <ZHC2clusterLSF> at Tue Nov 23 13:14:23 2021
</u/jbu> was used as the home directory.
</u/jbu/Resnet32-ICLR> was used as the working directory.
Started at Tue Nov 23 13:14:23 2021
Terminated at Tue Nov 23 14:23:02 2021
Results reported at Tue Nov 23 14:23:02 2021

Your job looked like:

------------------------------------------------------------
# LSBATCH: User input
python3 trainer_resnet.py -seed=0 -batch_size=256 -weight_decay=0.0005 -momentum=0.9 -save_every=10 -lr=0.1 -n_attack_steps=3 -beta_robustness=0.0 -gamma=0.1 -eps_pga=0.01 -eta_train=0.0 -eta_mode=ind -clipping_alpha=2.0 -attack_size_mismatch=0.2 -initial_std=0.001 -pretrained -burn_in=0 -workers=4 -n_epochs=300 -dataset=cifar10 -architecture=resnet32 -start_epoch=60 -data_dir=/dataP/jbu -session_id=5845743390
------------------------------------------------------------

TERM_OWNER: job killed by owner.
Exited with exit code 1.

Resource usage summary:

    CPU time :                                   6127.92 sec.
    Max Memory :                                 2121 MB
    Average Memory :                             2046.81 MB
    Total Requested Memory :                     -
    Delta Memory :                               -
    Max Swap :                                   -
    Max Processes :                              7
    Max Threads :                                131
    Run time :                                   4120 sec.
    Turnaround time :                            4120 sec.

The output (if any) follows:

Loaded pretrained model from /ibm/gpfs-homes/jbu/Resnet32-ICLR/Resources/cifar10_pretrained_models/resnet32.th
Files already downloaded and verified
Files already downloaded and verified
Files already downloaded and verified
/u/jbu/.conda/envs/msc/lib/python3.7/site-packages/torch/optim/lr_scheduler.py:136: UserWarning: Detected call of `lr_scheduler.step()` before `optimizer.step()`. In PyTorch 1.1.0 and later, you should call them in the opposite order: `optimizer.step()` before `lr_scheduler.step()`.  Failure to do this will result in PyTorch skipping the first value of the learning rate schedule. See more details at https://pytorch.org/docs/stable/optim.html#how-to-adjust-learning-rate
  "https://pytorch.org/docs/stable/optim.html#how-to-adjust-learning-rate", UserWarning)
 * Prec@1 94.280
 * Prec@1 15.320
 * Prec@1 15.320
 * Prec@1 15.320
 * Prec@1 15.320
 * Noisy Prec@1 15.32
After loading, with clipping@2.00 15.32 w/o 94.28 noisy: 15.32pm0.00
current lr 2.00000e-02
Epoch: [60][0/176]	Time 1.067 (1.067)	Data 0.460 (0.460)	Loss 1.7415 (1.7415)	Prec@1 86.719 (86.719)
Epoch: [60][17/176]	Time 0.553 (0.566)	Data 0.001 (0.027)	Loss 1.0735 (1.5365)	Prec@1 82.812 (83.485)
Epoch: [60][34/176]	Time 0.533 (0.551)	Data 0.001 (0.014)	Loss 0.9600 (1.3161)	Prec@1 83.203 (82.768)
Epoch: [60][51/176]	Time 0.553 (0.546)	Data 0.001 (0.010)	Loss 0.8728 (1.1834)	Prec@1 86.328 (83.909)
Epoch: [60][68/176]	Time 0.533 (0.543)	Data 0.001 (0.008)	Loss 0.7916 (1.0924)	Prec@1 88.672 (85.105)
Epoch: [60][85/176]	Time 0.534 (0.542)	Data 0.001 (0.007)	Loss 0.7912 (1.0363)	Prec@1 89.844 (85.874)
Epoch: [60][102/176]	Time 0.533 (0.541)	Data 0.001 (0.006)	Loss 0.7247 (0.9967)	Prec@1 91.406 (86.389)
Epoch: [60][119/176]	Time 0.547 (0.542)	Data 0.001 (0.005)	Loss 0.7458 (0.9639)	Prec@1 90.625 (86.908)
Epoch: [60][136/176]	Time 0.532 (0.541)	Data 0.001 (0.005)	Loss 0.7643 (0.9362)	Prec@1 90.234 (87.346)
Epoch: [60][153/176]	Time 0.532 (0.541)	Data 0.001 (0.004)	Loss 0.6432 (0.9138)	Prec@1 91.406 (87.738)
Epoch: [60][170/176]	Time 0.530 (0.540)	Data 0.000 (0.004)	Loss 0.6986 (0.8936)	Prec@1 94.531 (88.110)
 * Prec@1 88.640
 * Prec@1 88.640
 * Prec@1 88.640
 * Prec@1 88.640
 * Noisy Prec@1 88.64
	 * New best: 88.63999
current lr 2.00000e-02
Epoch: [61][0/176]	Time 1.079 (1.079)	Data 0.534 (0.534)	Loss 0.6964 (0.6964)	Prec@1 93.359 (93.359)
Epoch: [61][17/176]	Time 0.532 (0.569)	Data 0.001 (0.031)	Loss 0.6785 (0.6867)	Prec@1 92.969 (92.339)
Epoch: [61][34/176]	Time 0.532 (0.552)	Data 0.001 (0.016)	Loss 0.6357 (0.6833)	Prec@1 94.141 (92.310)
Epoch: [61][51/176]	Time 0.535 (0.547)	Data 0.001 (0.011)	Loss 0.6781 (0.6891)	Prec@1 91.797 (92.270)
Epoch: [61][68/176]	Time 0.533 (0.544)	Data 0.001 (0.009)	Loss 0.6709 (0.6922)	Prec@1 94.141 (92.006)
Epoch: [61][85/176]	Time 0.532 (0.542)	Data 0.001 (0.007)	Loss 0.6970 (0.6874)	Prec@1 91.797 (92.069)
Epoch: [61][102/176]	Time 0.532 (0.542)	Data 0.001 (0.006)	Loss 0.6547 (0.6856)	Prec@1 90.625 (92.059)
Epoch: [61][119/176]	Time 0.540 (0.541)	Data 0.001 (0.006)	Loss 0.6292 (0.6790)	Prec@1 91.406 (92.119)
Epoch: [61][136/176]	Time 0.535 (0.540)	Data 0.001 (0.005)	Loss 0.5931 (0.6741)	Prec@1 92.578 (92.239)
Epoch: [61][153/176]	Time 0.552 (0.540)	Data 0.001 (0.005)	Loss 0.6341 (0.6723)	Prec@1 93.359 (92.226)
Epoch: [61][170/176]	Time 0.531 (0.540)	Data 0.000 (0.004)	Loss 0.5987 (0.6682)	Prec@1 91.406 (92.265)
 * Prec@1 88.900
 * Prec@1 88.900
 * Prec@1 88.900
 * Prec@1 88.900
 * Noisy Prec@1 88.90
	 * New best: 88.90000
current lr 2.00000e-02
Epoch: [62][0/176]	Time 1.024 (1.024)	Data 0.461 (0.461)	Loss 0.6055 (0.6055)	Prec@1 94.922 (94.922)
Epoch: [62][17/176]	Time 0.532 (0.562)	Data 0.001 (0.027)	Loss 0.5626 (0.6354)	Prec@1 96.875 (92.904)
Epoch: [62][34/176]	Time 0.536 (0.548)	Data 0.001 (0.014)	Loss 0.5813 (0.6260)	Prec@1 94.141 (92.969)
Epoch: [62][51/176]	Time 0.533 (0.544)	Data 0.001 (0.010)	Loss 0.6321 (0.6322)	Prec@1 93.359 (92.886)
Epoch: [62][68/176]	Time 0.535 (0.542)	Data 0.001 (0.008)	Loss 0.5151 (0.6296)	Prec@1 94.531 (92.946)
Epoch: [62][85/176]	Time 0.533 (0.540)	Data 0.001 (0.007)	Loss 0.7126 (0.6287)	Prec@1 91.016 (92.896)
Epoch: [62][102/176]	Time 0.533 (0.539)	Data 0.001 (0.006)	Loss 0.5898 (0.6304)	Prec@1 92.578 (92.866)
Epoch: [62][119/176]	Time 0.533 (0.539)	Data 0.001 (0.005)	Loss 0.5801 (0.6263)	Prec@1 92.578 (92.822)
Epoch: [62][136/176]	Time 0.534 (0.538)	Data 0.001 (0.005)	Loss 0.5722 (0.6263)	Prec@1 92.188 (92.792)
Epoch: [62][153/176]	Time 0.546 (0.538)	Data 0.001 (0.004)	Loss 0.6511 (0.6250)	Prec@1 91.797 (92.794)
Epoch: [62][170/176]	Time 0.534 (0.538)	Data 0.000 (0.004)	Loss 0.5681 (0.6245)	Prec@1 95.312 (92.786)
 * Prec@1 89.500
 * Prec@1 89.500
 * Prec@1 89.500
 * Prec@1 89.500
 * Noisy Prec@1 89.50
	 * New best: 89.50000
current lr 2.00000e-02
Epoch: [63][0/176]	Time 0.988 (0.988)	Data 0.428 (0.428)	Loss 0.6968 (0.6968)	Prec@1 91.406 (91.406)
Epoch: [63][17/176]	Time 0.533 (0.563)	Data 0.001 (0.025)	Loss 0.6134 (0.6299)	Prec@1 92.969 (93.099)
Epoch: [63][34/176]	Time 0.574 (0.552)	Data 0.001 (0.013)	Loss 0.5873 (0.6002)	Prec@1 95.703 (93.761)
Epoch: [63][51/176]	Time 0.544 (0.549)	Data 0.001 (0.009)	Loss 0.6412 (0.6033)	Prec@1 90.234 (93.344)
Epoch: [63][68/176]	Time 0.576 (0.548)	Data 0.001 (0.007)	Loss 0.6200 (0.6094)	Prec@1 94.141 (93.224)
Epoch: [63][85/176]	Time 0.533 (0.545)	Data 0.001 (0.006)	Loss 0.6542 (0.6103)	Prec@1 90.234 (92.991)
Epoch: [63][102/176]	Time 0.532 (0.544)	Data 0.001 (0.005)	Loss 0.6783 (0.6097)	Prec@1 89.453 (92.954)
Epoch: [63][119/176]	Time 0.543 (0.544)	Data 0.001 (0.005)	Loss 0.6097 (0.6064)	Prec@1 94.922 (93.005)
Epoch: [63][136/176]	Time 0.533 (0.542)	Data 0.001 (0.004)	Loss 0.5550 (0.6050)	Prec@1 93.359 (93.069)
Epoch: [63][153/176]	Time 0.533 (0.542)	Data 0.001 (0.004)	Loss 0.4954 (0.6068)	Prec@1 96.484 (93.004)
Epoch: [63][170/176]	Time 0.535 (0.541)	Data 0.000 (0.004)	Loss 0.6151 (0.6066)	Prec@1 92.578 (93.030)
 * Prec@1 90.400
 * Prec@1 90.400
 * Prec@1 90.400
 * Prec@1 90.400
 * Noisy Prec@1 90.40
	 * New best: 90.40000
current lr 2.00000e-02
Epoch: [64][0/176]	Time 1.006 (1.006)	Data 0.448 (0.448)	Loss 0.5834 (0.5834)	Prec@1 94.922 (94.922)
Epoch: [64][17/176]	Time 0.540 (0.562)	Data 0.001 (0.026)	Loss 0.5609 (0.5637)	Prec@1 93.359 (94.054)
Epoch: [64][34/176]	Time 0.533 (0.549)	Data 0.001 (0.014)	Loss 0.6870 (0.5821)	Prec@1 91.406 (93.348)
Epoch: [64][51/176]	Time 0.533 (0.545)	Data 0.001 (0.010)	Loss 0.5579 (0.5873)	Prec@1 92.969 (93.074)
Epoch: [64][68/176]	Time 0.533 (0.543)	Data 0.001 (0.008)	Loss 0.6101 (0.5872)	Prec@1 91.797 (93.093)
Epoch: [64][85/176]	Time 0.533 (0.542)	Data 0.001 (0.006)	Loss 0.5245 (0.5859)	Prec@1 93.750 (93.105)
Epoch: [64][102/176]	Time 0.533 (0.541)	Data 0.001 (0.006)	Loss 0.5827 (0.5887)	Prec@1 93.359 (93.083)
Epoch: [64][119/176]	Time 0.533 (0.540)	Data 0.001 (0.005)	Loss 0.5900 (0.5886)	Prec@1 91.797 (93.109)
Epoch: [64][136/176]	Time 0.533 (0.539)	Data 0.001 (0.004)	Loss 0.5673 (0.5881)	Prec@1 92.578 (93.106)
Epoch: [64][153/176]	Time 0.533 (0.539)	Data 0.001 (0.004)	Loss 0.6411 (0.5895)	Prec@1 92.969 (93.106)
Epoch: [64][170/176]	Time 0.535 (0.538)	Data 0.000 (0.004)	Loss 0.5903 (0.5883)	Prec@1 91.797 (93.099)
 * Prec@1 90.760
 * Prec@1 90.760
 * Prec@1 90.760
 * Prec@1 90.760
 * Noisy Prec@1 90.76
	 * New best: 90.76000
current lr 2.00000e-02
Epoch: [65][0/176]	Time 1.092 (1.092)	Data 0.526 (0.526)	Loss 0.5382 (0.5382)	Prec@1 92.578 (92.578)
Epoch: [65][17/176]	Time 0.533 (0.567)	Data 0.001 (0.030)	Loss 0.6412 (0.5872)	Prec@1 91.797 (92.839)
Epoch: [65][34/176]	Time 0.533 (0.553)	Data 0.001 (0.016)	Loss 0.5890 (0.5859)	Prec@1 93.359 (93.125)
Epoch: [65][51/176]	Time 0.536 (0.548)	Data 0.001 (0.011)	Loss 0.5834 (0.5783)	Prec@1 93.750 (93.344)
Epoch: [65][68/176]	Time 0.533 (0.545)	Data 0.001 (0.009)	Loss 0.6564 (0.5815)	Prec@1 90.625 (93.257)
Epoch: [65][85/176]	Time 0.533 (0.544)	Data 0.001 (0.007)	Loss 0.5105 (0.5805)	Prec@1 94.531 (93.223)
Epoch: [65][102/176]	Time 0.533 (0.542)	Data 0.001 (0.006)	Loss 0.5163 (0.5832)	Prec@1 94.531 (93.124)
Epoch: [65][119/176]	Time 0.533 (0.541)	Data 0.001 (0.006)	Loss 0.5678 (0.5833)	Prec@1 92.969 (93.125)
Epoch: [65][136/176]	Time 0.533 (0.541)	Data 0.001 (0.005)	Loss 0.5724 (0.5831)	Prec@1 91.797 (93.057)
Epoch: [65][153/176]	Time 0.533 (0.540)	Data 0.001 (0.005)	Loss 0.6202 (0.5821)	Prec@1 90.625 (93.085)
Epoch: [65][170/176]	Time 0.536 (0.540)	Data 0.000 (0.004)	Loss 0.5656 (0.5821)	Prec@1 94.141 (93.053)
 * Prec@1 90.140
 * Prec@1 90.140
 * Prec@1 90.140
 * Prec@1 90.140
 * Noisy Prec@1 90.14
current lr 2.00000e-02
Epoch: [66][0/176]	Time 1.000 (1.000)	Data 0.449 (0.449)	Loss 0.6700 (0.6700)	Prec@1 89.844 (89.844)
Epoch: [66][17/176]	Time 0.549 (0.567)	Data 0.001 (0.026)	Loss 0.5339 (0.5534)	Prec@1 93.359 (93.815)
Epoch: [66][34/176]	Time 0.533 (0.552)	Data 0.001 (0.014)	Loss 0.6357 (0.5630)	Prec@1 92.188 (93.772)
Epoch: [66][51/176]	Time 0.533 (0.546)	Data 0.001 (0.010)	Loss 0.5815 (0.5653)	Prec@1 93.750 (93.570)
Epoch: [66][68/176]	Time 0.533 (0.542)	Data 0.001 (0.008)	Loss 0.6711 (0.5722)	Prec@1 90.234 (93.269)
Epoch: [66][85/176]	Time 0.610 (0.542)	Data 0.001 (0.006)	Loss 0.5683 (0.5738)	Prec@1 93.750 (93.378)
Epoch: [66][102/176]	Time 0.536 (0.541)	Data 0.001 (0.006)	Loss 0.5732 (0.5724)	Prec@1 94.141 (93.363)
Epoch: [66][119/176]	Time 0.537 (0.540)	Data 0.001 (0.005)	Loss 0.5584 (0.5703)	Prec@1 92.969 (93.366)
Epoch: [66][136/176]	Time 0.547 (0.540)	Data 0.001 (0.004)	Loss 0.5765 (0.5718)	Prec@1 92.188 (93.280)
Epoch: [66][153/176]	Time 0.532 (0.540)	Data 0.001 (0.004)	Loss 0.5847 (0.5723)	Prec@1 93.750 (93.268)
Epoch: [66][170/176]	Time 0.534 (0.539)	Data 0.000 (0.004)	Loss 0.6156 (0.5750)	Prec@1 92.188 (93.199)
 * Prec@1 91.240
 * Prec@1 91.240
 * Prec@1 91.240
 * Prec@1 91.240
 * Noisy Prec@1 91.24
	 * New best: 91.24000
current lr 2.00000e-02
Epoch: [67][0/176]	Time 1.003 (1.003)	Data 0.449 (0.449)	Loss 0.5947 (0.5947)	Prec@1 93.359 (93.359)
Epoch: [67][17/176]	Time 0.538 (0.570)	Data 0.001 (0.026)	Loss 0.5879 (0.5476)	Prec@1 94.141 (93.707)
Epoch: [67][34/176]	Time 0.534 (0.555)	Data 0.001 (0.014)	Loss 0.5419 (0.5489)	Prec@1 94.531 (93.694)
Epoch: [67][51/176]	Time 0.532 (0.548)	Data 0.001 (0.010)	Loss 0.5654 (0.5501)	Prec@1 93.750 (93.622)
Epoch: [67][68/176]	Time 0.550 (0.547)	Data 0.001 (0.008)	Loss 0.5754 (0.5527)	Prec@1 92.578 (93.478)
Epoch: [67][85/176]	Time 0.534 (0.546)	Data 0.001 (0.006)	Loss 0.4931 (0.5536)	Prec@1 93.359 (93.459)
Epoch: [67][102/176]	Time 0.540 (0.545)	Data 0.001 (0.006)	Loss 0.6193 (0.5542)	Prec@1 91.016 (93.431)
Epoch: [67][119/176]	Time 0.533 (0.543)	Data 0.001 (0.005)	Loss 0.5180 (0.5545)	Prec@1 90.234 (93.294)
Epoch: [67][136/176]	Time 0.533 (0.542)	Data 0.001 (0.004)	Loss 0.5362 (0.5581)	Prec@1 94.141 (93.245)
Epoch: [67][153/176]	Time 0.539 (0.542)	Data 0.001 (0.004)	Loss 0.5222 (0.5590)	Prec@1 96.094 (93.233)
Epoch: [67][170/176]	Time 0.547 (0.542)	Data 0.000 (0.004)	Loss 0.5245 (0.5584)	Prec@1 93.750 (93.241)
 * Prec@1 90.620
 * Prec@1 90.620
 * Prec@1 90.620
 * Prec@1 90.620
 * Noisy Prec@1 90.62
current lr 2.00000e-02
Epoch: [68][0/176]	Time 1.002 (1.002)	Data 0.436 (0.436)	Loss 0.4692 (0.4692)	Prec@1 95.312 (95.312)
Epoch: [68][17/176]	Time 0.533 (0.563)	Data 0.001 (0.025)	Loss 0.5086 (0.5395)	Prec@1 95.312 (94.032)
Epoch: [68][34/176]	Time 0.537 (0.549)	Data 0.001 (0.014)	Loss 0.4771 (0.5413)	Prec@1 94.141 (93.873)
Epoch: [68][51/176]	Time 0.533 (0.545)	Data 0.001 (0.010)	Loss 0.5213 (0.5402)	Prec@1 93.359 (93.885)
Epoch: [68][68/176]	Time 0.542 (0.543)	Data 0.001 (0.007)	Loss 0.5352 (0.5420)	Prec@1 94.922 (93.784)
Epoch: [68][85/176]	Time 0.538 (0.542)	Data 0.001 (0.006)	Loss 0.4790 (0.5430)	Prec@1 94.922 (93.709)
Epoch: [68][102/176]	Time 0.535 (0.541)	Data 0.001 (0.005)	Loss 0.5310 (0.5501)	Prec@1 93.750 (93.564)
Epoch: [68][119/176]	Time 0.549 (0.540)	Data 0.001 (0.005)	Loss 0.6454 (0.5523)	Prec@1 92.578 (93.499)
Epoch: [68][136/176]	Time 0.534 (0.540)	Data 0.001 (0.004)	Loss 0.5487 (0.5537)	Prec@1 91.016 (93.414)
Epoch: [68][153/176]	Time 0.533 (0.539)	Data 0.001 (0.004)	Loss 0.5285 (0.5556)	Prec@1 94.141 (93.402)
Epoch: [68][170/176]	Time 0.533 (0.539)	Data 0.000 (0.004)	Loss 0.5176 (0.5554)	Prec@1 94.141 (93.426)
 * Prec@1 90.300
 * Prec@1 90.300
 * Prec@1 90.300
 * Prec@1 90.300
 * Noisy Prec@1 90.30
current lr 2.00000e-02
Epoch: [69][0/176]	Time 1.002 (1.002)	Data 0.452 (0.452)	Loss 0.5330 (0.5330)	Prec@1 92.969 (92.969)
Epoch: [69][17/176]	Time 0.553 (0.560)	Data 0.001 (0.026)	Loss 0.6368 (0.5546)	Prec@1 93.750 (93.924)
Epoch: [69][34/176]	Time 0.533 (0.551)	Data 0.001 (0.014)	Loss 0.6054 (0.5542)	Prec@1 91.797 (93.627)
Epoch: [69][51/176]	Time 0.533 (0.545)	Data 0.001 (0.010)	Loss 0.5394 (0.5502)	Prec@1 92.578 (93.562)
Epoch: [69][68/176]	Time 0.533 (0.543)	Data 0.001 (0.008)	Loss 0.5651 (0.5554)	Prec@1 94.141 (93.427)
Epoch: [69][85/176]	Time 0.546 (0.543)	Data 0.001 (0.006)	Loss 0.5487 (0.5567)	Prec@1 94.531 (93.414)
Epoch: [69][102/176]	Time 0.533 (0.543)	Data 0.001 (0.006)	Loss 0.5354 (0.5582)	Prec@1 92.578 (93.261)
Epoch: [69][119/176]	Time 0.533 (0.544)	Data 0.001 (0.005)	Loss 0.5264 (0.5578)	Prec@1 92.969 (93.271)
Epoch: [69][136/176]	Time 0.540 (0.544)	Data 0.001 (0.004)	Loss 0.5813 (0.5552)	Prec@1 91.797 (93.308)
Epoch: [69][153/176]	Time 0.543 (0.544)	Data 0.001 (0.004)	Loss 0.4951 (0.5549)	Prec@1 94.922 (93.385)
Epoch: [69][170/176]	Time 0.531 (0.543)	Data 0.000 (0.004)	Loss 0.4874 (0.5533)	Prec@1 96.875 (93.462)
 * Prec@1 91.020
 * Prec@1 91.020
 * Prec@1 91.020
 * Prec@1 91.020
 * Noisy Prec@1 91.02
current lr 2.00000e-02
Epoch: [70][0/176]	Time 1.023 (1.023)	Data 0.478 (0.478)	Loss 0.5342 (0.5342)	Prec@1 92.188 (92.188)
Epoch: [70][17/176]	Time 0.533 (0.570)	Data 0.001 (0.028)	Loss 0.4650 (0.5502)	Prec@1 94.141 (93.555)
Epoch: [70][34/176]	Time 0.547 (0.553)	Data 0.002 (0.015)	Loss 0.5972 (0.5382)	Prec@1 90.234 (93.661)
Epoch: [70][51/176]	Time 0.533 (0.548)	Data 0.001 (0.010)	Loss 0.4306 (0.5375)	Prec@1 96.094 (93.712)
Epoch: [70][68/176]	Time 0.535 (0.545)	Data 0.001 (0.008)	Loss 0.6224 (0.5398)	Prec@1 92.969 (93.688)
Epoch: [70][85/176]	Time 0.536 (0.543)	Data 0.001 (0.007)	Loss 0.5171 (0.5423)	Prec@1 95.312 (93.700)
Epoch: [70][102/176]	Time 0.534 (0.542)	Data 0.001 (0.006)	Loss 0.5713 (0.5453)	Prec@1 93.750 (93.686)
Epoch: [70][119/176]	Time 0.553 (0.541)	Data 0.001 (0.005)	Loss 0.6239 (0.5430)	Prec@1 92.969 (93.799)
Epoch: [70][136/176]	Time 0.533 (0.540)	Data 0.001 (0.005)	Loss 0.4666 (0.5457)	Prec@1 94.922 (93.741)
Epoch: [70][153/176]	Time 0.533 (0.540)	Data 0.001 (0.004)	Loss 0.5769 (0.5471)	Prec@1 94.141 (93.664)
Epoch: [70][170/176]	Time 0.533 (0.540)	Data 0.000 (0.004)	Loss 0.5365 (0.5461)	Prec@1 91.797 (93.602)
 * Prec@1 91.380
 * Prec@1 91.380
 * Prec@1 91.380
 * Prec@1 91.380
 * Noisy Prec@1 91.38
	 * New best: 91.38000
current lr 2.00000e-02
Epoch: [71][0/176]	Time 0.985 (0.985)	Data 0.417 (0.417)	Loss 0.5702 (0.5702)	Prec@1 90.625 (90.625)
Epoch: [71][17/176]	Time 0.533 (0.559)	Data 0.001 (0.024)	Loss 0.6598 (0.5259)	Prec@1 91.406 (93.446)
Epoch: [71][34/176]	Time 0.556 (0.548)	Data 0.001 (0.013)	Loss 0.5306 (0.5353)	Prec@1 93.750 (93.393)
Epoch: [71][51/176]	Time 0.533 (0.544)	Data 0.001 (0.009)	Loss 0.4843 (0.5349)	Prec@1 95.703 (93.645)
Epoch: [71][68/176]	Time 0.568 (0.544)	Data 0.001 (0.007)	Loss 0.5361 (0.5364)	Prec@1 93.750 (93.563)
Epoch: [71][85/176]	Time 0.536 (0.543)	Data 0.001 (0.006)	Loss 0.5159 (0.5366)	Prec@1 91.797 (93.532)
Epoch: [71][102/176]	Time 0.534 (0.543)	Data 0.001 (0.005)	Loss 0.5402 (0.5371)	Prec@1 92.578 (93.572)
Epoch: [71][119/176]	Time 0.533 (0.541)	Data 0.001 (0.005)	Loss 0.6190 (0.5379)	Prec@1 93.359 (93.571)
Epoch: [71][136/176]	Time 0.532 (0.541)	Data 0.001 (0.004)	Loss 0.5112 (0.5376)	Prec@1 95.312 (93.639)
Epoch: [71][153/176]	Time 0.532 (0.540)	Data 0.001 (0.004)	Loss 0.5136 (0.5392)	Prec@1 94.922 (93.595)
Epoch: [71][170/176]	Time 0.563 (0.539)	Data 0.000 (0.004)	Loss 0.5375 (0.5407)	Prec@1 91.797 (93.574)
 * Prec@1 90.840
 * Prec@1 90.840
 * Prec@1 90.840
 * Prec@1 90.840
 * Noisy Prec@1 90.84
current lr 2.00000e-02
Epoch: [72][0/176]	Time 0.985 (0.985)	Data 0.439 (0.439)	Loss 0.5641 (0.5641)	Prec@1 93.359 (93.359)
Epoch: [72][17/176]	Time 0.534 (0.559)	Data 0.001 (0.025)	Loss 0.5207 (0.5340)	Prec@1 95.703 (93.468)
Epoch: [72][34/176]	Time 0.534 (0.547)	Data 0.001 (0.014)	Loss 0.4488 (0.5208)	Prec@1 95.703 (93.783)
Epoch: [72][51/176]	Time 0.533 (0.543)	Data 0.001 (0.010)	Loss 0.5337 (0.5229)	Prec@1 92.578 (93.818)
Epoch: [72][68/176]	Time 0.538 (0.540)	Data 0.001 (0.008)	Loss 0.5034 (0.5309)	Prec@1 94.531 (93.722)
Epoch: [72][85/176]	Time 0.533 (0.539)	Data 0.001 (0.006)	Loss 0.4824 (0.5366)	Prec@1 93.750 (93.582)
Epoch: [72][102/176]	Time 0.592 (0.540)	Data 0.002 (0.005)	Loss 0.4579 (0.5329)	Prec@1 95.703 (93.682)
Epoch: [72][119/176]	Time 0.533 (0.540)	Data 0.001 (0.005)	Loss 0.5077 (0.5348)	Prec@1 93.750 (93.607)
Epoch: [72][136/176]	Time 0.534 (0.539)	Data 0.001 (0.004)	Loss 0.5343 (0.5386)	Prec@1 92.188 (93.550)
Epoch: [72][153/176]	Time 0.532 (0.539)	Data 0.001 (0.004)	Loss 0.5314 (0.5406)	Prec@1 93.359 (93.463)
Epoch: [72][170/176]	Time 0.537 (0.539)	Data 0.000 (0.004)	Loss 0.5371 (0.5410)	Prec@1 94.531 (93.439)
 * Prec@1 91.820
 * Prec@1 91.820
 * Prec@1 91.820
 * Prec@1 91.820
 * Noisy Prec@1 91.82
	 * New best: 91.82000
current lr 2.00000e-02
Epoch: [73][0/176]	Time 1.000 (1.000)	Data 0.442 (0.442)	Loss 0.5139 (0.5139)	Prec@1 95.312 (95.312)
Epoch: [73][17/176]	Time 0.533 (0.560)	Data 0.001 (0.026)	Loss 0.5798 (0.5329)	Prec@1 91.016 (93.533)
Epoch: [73][34/176]	Time 0.535 (0.550)	Data 0.001 (0.014)	Loss 0.5812 (0.5362)	Prec@1 92.188 (93.571)
Epoch: [73][51/176]	Time 0.532 (0.545)	Data 0.001 (0.010)	Loss 0.5623 (0.5353)	Prec@1 92.188 (93.495)
Epoch: [73][68/176]	Time 0.533 (0.542)	Data 0.001 (0.008)	Loss 0.5732 (0.5336)	Prec@1 92.969 (93.558)
Epoch: [73][85/176]	Time 0.533 (0.542)	Data 0.001 (0.006)	Loss 0.5175 (0.5304)	Prec@1 94.922 (93.636)
Epoch: [73][102/176]	Time 0.539 (0.541)	Data 0.001 (0.005)	Loss 0.5263 (0.5333)	Prec@1 94.141 (93.549)
Epoch: [73][119/176]	Time 0.583 (0.542)	Data 0.001 (0.005)	Loss 0.5789 (0.5335)	Prec@1 93.750 (93.506)
Epoch: [73][136/176]	Time 0.538 (0.541)	Data 0.001 (0.004)	Loss 0.5783 (0.5332)	Prec@1 92.188 (93.519)
Epoch: [73][153/176]	Time 0.562 (0.541)	Data 0.001 (0.004)	Loss 0.5460 (0.5345)	Prec@1 93.750 (93.486)
Epoch: [73][170/176]	Time 0.534 (0.541)	Data 0.000 (0.004)	Loss 0.5115 (0.5352)	Prec@1 96.094 (93.544)
 * Prec@1 91.420
 * Prec@1 91.420
 * Prec@1 91.420
 * Prec@1 91.420
 * Noisy Prec@1 91.42
current lr 2.00000e-02
Epoch: [74][0/176]	Time 1.005 (1.005)	Data 0.455 (0.455)	Loss 0.5075 (0.5075)	Prec@1 92.578 (92.578)
Epoch: [74][17/176]	Time 0.532 (0.560)	Data 0.001 (0.026)	Loss 0.5426 (0.5210)	Prec@1 92.578 (93.446)
Epoch: [74][34/176]	Time 0.532 (0.548)	Data 0.001 (0.014)	Loss 0.5243 (0.5204)	Prec@1 94.531 (93.583)
Epoch: [74][51/176]	Time 0.546 (0.544)	Data 0.001 (0.010)	Loss 0.4611 (0.5207)	Prec@1 94.531 (93.712)
Epoch: [74][68/176]	Time 0.534 (0.542)	Data 0.001 (0.008)	Loss 0.5709 (0.5242)	Prec@1 92.578 (93.603)
Epoch: [74][85/176]	Time 0.533 (0.540)	Data 0.001 (0.006)	Loss 0.5705 (0.5283)	Prec@1 94.531 (93.541)
Epoch: [74][102/176]	Time 0.533 (0.539)	Data 0.001 (0.006)	Loss 0.5521 (0.5315)	Prec@1 91.797 (93.450)
Epoch: [74][119/176]	Time 0.532 (0.538)	Data 0.001 (0.005)	Loss 0.5287 (0.5316)	Prec@1 94.141 (93.467)
Epoch: [74][136/176]	Time 0.533 (0.538)	Data 0.001 (0.004)	Loss 0.5354 (0.5316)	Prec@1 92.578 (93.459)
Epoch: [74][153/176]	Time 0.532 (0.537)	Data 0.001 (0.004)	Loss 0.5746 (0.5335)	Prec@1 90.625 (93.395)
Epoch: [74][170/176]	Time 0.532 (0.538)	Data 0.000 (0.004)	Loss 0.4916 (0.5325)	Prec@1 95.703 (93.407)
 * Prec@1 91.900
 * Prec@1 91.900
 * Prec@1 91.900
 * Prec@1 91.900
 * Noisy Prec@1 91.90
	 * New best: 91.90000
current lr 2.00000e-02
Epoch: [75][0/176]	Time 1.045 (1.045)	Data 0.491 (0.491)	Loss 0.5851 (0.5851)	Prec@1 92.578 (92.578)
Epoch: [75][17/176]	Time 0.533 (0.562)	Data 0.001 (0.028)	Loss 0.5277 (0.5344)	Prec@1 92.578 (93.533)
Epoch: [75][34/176]	Time 0.533 (0.550)	Data 0.001 (0.015)	Loss 0.5640 (0.5199)	Prec@1 92.969 (93.962)
Epoch: [75][51/176]	Time 0.533 (0.547)	Data 0.001 (0.011)	Loss 0.4537 (0.5168)	Prec@1 95.703 (94.118)
Epoch: [75][68/176]	Time 0.532 (0.544)	Data 0.001 (0.008)	Loss 0.5180 (0.5243)	Prec@1 94.531 (93.875)
Epoch: [75][85/176]	Time 0.533 (0.541)	Data 0.001 (0.007)	Loss 0.4712 (0.5236)	Prec@1 94.531 (93.782)
Epoch: [75][102/176]	Time 0.533 (0.540)	Data 0.001 (0.006)	Loss 0.5628 (0.5228)	Prec@1 92.188 (93.723)
Epoch: [75][119/176]	Time 0.536 (0.541)	Data 0.001 (0.005)	Loss 0.5466 (0.5254)	Prec@1 90.234 (93.597)
Epoch: [75][136/176]	Time 0.533 (0.541)	Data 0.001 (0.005)	Loss 0.5363 (0.5263)	Prec@1 94.922 (93.579)
Epoch: [75][153/176]	Time 0.597 (0.541)	Data 0.001 (0.004)	Loss 0.5013 (0.5270)	Prec@1 94.141 (93.578)
Epoch: [75][170/176]	Time 0.531 (0.542)	Data 0.000 (0.004)	Loss 0.4858 (0.5284)	Prec@1 95.703 (93.540)
 * Prec@1 92.000
 * Prec@1 92.000
 * Prec@1 92.000
 * Prec@1 92.000
 * Noisy Prec@1 92.00
	 * New best: 92.00000
current lr 2.00000e-02
Epoch: [76][0/176]	Time 1.003 (1.003)	Data 0.447 (0.447)	Loss 0.4919 (0.4919)	Prec@1 96.484 (96.484)
Epoch: [76][17/176]	Time 0.533 (0.563)	Data 0.001 (0.026)	Loss 0.5179 (0.5402)	Prec@1 94.922 (93.815)
Epoch: [76][34/176]	Time 0.562 (0.551)	Data 0.001 (0.014)	Loss 0.4487 (0.5223)	Prec@1 94.141 (93.984)
Epoch: [76][51/176]	Time 0.533 (0.546)	Data 0.001 (0.010)	Loss 0.5873 (0.5241)	Prec@1 92.188 (93.885)
Epoch: [76][68/176]	Time 0.541 (0.543)	Data 0.001 (0.008)	Loss 0.5325 (0.5204)	Prec@1 92.578 (94.033)
Epoch: [76][85/176]	Time 0.533 (0.542)	Data 0.001 (0.006)	Loss 0.5034 (0.5187)	Prec@1 94.922 (94.091)
Epoch: [76][102/176]	Time 0.533 (0.540)	Data 0.001 (0.005)	Loss 0.4287 (0.5188)	Prec@1 96.094 (93.955)
Epoch: [76][119/176]	Time 0.548 (0.539)	Data 0.001 (0.005)	Loss 0.5485 (0.5199)	Prec@1 92.969 (93.903)
Epoch: [76][136/176]	Time 0.533 (0.539)	Data 0.001 (0.004)	Loss 0.5336 (0.5201)	Prec@1 96.094 (93.881)
Epoch: [76][153/176]	Time 0.563 (0.539)	Data 0.001 (0.004)	Loss 0.5089 (0.5201)	Prec@1 91.797 (93.854)
Epoch: [76][170/176]	Time 0.531 (0.539)	Data 0.000 (0.004)	Loss 0.5566 (0.5233)	Prec@1 92.969 (93.791)
 * Prec@1 91.960
 * Prec@1 91.960
 * Prec@1 91.960
 * Prec@1 91.960
 * Noisy Prec@1 91.96
current lr 2.00000e-02
Epoch: [77][0/176]	Time 0.988 (0.988)	Data 0.426 (0.426)	Loss 0.6358 (0.6358)	Prec@1 92.188 (92.188)
Epoch: [77][17/176]	Time 0.532 (0.559)	Data 0.001 (0.025)	Loss 0.5039 (0.5274)	Prec@1 93.750 (93.576)
Epoch: [77][34/176]	Time 0.533 (0.546)	Data 0.001 (0.013)	Loss 0.5697 (0.5185)	Prec@1 89.062 (93.504)
Epoch: [77][51/176]	Time 0.547 (0.543)	Data 0.001 (0.009)	Loss 0.5394 (0.5169)	Prec@1 94.531 (93.697)
Epoch: [77][68/176]	Time 0.534 (0.542)	Data 0.001 (0.007)	Loss 0.5401 (0.5216)	Prec@1 93.750 (93.739)
Epoch: [77][85/176]	Time 0.542 (0.540)	Data 0.001 (0.006)	Loss 0.4974 (0.5178)	Prec@1 93.750 (93.882)
Epoch: [77][102/176]	Time 0.533 (0.539)	Data 0.001 (0.005)	Loss 0.5217 (0.5186)	Prec@1 94.922 (93.898)
Epoch: [77][119/176]	Time 0.539 (0.539)	Data 0.001 (0.005)	Loss 0.5349 (0.5178)	Prec@1 92.578 (93.890)
Epoch: [77][136/176]	Time 0.532 (0.538)	Data 0.001 (0.004)	Loss 0.5327 (0.5207)	Prec@1 93.359 (93.798)
Epoch: [77][153/176]	Time 0.541 (0.538)	Data 0.001 (0.004)	Loss 0.5251 (0.5225)	Prec@1 92.969 (93.722)
Epoch: [77][170/176]	Time 0.531 (0.538)	Data 0.000 (0.004)	Loss 0.5968 (0.5258)	Prec@1 92.188 (93.675)
 * Prec@1 91.800
 * Prec@1 91.800
 * Prec@1 91.800
 * Prec@1 91.800
 * Noisy Prec@1 91.80
current lr 2.00000e-02
Epoch: [78][0/176]	Time 1.033 (1.033)	Data 0.457 (0.457)	Loss 0.5098 (0.5098)	Prec@1 94.141 (94.141)
Epoch: [78][17/176]	Time 0.533 (0.563)	Data 0.001 (0.026)	Loss 0.5669 (0.5199)	Prec@1 91.797 (93.837)
Epoch: [78][34/176]	Time 0.533 (0.549)	Data 0.001 (0.014)	Loss 0.5084 (0.5199)	Prec@1 94.141 (93.862)
Epoch: [78][51/176]	Time 0.543 (0.544)	Data 0.001 (0.010)	Loss 0.5655 (0.5209)	Prec@1 93.359 (93.848)
Epoch: [78][68/176]	Time 0.533 (0.541)	Data 0.001 (0.008)	Loss 0.4622 (0.5172)	Prec@1 93.359 (93.999)
Epoch: [78][85/176]	Time 0.537 (0.540)	Data 0.001 (0.006)	Loss 0.5891 (0.5209)	Prec@1 90.234 (93.823)
Epoch: [78][102/176]	Time 0.533 (0.539)	Data 0.001 (0.006)	Loss 0.5010 (0.5249)	Prec@1 95.703 (93.784)
Epoch: [78][119/176]	Time 0.533 (0.539)	Data 0.001 (0.005)	Loss 0.4843 (0.5261)	Prec@1 95.312 (93.730)
Epoch: [78][136/176]	Time 0.532 (0.538)	Data 0.001 (0.004)	Loss 0.4521 (0.5252)	Prec@1 93.359 (93.724)
Epoch: [78][153/176]	Time 0.544 (0.538)	Data 0.001 (0.004)	Loss 0.4925 (0.5239)	Prec@1 96.094 (93.786)
Epoch: [78][170/176]	Time 0.540 (0.539)	Data 0.000 (0.004)	Loss 0.5532 (0.5259)	Prec@1 91.406 (93.675)
 * Prec@1 91.780
 * Prec@1 91.780
 * Prec@1 91.780
 * Prec@1 91.780
 * Noisy Prec@1 91.78
current lr 2.00000e-02
Epoch: [79][0/176]	Time 1.003 (1.003)	Data 0.450 (0.450)	Loss 0.4763 (0.4763)	Prec@1 93.359 (93.359)
Epoch: [79][17/176]	Time 0.533 (0.562)	Data 0.001 (0.026)	Loss 0.5765 (0.5281)	Prec@1 92.188 (93.880)
Epoch: [79][34/176]	Time 0.534 (0.548)	Data 0.001 (0.014)	Loss 0.5593 (0.5208)	Prec@1 92.969 (94.018)
Epoch: [79][51/176]	Time 0.535 (0.544)	Data 0.001 (0.010)	Loss 0.5187 (0.5260)	Prec@1 91.797 (93.712)
Epoch: [79][68/176]	Time 0.533 (0.543)	Data 0.001 (0.008)	Loss 0.5241 (0.5286)	Prec@1 93.359 (93.580)
Epoch: [79][85/176]	Time 0.542 (0.541)	Data 0.001 (0.006)	Loss 0.4760 (0.5266)	Prec@1 92.969 (93.586)
Epoch: [79][102/176]	Time 0.534 (0.541)	Data 0.001 (0.006)	Loss 0.4719 (0.5250)	Prec@1 95.312 (93.538)
Epoch: [79][119/176]	Time 0.533 (0.540)	Data 0.001 (0.005)	Loss 0.5122 (0.5245)	Prec@1 94.141 (93.604)
Epoch: [79][136/176]	Time 0.532 (0.540)	Data 0.001 (0.004)	Loss 0.5225 (0.5213)	Prec@1 93.359 (93.684)
Epoch: [79][153/176]	Time 0.538 (0.540)	Data 0.001 (0.004)	Loss 0.4222 (0.5199)	Prec@1 96.094 (93.735)
Epoch: [79][170/176]	Time 0.532 (0.541)	Data 0.000 (0.004)	Loss 0.4950 (0.5201)	Prec@1 92.969 (93.700)
 * Prec@1 91.280
 * Prec@1 91.280
 * Prec@1 91.280
 * Prec@1 91.280
 * Noisy Prec@1 91.28
current lr 2.00000e-02
Epoch: [80][0/176]	Time 1.002 (1.002)	Data 0.453 (0.453)	Loss 0.5244 (0.5244)	Prec@1 93.750 (93.750)
Epoch: [80][17/176]	Time 0.533 (0.570)	Data 0.001 (0.026)	Loss 0.5752 (0.4931)	Prec@1 92.969 (94.401)
Epoch: [80][34/176]	Time 0.533 (0.555)	Data 0.001 (0.014)	Loss 0.5967 (0.5048)	Prec@1 92.188 (94.051)
Epoch: [80][51/176]	Time 0.532 (0.549)	Data 0.001 (0.010)	Loss 0.5309 (0.5120)	Prec@1 92.969 (93.908)
Epoch: [80][68/176]	Time 0.558 (0.546)	Data 0.001 (0.008)	Loss 0.5161 (0.5152)	Prec@1 93.359 (93.880)
Epoch: [80][85/176]	Time 0.534 (0.544)	Data 0.001 (0.006)	Loss 0.5015 (0.5175)	Prec@1 95.312 (93.845)
Epoch: [80][102/176]	Time 0.536 (0.543)	Data 0.001 (0.006)	Loss 0.5793 (0.5191)	Prec@1 92.188 (93.780)
Epoch: [80][119/176]	Time 0.533 (0.543)	Data 0.001 (0.005)	Loss 0.4502 (0.5196)	Prec@1 94.141 (93.783)
Epoch: [80][136/176]	Time 0.532 (0.541)	Data 0.001 (0.004)	Loss 0.4554 (0.5201)	Prec@1 95.312 (93.801)
Epoch: [80][153/176]	Time 0.538 (0.541)	Data 0.001 (0.004)	Loss 0.4791 (0.5211)	Prec@1 95.312 (93.786)
Epoch: [80][170/176]	Time 0.542 (0.541)	Data 0.000 (0.004)	Loss 0.5555 (0.5220)	Prec@1 93.359 (93.768)
 * Prec@1 92.020
 * Prec@1 92.020
 * Prec@1 92.020
 * Prec@1 92.020
 * Noisy Prec@1 92.02
	 * New best: 92.02000
current lr 2.00000e-02
Epoch: [81][0/176]	Time 1.013 (1.013)	Data 0.449 (0.449)	Loss 0.4298 (0.4298)	Prec@1 94.922 (94.922)
Epoch: [81][17/176]	Time 0.537 (0.561)	Data 0.001 (0.026)	Loss 0.3950 (0.4922)	Prec@1 96.484 (94.336)
Epoch: [81][34/176]	Time 0.533 (0.549)	Data 0.001 (0.014)	Loss 0.4780 (0.4925)	Prec@1 95.312 (94.185)
Epoch: [81][51/176]	Time 0.533 (0.545)	Data 0.001 (0.010)	Loss 0.5484 (0.5019)	Prec@1 92.578 (93.840)
Epoch: [81][68/176]	Time 0.533 (0.543)	Data 0.001 (0.008)	Loss 0.5591 (0.5088)	Prec@1 90.625 (93.659)
Epoch: [81][85/176]	Time 0.533 (0.541)	Data 0.001 (0.006)	Loss 0.4965 (0.5071)	Prec@1 95.703 (93.877)
Epoch: [81][102/176]	Time 0.533 (0.540)	Data 0.001 (0.006)	Loss 0.5290 (0.5086)	Prec@1 94.141 (93.890)
Epoch: [81][119/176]	Time 0.540 (0.539)	Data 0.001 (0.005)	Loss 0.4999 (0.5110)	Prec@1 93.750 (93.877)
Epoch: [81][136/176]	Time 0.551 (0.540)	Data 0.001 (0.004)	Loss 0.4914 (0.5120)	Prec@1 94.922 (93.858)
Epoch: [81][153/176]	Time 0.533 (0.539)	Data 0.001 (0.004)	Loss 0.5149 (0.5118)	Prec@1 90.625 (93.826)
Epoch: [81][170/176]	Time 0.531 (0.539)	Data 0.000 (0.004)	Loss 0.4735 (0.5121)	Prec@1 93.750 (93.748)
 * Prec@1 92.100
 * Prec@1 92.100
 * Prec@1 92.100
 * Prec@1 92.100
 * Noisy Prec@1 92.10
	 * New best: 92.10000
current lr 2.00000e-02
Epoch: [82][0/176]	Time 1.020 (1.020)	Data 0.452 (0.452)	Loss 0.5873 (0.5873)	Prec@1 91.016 (91.016)
Epoch: [82][17/176]	Time 0.532 (0.561)	Data 0.001 (0.026)	Loss 0.6267 (0.5309)	Prec@1 91.406 (93.490)
Epoch: [82][34/176]	Time 0.540 (0.549)	Data 0.001 (0.014)	Loss 0.4584 (0.5090)	Prec@1 97.266 (93.895)
Epoch: [82][51/176]	Time 0.533 (0.544)	Data 0.001 (0.010)	Loss 0.4817 (0.5041)	Prec@1 93.750 (94.013)
Epoch: [82][68/176]	Time 0.536 (0.542)	Data 0.001 (0.008)	Loss 0.5820 (0.5099)	Prec@1 91.797 (93.869)
Epoch: [82][85/176]	Time 0.541 (0.541)	Data 0.001 (0.006)	Loss 0.4905 (0.5096)	Prec@1 95.312 (93.968)
Epoch: [82][102/176]	Time 0.533 (0.541)	Data 0.001 (0.006)	Loss 0.5624 (0.5127)	Prec@1 93.359 (93.970)
Epoch: [82][119/176]	Time 0.533 (0.540)	Data 0.001 (0.005)	Loss 0.5326 (0.5120)	Prec@1 94.141 (93.991)
Epoch: [82][136/176]	Time 0.532 (0.540)	Data 0.001 (0.004)	Loss 0.6286 (0.5103)	Prec@1 91.406 (94.055)
Epoch: [82][153/176]	Time 0.534 (0.539)	Data 0.001 (0.004)	Loss 0.5963 (0.5118)	Prec@1 92.578 (93.973)
Epoch: [82][170/176]	Time 0.531 (0.540)	Data 0.000 (0.004)	Loss 0.4726 (0.5124)	Prec@1 95.703 (93.917)
 * Prec@1 92.400
 * Prec@1 92.400
 * Prec@1 92.400
 * Prec@1 92.400
 * Noisy Prec@1 92.40
	 * New best: 92.40000
current lr 2.00000e-02
Epoch: [83][0/176]	Time 1.054 (1.054)	Data 0.508 (0.508)	Loss 0.5051 (0.5051)	Prec@1 93.359 (93.359)
Epoch: [83][17/176]	Time 0.533 (0.562)	Data 0.001 (0.029)	Loss 0.4719 (0.5054)	Prec@1 93.750 (93.945)
Epoch: [83][34/176]	Time 0.533 (0.549)	Data 0.001 (0.016)	Loss 0.5160 (0.5034)	Prec@1 94.141 (94.007)
Epoch: [83][51/176]	Time 0.533 (0.547)	Data 0.001 (0.011)	Loss 0.5055 (0.5100)	Prec@1 92.969 (93.960)
Epoch: [83][68/176]	Time 0.536 (0.544)	Data 0.001 (0.009)	Loss 0.5142 (0.5082)	Prec@1 93.359 (94.033)
Epoch: [83][85/176]	Time 0.534 (0.542)	Data 0.001 (0.007)	Loss 0.5803 (0.5133)	Prec@1 92.578 (93.914)
Epoch: [83][102/176]	Time 0.533 (0.541)	Data 0.001 (0.006)	Loss 0.5358 (0.5129)	Prec@1 92.578 (93.909)
Epoch: [83][119/176]	Time 0.533 (0.540)	Data 0.001 (0.005)	Loss 0.4881 (0.5114)	Prec@1 93.359 (93.945)
Epoch: [83][136/176]	Time 0.532 (0.540)	Data 0.001 (0.005)	Loss 0.4237 (0.5130)	Prec@1 94.531 (93.898)
Epoch: [83][153/176]	Time 0.533 (0.541)	Data 0.001 (0.004)	Loss 0.5194 (0.5141)	Prec@1 94.531 (93.933)
Epoch: [83][170/176]	Time 0.531 (0.541)	Data 0.000 (0.004)	Loss 0.4953 (0.5155)	Prec@1 94.531 (93.910)
 * Prec@1 92.060
 * Prec@1 92.060
 * Prec@1 92.060
 * Prec@1 92.060
 * Noisy Prec@1 92.06
current lr 2.00000e-02
Epoch: [84][0/176]	Time 1.004 (1.004)	Data 0.453 (0.453)	Loss 0.4572 (0.4572)	Prec@1 94.141 (94.141)
Epoch: [84][17/176]	Time 0.537 (0.565)	Data 0.001 (0.026)	Loss 0.5417 (0.4904)	Prec@1 93.750 (94.162)
Epoch: [84][34/176]	Time 0.532 (0.550)	Data 0.001 (0.014)	Loss 0.4550 (0.4896)	Prec@1 96.484 (94.665)
Epoch: [84][51/176]	Time 0.533 (0.544)	Data 0.001 (0.010)	Loss 0.5486 (0.4847)	Prec@1 93.359 (94.742)
Epoch: [84][68/176]	Time 0.533 (0.542)	Data 0.001 (0.008)	Loss 0.5236 (0.4871)	Prec@1 91.797 (94.650)
Epoch: [84][85/176]	Time 0.538 (0.541)	Data 0.001 (0.006)	Loss 0.4867 (0.4917)	Prec@1 95.312 (94.581)
Epoch: [84][102/176]	Time 0.532 (0.540)	Data 0.001 (0.006)	Loss 0.5174 (0.4945)	Prec@1 94.531 (94.471)
Epoch: [84][119/176]	Time 0.541 (0.540)	Data 0.001 (0.005)	Loss 0.5758 (0.4932)	Prec@1 90.234 (94.495)
Epoch: [84][136/176]	Time 0.533 (0.540)	Data 0.001 (0.004)	Loss 0.5146 (0.4958)	Prec@1 94.531 (94.417)
Epoch: [84][153/176]	Time 0.536 (0.540)	Data 0.001 (0.004)	Loss 0.5381 (0.4983)	Prec@1 91.797 (94.326)
Epoch: [84][170/176]	Time 0.531 (0.540)	Data 0.000 (0.004)	Loss 0.4083 (0.4991)	Prec@1 96.484 (94.289)
 * Prec@1 92.080
 * Prec@1 92.080
 * Prec@1 92.080
 * Prec@1 92.080
 * Noisy Prec@1 92.08
current lr 2.00000e-02
Epoch: [85][0/176]	Time 1.014 (1.014)	Data 0.462 (0.462)	Loss 0.5502 (0.5502)	Prec@1 91.797 (91.797)
Epoch: [85][17/176]	Time 0.542 (0.564)	Data 0.001 (0.027)	Loss 0.5786 (0.5175)	Prec@1 92.969 (93.793)
Epoch: [85][34/176]	Time 0.533 (0.549)	Data 0.001 (0.014)	Loss 0.5162 (0.5122)	Prec@1 94.141 (93.828)
Epoch: [85][51/176]	Time 0.533 (0.544)	Data 0.001 (0.010)	Loss 0.5379 (0.5064)	Prec@1 94.141 (94.013)
Epoch: [85][68/176]	Time 0.533 (0.542)	Data 0.001 (0.008)	Loss 0.5276 (0.5027)	Prec@1 92.969 (94.044)
Epoch: [85][85/176]	Time 0.533 (0.541)	Data 0.001 (0.007)	Loss 0.5070 (0.5029)	Prec@1 92.969 (94.004)
Epoch: [85][102/176]	Time 0.533 (0.540)	Data 0.001 (0.006)	Loss 0.4988 (0.5030)	Prec@1 95.703 (94.069)
Epoch: [85][119/176]	Time 0.533 (0.539)	Data 0.001 (0.005)	Loss 0.5557 (0.5029)	Prec@1 93.359 (94.030)
Epoch: [85][136/176]	Time 0.533 (0.538)	Data 0.001 (0.005)	Loss 0.5965 (0.5056)	Prec@1 93.750 (93.972)
Epoch: [85][153/176]	Time 0.534 (0.538)	Data 0.001 (0.004)	Loss 0.4691 (0.5054)	Prec@1 95.312 (94.001)
Epoch: [85][170/176]	Time 0.531 (0.538)	Data 0.000 (0.004)	Loss 0.4339 (0.5060)	Prec@1 97.266 (94.031)
 * Prec@1 92.220
 * Prec@1 92.220
 * Prec@1 92.220
 * Prec@1 92.220
 * Noisy Prec@1 92.22
current lr 2.00000e-02
Epoch: [86][0/176]	Time 1.036 (1.036)	Data 0.464 (0.464)	Loss 0.5171 (0.5171)	Prec@1 92.969 (92.969)
Epoch: [86][17/176]	Time 0.565 (0.566)	Data 0.001 (0.027)	Loss 0.5013 (0.4946)	Prec@1 94.531 (93.924)
Epoch: [86][34/176]	Time 0.534 (0.551)	Data 0.001 (0.014)	Loss 0.4866 (0.4958)	Prec@1 94.141 (94.129)
Epoch: [86][51/176]	Time 0.534 (0.546)	Data 0.001 (0.010)	Loss 0.5248 (0.4944)	Prec@1 92.578 (94.186)
Epoch: [86][68/176]	Time 0.533 (0.543)	Data 0.001 (0.008)	Loss 0.4631 (0.4933)	Prec@1 93.359 (94.152)
Epoch: [86][85/176]	Time 0.539 (0.542)	Data 0.001 (0.007)	Loss 0.6198 (0.4979)	Prec@1 91.406 (93.963)
Epoch: [86][102/176]	Time 0.544 (0.543)	Data 0.001 (0.006)	Loss 0.4469 (0.4993)	Prec@1 96.875 (93.981)
Epoch: [86][119/176]	Time 0.533 (0.542)	Data 0.001 (0.005)	Loss 0.5713 (0.5026)	Prec@1 94.141 (93.890)
Epoch: [86][136/176]	Time 0.539 (0.542)	Data 0.001 (0.005)	Loss 0.4413 (0.5039)	Prec@1 94.531 (93.950)
Epoch: [86][153/176]	Time 0.533 (0.541)	Data 0.001 (0.004)	Loss 0.4604 (0.5044)	Prec@1 94.141 (93.961)
Epoch: [86][170/176]	Time 0.531 (0.541)	Data 0.000 (0.004)	Loss 0.5349 (0.5055)	Prec@1 92.578 (93.940)
 * Prec@1 91.900
 * Prec@1 91.900
 * Prec@1 91.900
 * Prec@1 91.900
 * Noisy Prec@1 91.90
current lr 2.00000e-02
Epoch: [87][0/176]	Time 1.066 (1.066)	Data 0.482 (0.482)	Loss 0.4752 (0.4752)	Prec@1 95.312 (95.312)
Epoch: [87][17/176]	Time 0.534 (0.563)	Data 0.001 (0.028)	Loss 0.4644 (0.4984)	Prec@1 92.188 (93.924)
Epoch: [87][34/176]	Time 0.533 (0.548)	Data 0.001 (0.015)	Loss 0.5354 (0.4950)	Prec@1 94.531 (93.973)
Epoch: [87][51/176]	Time 0.533 (0.543)	Data 0.001 (0.010)	Loss 0.5142 (0.5000)	Prec@1 93.359 (94.043)
Epoch: [87][68/176]	Time 0.532 (0.541)	Data 0.001 (0.008)	Loss 0.4337 (0.5024)	Prec@1 95.703 (94.095)
Epoch: [87][85/176]	Time 0.533 (0.539)	Data 0.001 (0.007)	Loss 0.5450 (0.4999)	Prec@1 92.188 (94.182)
Epoch: [87][102/176]	Time 0.532 (0.538)	Data 0.001 (0.006)	Loss 0.4853 (0.5016)	Prec@1 93.750 (94.209)
Epoch: [87][119/176]	Time 0.533 (0.537)	Data 0.001 (0.005)	Loss 0.5206 (0.5009)	Prec@1 92.969 (94.170)
Epoch: [87][136/176]	Time 0.532 (0.537)	Data 0.001 (0.005)	Loss 0.5857 (0.5029)	Prec@1 91.016 (94.124)
Epoch: [87][153/176]	Time 0.533 (0.537)	Data 0.001 (0.004)	Loss 0.5138 (0.5034)	Prec@1 94.531 (94.077)
Epoch: [87][170/176]	Time 0.532 (0.536)	Data 0.000 (0.004)	Loss 0.5357 (0.5046)	Prec@1 93.750 (94.054)
 * Prec@1 91.720
 * Prec@1 91.720
 * Prec@1 91.720
 * Prec@1 91.720
 * Noisy Prec@1 91.72
current lr 2.00000e-02
Epoch: [88][0/176]	Time 0.993 (0.993)	Data 0.446 (0.446)	Loss 0.4920 (0.4920)	Prec@1 93.750 (93.750)
Epoch: [88][17/176]	Time 0.533 (0.559)	Data 0.001 (0.026)	Loss 0.4997 (0.4938)	Prec@1 94.922 (94.097)
Epoch: [88][34/176]	Time 0.533 (0.546)	Data 0.001 (0.014)	Loss 0.5097 (0.4929)	Prec@1 93.750 (94.275)
Epoch: [88][51/176]	Time 0.533 (0.542)	Data 0.001 (0.010)	Loss 0.4811 (0.4964)	Prec@1 94.922 (94.163)
Epoch: [88][68/176]	Time 0.582 (0.541)	Data 0.001 (0.008)	Loss 0.6318 (0.4971)	Prec@1 90.234 (94.180)
Epoch: [88][85/176]	Time 0.533 (0.539)	Data 0.001 (0.006)	Loss 0.5204 (0.4963)	Prec@1 94.531 (94.191)
Epoch: [88][102/176]	Time 0.532 (0.538)	Data 0.001 (0.005)	Loss 0.4511 (0.4988)	Prec@1 93.750 (94.046)
Epoch: [88][119/176]	Time 0.532 (0.538)	Data 0.001 (0.005)	Loss 0.4626 (0.4990)	Prec@1 97.266 (94.059)
Epoch: [88][136/176]	Time 0.584 (0.538)	Data 0.001 (0.004)	Loss 0.4540 (0.5006)	Prec@1 95.312 (94.021)
Epoch: [88][153/176]	Time 0.533 (0.538)	Data 0.001 (0.004)	Loss 0.4513 (0.5014)	Prec@1 94.922 (94.057)
Epoch: [88][170/176]	Time 0.531 (0.538)	Data 0.000 (0.004)	Loss 0.4939 (0.5021)	Prec@1 96.094 (93.990)
 * Prec@1 91.780
 * Prec@1 91.780
 * Prec@1 91.780
 * Prec@1 91.780
 * Noisy Prec@1 91.78
current lr 2.00000e-02
Epoch: [89][0/176]	Time 1.004 (1.004)	Data 0.457 (0.457)	Loss 0.4829 (0.4829)	Prec@1 92.969 (92.969)
Epoch: [89][17/176]	Time 0.533 (0.562)	Data 0.001 (0.026)	Loss 0.4868 (0.4958)	Prec@1 93.750 (93.685)
Epoch: [89][34/176]	Time 0.533 (0.548)	Data 0.001 (0.014)	Loss 0.4881 (0.4929)	Prec@1 93.750 (93.996)
Epoch: [89][51/176]	Time 0.533 (0.545)	Data 0.001 (0.010)	Loss 0.5491 (0.4992)	Prec@1 94.531 (94.043)
Epoch: [89][68/176]	Time 0.535 (0.544)	Data 0.001 (0.008)	Loss 0.5151 (0.5043)	Prec@1 94.141 (94.027)
Epoch: [89][85/176]	Time 0.534 (0.543)	Data 0.001 (0.006)	Loss 0.4902 (0.5011)	Prec@1 93.359 (94.141)
Epoch: [89][102/176]	Time 0.533 (0.542)	Data 0.001 (0.006)	Loss 0.4731 (0.4985)	Prec@1 92.578 (94.209)
Epoch: [89][119/176]	Time 0.532 (0.541)	Data 0.001 (0.005)	Loss 0.5386 (0.4982)	Prec@1 93.750 (94.202)
Epoch: [89][136/176]	Time 0.565 (0.541)	Data 0.001 (0.004)	Loss 0.4964 (0.4959)	Prec@1 94.531 (94.212)
Epoch: [89][153/176]	Time 0.558 (0.542)	Data 0.001 (0.004)	Loss 0.5080 (0.4957)	Prec@1 94.922 (94.186)
Epoch: [89][170/176]	Time 0.532 (0.541)	Data 0.000 (0.004)	Loss 0.5112 (0.4975)	Prec@1 92.188 (94.106)
 * Prec@1 92.080
 * Prec@1 92.080
 * Prec@1 92.080
 * Prec@1 92.080
 * Noisy Prec@1 92.08
current lr 2.00000e-02
Epoch: [90][0/176]	Time 0.998 (0.998)	Data 0.448 (0.448)	Loss 0.4385 (0.4385)	Prec@1 94.531 (94.531)
Epoch: [90][17/176]	Time 0.533 (0.560)	Data 0.001 (0.026)	Loss 0.4854 (0.4880)	Prec@1 93.359 (94.314)
Epoch: [90][34/176]	Time 0.533 (0.548)	Data 0.001 (0.014)	Loss 0.4736 (0.4889)	Prec@1 94.922 (94.375)
Epoch: [90][51/176]	Time 0.533 (0.545)	Data 0.001 (0.010)	Loss 0.4986 (0.4887)	Prec@1 92.969 (94.449)
Epoch: [90][68/176]	Time 0.533 (0.542)	Data 0.001 (0.008)	Loss 0.4626 (0.4882)	Prec@1 94.922 (94.446)
Epoch: [90][85/176]	Time 0.533 (0.542)	Data 0.001 (0.006)	Loss 0.5104 (0.4891)	Prec@1 93.750 (94.427)
Epoch: [90][102/176]	Time 0.533 (0.541)	Data 0.001 (0.006)	Loss 0.4883 (0.4915)	Prec@1 92.578 (94.364)
Epoch: [90][119/176]	Time 0.536 (0.540)	Data 0.001 (0.005)	Loss 0.4743 (0.4945)	Prec@1 94.141 (94.258)
Epoch: [90][136/176]	Time 0.545 (0.540)	Data 0.001 (0.004)	Loss 0.4938 (0.4955)	Prec@1 94.531 (94.161)
Epoch: [90][153/176]	Time 0.534 (0.540)	Data 0.001 (0.004)	Loss 0.4898 (0.4970)	Prec@1 95.703 (94.169)
Epoch: [90][170/176]	Time 0.532 (0.539)	Data 0.000 (0.004)	Loss 0.4601 (0.4966)	Prec@1 93.750 (94.175)
 * Prec@1 92.400
 * Prec@1 92.400
 * Prec@1 92.400
 * Prec@1 92.400
 * Noisy Prec@1 92.40
current lr 2.00000e-02
Epoch: [91][0/176]	Time 1.024 (1.024)	Data 0.434 (0.434)	Loss 0.4777 (0.4777)	Prec@1 95.703 (95.703)
Epoch: [91][17/176]	Time 0.533 (0.562)	Data 0.001 (0.025)	Loss 0.5752 (0.5044)	Prec@1 92.578 (94.358)
Epoch: [91][34/176]	Time 0.544 (0.549)	Data 0.001 (0.014)	Loss 0.5453 (0.4934)	Prec@1 93.750 (94.442)
Epoch: [91][51/176]	Time 0.532 (0.544)	Data 0.001 (0.009)	Loss 0.4209 (0.4927)	Prec@1 94.922 (94.516)
Epoch: [91][68/176]	Time 0.541 (0.541)	Data 0.001 (0.007)	Loss 0.5602 (0.4947)	Prec@1 92.969 (94.384)
Epoch: [91][85/176]	Time 0.533 (0.540)	Data 0.001 (0.006)	Loss 0.4932 (0.4953)	Prec@1 93.750 (94.327)
Epoch: [91][102/176]	Time 0.533 (0.539)	Data 0.001 (0.005)	Loss 0.5050 (0.4961)	Prec@1 95.703 (94.319)
Epoch: [91][119/176]	Time 0.533 (0.538)	Data 0.001 (0.005)	Loss 0.4786 (0.4927)	Prec@1 94.141 (94.375)
Epoch: [91][136/176]	Time 0.536 (0.538)	Data 0.001 (0.004)	Loss 0.4946 (0.4946)	Prec@1 92.578 (94.277)
Epoch: [91][153/176]	Time 0.533 (0.538)	Data 0.001 (0.004)	Loss 0.5140 (0.4962)	Prec@1 92.578 (94.196)
Epoch: [91][170/176]	Time 0.531 (0.538)	Data 0.000 (0.004)	Loss 0.5668 (0.4982)	Prec@1 92.969 (94.141)
 * Prec@1 92.260
 * Prec@1 92.260
 * Prec@1 92.260
 * Prec@1 92.260
 * Noisy Prec@1 92.26
current lr 2.00000e-02
Epoch: [92][0/176]	Time 0.982 (0.982)	Data 0.421 (0.421)	Loss 0.5214 (0.5214)	Prec@1 93.750 (93.750)
Epoch: [92][17/176]	Time 0.542 (0.568)	Data 0.001 (0.025)	Loss 0.5357 (0.5109)	Prec@1 91.797 (93.772)
Epoch: [92][34/176]	Time 0.573 (0.558)	Data 0.001 (0.013)	Loss 0.4595 (0.4936)	Prec@1 95.312 (94.230)
Epoch: [92][51/176]	Time 0.541 (0.552)	Data 0.001 (0.009)	Loss 0.4718 (0.4983)	Prec@1 93.359 (94.156)
Epoch: [92][68/176]	Time 0.534 (0.549)	Data 0.001 (0.007)	Loss 0.5187 (0.4974)	Prec@1 92.578 (94.186)
Epoch: [92][85/176]	Time 0.533 (0.546)	Data 0.001 (0.006)	Loss 0.5018 (0.4967)	Prec@1 92.188 (94.063)
Epoch: [92][102/176]	Time 0.533 (0.544)	Data 0.001 (0.005)	Loss 0.4441 (0.4952)	Prec@1 94.531 (94.137)
Epoch: [92][119/176]	Time 0.533 (0.543)	Data 0.001 (0.005)	Loss 0.4927 (0.4955)	Prec@1 94.531 (94.229)
Epoch: [92][136/176]	Time 0.558 (0.544)	Data 0.001 (0.004)	Loss 0.4240 (0.4968)	Prec@1 96.875 (94.198)
Epoch: [92][153/176]	Time 0.551 (0.543)	Data 0.001 (0.004)	Loss 0.4970 (0.4976)	Prec@1 92.578 (94.141)
Epoch: [92][170/176]	Time 0.531 (0.543)	Data 0.000 (0.004)	Loss 0.5496 (0.4968)	Prec@1 93.750 (94.157)
 * Prec@1 92.280
 * Prec@1 92.280
 * Prec@1 92.280
 * Prec@1 92.280
 * Noisy Prec@1 92.28
current lr 2.00000e-02
Epoch: [93][0/176]	Time 1.062 (1.062)	Data 0.499 (0.499)	Loss 0.5410 (0.5410)	Prec@1 92.969 (92.969)
Epoch: [93][17/176]	Time 0.532 (0.563)	Data 0.001 (0.029)	Loss 0.4790 (0.4949)	Prec@1 94.531 (94.141)
Epoch: [93][34/176]	Time 0.533 (0.549)	Data 0.001 (0.015)	Loss 0.5011 (0.4932)	Prec@1 94.141 (94.174)
Epoch: [93][51/176]	Time 0.533 (0.544)	Data 0.001 (0.011)	Loss 0.5473 (0.4941)	Prec@1 94.141 (94.246)
Epoch: [93][68/176]	Time 0.576 (0.542)	Data 0.001 (0.008)	Loss 0.4663 (0.4985)	Prec@1 95.703 (94.084)
Epoch: [93][85/176]	Time 0.533 (0.541)	Data 0.001 (0.007)	Loss 0.5076 (0.4956)	Prec@1 96.484 (94.077)
Epoch: [93][102/176]	Time 0.538 (0.540)	Data 0.001 (0.006)	Loss 0.4387 (0.4937)	Prec@1 95.703 (94.175)
Epoch: [93][119/176]	Time 0.533 (0.539)	Data 0.001 (0.005)	Loss 0.4537 (0.4925)	Prec@1 96.875 (94.219)
Epoch: [93][136/176]	Time 0.536 (0.540)	Data 0.001 (0.005)	Loss 0.5031 (0.4943)	Prec@1 93.359 (94.129)
Epoch: [93][153/176]	Time 0.547 (0.539)	Data 0.001 (0.004)	Loss 0.4416 (0.4956)	Prec@1 96.094 (94.092)
Epoch: [93][170/176]	Time 0.531 (0.539)	Data 0.000 (0.004)	Loss 0.5229 (0.4968)	Prec@1 91.797 (94.072)
 * Prec@1 92.320
 * Prec@1 92.320
 * Prec@1 92.320
 * Prec@1 92.320
 * Noisy Prec@1 92.32
current lr 2.00000e-02
Epoch: [94][0/176]	Time 1.041 (1.041)	Data 0.496 (0.496)	Loss 0.5225 (0.5225)	Prec@1 93.750 (93.750)
Epoch: [94][17/176]	Time 0.533 (0.561)	Data 0.001 (0.029)	Loss 0.5016 (0.4972)	Prec@1 94.531 (94.748)
Epoch: [94][34/176]	Time 0.544 (0.548)	Data 0.001 (0.015)	Loss 0.4682 (0.5011)	Prec@1 96.094 (94.252)
Epoch: [94][51/176]	Time 0.533 (0.546)	Data 0.001 (0.011)	Loss 0.4526 (0.4953)	Prec@1 96.875 (94.373)
Epoch: [94][68/176]	Time 0.541 (0.546)	Data 0.001 (0.008)	Loss 0.4900 (0.4944)	Prec@1 94.922 (94.361)
Epoch: [94][85/176]	Time 0.576 (0.546)	Data 0.001 (0.007)	Loss 0.4603 (0.4979)	Prec@1 94.141 (94.281)
Epoch: [94][102/176]	Time 0.547 (0.545)	Data 0.001 (0.006)	Loss 0.5512 (0.4973)	Prec@1 93.359 (94.273)
Epoch: [94][119/176]	Time 0.533 (0.544)	Data 0.001 (0.005)	Loss 0.4641 (0.4945)	Prec@1 95.703 (94.320)
Epoch: [94][136/176]	Time 0.536 (0.544)	Data 0.001 (0.005)	Loss 0.5217 (0.4965)	Prec@1 92.969 (94.263)
Epoch: [94][153/176]	Time 0.533 (0.543)	Data 0.001 (0.004)	Loss 0.5601 (0.4967)	Prec@1 91.406 (94.199)
Epoch: [94][170/176]	Time 0.532 (0.542)	Data 0.000 (0.004)	Loss 0.4415 (0.4983)	Prec@1 96.484 (94.170)
 * Prec@1 92.320
 * Prec@1 92.320
 * Prec@1 92.320
 * Prec@1 92.320
 * Noisy Prec@1 92.32
current lr 2.00000e-02
Epoch: [95][0/176]	Time 0.981 (0.981)	Data 0.418 (0.418)	Loss 0.4625 (0.4625)	Prec@1 94.141 (94.141)
Epoch: [95][17/176]	Time 0.571 (0.563)	Data 0.001 (0.024)	Loss 0.4800 (0.4882)	Prec@1 92.969 (93.902)
Epoch: [95][34/176]	Time 0.533 (0.551)	Data 0.001 (0.013)	Loss 0.4900 (0.4941)	Prec@1 94.531 (93.929)
Epoch: [95][51/176]	Time 0.534 (0.545)	Data 0.001 (0.009)	Loss 0.4926 (0.4916)	Prec@1 92.578 (93.990)
Epoch: [95][68/176]	Time 0.533 (0.543)	Data 0.001 (0.007)	Loss 0.4935 (0.4908)	Prec@1 94.531 (94.061)
Epoch: [95][85/176]	Time 0.532 (0.541)	Data 0.001 (0.006)	Loss 0.5109 (0.4903)	Prec@1 94.141 (94.086)
Epoch: [95][102/176]	Time 0.540 (0.540)	Data 0.001 (0.005)	Loss 0.4983 (0.4890)	Prec@1 93.750 (94.148)
Epoch: [95][119/176]	Time 0.532 (0.539)	Data 0.001 (0.005)	Loss 0.5486 (0.4918)	Prec@1 92.969 (94.128)
Epoch: [95][136/176]	Time 0.533 (0.539)	Data 0.001 (0.004)	Loss 0.4622 (0.4905)	Prec@1 95.703 (94.143)
Epoch: [95][153/176]	Time 0.533 (0.539)	Data 0.001 (0.004)	Loss 0.5937 (0.4934)	Prec@1 91.016 (94.075)
Epoch: [95][170/176]	Time 0.532 (0.539)	Data 0.000 (0.004)	Loss 0.4732 (0.4919)	Prec@1 94.531 (94.097)
 * Prec@1 92.740
 * Prec@1 92.740
 * Prec@1 92.740
 * Prec@1 92.740
 * Noisy Prec@1 92.74
	 * New best: 92.74000
current lr 2.00000e-02
Epoch: [96][0/176]	Time 0.977 (0.977)	Data 0.435 (0.435)	Loss 0.4080 (0.4080)	Prec@1 96.484 (96.484)
Epoch: [96][17/176]	Time 0.533 (0.558)	Data 0.001 (0.025)	Loss 0.5096 (0.4815)	Prec@1 94.141 (94.900)
Epoch: [96][34/176]	Time 0.533 (0.547)	Data 0.001 (0.014)	Loss 0.4903 (0.4878)	Prec@1 93.750 (94.397)
Epoch: [96][51/176]	Time 0.533 (0.543)	Data 0.001 (0.010)	Loss 0.4580 (0.4897)	Prec@1 93.750 (94.419)
Epoch: [96][68/176]	Time 0.585 (0.541)	Data 0.001 (0.007)	Loss 0.5250 (0.4949)	Prec@1 94.141 (94.316)
Epoch: [96][85/176]	Time 0.533 (0.541)	Data 0.001 (0.006)	Loss 0.5129 (0.4934)	Prec@1 92.969 (94.331)
Epoch: [96][102/176]	Time 0.534 (0.540)	Data 0.001 (0.005)	Loss 0.5164 (0.4946)	Prec@1 92.578 (94.285)
Epoch: [96][119/176]	Time 0.533 (0.540)	Data 0.001 (0.005)	Loss 0.4277 (0.4939)	Prec@1 96.484 (94.320)
Epoch: [96][136/176]	Time 0.533 (0.540)	Data 0.001 (0.004)	Loss 0.4299 (0.4916)	Prec@1 94.531 (94.343)
Epoch: [96][153/176]	Time 0.533 (0.539)	Data 0.001 (0.004)	Loss 0.5975 (0.4935)	Prec@1 93.359 (94.257)
Epoch: [96][170/176]	Time 0.531 (0.539)	Data 0.000 (0.004)	Loss 0.5084 (0.4941)	Prec@1 92.578 (94.289)
 * Prec@1 92.340
 * Prec@1 92.340
 * Prec@1 92.340
 * Prec@1 92.340
 * Noisy Prec@1 92.34
current lr 2.00000e-02
Epoch: [97][0/176]	Time 1.042 (1.042)	Data 0.484 (0.484)	Loss 0.5033 (0.5033)	Prec@1 94.531 (94.531)
Epoch: [97][17/176]	Time 0.542 (0.564)	Data 0.001 (0.028)	Loss 0.4606 (0.4920)	Prec@1 94.141 (94.076)
Epoch: [97][34/176]	Time 0.536 (0.550)	Data 0.001 (0.015)	Loss 0.5162 (0.5050)	Prec@1 92.578 (93.917)
Epoch: [97][51/176]	Time 0.533 (0.545)	Data 0.001 (0.010)	Loss 0.4803 (0.4974)	Prec@1 94.141 (94.050)
Epoch: [97][68/176]	Time 0.548 (0.543)	Data 0.001 (0.008)	Loss 0.5429 (0.5029)	Prec@1 92.578 (93.863)
Epoch: [97][85/176]	Time 0.533 (0.541)	Data 0.001 (0.007)	Loss 0.5616 (0.5040)	Prec@1 92.188 (93.814)
Epoch: [97][102/176]	Time 0.533 (0.540)	Data 0.001 (0.006)	Loss 0.4552 (0.5028)	Prec@1 93.750 (93.871)
Epoch: [97][119/176]	Time 0.552 (0.539)	Data 0.002 (0.005)	Loss 0.4807 (0.5000)	Prec@1 94.531 (93.887)
Epoch: [97][136/176]	Time 0.533 (0.539)	Data 0.001 (0.005)	Loss 0.4459 (0.5014)	Prec@1 95.312 (93.855)
Epoch: [97][153/176]	Time 0.544 (0.538)	Data 0.001 (0.004)	Loss 0.5127 (0.4999)	Prec@1 94.531 (93.917)
Epoch: [97][170/176]	Time 0.531 (0.538)	Data 0.000 (0.004)	Loss 0.5037 (0.4990)	Prec@1 94.531 (93.958)
 * Prec@1 92.420
 * Prec@1 92.420
 * Prec@1 92.420
 * Prec@1 92.420
 * Noisy Prec@1 92.42
current lr 2.00000e-02
Epoch: [98][0/176]	Time 1.003 (1.003)	Data 0.455 (0.455)	Loss 0.5434 (0.5434)	Prec@1 93.750 (93.750)
Epoch: [98][17/176]	Time 0.540 (0.568)	Data 0.001 (0.026)	Loss 0.5635 (0.5019)	Prec@1 92.188 (93.490)
Epoch: [98][34/176]	Time 0.533 (0.552)	Data 0.001 (0.014)	Loss 0.4654 (0.4980)	Prec@1 94.922 (93.772)
Epoch: [98][51/176]	Time 0.533 (0.548)	Data 0.001 (0.010)	Loss 0.5085 (0.4968)	Prec@1 94.141 (93.870)
Epoch: [98][68/176]	Time 0.533 (0.544)	Data 0.001 (0.008)	Loss 0.5332 (0.4934)	Prec@1 94.141 (93.988)
Epoch: [98][85/176]	Time 0.542 (0.543)	Data 0.001 (0.006)	Loss 0.5388 (0.4933)	Prec@1 93.359 (93.963)
Epoch: [98][102/176]	Time 0.533 (0.542)	Data 0.001 (0.006)	Loss 0.4743 (0.4950)	Prec@1 96.875 (93.955)
Epoch: [98][119/176]	Time 0.532 (0.541)	Data 0.001 (0.005)	Loss 0.4948 (0.4953)	Prec@1 92.578 (93.945)
Epoch: [98][136/176]	Time 0.533 (0.541)	Data 0.001 (0.004)	Loss 0.5326 (0.4965)	Prec@1 92.578 (93.990)
Epoch: [98][153/176]	Time 0.533 (0.540)	Data 0.001 (0.004)	Loss 0.5155 (0.4975)	Prec@1 95.312 (93.988)
Epoch: [98][170/176]	Time 0.532 (0.539)	Data 0.000 (0.004)	Loss 0.4414 (0.4985)	Prec@1 95.312 (93.937)
 * Prec@1 91.920
 * Prec@1 91.920
 * Prec@1 91.920
 * Prec@1 91.920
 * Noisy Prec@1 91.92
current lr 2.00000e-02
Epoch: [99][0/176]	Time 1.104 (1.104)	Data 0.554 (0.554)	Loss 0.5170 (0.5170)	Prec@1 92.969 (92.969)
Epoch: [99][17/176]	Time 0.536 (0.565)	Data 0.001 (0.032)	Loss 0.5047 (0.4715)	Prec@1 94.141 (94.466)
Epoch: [99][34/176]	Time 0.533 (0.549)	Data 0.001 (0.017)	Loss 0.4822 (0.4725)	Prec@1 95.703 (94.699)
Epoch: [99][51/176]	Time 0.533 (0.544)	Data 0.001 (0.012)	Loss 0.5170 (0.4765)	Prec@1 92.969 (94.621)
Epoch: [99][68/176]	Time 0.533 (0.542)	Data 0.001 (0.009)	Loss 0.5281 (0.4805)	Prec@1 94.141 (94.492)
Epoch: [99][85/176]	Time 0.533 (0.540)	Data 0.001 (0.008)	Loss 0.5299 (0.4847)	Prec@1 93.750 (94.400)
Epoch: [99][102/176]	Time 0.533 (0.539)	Data 0.001 (0.007)	Loss 0.5781 (0.4858)	Prec@1 92.969 (94.376)
Epoch: [99][119/176]	Time 0.533 (0.538)	Data 0.001 (0.006)	Loss 0.4323 (0.4856)	Prec@1 96.875 (94.382)
Epoch: [99][136/176]	Time 0.534 (0.538)	Data 0.001 (0.005)	Loss 0.5505 (0.4892)	Prec@1 92.578 (94.346)
Epoch: [99][153/176]	Time 0.556 (0.537)	Data 0.001 (0.005)	Loss 0.5147 (0.4906)	Prec@1 93.750 (94.275)
Epoch: [99][170/176]	Time 0.532 (0.537)	Data 0.000 (0.004)	Loss 0.6313 (0.4919)	Prec@1 90.625 (94.243)
 * Prec@1 91.640
 * Prec@1 91.640
 * Prec@1 91.640
 * Prec@1 91.640
 * Noisy Prec@1 91.64
current lr 2.00000e-02
Epoch: [100][0/176]	Time 1.048 (1.048)	Data 0.501 (0.501)	Loss 0.4227 (0.4227)	Prec@1 96.094 (96.094)
Epoch: [100][17/176]	Time 0.532 (0.561)	Data 0.001 (0.029)	Loss 0.4705 (0.5038)	Prec@1 94.141 (93.685)
Epoch: [100][34/176]	Time 0.533 (0.548)	Data 0.001 (0.015)	Loss 0.4931 (0.4980)	Prec@1 94.922 (93.962)
Epoch: [100][51/176]	Time 0.533 (0.543)	Data 0.001 (0.011)	Loss 0.5101 (0.4900)	Prec@1 94.922 (94.268)
Epoch: [100][68/176]	Time 0.533 (0.541)	Data 0.001 (0.008)	Loss 0.4518 (0.4874)	Prec@1 95.312 (94.441)
Epoch: [100][85/176]	Time 0.534 (0.539)	Data 0.001 (0.007)	Loss 0.5249 (0.4884)	Prec@1 93.359 (94.363)
Epoch: [100][102/176]	Time 0.533 (0.539)	Data 0.001 (0.006)	Loss 0.4549 (0.4871)	Prec@1 95.312 (94.380)
Epoch: [100][119/176]	Time 0.533 (0.539)	Data 0.001 (0.005)	Loss 0.4574 (0.4916)	Prec@1 94.922 (94.297)
Epoch: [100][136/176]	Time 0.533 (0.539)	Data 0.001 (0.005)	Loss 0.5447 (0.4933)	Prec@1 91.797 (94.235)
Epoch: [100][153/176]	Time 0.542 (0.539)	Data 0.001 (0.004)	Loss 0.4377 (0.4932)	Prec@1 94.922 (94.214)
Epoch: [100][170/176]	Time 0.531 (0.539)	Data 0.000 (0.004)	Loss 0.4198 (0.4920)	Prec@1 96.875 (94.191)
 * Prec@1 92.420
 * Prec@1 92.420
 * Prec@1 92.420
 * Prec@1 92.420
 * Noisy Prec@1 92.42
current lr 2.00000e-02
Epoch: [101][0/176]	Time 0.977 (0.977)	Data 0.433 (0.433)	Loss 0.5560 (0.5560)	Prec@1 92.188 (92.188)
Epoch: [101][17/176]	Time 0.533 (0.564)	Data 0.001 (0.025)	Loss 0.5386 (0.4905)	Prec@1 92.578 (94.010)
Epoch: [101][34/176]	Time 0.533 (0.550)	Data 0.001 (0.014)	Loss 0.4190 (0.4866)	Prec@1 94.922 (94.118)
Epoch: [101][51/176]	Time 0.533 (0.545)	Data 0.001 (0.009)	Loss 0.4226 (0.4885)	Prec@1 96.875 (94.216)
Epoch: [101][68/176]	Time 0.533 (0.542)	Data 0.001 (0.007)	Loss 0.6275 (0.4873)	Prec@1 91.406 (94.197)
Epoch: [101][85/176]	Time 0.533 (0.540)	Data 0.001 (0.006)	Loss 0.5523 (0.4884)	Prec@1 93.359 (94.154)
Epoch: [101][102/176]	Time 0.532 (0.539)	Data 0.001 (0.005)	Loss 0.4175 (0.4917)	Prec@1 96.875 (94.163)
Epoch: [101][119/176]	Time 0.590 (0.540)	Data 0.001 (0.005)	Loss 0.4093 (0.4912)	Prec@1 95.312 (94.186)
Epoch: [101][136/176]	Time 0.533 (0.540)	Data 0.001 (0.004)	Loss 0.5165 (0.4908)	Prec@1 94.531 (94.209)
Epoch: [101][153/176]	Time 0.533 (0.539)	Data 0.001 (0.004)	Loss 0.4942 (0.4900)	Prec@1 96.484 (94.273)
Epoch: [101][170/176]	Time 0.530 (0.539)	Data 0.000 (0.004)	Loss 0.6096 (0.4918)	Prec@1 90.234 (94.253)
Traceback (most recent call last):
  File "trainer_resnet.py", line 333, in <module>
    main()
  File "trainer_resnet.py", line 141, in main
    prec1 = validate(val_loader, model, args=args)
  File "trainer_resnet.py", line 278, in validate
    output = model(input_var)
  File "/u/jbu/.conda/envs/msc/lib/python3.7/site-packages/torch/nn/modules/module.py", line 727, in _call_impl
    result = self.forward(*input, **kwargs)
  File "/u/jbu/.conda/envs/msc/lib/python3.7/site-packages/torch/nn/parallel/data_parallel.py", line 159, in forward
    return self.module(*inputs[0], **kwargs[0])
  File "/u/jbu/.conda/envs/msc/lib/python3.7/site-packages/torch/nn/modules/module.py", line 727, in _call_impl
    result = self.forward(*input, **kwargs)
  File "/ibm/gpfs-homes/jbu/Resnet32-ICLR/Architectures/cifar_resnet.py", line 110, in forward
    out = self.layer3(out)
  File "/u/jbu/.conda/envs/msc/lib/python3.7/site-packages/torch/nn/modules/module.py", line 727, in _call_impl
    result = self.forward(*input, **kwargs)
  File "/u/jbu/.conda/envs/msc/lib/python3.7/site-packages/torch/nn/modules/container.py", line 117, in forward
    input = module(input)
  File "/u/jbu/.conda/envs/msc/lib/python3.7/site-packages/torch/nn/modules/module.py", line 727, in _call_impl
    result = self.forward(*input, **kwargs)
  File "/ibm/gpfs-homes/jbu/Resnet32-ICLR/Architectures/cifar_resnet.py", line 76, in forward
    out = F.relu(self.bn1(self.conv1(x)))
  File "/u/jbu/.conda/envs/msc/lib/python3.7/site-packages/torch/nn/modules/module.py", line 727, in _call_impl
    result = self.forward(*input, **kwargs)
  File "/u/jbu/.conda/envs/msc/lib/python3.7/site-packages/torch/nn/modules/conv.py", line 423, in forward
    return self._conv_forward(input, self.weight)
  File "/u/jbu/.conda/envs/msc/lib/python3.7/site-packages/torch/nn/modules/conv.py", line 420, in _conv_forward
    self.padding, self.dilation, self.groups)
KeyboardInterrupt
