Sender: LSF System <lsfadmin@zhcc004>
Subject: Job 768142: <python3 trainer_resnet.py -seed=0 -batch_size=256 -weight_decay=0.0005 -momentum=0.9 -save_every=10 -lr=0.1 -n_attack_steps=3 -beta_robustness=0.05 -eta_train=0.026 -eta_mode=range -clipping_alpha=2.0 -attack_size_mismatch=0.3 -initial_std=0.001 -pretrained -burn_in=0 -workers=4 -n_epochs=300 -dataset=cifar10 -architecture=resnet32 -start_epoch=60 -data_dir=/dataP/jbu -session_id=6641050511> in cluster <ZHC2clusterLSF> Exited

Job <python3 trainer_resnet.py -seed=0 -batch_size=256 -weight_decay=0.0005 -momentum=0.9 -save_every=10 -lr=0.1 -n_attack_steps=3 -beta_robustness=0.05 -eta_train=0.026 -eta_mode=range -clipping_alpha=2.0 -attack_size_mismatch=0.3 -initial_std=0.001 -pretrained -burn_in=0 -workers=4 -n_epochs=300 -dataset=cifar10 -architecture=resnet32 -start_epoch=60 -data_dir=/dataP/jbu -session_id=6641050511> was submitted from host <zhcc022> by user <jbu> in cluster <ZHC2clusterLSF> at Tue Nov  2 14:09:20 2021
Job was executed on host(s) <zhcc004>, in queue <prod.med>, as user <jbu> in cluster <ZHC2clusterLSF> at Tue Nov  2 14:09:21 2021
</u/jbu> was used as the home directory.
</u/jbu/Master-Thesis> was used as the working directory.
Started at Tue Nov  2 14:09:21 2021
Terminated at Tue Nov  2 14:13:13 2021
Results reported at Tue Nov  2 14:13:13 2021

Your job looked like:

------------------------------------------------------------
# LSBATCH: User input
python3 trainer_resnet.py -seed=0 -batch_size=256 -weight_decay=0.0005 -momentum=0.9 -save_every=10 -lr=0.1 -n_attack_steps=3 -beta_robustness=0.05 -eta_train=0.026 -eta_mode=range -clipping_alpha=2.0 -attack_size_mismatch=0.3 -initial_std=0.001 -pretrained -burn_in=0 -workers=4 -n_epochs=300 -dataset=cifar10 -architecture=resnet32 -start_epoch=60 -data_dir=/dataP/jbu -session_id=6641050511
------------------------------------------------------------

TERM_OWNER: job killed by owner.
Exited with exit code 1.

Resource usage summary:

    CPU time :                                   368.66 sec.
    Max Memory :                                 2038 MB
    Average Memory :                             1857.91 MB
    Total Requested Memory :                     -
    Delta Memory :                               -
    Max Swap :                                   -
    Max Processes :                              7
    Max Threads :                                131
    Run time :                                   234 sec.
    Turnaround time :                            233 sec.

The output (if any) follows:

Loaded pretrained model from /ibm/gpfs-homes/jbu/Master-Thesis/Resources/cifar10_pretrained_models/resnet32.th
Files already downloaded and verified
Files already downloaded and verified
Files already downloaded and verified
/u/jbu/.conda/envs/msc/lib/python3.7/site-packages/torch/optim/lr_scheduler.py:136: UserWarning: Detected call of `lr_scheduler.step()` before `optimizer.step()`. In PyTorch 1.1.0 and later, you should call them in the opposite order: `optimizer.step()` before `lr_scheduler.step()`.  Failure to do this will result in PyTorch skipping the first value of the learning rate schedule. See more details at https://pytorch.org/docs/stable/optim.html#how-to-adjust-learning-rate
  "https://pytorch.org/docs/stable/optim.html#how-to-adjust-learning-rate", UserWarning)
 * Prec@1 93.900
 * Prec@1 19.920
 * Prec@1 20.820
 * Prec@1 18.920
 * Prec@1 20.440
 * Noisy Prec@1 20.06
After loading, with clipping@2.00 19.92 w/o 93.90 noisy: 20.06pm1.01
current lr 2.00000e-02
Epoch: [60][0/176]	Time 1.021 (1.021)	Data 0.458 (0.458)	Loss 1.2610 (1.2610)	Prec@1 85.547 (85.547)
Epoch: [60][17/176]	Time 0.476 (0.510)	Data 0.001 (0.027)	Loss 1.0501 (1.1392)	Prec@1 92.578 (94.293)
Epoch: [60][34/176]	Time 0.468 (0.490)	Data 0.001 (0.014)	Loss nan (nan)	Prec@1 12.500 (56.027)
Epoch: [60][51/176]	Time 0.481 (0.483)	Data 0.001 (0.010)	Loss nan (nan)	Prec@1 12.109 (41.076)
Epoch: [60][68/176]	Time 0.463 (0.479)	Data 0.001 (0.008)	Loss nan (nan)	Prec@1 9.766 (33.384)
Epoch: [60][85/176]	Time 0.463 (0.475)	Data 0.001 (0.006)	Loss nan (nan)	Prec@1 9.375 (28.897)
Epoch: [60][102/176]	Time 0.463 (0.474)	Data 0.001 (0.006)	Loss nan (nan)	Prec@1 8.984 (25.751)
Epoch: [60][119/176]	Time 0.463 (0.472)	Data 0.001 (0.005)	Loss nan (nan)	Prec@1 7.812 (23.473)
Epoch: [60][136/176]	Time 0.463 (0.471)	Data 0.001 (0.005)	Loss nan (nan)	Prec@1 11.719 (21.761)
Epoch: [60][153/176]	Time 0.463 (0.470)	Data 0.001 (0.004)	Loss nan (nan)	Prec@1 5.859 (20.447)
Epoch: [60][170/176]	Time 0.459 (0.470)	Data 0.000 (0.004)	Loss nan (nan)	Prec@1 10.938 (19.339)
 * Prec@1 10.060
 * Prec@1 10.060
 * Prec@1 10.060
 * Prec@1 10.060
 * Noisy Prec@1 10.06
	 * New best: 10.06000
current lr 2.00000e-02
Epoch: [61][0/176]	Time 0.971 (0.971)	Data 0.474 (0.474)	Loss nan (nan)	Prec@1 10.547 (10.547)
Epoch: [61][17/176]	Time 0.463 (0.501)	Data 0.001 (0.027)	Loss nan (nan)	Prec@1 7.031 (9.505)
Epoch: [61][34/176]	Time 0.463 (0.484)	Data 0.001 (0.015)	Loss nan (nan)	Prec@1 7.422 (9.866)
Epoch: [61][51/176]	Time 0.463 (0.479)	Data 0.001 (0.010)	Loss nan (nan)	Prec@1 8.984 (9.638)
Epoch: [61][68/176]	Time 0.463 (0.476)	Data 0.001 (0.008)	Loss nan (nan)	Prec@1 10.547 (9.630)
Epoch: [61][85/176]	Time 0.468 (0.474)	Data 0.001 (0.007)	Loss nan (nan)	Prec@1 8.594 (9.825)
Epoch: [61][102/176]	Time 0.463 (0.473)	Data 0.001 (0.006)	Loss nan (nan)	Prec@1 8.594 (9.936)
Epoch: [61][119/176]	Time 0.472 (0.471)	Data 0.001 (0.005)	Loss nan (nan)	Prec@1 10.156 (10.007)
Epoch: [61][136/176]	Time 0.463 (0.471)	Data 0.001 (0.005)	Loss nan (nan)	Prec@1 8.984 (9.999)
Epoch: [61][153/176]	Time 0.463 (0.470)	Data 0.001 (0.004)	Loss nan (nan)	Prec@1 7.031 (10.004)
Epoch: [61][170/176]	Time 0.459 (0.470)	Data 0.000 (0.004)	Loss nan (nan)	Prec@1 8.984 (10.031)
 * Prec@1 10.060
 * Prec@1 10.060
 * Prec@1 10.060
 * Prec@1 10.060
 * Noisy Prec@1 10.06
current lr 2.00000e-02
Epoch: [62][0/176]	Time 1.043 (1.043)	Data 0.509 (0.509)	Loss nan (nan)	Prec@1 7.422 (7.422)
Epoch: [62][17/176]	Time 0.463 (0.496)	Data 0.001 (0.029)	Loss nan (nan)	Prec@1 7.812 (9.874)
Epoch: [62][34/176]	Time 0.470 (0.482)	Data 0.001 (0.016)	Loss nan (nan)	Prec@1 14.453 (9.978)
Epoch: [62][51/176]	Time 0.464 (0.476)	Data 0.001 (0.011)	Loss nan (nan)	Prec@1 10.938 (10.044)
Epoch: [62][68/176]	Time 0.463 (0.474)	Data 0.001 (0.009)	Loss nan (nan)	Prec@1 8.984 (9.952)
Epoch: [62][85/176]	Time 0.463 (0.472)	Data 0.001 (0.007)	Loss nan (nan)	Prec@1 11.719 (9.956)
Traceback (most recent call last):
  File "trainer_resnet.py", line 339, in <module>
    main()
  File "trainer_resnet.py", line 144, in main
    train(train_loader, model, criterion, optimizer, epoch, args=args, clip_fn=clip_weights)
  File "trainer_resnet.py", line 219, in train
    epoch=epoch - args.start_epoch
  File "/ibm/gpfs-homes/jbu/Master-Thesis/Losses/torch_loss.py", line 138, in compute_gradient_and_backward
    X
  File "/ibm/gpfs-homes/jbu/Master-Thesis/Losses/torch_loss.py", line 97, in _adversarial_loss
    loss_rob.backward()
  File "/u/jbu/.conda/envs/msc/lib/python3.7/site-packages/torch/tensor.py", line 221, in backward
    torch.autograd.backward(self, gradient, retain_graph, create_graph)
  File "/u/jbu/.conda/envs/msc/lib/python3.7/site-packages/torch/autograd/__init__.py", line 132, in backward
    allow_unreachable=True)  # allow_unreachable flag
KeyboardInterrupt
