Sender: LSF System <lsfadmin@zhcc004>
Subject: Job 768140: <python3 trainer_resnet.py -seed=0 -batch_size=256 -weight_decay=0.0005 -momentum=0.9 -save_every=10 -lr=0.1 -n_attack_steps=3 -beta_robustness=0.05 -eta_train=0.026 -eta_mode=range -clipping_alpha=2.0 -attack_size_mismatch=0.1 -initial_std=0.001 -pretrained -burn_in=0 -workers=4 -n_epochs=300 -dataset=cifar10 -architecture=resnet32 -start_epoch=60 -data_dir=/dataP/jbu -session_id=7080400172> in cluster <ZHC2clusterLSF> Exited

Job <python3 trainer_resnet.py -seed=0 -batch_size=256 -weight_decay=0.0005 -momentum=0.9 -save_every=10 -lr=0.1 -n_attack_steps=3 -beta_robustness=0.05 -eta_train=0.026 -eta_mode=range -clipping_alpha=2.0 -attack_size_mismatch=0.1 -initial_std=0.001 -pretrained -burn_in=0 -workers=4 -n_epochs=300 -dataset=cifar10 -architecture=resnet32 -start_epoch=60 -data_dir=/dataP/jbu -session_id=7080400172> was submitted from host <zhcc022> by user <jbu> in cluster <ZHC2clusterLSF> at Tue Nov  2 14:09:20 2021
Job was executed on host(s) <zhcc004>, in queue <prod.med>, as user <jbu> in cluster <ZHC2clusterLSF> at Tue Nov  2 14:09:21 2021
</u/jbu> was used as the home directory.
</u/jbu/Master-Thesis> was used as the working directory.
Started at Tue Nov  2 14:09:21 2021
Terminated at Tue Nov  2 14:13:13 2021
Results reported at Tue Nov  2 14:13:13 2021

Your job looked like:

------------------------------------------------------------
# LSBATCH: User input
python3 trainer_resnet.py -seed=0 -batch_size=256 -weight_decay=0.0005 -momentum=0.9 -save_every=10 -lr=0.1 -n_attack_steps=3 -beta_robustness=0.05 -eta_train=0.026 -eta_mode=range -clipping_alpha=2.0 -attack_size_mismatch=0.1 -initial_std=0.001 -pretrained -burn_in=0 -workers=4 -n_epochs=300 -dataset=cifar10 -architecture=resnet32 -start_epoch=60 -data_dir=/dataP/jbu -session_id=7080400172
------------------------------------------------------------

TERM_OWNER: job killed by owner.
Exited with exit code 1.

Resource usage summary:

    CPU time :                                   367.47 sec.
    Max Memory :                                 2048 MB
    Average Memory :                             1861.11 MB
    Total Requested Memory :                     -
    Delta Memory :                               -
    Max Swap :                                   -
    Max Processes :                              7
    Max Threads :                                131
    Run time :                                   233 sec.
    Turnaround time :                            233 sec.

The output (if any) follows:

Loaded pretrained model from /ibm/gpfs-homes/jbu/Master-Thesis/Resources/cifar10_pretrained_models/resnet32.th
Files already downloaded and verified
Files already downloaded and verified
Files already downloaded and verified
/u/jbu/.conda/envs/msc/lib/python3.7/site-packages/torch/optim/lr_scheduler.py:136: UserWarning: Detected call of `lr_scheduler.step()` before `optimizer.step()`. In PyTorch 1.1.0 and later, you should call them in the opposite order: `optimizer.step()` before `lr_scheduler.step()`.  Failure to do this will result in PyTorch skipping the first value of the learning rate schedule. See more details at https://pytorch.org/docs/stable/optim.html#how-to-adjust-learning-rate
  "https://pytorch.org/docs/stable/optim.html#how-to-adjust-learning-rate", UserWarning)
 * Prec@1 93.900
 * Prec@1 19.920
 * Prec@1 20.820
 * Prec@1 18.920
 * Prec@1 20.440
 * Noisy Prec@1 20.06
After loading, with clipping@2.00 19.92 w/o 93.90 noisy: 20.06pm1.01
current lr 2.00000e-02
Epoch: [60][0/176]	Time 1.002 (1.002)	Data 0.470 (0.470)	Loss 0.9091 (0.9091)	Prec@1 85.156 (85.156)
Epoch: [60][17/176]	Time 0.464 (0.500)	Data 0.001 (0.027)	Loss 0.6556 (0.7561)	Prec@1 94.531 (94.032)
Epoch: [60][34/176]	Time 0.497 (0.488)	Data 0.001 (0.015)	Loss 0.6072 (0.7250)	Prec@1 94.141 (93.438)
Epoch: [60][51/176]	Time 0.471 (0.481)	Data 0.001 (0.010)	Loss 0.5751 (0.6873)	Prec@1 94.531 (93.480)
Epoch: [60][68/176]	Time 0.464 (0.478)	Data 0.001 (0.008)	Loss 0.5028 (0.6505)	Prec@1 96.094 (93.671)
Epoch: [60][85/176]	Time 0.464 (0.475)	Data 0.001 (0.007)	Loss 0.5847 (0.6315)	Prec@1 93.359 (93.795)
Epoch: [60][102/176]	Time 0.464 (0.473)	Data 0.001 (0.006)	Loss 0.5076 (0.6173)	Prec@1 95.312 (93.890)
Epoch: [60][119/176]	Time 0.464 (0.472)	Data 0.001 (0.005)	Loss 0.5176 (0.6046)	Prec@1 92.969 (93.994)
Epoch: [60][136/176]	Time 0.470 (0.471)	Data 0.001 (0.005)	Loss 0.5628 (0.5946)	Prec@1 91.797 (94.007)
Epoch: [60][153/176]	Time 0.467 (0.471)	Data 0.001 (0.004)	Loss 0.4631 (0.5881)	Prec@1 94.922 (93.986)
Epoch: [60][170/176]	Time 0.461 (0.470)	Data 0.000 (0.004)	Loss 0.4558 (0.5810)	Prec@1 95.703 (94.054)
 * Prec@1 86.420
 * Prec@1 85.980
 * Prec@1 86.460
 * Prec@1 85.660
 * Noisy Prec@1 86.03
	 * New best: 86.03333
current lr 2.00000e-02
Epoch: [61][0/176]	Time 0.981 (0.981)	Data 0.458 (0.458)	Loss 0.5758 (0.5758)	Prec@1 94.922 (94.922)
Epoch: [61][17/176]	Time 0.464 (0.494)	Data 0.001 (0.027)	Loss 0.5004 (0.4938)	Prec@1 96.094 (95.095)
Epoch: [61][34/176]	Time 0.464 (0.482)	Data 0.001 (0.014)	Loss 0.4412 (0.4937)	Prec@1 96.484 (94.944)
Epoch: [61][51/176]	Time 0.464 (0.478)	Data 0.001 (0.010)	Loss 0.4871 (0.4922)	Prec@1 94.531 (94.959)
Epoch: [61][68/176]	Time 0.464 (0.475)	Data 0.001 (0.008)	Loss 0.4928 (0.4919)	Prec@1 94.531 (94.939)
Epoch: [61][85/176]	Time 0.464 (0.474)	Data 0.001 (0.007)	Loss 0.5305 (0.4940)	Prec@1 92.578 (94.945)
Epoch: [61][102/176]	Time 0.463 (0.473)	Data 0.001 (0.006)	Loss 0.4483 (0.4978)	Prec@1 94.922 (94.759)
Epoch: [61][119/176]	Time 0.470 (0.473)	Data 0.001 (0.005)	Loss 0.4673 (0.4950)	Prec@1 94.922 (94.727)
Epoch: [61][136/176]	Time 0.463 (0.472)	Data 0.001 (0.005)	Loss 0.4800 (0.4906)	Prec@1 94.141 (94.759)
Epoch: [61][153/176]	Time 0.464 (0.472)	Data 0.001 (0.004)	Loss 0.4724 (0.4914)	Prec@1 94.141 (94.666)
Epoch: [61][170/176]	Time 0.459 (0.471)	Data 0.000 (0.004)	Loss 0.4370 (0.4901)	Prec@1 93.750 (94.625)
 * Prec@1 88.060
 * Prec@1 87.800
 * Prec@1 88.220
 * Prec@1 87.580
 * Noisy Prec@1 87.87
	 * New best: 87.86667
current lr 2.00000e-02
Epoch: [62][0/176]	Time 1.047 (1.047)	Data 0.539 (0.539)	Loss 0.4700 (0.4700)	Prec@1 94.922 (94.922)
Epoch: [62][17/176]	Time 0.464 (0.496)	Data 0.001 (0.031)	Loss 0.3987 (0.4830)	Prec@1 94.922 (93.902)
Epoch: [62][34/176]	Time 0.464 (0.482)	Data 0.001 (0.017)	Loss 0.4265 (0.4742)	Prec@1 95.312 (94.364)
Epoch: [62][51/176]	Time 0.464 (0.476)	Data 0.001 (0.012)	Loss 0.5554 (0.4788)	Prec@1 93.359 (94.494)
Epoch: [62][68/176]	Time 0.466 (0.474)	Data 0.001 (0.009)	Loss 0.4325 (0.4750)	Prec@1 94.141 (94.571)
Epoch: [62][85/176]	Time 0.469 (0.472)	Data 0.001 (0.007)	Loss 0.5092 (0.4724)	Prec@1 94.141 (94.668)
Traceback (most recent call last):
  File "trainer_resnet.py", line 339, in <module>
    main()
  File "trainer_resnet.py", line 144, in main
    train(train_loader, model, criterion, optimizer, epoch, args=args, clip_fn=clip_weights)
  File "trainer_resnet.py", line 219, in train
    epoch=epoch - args.start_epoch
  File "/ibm/gpfs-homes/jbu/Master-Thesis/Losses/torch_loss.py", line 142, in compute_gradient_and_backward
    nat_loss = self.natural_loss(model(X), y)
  File "/u/jbu/.conda/envs/msc/lib/python3.7/site-packages/torch/nn/modules/module.py", line 727, in _call_impl
    result = self.forward(*input, **kwargs)
  File "/u/jbu/.conda/envs/msc/lib/python3.7/site-packages/torch/nn/parallel/data_parallel.py", line 159, in forward
    return self.module(*inputs[0], **kwargs[0])
  File "/u/jbu/.conda/envs/msc/lib/python3.7/site-packages/torch/nn/modules/module.py", line 727, in _call_impl
    result = self.forward(*input, **kwargs)
  File "/ibm/gpfs-homes/jbu/Master-Thesis/Architectures/cifar_resnet.py", line 111, in forward
    out = self.layer3(out)
  File "/u/jbu/.conda/envs/msc/lib/python3.7/site-packages/torch/nn/modules/module.py", line 727, in _call_impl
    result = self.forward(*input, **kwargs)
  File "/u/jbu/.conda/envs/msc/lib/python3.7/site-packages/torch/nn/modules/container.py", line 117, in forward
    input = module(input)
  File "/u/jbu/.conda/envs/msc/lib/python3.7/site-packages/torch/nn/modules/module.py", line 727, in _call_impl
    result = self.forward(*input, **kwargs)
  File "/ibm/gpfs-homes/jbu/Master-Thesis/Architectures/cifar_resnet.py", line 78, in forward
    out = self.bn2(self.conv2(out))
  File "/u/jbu/.conda/envs/msc/lib/python3.7/site-packages/torch/nn/modules/module.py", line 724, in _call_impl
    if torch._C._get_tracing_state():
KeyboardInterrupt
