Sender: LSF System <lsfadmin@zhcc003>
Subject: Job 777558: <python3 trainer_resnet.py -seed=1 -batch_size=256 -weight_decay=0.0005 -momentum=0.9 -save_every=10 -lr=0.1 -n_attack_steps=3 -beta_robustness=0.0 -gamma=0.1 -eps_pga=0.0 -eta_train=0.0 -inner_lr=0.1 -eta_mode=ind -clipping_alpha=2.0 -attack_size_mismatch=0.01 -initial_std=0.001 -pretrained -burn_in=0 -workers=4 -n_epochs=300 -dataset=cifar10 -architecture=resnet32 -start_epoch=60 -data_dir=/dataP/jbu -session_id=7842019091> in cluster <ZHC2clusterLSF> Exited

Job <python3 trainer_resnet.py -seed=1 -batch_size=256 -weight_decay=0.0005 -momentum=0.9 -save_every=10 -lr=0.1 -n_attack_steps=3 -beta_robustness=0.0 -gamma=0.1 -eps_pga=0.0 -eta_train=0.0 -inner_lr=0.1 -eta_mode=ind -clipping_alpha=2.0 -attack_size_mismatch=0.01 -initial_std=0.001 -pretrained -burn_in=0 -workers=4 -n_epochs=300 -dataset=cifar10 -architecture=resnet32 -start_epoch=60 -data_dir=/dataP/jbu -session_id=7842019091> was submitted from host <zhcc022> by user <jbu> in cluster <ZHC2clusterLSF> at Wed Nov 24 14:39:10 2021
Job was executed on host(s) <zhcc003>, in queue <prod.med>, as user <jbu> in cluster <ZHC2clusterLSF> at Wed Nov 24 14:39:11 2021
</u/jbu> was used as the home directory.
</u/jbu/Resnet32-ICLR> was used as the working directory.
Started at Wed Nov 24 14:39:11 2021
Terminated at Wed Nov 24 14:39:17 2021
Results reported at Wed Nov 24 14:39:17 2021

Your job looked like:

------------------------------------------------------------
# LSBATCH: User input
python3 trainer_resnet.py -seed=1 -batch_size=256 -weight_decay=0.0005 -momentum=0.9 -save_every=10 -lr=0.1 -n_attack_steps=3 -beta_robustness=0.0 -gamma=0.1 -eps_pga=0.0 -eta_train=0.0 -inner_lr=0.1 -eta_mode=ind -clipping_alpha=2.0 -attack_size_mismatch=0.01 -initial_std=0.001 -pretrained -burn_in=0 -workers=4 -n_epochs=300 -dataset=cifar10 -architecture=resnet32 -start_epoch=60 -data_dir=/dataP/jbu -session_id=7842019091
------------------------------------------------------------

TERM_OWNER: job killed by owner.
Exited with exit code 1.

Resource usage summary:

    CPU time :                                   10.38 sec.
    Max Memory :                                 1300 MB
    Average Memory :                             867.67 MB
    Total Requested Memory :                     -
    Delta Memory :                               -
    Max Swap :                                   -
    Max Processes :                              3
    Max Threads :                                133
    Run time :                                   8 sec.
    Turnaround time :                            7 sec.

The output (if any) follows:

Loaded pretrained model from /ibm/gpfs-homes/jbu/Resnet32-ICLR/Resources/cifar10_pretrained_models/resnet32.th
Files already downloaded and verified
Traceback (most recent call last):
  File "trainer_resnet.py", line 344, in <module>
    main()
  File "trainer_resnet.py", line 66, in main
    dataset=args.dataset
  File "/ibm/gpfs-homes/jbu/Resnet32-ICLR/Utils/cifar_dataloader.py", line 94, in get_train_valid_loader
    download=True, transform=valid_transform,
  File "/u/jbu/.conda/envs/msc/lib/python3.7/site-packages/torchvision-0.8.0a0+2f40a48-py3.7-linux-ppc64le.egg/torchvision/datasets/cifar.py", line 65, in __init__
    self.download()
  File "/u/jbu/.conda/envs/msc/lib/python3.7/site-packages/torchvision-0.8.0a0+2f40a48-py3.7-linux-ppc64le.egg/torchvision/datasets/cifar.py", line 140, in download
    if self._check_integrity():
  File "/u/jbu/.conda/envs/msc/lib/python3.7/site-packages/torchvision-0.8.0a0+2f40a48-py3.7-linux-ppc64le.egg/torchvision/datasets/cifar.py", line 135, in _check_integrity
    if not check_integrity(fpath, md5):
  File "/u/jbu/.conda/envs/msc/lib/python3.7/site-packages/torchvision-0.8.0a0+2f40a48-py3.7-linux-ppc64le.egg/torchvision/datasets/utils.py", line 43, in check_integrity
    return check_md5(fpath, md5)
  File "/u/jbu/.conda/envs/msc/lib/python3.7/site-packages/torchvision-0.8.0a0+2f40a48-py3.7-linux-ppc64le.egg/torchvision/datasets/utils.py", line 35, in check_md5
    return md5 == calculate_md5(fpath, **kwargs)
  File "/u/jbu/.conda/envs/msc/lib/python3.7/site-packages/torchvision-0.8.0a0+2f40a48-py3.7-linux-ppc64le.egg/torchvision/datasets/utils.py", line 30, in calculate_md5
    md5.update(chunk)
KeyboardInterrupt
