Sender: LSF System <lsfadmin@zhcc006>
Subject: Job 777578: <python3 trainer_resnet.py -seed=1 -batch_size=256 -weight_decay=0.0005 -momentum=0.9 -save_every=10 -lr=0.1 -n_attack_steps=3 -beta_robustness=0.0 -gamma=0.1 -eps_pga=0.001 -eta_train=0.0 -inner_lr=0.1 -eta_mode=ind -clipping_alpha=2.0 -attack_size_mismatch=0.05 -initial_std=0.001 -pretrained -burn_in=0 -workers=4 -n_epochs=300 -dataset=cifar10 -architecture=resnet32 -start_epoch=60 -data_dir=/dataP/jbu -session_id=8207081345> in cluster <ZHC2clusterLSF> Exited

Job <python3 trainer_resnet.py -seed=1 -batch_size=256 -weight_decay=0.0005 -momentum=0.9 -save_every=10 -lr=0.1 -n_attack_steps=3 -beta_robustness=0.0 -gamma=0.1 -eps_pga=0.001 -eta_train=0.0 -inner_lr=0.1 -eta_mode=ind -clipping_alpha=2.0 -attack_size_mismatch=0.05 -initial_std=0.001 -pretrained -burn_in=0 -workers=4 -n_epochs=300 -dataset=cifar10 -architecture=resnet32 -start_epoch=60 -data_dir=/dataP/jbu -session_id=8207081345> was submitted from host <zhcc022> by user <jbu> in cluster <ZHC2clusterLSF> at Wed Nov 24 14:40:34 2021
Job was executed on host(s) <zhcc006>, in queue <prod.med>, as user <jbu> in cluster <ZHC2clusterLSF> at Wed Nov 24 14:40:35 2021
</u/jbu> was used as the home directory.
</u/jbu/Resnet32-ICLR> was used as the working directory.
Started at Wed Nov 24 14:40:35 2021
Terminated at Wed Nov 24 14:40:55 2021
Results reported at Wed Nov 24 14:40:55 2021

Your job looked like:

------------------------------------------------------------
# LSBATCH: User input
python3 trainer_resnet.py -seed=1 -batch_size=256 -weight_decay=0.0005 -momentum=0.9 -save_every=10 -lr=0.1 -n_attack_steps=3 -beta_robustness=0.0 -gamma=0.1 -eps_pga=0.001 -eta_train=0.0 -inner_lr=0.1 -eta_mode=ind -clipping_alpha=2.0 -attack_size_mismatch=0.05 -initial_std=0.001 -pretrained -burn_in=0 -workers=4 -n_epochs=300 -dataset=cifar10 -architecture=resnet32 -start_epoch=60 -data_dir=/dataP/jbu -session_id=8207081345
------------------------------------------------------------

TERM_OWNER: job killed by owner.
Exited with exit code 1.

Resource usage summary:

    CPU time :                                   37.85 sec.
    Max Memory :                                 2050 MB
    Average Memory :                             812.80 MB
    Total Requested Memory :                     -
    Delta Memory :                               -
    Max Swap :                                   -
    Max Processes :                              7
    Max Threads :                                131
    Run time :                                   23 sec.
    Turnaround time :                            21 sec.

The output (if any) follows:

Loaded pretrained model from /ibm/gpfs-homes/jbu/Resnet32-ICLR/Resources/cifar10_pretrained_models/resnet32.th
Files already downloaded and verified
Files already downloaded and verified
Files already downloaded and verified
/u/jbu/.conda/envs/msc/lib/python3.7/site-packages/torch/optim/lr_scheduler.py:136: UserWarning: Detected call of `lr_scheduler.step()` before `optimizer.step()`. In PyTorch 1.1.0 and later, you should call them in the opposite order: `optimizer.step()` before `lr_scheduler.step()`.  Failure to do this will result in PyTorch skipping the first value of the learning rate schedule. See more details at https://pytorch.org/docs/stable/optim.html#how-to-adjust-learning-rate
  "https://pytorch.org/docs/stable/optim.html#how-to-adjust-learning-rate", UserWarning)
 * Prec@1 99.440
 * Prec@1 14.440
 * Prec@1 14.440
 * Prec@1 14.440
 * Prec@1 14.440
 * Noisy Prec@1 14.44
After loading, with clipping@2.00 14.44 w/o 99.44 noisy: 14.44pm0.00
current lr 2.00000e-02
Epoch: [60][0/176]	Time 1.162 (1.162)	Data 0.522 (0.522)	Loss 1.3202 (1.3202)	Prec@1 89.844 (89.844)
Traceback (most recent call last):
  File "trainer_resnet.py", line 344, in <module>
    main()
  File "trainer_resnet.py", line 149, in main
    train(train_loader, model, criterion, optimizer, epoch, args=args, clip_fn=clip_weights)
  File "trainer_resnet.py", line 224, in train
    epoch=epoch - args.start_epoch
  File "/ibm/gpfs-homes/jbu/Resnet32-ICLR/Losses/torch_loss.py", line 275, in compute_gradient_and_backward
    y
  File "/ibm/gpfs-homes/jbu/Resnet32-ICLR/Losses/torch_loss.py", line 238, in _adversarial_loss
    rand_init=True,
  File "/u/jbu/.conda/envs/msc/lib/python3.7/site-packages/cleverhans/torch/attacks/projected_gradient_descent.py", line 131, in projected_gradient_descent
    targeted=targeted,
  File "/u/jbu/.conda/envs/msc/lib/python3.7/site-packages/cleverhans/torch/attacks/fast_gradient_method.py", line 88, in fast_gradient_method
    optimal_perturbation = optimize_linear(x.grad, eps, norm)
  File "/u/jbu/.conda/envs/msc/lib/python3.7/site-packages/cleverhans/torch/utils.py", line 82, in optimize_linear
    avoid_zero_div = torch.tensor(1e-12, dtype=grad.dtype, device=grad.device)
KeyboardInterrupt
