Sender: LSF System <lsfadmin@zhcc004>
Subject: Job 777184: <python3 trainer_resnet.py -seed=0 -batch_size=256 -weight_decay=0.0005 -momentum=0.9 -save_every=10 -lr=0.1 -n_attack_steps=3 -beta_robustness=0.0 -gamma=0.1 -eps_pga=0.1 -eta_train=0.0 -eta_mode=ind -clipping_alpha=2.0 -attack_size_mismatch=0.2 -initial_std=0.001 -pretrained -burn_in=0 -workers=4 -n_epochs=300 -dataset=cifar10 -architecture=resnet32 -start_epoch=60 -data_dir=/dataP/jbu -session_id=8302898792> in cluster <ZHC2clusterLSF> Exited

Job <python3 trainer_resnet.py -seed=0 -batch_size=256 -weight_decay=0.0005 -momentum=0.9 -save_every=10 -lr=0.1 -n_attack_steps=3 -beta_robustness=0.0 -gamma=0.1 -eps_pga=0.1 -eta_train=0.0 -eta_mode=ind -clipping_alpha=2.0 -attack_size_mismatch=0.2 -initial_std=0.001 -pretrained -burn_in=0 -workers=4 -n_epochs=300 -dataset=cifar10 -architecture=resnet32 -start_epoch=60 -data_dir=/dataP/jbu -session_id=8302898792> was submitted from host <zhcc022> by user <jbu> in cluster <ZHC2clusterLSF> at Tue Nov 23 13:14:22 2021
Job was executed on host(s) <zhcc004>, in queue <prod.med>, as user <jbu> in cluster <ZHC2clusterLSF> at Tue Nov 23 13:14:23 2021
</u/jbu> was used as the home directory.
</u/jbu/Resnet32-ICLR> was used as the working directory.
Started at Tue Nov 23 13:14:23 2021
Terminated at Tue Nov 23 14:23:02 2021
Results reported at Tue Nov 23 14:23:02 2021

Your job looked like:

------------------------------------------------------------
# LSBATCH: User input
python3 trainer_resnet.py -seed=0 -batch_size=256 -weight_decay=0.0005 -momentum=0.9 -save_every=10 -lr=0.1 -n_attack_steps=3 -beta_robustness=0.0 -gamma=0.1 -eps_pga=0.1 -eta_train=0.0 -eta_mode=ind -clipping_alpha=2.0 -attack_size_mismatch=0.2 -initial_std=0.001 -pretrained -burn_in=0 -workers=4 -n_epochs=300 -dataset=cifar10 -architecture=resnet32 -start_epoch=60 -data_dir=/dataP/jbu -session_id=8302898792
------------------------------------------------------------

TERM_OWNER: job killed by owner.
Exited with exit code 1.

Resource usage summary:

    CPU time :                                   6158.17 sec.
    Max Memory :                                 2172 MB
    Average Memory :                             2088.16 MB
    Total Requested Memory :                     -
    Delta Memory :                               -
    Max Swap :                                   -
    Max Processes :                              7
    Max Threads :                                131
    Run time :                                   4120 sec.
    Turnaround time :                            4120 sec.

The output (if any) follows:

Loaded pretrained model from /ibm/gpfs-homes/jbu/Resnet32-ICLR/Resources/cifar10_pretrained_models/resnet32.th
Files already downloaded and verified
Files already downloaded and verified
Files already downloaded and verified
/u/jbu/.conda/envs/msc/lib/python3.7/site-packages/torch/optim/lr_scheduler.py:136: UserWarning: Detected call of `lr_scheduler.step()` before `optimizer.step()`. In PyTorch 1.1.0 and later, you should call them in the opposite order: `optimizer.step()` before `lr_scheduler.step()`.  Failure to do this will result in PyTorch skipping the first value of the learning rate schedule. See more details at https://pytorch.org/docs/stable/optim.html#how-to-adjust-learning-rate
  "https://pytorch.org/docs/stable/optim.html#how-to-adjust-learning-rate", UserWarning)
 * Prec@1 94.280
 * Prec@1 15.320
 * Prec@1 15.320
 * Prec@1 15.320
 * Prec@1 15.320
 * Noisy Prec@1 15.32
After loading, with clipping@2.00 15.32 w/o 94.28 noisy: 15.32pm0.00
current lr 2.00000e-02
Epoch: [60][0/176]	Time 1.094 (1.094)	Data 0.503 (0.503)	Loss 2.0898 (2.0898)	Prec@1 73.828 (73.828)
Epoch: [60][17/176]	Time 0.528 (0.562)	Data 0.001 (0.029)	Loss 1.2639 (1.6790)	Prec@1 74.609 (77.452)
Epoch: [60][34/176]	Time 0.528 (0.547)	Data 0.001 (0.015)	Loss 1.0741 (1.4766)	Prec@1 80.859 (76.406)
Epoch: [60][51/176]	Time 0.528 (0.542)	Data 0.001 (0.011)	Loss 1.0280 (1.3510)	Prec@1 82.422 (77.509)
Epoch: [60][68/176]	Time 0.528 (0.540)	Data 0.001 (0.008)	Loss 0.9229 (1.2579)	Prec@1 83.594 (78.765)
Epoch: [60][85/176]	Time 0.529 (0.538)	Data 0.001 (0.007)	Loss 0.9845 (1.2055)	Prec@1 84.375 (79.597)
Epoch: [60][102/176]	Time 0.528 (0.537)	Data 0.001 (0.006)	Loss 0.8818 (1.1650)	Prec@1 87.109 (80.355)
Epoch: [60][119/176]	Time 0.528 (0.537)	Data 0.001 (0.005)	Loss 0.8672 (1.1275)	Prec@1 84.766 (81.159)
Epoch: [60][136/176]	Time 0.528 (0.536)	Data 0.001 (0.005)	Loss 0.9515 (1.0967)	Prec@1 84.766 (81.746)
Epoch: [60][153/176]	Time 0.529 (0.536)	Data 0.001 (0.004)	Loss 0.7357 (1.0722)	Prec@1 89.062 (82.229)
Epoch: [60][170/176]	Time 0.526 (0.535)	Data 0.000 (0.004)	Loss 0.8185 (1.0480)	Prec@1 84.375 (82.678)
 * Prec@1 86.140
 * Prec@1 86.140
 * Prec@1 86.140
 * Prec@1 86.140
 * Noisy Prec@1 86.14
	 * New best: 86.13999
current lr 2.00000e-02
Epoch: [61][0/176]	Time 1.060 (1.060)	Data 0.449 (0.449)	Loss 0.8080 (0.8080)	Prec@1 85.938 (85.938)
Epoch: [61][17/176]	Time 0.528 (0.567)	Data 0.001 (0.026)	Loss 0.7842 (0.8147)	Prec@1 88.281 (87.457)
Epoch: [61][34/176]	Time 0.530 (0.551)	Data 0.001 (0.014)	Loss 0.7754 (0.7989)	Prec@1 89.453 (87.835)
Epoch: [61][51/176]	Time 0.529 (0.544)	Data 0.001 (0.010)	Loss 0.8271 (0.8053)	Prec@1 87.109 (87.936)
Epoch: [61][68/176]	Time 0.529 (0.541)	Data 0.001 (0.008)	Loss 0.7757 (0.8080)	Prec@1 90.234 (87.896)
Epoch: [61][85/176]	Time 0.528 (0.538)	Data 0.001 (0.006)	Loss 0.8144 (0.8020)	Prec@1 90.625 (87.986)
Epoch: [61][102/176]	Time 0.530 (0.537)	Data 0.001 (0.006)	Loss 0.7951 (0.8026)	Prec@1 90.234 (87.989)
Epoch: [61][119/176]	Time 0.531 (0.536)	Data 0.001 (0.005)	Loss 0.7328 (0.7953)	Prec@1 87.109 (88.076)
Epoch: [61][136/176]	Time 0.528 (0.535)	Data 0.001 (0.004)	Loss 0.7755 (0.7916)	Prec@1 88.672 (88.204)
Epoch: [61][153/176]	Time 0.529 (0.535)	Data 0.001 (0.004)	Loss 0.6841 (0.7891)	Prec@1 89.453 (88.236)
Epoch: [61][170/176]	Time 0.527 (0.534)	Data 0.000 (0.004)	Loss 0.6957 (0.7857)	Prec@1 90.234 (88.318)
 * Prec@1 87.780
 * Prec@1 87.780
 * Prec@1 87.780
 * Prec@1 87.780
 * Noisy Prec@1 87.78
	 * New best: 87.78000
current lr 2.00000e-02
Epoch: [62][0/176]	Time 1.038 (1.038)	Data 0.436 (0.436)	Loss 0.7476 (0.7476)	Prec@1 87.500 (87.500)
Epoch: [62][17/176]	Time 0.529 (0.560)	Data 0.001 (0.025)	Loss 0.7435 (0.7727)	Prec@1 90.625 (88.043)
Epoch: [62][34/176]	Time 0.529 (0.546)	Data 0.001 (0.014)	Loss 0.7092 (0.7491)	Prec@1 89.453 (88.672)
Epoch: [62][51/176]	Time 0.528 (0.541)	Data 0.001 (0.010)	Loss 0.7067 (0.7499)	Prec@1 90.234 (88.785)
Epoch: [62][68/176]	Time 0.531 (0.538)	Data 0.001 (0.007)	Loss 0.6681 (0.7456)	Prec@1 92.578 (88.944)
Epoch: [62][85/176]	Time 0.528 (0.536)	Data 0.001 (0.006)	Loss 0.7981 (0.7420)	Prec@1 88.281 (89.040)
Epoch: [62][102/176]	Time 0.537 (0.535)	Data 0.001 (0.005)	Loss 0.7064 (0.7397)	Prec@1 91.016 (89.040)
Epoch: [62][119/176]	Time 0.528 (0.535)	Data 0.001 (0.005)	Loss 0.7497 (0.7344)	Prec@1 89.453 (89.137)
Epoch: [62][136/176]	Time 0.528 (0.534)	Data 0.001 (0.004)	Loss 0.6772 (0.7354)	Prec@1 90.234 (89.159)
Epoch: [62][153/176]	Time 0.529 (0.534)	Data 0.001 (0.004)	Loss 0.7329 (0.7332)	Prec@1 89.062 (89.169)
Epoch: [62][170/176]	Time 0.527 (0.534)	Data 0.000 (0.004)	Loss 0.7145 (0.7313)	Prec@1 92.578 (89.222)
 * Prec@1 87.140
 * Prec@1 87.140
 * Prec@1 87.140
 * Prec@1 87.140
 * Noisy Prec@1 87.14
current lr 2.00000e-02
Epoch: [63][0/176]	Time 1.046 (1.046)	Data 0.502 (0.502)	Loss 0.7858 (0.7858)	Prec@1 88.672 (88.672)
Epoch: [63][17/176]	Time 0.528 (0.566)	Data 0.001 (0.029)	Loss 0.6591 (0.7240)	Prec@1 90.234 (89.822)
Epoch: [63][34/176]	Time 0.529 (0.550)	Data 0.001 (0.015)	Loss 0.7059 (0.6942)	Prec@1 93.750 (90.513)
Epoch: [63][51/176]	Time 0.529 (0.545)	Data 0.001 (0.011)	Loss 0.7167 (0.6975)	Prec@1 86.719 (90.077)
Epoch: [63][68/176]	Time 0.528 (0.541)	Data 0.001 (0.008)	Loss 0.6975 (0.7062)	Prec@1 88.672 (89.917)
Epoch: [63][85/176]	Time 0.529 (0.538)	Data 0.001 (0.007)	Loss 0.7194 (0.7043)	Prec@1 88.281 (89.794)
Epoch: [63][102/176]	Time 0.528 (0.537)	Data 0.001 (0.006)	Loss 0.7693 (0.7015)	Prec@1 87.891 (89.882)
Epoch: [63][119/176]	Time 0.529 (0.536)	Data 0.001 (0.005)	Loss 0.6574 (0.6973)	Prec@1 90.234 (89.971)
Epoch: [63][136/176]	Time 0.529 (0.537)	Data 0.001 (0.005)	Loss 0.6504 (0.6958)	Prec@1 92.188 (89.932)
Epoch: [63][153/176]	Time 0.531 (0.536)	Data 0.001 (0.004)	Loss 0.6052 (0.6960)	Prec@1 92.188 (89.958)
Epoch: [63][170/176]	Time 0.526 (0.535)	Data 0.000 (0.004)	Loss 0.7532 (0.6960)	Prec@1 89.844 (89.937)
 * Prec@1 88.300
 * Prec@1 88.300
 * Prec@1 88.300
 * Prec@1 88.300
 * Noisy Prec@1 88.30
	 * New best: 88.30001
current lr 2.00000e-02
Epoch: [64][0/176]	Time 1.052 (1.052)	Data 0.507 (0.507)	Loss 0.6788 (0.6788)	Prec@1 92.188 (92.188)
Epoch: [64][17/176]	Time 0.531 (0.564)	Data 0.001 (0.029)	Loss 0.7174 (0.6598)	Prec@1 88.672 (90.668)
Epoch: [64][34/176]	Time 0.529 (0.548)	Data 0.001 (0.016)	Loss 0.7638 (0.6787)	Prec@1 87.891 (90.446)
Epoch: [64][51/176]	Time 0.529 (0.547)	Data 0.001 (0.011)	Loss 0.5807 (0.6851)	Prec@1 90.234 (90.174)
Epoch: [64][68/176]	Time 0.566 (0.545)	Data 0.001 (0.009)	Loss 0.6183 (0.6848)	Prec@1 88.672 (90.121)
Epoch: [64][85/176]	Time 0.532 (0.543)	Data 0.001 (0.007)	Loss 0.6419 (0.6842)	Prec@1 90.234 (90.125)
Epoch: [64][102/176]	Time 0.529 (0.541)	Data 0.001 (0.006)	Loss 0.6717 (0.6853)	Prec@1 88.672 (90.083)
Epoch: [64][119/176]	Time 0.529 (0.540)	Data 0.001 (0.005)	Loss 0.7273 (0.6835)	Prec@1 91.797 (90.163)
Epoch: [64][136/176]	Time 0.528 (0.539)	Data 0.001 (0.005)	Loss 0.6348 (0.6838)	Prec@1 91.016 (90.092)
Epoch: [64][153/176]	Time 0.528 (0.538)	Data 0.001 (0.004)	Loss 0.7130 (0.6846)	Prec@1 86.719 (90.059)
Epoch: [64][170/176]	Time 0.526 (0.538)	Data 0.000 (0.004)	Loss 0.7210 (0.6839)	Prec@1 90.625 (90.102)
 * Prec@1 89.220
 * Prec@1 89.220
 * Prec@1 89.220
 * Prec@1 89.220
 * Noisy Prec@1 89.22
	 * New best: 89.22000
current lr 2.00000e-02
Epoch: [65][0/176]	Time 1.130 (1.130)	Data 0.566 (0.566)	Loss 0.6419 (0.6419)	Prec@1 91.016 (91.016)
Epoch: [65][17/176]	Time 0.528 (0.568)	Data 0.001 (0.033)	Loss 0.7055 (0.6492)	Prec@1 88.281 (89.757)
Epoch: [65][34/176]	Time 0.529 (0.551)	Data 0.001 (0.017)	Loss 0.7026 (0.6574)	Prec@1 92.188 (90.257)
Epoch: [65][51/176]	Time 0.529 (0.544)	Data 0.001 (0.012)	Loss 0.6603 (0.6535)	Prec@1 90.234 (90.512)
Epoch: [65][68/176]	Time 0.529 (0.542)	Data 0.001 (0.009)	Loss 0.7063 (0.6541)	Prec@1 89.062 (90.393)
Epoch: [65][85/176]	Time 0.529 (0.540)	Data 0.001 (0.008)	Loss 0.5705 (0.6536)	Prec@1 91.406 (90.425)
Epoch: [65][102/176]	Time 0.528 (0.539)	Data 0.001 (0.007)	Loss 0.5851 (0.6587)	Prec@1 93.359 (90.318)
Epoch: [65][119/176]	Time 0.529 (0.538)	Data 0.001 (0.006)	Loss 0.6314 (0.6627)	Prec@1 88.281 (90.264)
Epoch: [65][136/176]	Time 0.528 (0.537)	Data 0.001 (0.005)	Loss 0.6783 (0.6622)	Prec@1 90.234 (90.223)
Epoch: [65][153/176]	Time 0.529 (0.536)	Data 0.001 (0.005)	Loss 0.6619 (0.6616)	Prec@1 89.453 (90.270)
Epoch: [65][170/176]	Time 0.527 (0.536)	Data 0.000 (0.005)	Loss 0.5268 (0.6622)	Prec@1 91.797 (90.257)
 * Prec@1 89.460
 * Prec@1 89.460
 * Prec@1 89.460
 * Prec@1 89.460
 * Noisy Prec@1 89.46
	 * New best: 89.46000
current lr 2.00000e-02
Epoch: [66][0/176]	Time 0.967 (0.967)	Data 0.421 (0.421)	Loss 0.7479 (0.7479)	Prec@1 87.500 (87.500)
Epoch: [66][17/176]	Time 0.529 (0.555)	Data 0.001 (0.025)	Loss 0.6122 (0.6262)	Prec@1 93.750 (91.189)
Epoch: [66][34/176]	Time 0.530 (0.543)	Data 0.001 (0.013)	Loss 0.7460 (0.6416)	Prec@1 89.453 (90.960)
Epoch: [66][51/176]	Time 0.530 (0.538)	Data 0.001 (0.009)	Loss 0.6612 (0.6477)	Prec@1 92.188 (90.941)
Epoch: [66][68/176]	Time 0.528 (0.536)	Data 0.001 (0.007)	Loss 0.7702 (0.6536)	Prec@1 86.719 (90.704)
Epoch: [66][85/176]	Time 0.529 (0.535)	Data 0.001 (0.006)	Loss 0.6329 (0.6536)	Prec@1 91.797 (90.725)
Epoch: [66][102/176]	Time 0.528 (0.534)	Data 0.001 (0.005)	Loss 0.6650 (0.6538)	Prec@1 90.234 (90.731)
Epoch: [66][119/176]	Time 0.529 (0.533)	Data 0.001 (0.005)	Loss 0.6301 (0.6526)	Prec@1 92.188 (90.778)
Epoch: [66][136/176]	Time 0.529 (0.533)	Data 0.001 (0.004)	Loss 0.6726 (0.6527)	Prec@1 89.453 (90.679)
Epoch: [66][153/176]	Time 0.530 (0.533)	Data 0.001 (0.004)	Loss 0.6734 (0.6535)	Prec@1 88.672 (90.678)
Epoch: [66][170/176]	Time 0.528 (0.533)	Data 0.000 (0.004)	Loss 0.7011 (0.6546)	Prec@1 87.500 (90.614)
 * Prec@1 89.420
 * Prec@1 89.420
 * Prec@1 89.420
 * Prec@1 89.420
 * Noisy Prec@1 89.42
current lr 2.00000e-02
Epoch: [67][0/176]	Time 0.973 (0.973)	Data 0.420 (0.420)	Loss 0.6707 (0.6707)	Prec@1 90.234 (90.234)
Epoch: [67][17/176]	Time 0.528 (0.555)	Data 0.001 (0.024)	Loss 0.7027 (0.6355)	Prec@1 91.016 (90.755)
Epoch: [67][34/176]	Time 0.553 (0.544)	Data 0.001 (0.013)	Loss 0.6184 (0.6385)	Prec@1 90.234 (90.770)
Epoch: [67][51/176]	Time 0.529 (0.541)	Data 0.001 (0.009)	Loss 0.6700 (0.6404)	Prec@1 90.234 (90.768)
Epoch: [67][68/176]	Time 0.529 (0.539)	Data 0.001 (0.007)	Loss 0.6745 (0.6420)	Prec@1 87.891 (90.659)
Epoch: [67][85/176]	Time 0.555 (0.538)	Data 0.001 (0.006)	Loss 0.5641 (0.6395)	Prec@1 92.578 (90.657)
Epoch: [67][102/176]	Time 0.529 (0.537)	Data 0.001 (0.005)	Loss 0.6785 (0.6398)	Prec@1 87.500 (90.667)
Epoch: [67][119/176]	Time 0.528 (0.536)	Data 0.001 (0.005)	Loss 0.5944 (0.6400)	Prec@1 91.016 (90.586)
Epoch: [67][136/176]	Time 0.528 (0.536)	Data 0.001 (0.004)	Loss 0.6720 (0.6451)	Prec@1 91.016 (90.542)
Epoch: [67][153/176]	Time 0.529 (0.535)	Data 0.001 (0.004)	Loss 0.5807 (0.6444)	Prec@1 92.188 (90.529)
Epoch: [67][170/176]	Time 0.527 (0.535)	Data 0.000 (0.004)	Loss 0.6512 (0.6430)	Prec@1 91.016 (90.561)
 * Prec@1 89.400
 * Prec@1 89.400
 * Prec@1 89.400
 * Prec@1 89.400
 * Noisy Prec@1 89.40
current lr 2.00000e-02
Epoch: [68][0/176]	Time 0.993 (0.993)	Data 0.455 (0.455)	Loss 0.5759 (0.5759)	Prec@1 93.359 (93.359)
Epoch: [68][17/176]	Time 0.566 (0.571)	Data 0.001 (0.026)	Loss 0.5737 (0.6318)	Prec@1 91.016 (91.081)
Epoch: [68][34/176]	Time 0.529 (0.553)	Data 0.001 (0.014)	Loss 0.5323 (0.6382)	Prec@1 92.578 (91.038)
Epoch: [68][51/176]	Time 0.578 (0.547)	Data 0.001 (0.010)	Loss 0.5077 (0.6292)	Prec@1 92.578 (91.143)
Epoch: [68][68/176]	Time 0.531 (0.543)	Data 0.001 (0.008)	Loss 0.6508 (0.6293)	Prec@1 89.844 (91.101)
Epoch: [68][85/176]	Time 0.531 (0.541)	Data 0.001 (0.006)	Loss 0.5583 (0.6306)	Prec@1 92.578 (91.029)
Epoch: [68][102/176]	Time 0.528 (0.539)	Data 0.001 (0.006)	Loss 0.6060 (0.6362)	Prec@1 90.625 (90.762)
Epoch: [68][119/176]	Time 0.535 (0.538)	Data 0.001 (0.005)	Loss 0.7833 (0.6370)	Prec@1 91.406 (90.729)
Epoch: [68][136/176]	Time 0.529 (0.538)	Data 0.001 (0.004)	Loss 0.6471 (0.6378)	Prec@1 91.016 (90.725)
Epoch: [68][153/176]	Time 0.537 (0.537)	Data 0.001 (0.004)	Loss 0.5939 (0.6392)	Prec@1 92.578 (90.699)
Epoch: [68][170/176]	Time 0.527 (0.537)	Data 0.000 (0.004)	Loss 0.6267 (0.6390)	Prec@1 92.969 (90.730)
 * Prec@1 89.260
 * Prec@1 89.260
 * Prec@1 89.260
 * Prec@1 89.260
 * Noisy Prec@1 89.26
current lr 2.00000e-02
Epoch: [69][0/176]	Time 1.017 (1.017)	Data 0.463 (0.463)	Loss 0.6515 (0.6515)	Prec@1 91.016 (91.016)
Epoch: [69][17/176]	Time 0.529 (0.557)	Data 0.001 (0.027)	Loss 0.7524 (0.6258)	Prec@1 89.453 (91.471)
Epoch: [69][34/176]	Time 0.538 (0.546)	Data 0.001 (0.014)	Loss 0.6364 (0.6186)	Prec@1 91.406 (91.451)
Epoch: [69][51/176]	Time 0.531 (0.543)	Data 0.001 (0.010)	Loss 0.5958 (0.6200)	Prec@1 92.188 (91.324)
Epoch: [69][68/176]	Time 0.529 (0.540)	Data 0.001 (0.008)	Loss 0.6531 (0.6304)	Prec@1 90.625 (90.953)
Epoch: [69][85/176]	Time 0.529 (0.539)	Data 0.001 (0.007)	Loss 0.6583 (0.6292)	Prec@1 91.016 (90.875)
Epoch: [69][102/176]	Time 0.529 (0.538)	Data 0.001 (0.006)	Loss 0.6453 (0.6292)	Prec@1 87.891 (90.724)
Epoch: [69][119/176]	Time 0.529 (0.538)	Data 0.001 (0.005)	Loss 0.5616 (0.6297)	Prec@1 92.578 (90.700)
Epoch: [69][136/176]	Time 0.528 (0.538)	Data 0.001 (0.005)	Loss 0.6917 (0.6289)	Prec@1 89.062 (90.708)
Epoch: [69][153/176]	Time 0.528 (0.537)	Data 0.001 (0.004)	Loss 0.6049 (0.6299)	Prec@1 93.359 (90.747)
Epoch: [69][170/176]	Time 0.553 (0.537)	Data 0.000 (0.004)	Loss 0.6128 (0.6286)	Prec@1 92.188 (90.780)
 * Prec@1 88.760
 * Prec@1 88.760
 * Prec@1 88.760
 * Prec@1 88.760
 * Noisy Prec@1 88.76
current lr 2.00000e-02
Epoch: [70][0/176]	Time 1.061 (1.061)	Data 0.496 (0.496)	Loss 0.6431 (0.6431)	Prec@1 91.797 (91.797)
Epoch: [70][17/176]	Time 0.529 (0.564)	Data 0.001 (0.029)	Loss 0.5217 (0.6347)	Prec@1 95.312 (91.254)
Epoch: [70][34/176]	Time 0.528 (0.548)	Data 0.001 (0.015)	Loss 0.6789 (0.6113)	Prec@1 88.281 (91.462)
Epoch: [70][51/176]	Time 0.529 (0.543)	Data 0.001 (0.011)	Loss 0.5099 (0.6188)	Prec@1 92.188 (91.301)
Epoch: [70][68/176]	Time 0.529 (0.540)	Data 0.001 (0.008)	Loss 0.6431 (0.6221)	Prec@1 89.453 (91.084)
Epoch: [70][85/176]	Time 0.529 (0.538)	Data 0.001 (0.007)	Loss 0.5915 (0.6222)	Prec@1 92.188 (91.075)
Epoch: [70][102/176]	Time 0.549 (0.537)	Data 0.001 (0.006)	Loss 0.6368 (0.6242)	Prec@1 88.281 (90.993)
Epoch: [70][119/176]	Time 0.533 (0.536)	Data 0.001 (0.005)	Loss 0.7127 (0.6220)	Prec@1 90.234 (91.126)
Epoch: [70][136/176]	Time 0.529 (0.536)	Data 0.001 (0.005)	Loss 0.5283 (0.6246)	Prec@1 94.531 (91.087)
Epoch: [70][153/176]	Time 0.529 (0.535)	Data 0.001 (0.004)	Loss 0.6633 (0.6257)	Prec@1 88.281 (91.036)
Epoch: [70][170/176]	Time 0.527 (0.535)	Data 0.000 (0.004)	Loss 0.6177 (0.6256)	Prec@1 90.234 (90.988)
 * Prec@1 89.680
 * Prec@1 89.680
 * Prec@1 89.680
 * Prec@1 89.680
 * Noisy Prec@1 89.68
	 * New best: 89.68000
current lr 2.00000e-02
Epoch: [71][0/176]	Time 1.006 (1.006)	Data 0.461 (0.461)	Loss 0.6051 (0.6051)	Prec@1 90.234 (90.234)
Epoch: [71][17/176]	Time 0.531 (0.559)	Data 0.001 (0.027)	Loss 0.7401 (0.6221)	Prec@1 87.500 (91.146)
Epoch: [71][34/176]	Time 0.530 (0.545)	Data 0.001 (0.014)	Loss 0.6738 (0.6300)	Prec@1 89.844 (91.060)
Epoch: [71][51/176]	Time 0.536 (0.542)	Data 0.001 (0.010)	Loss 0.5530 (0.6237)	Prec@1 94.141 (91.264)
Epoch: [71][68/176]	Time 0.530 (0.538)	Data 0.001 (0.008)	Loss 0.6256 (0.6209)	Prec@1 89.453 (91.140)
Epoch: [71][85/176]	Time 0.529 (0.537)	Data 0.001 (0.007)	Loss 0.5686 (0.6214)	Prec@1 89.453 (91.034)
Epoch: [71][102/176]	Time 0.528 (0.535)	Data 0.001 (0.006)	Loss 0.5555 (0.6199)	Prec@1 90.234 (91.114)
Epoch: [71][119/176]	Time 0.529 (0.535)	Data 0.001 (0.005)	Loss 0.6398 (0.6196)	Prec@1 91.406 (91.058)
Epoch: [71][136/176]	Time 0.529 (0.534)	Data 0.001 (0.005)	Loss 0.5878 (0.6198)	Prec@1 93.359 (91.113)
Epoch: [71][153/176]	Time 0.529 (0.533)	Data 0.001 (0.004)	Loss 0.6318 (0.6211)	Prec@1 91.016 (91.094)
Epoch: [71][170/176]	Time 0.527 (0.533)	Data 0.000 (0.004)	Loss 0.5978 (0.6226)	Prec@1 89.062 (91.100)
 * Prec@1 89.640
 * Prec@1 89.640
 * Prec@1 89.640
 * Prec@1 89.640
 * Noisy Prec@1 89.64
current lr 2.00000e-02
Epoch: [72][0/176]	Time 1.075 (1.075)	Data 0.521 (0.521)	Loss 0.6487 (0.6487)	Prec@1 88.672 (88.672)
Epoch: [72][17/176]	Time 0.546 (0.569)	Data 0.001 (0.030)	Loss 0.5879 (0.5962)	Prec@1 92.578 (91.363)
Epoch: [72][34/176]	Time 0.528 (0.550)	Data 0.001 (0.016)	Loss 0.5653 (0.5841)	Prec@1 91.406 (91.429)
Epoch: [72][51/176]	Time 0.528 (0.543)	Data 0.001 (0.011)	Loss 0.6569 (0.5928)	Prec@1 91.406 (91.286)
Epoch: [72][68/176]	Time 0.528 (0.540)	Data 0.001 (0.009)	Loss 0.6104 (0.6011)	Prec@1 90.625 (91.157)
Epoch: [72][85/176]	Time 0.534 (0.538)	Data 0.001 (0.007)	Loss 0.5486 (0.6055)	Prec@1 91.797 (91.084)
Epoch: [72][102/176]	Time 0.550 (0.537)	Data 0.001 (0.006)	Loss 0.5578 (0.6026)	Prec@1 93.750 (91.220)
Epoch: [72][119/176]	Time 0.529 (0.537)	Data 0.001 (0.005)	Loss 0.5099 (0.6034)	Prec@1 92.578 (91.107)
Epoch: [72][136/176]	Time 0.530 (0.536)	Data 0.001 (0.005)	Loss 0.7021 (0.6056)	Prec@1 87.891 (91.041)
Epoch: [72][153/176]	Time 0.529 (0.536)	Data 0.001 (0.005)	Loss 0.6199 (0.6089)	Prec@1 89.844 (90.960)
Epoch: [72][170/176]	Time 0.527 (0.536)	Data 0.000 (0.004)	Loss 0.6030 (0.6098)	Prec@1 91.016 (90.917)
 * Prec@1 89.520
 * Prec@1 89.520
 * Prec@1 89.520
 * Prec@1 89.520
 * Noisy Prec@1 89.52
current lr 2.00000e-02
Epoch: [73][0/176]	Time 1.041 (1.041)	Data 0.486 (0.486)	Loss 0.6385 (0.6385)	Prec@1 90.625 (90.625)
Epoch: [73][17/176]	Time 0.534 (0.563)	Data 0.001 (0.028)	Loss 0.6117 (0.6169)	Prec@1 91.797 (91.146)
Epoch: [73][34/176]	Time 0.534 (0.549)	Data 0.001 (0.015)	Loss 0.6060 (0.6089)	Prec@1 92.969 (91.016)
Epoch: [73][51/176]	Time 0.529 (0.545)	Data 0.001 (0.010)	Loss 0.7173 (0.6075)	Prec@1 89.453 (91.046)
Epoch: [73][68/176]	Time 0.528 (0.545)	Data 0.001 (0.008)	Loss 0.6491 (0.6019)	Prec@1 91.016 (91.265)
Epoch: [73][85/176]	Time 0.568 (0.545)	Data 0.001 (0.007)	Loss 0.6576 (0.5989)	Prec@1 92.578 (91.306)
Epoch: [73][102/176]	Time 0.528 (0.543)	Data 0.001 (0.006)	Loss 0.5457 (0.6008)	Prec@1 92.578 (91.160)
Epoch: [73][119/176]	Time 0.542 (0.541)	Data 0.001 (0.005)	Loss 0.5953 (0.6028)	Prec@1 91.406 (91.185)
Epoch: [73][136/176]	Time 0.555 (0.542)	Data 0.001 (0.005)	Loss 0.6603 (0.6035)	Prec@1 90.234 (91.164)
Epoch: [73][153/176]	Time 0.529 (0.541)	Data 0.001 (0.004)	Loss 0.6447 (0.6037)	Prec@1 90.625 (91.183)
Epoch: [73][170/176]	Time 0.527 (0.540)	Data 0.000 (0.004)	Loss 0.5265 (0.6040)	Prec@1 94.922 (91.189)
 * Prec@1 90.400
 * Prec@1 90.400
 * Prec@1 90.400
 * Prec@1 90.400
 * Noisy Prec@1 90.40
	 * New best: 90.40000
current lr 2.00000e-02
Epoch: [74][0/176]	Time 1.073 (1.073)	Data 0.523 (0.523)	Loss 0.6045 (0.6045)	Prec@1 90.625 (90.625)
Epoch: [74][17/176]	Time 0.548 (0.564)	Data 0.001 (0.030)	Loss 0.6325 (0.5861)	Prec@1 91.797 (91.558)
Epoch: [74][34/176]	Time 0.554 (0.549)	Data 0.001 (0.016)	Loss 0.6335 (0.5913)	Prec@1 91.406 (91.763)
Epoch: [74][51/176]	Time 0.536 (0.544)	Data 0.002 (0.011)	Loss 0.4977 (0.5941)	Prec@1 93.359 (91.677)
Epoch: [74][68/176]	Time 0.529 (0.543)	Data 0.001 (0.009)	Loss 0.6853 (0.5981)	Prec@1 88.281 (91.531)
Epoch: [74][85/176]	Time 0.530 (0.541)	Data 0.001 (0.007)	Loss 0.7213 (0.6005)	Prec@1 90.234 (91.411)
Epoch: [74][102/176]	Time 0.529 (0.539)	Data 0.001 (0.006)	Loss 0.7174 (0.6044)	Prec@1 90.234 (91.319)
Epoch: [74][119/176]	Time 0.529 (0.538)	Data 0.001 (0.006)	Loss 0.6128 (0.6056)	Prec@1 91.406 (91.341)
Epoch: [74][136/176]	Time 0.529 (0.537)	Data 0.001 (0.005)	Loss 0.6064 (0.6051)	Prec@1 89.844 (91.247)
Epoch: [74][153/176]	Time 0.529 (0.537)	Data 0.001 (0.005)	Loss 0.6393 (0.6064)	Prec@1 90.234 (91.180)
Epoch: [74][170/176]	Time 0.527 (0.536)	Data 0.000 (0.004)	Loss 0.5646 (0.6070)	Prec@1 91.406 (91.185)
 * Prec@1 90.200
 * Prec@1 90.200
 * Prec@1 90.200
 * Prec@1 90.200
 * Noisy Prec@1 90.20
current lr 2.00000e-02
Epoch: [75][0/176]	Time 1.024 (1.024)	Data 0.488 (0.488)	Loss 0.6450 (0.6450)	Prec@1 89.844 (89.844)
Epoch: [75][17/176]	Time 0.532 (0.557)	Data 0.001 (0.028)	Loss 0.6053 (0.6121)	Prec@1 93.359 (90.820)
Epoch: [75][34/176]	Time 0.529 (0.543)	Data 0.001 (0.015)	Loss 0.6765 (0.5990)	Prec@1 91.406 (91.217)
Epoch: [75][51/176]	Time 0.548 (0.539)	Data 0.001 (0.011)	Loss 0.5553 (0.5958)	Prec@1 93.359 (91.429)
Epoch: [75][68/176]	Time 0.529 (0.537)	Data 0.001 (0.008)	Loss 0.5943 (0.6031)	Prec@1 89.062 (91.202)
Epoch: [75][85/176]	Time 0.529 (0.537)	Data 0.001 (0.007)	Loss 0.5004 (0.6003)	Prec@1 93.750 (91.243)
Epoch: [75][102/176]	Time 0.528 (0.537)	Data 0.001 (0.006)	Loss 0.6190 (0.5980)	Prec@1 90.234 (91.194)
Epoch: [75][119/176]	Time 0.548 (0.536)	Data 0.002 (0.005)	Loss 0.6497 (0.5989)	Prec@1 89.062 (91.149)
Epoch: [75][136/176]	Time 0.530 (0.536)	Data 0.001 (0.005)	Loss 0.6116 (0.5977)	Prec@1 91.016 (91.204)
Epoch: [75][153/176]	Time 0.533 (0.536)	Data 0.001 (0.004)	Loss 0.5679 (0.5967)	Prec@1 91.406 (91.231)
Epoch: [75][170/176]	Time 0.527 (0.536)	Data 0.000 (0.004)	Loss 0.5896 (0.5981)	Prec@1 92.578 (91.187)
 * Prec@1 90.360
 * Prec@1 90.360
 * Prec@1 90.360
 * Prec@1 90.360
 * Noisy Prec@1 90.36
current lr 2.00000e-02
Epoch: [76][0/176]	Time 1.062 (1.062)	Data 0.524 (0.524)	Loss 0.5969 (0.5969)	Prec@1 93.359 (93.359)
Epoch: [76][17/176]	Time 0.532 (0.558)	Data 0.001 (0.030)	Loss 0.6283 (0.6236)	Prec@1 91.797 (91.211)
Epoch: [76][34/176]	Time 0.529 (0.545)	Data 0.001 (0.016)	Loss 0.4600 (0.6007)	Prec@1 91.797 (91.585)
Epoch: [76][51/176]	Time 0.528 (0.540)	Data 0.001 (0.011)	Loss 0.6312 (0.6027)	Prec@1 89.453 (91.414)
Epoch: [76][68/176]	Time 0.530 (0.538)	Data 0.001 (0.009)	Loss 0.5644 (0.5975)	Prec@1 91.016 (91.418)
Epoch: [76][85/176]	Time 0.529 (0.536)	Data 0.001 (0.007)	Loss 0.5992 (0.5948)	Prec@1 91.406 (91.483)
Epoch: [76][102/176]	Time 0.530 (0.536)	Data 0.001 (0.006)	Loss 0.5525 (0.5954)	Prec@1 93.359 (91.418)
Epoch: [76][119/176]	Time 0.529 (0.536)	Data 0.001 (0.006)	Loss 0.6882 (0.5956)	Prec@1 89.453 (91.335)
Epoch: [76][136/176]	Time 0.529 (0.536)	Data 0.001 (0.005)	Loss 0.5774 (0.5955)	Prec@1 92.188 (91.301)
Epoch: [76][153/176]	Time 0.537 (0.536)	Data 0.001 (0.005)	Loss 0.5814 (0.5945)	Prec@1 91.016 (91.267)
Epoch: [76][170/176]	Time 0.527 (0.536)	Data 0.000 (0.004)	Loss 0.5608 (0.5964)	Prec@1 91.797 (91.278)
 * Prec@1 90.280
 * Prec@1 90.280
 * Prec@1 90.280
 * Prec@1 90.280
 * Noisy Prec@1 90.28
current lr 2.00000e-02
Epoch: [77][0/176]	Time 1.010 (1.010)	Data 0.443 (0.443)	Loss 0.6395 (0.6395)	Prec@1 91.016 (91.016)
Epoch: [77][17/176]	Time 0.537 (0.564)	Data 0.001 (0.026)	Loss 0.6163 (0.5993)	Prec@1 91.406 (91.623)
Epoch: [77][34/176]	Time 0.529 (0.548)	Data 0.001 (0.014)	Loss 0.7058 (0.5887)	Prec@1 88.672 (91.484)
Epoch: [77][51/176]	Time 0.529 (0.542)	Data 0.001 (0.010)	Loss 0.5801 (0.5858)	Prec@1 92.578 (91.572)
Epoch: [77][68/176]	Time 0.529 (0.539)	Data 0.001 (0.008)	Loss 0.6591 (0.5904)	Prec@1 91.016 (91.548)
Epoch: [77][85/176]	Time 0.533 (0.537)	Data 0.001 (0.006)	Loss 0.6003 (0.5875)	Prec@1 90.625 (91.638)
Epoch: [77][102/176]	Time 0.528 (0.536)	Data 0.001 (0.005)	Loss 0.5947 (0.5897)	Prec@1 94.922 (91.630)
Epoch: [77][119/176]	Time 0.529 (0.536)	Data 0.001 (0.005)	Loss 0.5879 (0.5891)	Prec@1 91.016 (91.598)
Epoch: [77][136/176]	Time 0.533 (0.535)	Data 0.001 (0.004)	Loss 0.6015 (0.5924)	Prec@1 91.406 (91.583)
Epoch: [77][153/176]	Time 0.530 (0.535)	Data 0.001 (0.004)	Loss 0.6335 (0.5942)	Prec@1 89.844 (91.538)
Epoch: [77][170/176]	Time 0.528 (0.535)	Data 0.000 (0.004)	Loss 0.6226 (0.5975)	Prec@1 90.234 (91.468)
 * Prec@1 89.860
 * Prec@1 89.860
 * Prec@1 89.860
 * Prec@1 89.860
 * Noisy Prec@1 89.86
current lr 2.00000e-02
Epoch: [78][0/176]	Time 1.018 (1.018)	Data 0.464 (0.464)	Loss 0.5901 (0.5901)	Prec@1 91.797 (91.797)
Epoch: [78][17/176]	Time 0.543 (0.558)	Data 0.001 (0.027)	Loss 0.6568 (0.5862)	Prec@1 90.625 (91.667)
Epoch: [78][34/176]	Time 0.530 (0.547)	Data 0.001 (0.014)	Loss 0.5542 (0.5769)	Prec@1 91.797 (91.663)
Epoch: [78][51/176]	Time 0.529 (0.543)	Data 0.001 (0.010)	Loss 0.6036 (0.5811)	Prec@1 91.797 (91.722)
Epoch: [78][68/176]	Time 0.531 (0.540)	Data 0.001 (0.008)	Loss 0.5121 (0.5805)	Prec@1 92.969 (91.701)
Epoch: [78][85/176]	Time 0.529 (0.538)	Data 0.001 (0.007)	Loss 0.6727 (0.5829)	Prec@1 89.062 (91.633)
Epoch: [78][102/176]	Time 0.529 (0.537)	Data 0.001 (0.006)	Loss 0.5548 (0.5883)	Prec@1 91.797 (91.558)
Epoch: [78][119/176]	Time 0.529 (0.536)	Data 0.001 (0.005)	Loss 0.5509 (0.5892)	Prec@1 91.406 (91.471)
Epoch: [78][136/176]	Time 0.529 (0.535)	Data 0.001 (0.005)	Loss 0.4989 (0.5884)	Prec@1 91.406 (91.497)
Epoch: [78][153/176]	Time 0.530 (0.534)	Data 0.001 (0.004)	Loss 0.6177 (0.5889)	Prec@1 92.578 (91.561)
Epoch: [78][170/176]	Time 0.528 (0.534)	Data 0.000 (0.004)	Loss 0.6525 (0.5902)	Prec@1 89.453 (91.468)
 * Prec@1 90.160
 * Prec@1 90.160
 * Prec@1 90.160
 * Prec@1 90.160
 * Noisy Prec@1 90.16
current lr 2.00000e-02
Epoch: [79][0/176]	Time 1.002 (1.002)	Data 0.453 (0.453)	Loss 0.5828 (0.5828)	Prec@1 92.188 (92.188)
Epoch: [79][17/176]	Time 0.528 (0.561)	Data 0.001 (0.026)	Loss 0.6600 (0.6008)	Prec@1 89.844 (91.124)
Epoch: [79][34/176]	Time 0.529 (0.546)	Data 0.001 (0.014)	Loss 0.5646 (0.5814)	Prec@1 94.141 (91.618)
Epoch: [79][51/176]	Time 0.529 (0.540)	Data 0.001 (0.010)	Loss 0.5793 (0.5883)	Prec@1 91.406 (91.369)
Epoch: [79][68/176]	Time 0.529 (0.538)	Data 0.001 (0.008)	Loss 0.5820 (0.5953)	Prec@1 90.625 (91.316)
Epoch: [79][85/176]	Time 0.529 (0.536)	Data 0.001 (0.006)	Loss 0.5036 (0.5939)	Prec@1 91.797 (91.320)
Epoch: [79][102/176]	Time 0.528 (0.535)	Data 0.001 (0.006)	Loss 0.5042 (0.5925)	Prec@1 94.531 (91.315)
Epoch: [79][119/176]	Time 0.528 (0.534)	Data 0.001 (0.005)	Loss 0.5935 (0.5922)	Prec@1 92.969 (91.383)
Epoch: [79][136/176]	Time 0.529 (0.533)	Data 0.001 (0.004)	Loss 0.5337 (0.5885)	Prec@1 89.844 (91.449)
Epoch: [79][153/176]	Time 0.562 (0.534)	Data 0.001 (0.004)	Loss 0.4559 (0.5875)	Prec@1 91.797 (91.434)
Epoch: [79][170/176]	Time 0.564 (0.534)	Data 0.000 (0.004)	Loss 0.5747 (0.5870)	Prec@1 89.062 (91.438)
 * Prec@1 90.260
 * Prec@1 90.260
 * Prec@1 90.260
 * Prec@1 90.260
 * Noisy Prec@1 90.26
current lr 2.00000e-02
Epoch: [80][0/176]	Time 1.006 (1.006)	Data 0.468 (0.468)	Loss 0.5492 (0.5492)	Prec@1 94.141 (94.141)
Epoch: [80][17/176]	Time 0.536 (0.558)	Data 0.001 (0.027)	Loss 0.6063 (0.5496)	Prec@1 91.797 (92.795)
Epoch: [80][34/176]	Time 0.546 (0.550)	Data 0.001 (0.015)	Loss 0.6103 (0.5652)	Prec@1 91.406 (92.321)
Epoch: [80][51/176]	Time 0.529 (0.544)	Data 0.001 (0.010)	Loss 0.6237 (0.5778)	Prec@1 92.188 (91.872)
Epoch: [80][68/176]	Time 0.530 (0.542)	Data 0.001 (0.008)	Loss 0.5896 (0.5816)	Prec@1 92.578 (91.718)
Epoch: [80][85/176]	Time 0.529 (0.539)	Data 0.001 (0.007)	Loss 0.5329 (0.5848)	Prec@1 94.531 (91.620)
Epoch: [80][102/176]	Time 0.531 (0.538)	Data 0.001 (0.006)	Loss 0.6200 (0.5865)	Prec@1 89.844 (91.584)
Epoch: [80][119/176]	Time 0.528 (0.537)	Data 0.001 (0.005)	Loss 0.5041 (0.5873)	Prec@1 92.578 (91.566)
Epoch: [80][136/176]	Time 0.528 (0.536)	Data 0.001 (0.005)	Loss 0.5280 (0.5882)	Prec@1 92.969 (91.486)
Epoch: [80][153/176]	Time 0.529 (0.536)	Data 0.001 (0.004)	Loss 0.5695 (0.5894)	Prec@1 92.578 (91.465)
Epoch: [80][170/176]	Time 0.527 (0.535)	Data 0.000 (0.004)	Loss 0.5909 (0.5904)	Prec@1 89.844 (91.413)
 * Prec@1 91.020
 * Prec@1 91.020
 * Prec@1 91.020
 * Prec@1 91.020
 * Noisy Prec@1 91.02
	 * New best: 91.02000
current lr 2.00000e-02
Epoch: [81][0/176]	Time 0.982 (0.982)	Data 0.443 (0.443)	Loss 0.4975 (0.4975)	Prec@1 92.578 (92.578)
Epoch: [81][17/176]	Time 0.529 (0.560)	Data 0.001 (0.026)	Loss 0.5412 (0.5633)	Prec@1 91.797 (91.970)
Epoch: [81][34/176]	Time 0.529 (0.546)	Data 0.001 (0.014)	Loss 0.5524 (0.5660)	Prec@1 92.188 (91.875)
Epoch: [81][51/176]	Time 0.537 (0.541)	Data 0.001 (0.010)	Loss 0.5931 (0.5734)	Prec@1 89.062 (91.519)
Epoch: [81][68/176]	Time 0.565 (0.540)	Data 0.001 (0.008)	Loss 0.5463 (0.5776)	Prec@1 89.844 (91.463)
Epoch: [81][85/176]	Time 0.530 (0.538)	Data 0.001 (0.006)	Loss 0.5734 (0.5781)	Prec@1 92.188 (91.565)
Epoch: [81][102/176]	Time 0.529 (0.537)	Data 0.001 (0.005)	Loss 0.5875 (0.5804)	Prec@1 91.016 (91.566)
Epoch: [81][119/176]	Time 0.530 (0.536)	Data 0.001 (0.005)	Loss 0.6001 (0.5817)	Prec@1 90.234 (91.585)
Epoch: [81][136/176]	Time 0.529 (0.536)	Data 0.001 (0.004)	Loss 0.5440 (0.5830)	Prec@1 92.578 (91.546)
Epoch: [81][153/176]	Time 0.528 (0.535)	Data 0.001 (0.004)	Loss 0.5772 (0.5827)	Prec@1 88.672 (91.525)
Epoch: [81][170/176]	Time 0.545 (0.535)	Data 0.000 (0.004)	Loss 0.6018 (0.5830)	Prec@1 91.406 (91.525)
 * Prec@1 90.500
 * Prec@1 90.500
 * Prec@1 90.500
 * Prec@1 90.500
 * Noisy Prec@1 90.50
current lr 2.00000e-02
Epoch: [82][0/176]	Time 1.028 (1.028)	Data 0.489 (0.489)	Loss 0.6080 (0.6080)	Prec@1 89.844 (89.844)
Epoch: [82][17/176]	Time 0.528 (0.558)	Data 0.001 (0.028)	Loss 0.7739 (0.6055)	Prec@1 87.109 (91.146)
Epoch: [82][34/176]	Time 0.536 (0.547)	Data 0.001 (0.015)	Loss 0.5900 (0.5884)	Prec@1 93.359 (91.551)
Epoch: [82][51/176]	Time 0.532 (0.542)	Data 0.001 (0.011)	Loss 0.5763 (0.5871)	Prec@1 92.188 (91.534)
Epoch: [82][68/176]	Time 0.528 (0.539)	Data 0.001 (0.008)	Loss 0.6427 (0.5936)	Prec@1 89.062 (91.474)
Epoch: [82][85/176]	Time 0.531 (0.538)	Data 0.001 (0.007)	Loss 0.4703 (0.5860)	Prec@1 92.578 (91.611)
Epoch: [82][102/176]	Time 0.528 (0.537)	Data 0.001 (0.006)	Loss 0.6502 (0.5878)	Prec@1 89.844 (91.524)
Epoch: [82][119/176]	Time 0.529 (0.536)	Data 0.001 (0.005)	Loss 0.5387 (0.5862)	Prec@1 91.797 (91.533)
Epoch: [82][136/176]	Time 0.562 (0.535)	Data 0.001 (0.005)	Loss 0.6840 (0.5836)	Prec@1 87.891 (91.597)
Epoch: [82][153/176]	Time 0.529 (0.535)	Data 0.001 (0.004)	Loss 0.6374 (0.5849)	Prec@1 92.188 (91.508)
Epoch: [82][170/176]	Time 0.527 (0.535)	Data 0.000 (0.004)	Loss 0.5276 (0.5845)	Prec@1 93.359 (91.509)
 * Prec@1 91.060
 * Prec@1 91.060
 * Prec@1 91.060
 * Prec@1 91.060
 * Noisy Prec@1 91.06
	 * New best: 91.06000
current lr 2.00000e-02
Epoch: [83][0/176]	Time 1.092 (1.092)	Data 0.549 (0.549)	Loss 0.5264 (0.5264)	Prec@1 91.797 (91.797)
Epoch: [83][17/176]	Time 0.528 (0.566)	Data 0.001 (0.032)	Loss 0.5169 (0.5567)	Prec@1 93.750 (92.339)
Epoch: [83][34/176]	Time 0.529 (0.548)	Data 0.001 (0.017)	Loss 0.5795 (0.5605)	Prec@1 92.578 (92.154)
Epoch: [83][51/176]	Time 0.529 (0.542)	Data 0.001 (0.012)	Loss 0.5713 (0.5709)	Prec@1 90.234 (91.962)
Epoch: [83][68/176]	Time 0.547 (0.539)	Data 0.002 (0.009)	Loss 0.5788 (0.5710)	Prec@1 90.234 (92.006)
Epoch: [83][85/176]	Time 0.529 (0.538)	Data 0.001 (0.008)	Loss 0.6211 (0.5731)	Prec@1 89.844 (91.788)
Epoch: [83][102/176]	Time 0.529 (0.537)	Data 0.001 (0.006)	Loss 0.5904 (0.5757)	Prec@1 91.406 (91.839)
Epoch: [83][119/176]	Time 0.547 (0.537)	Data 0.001 (0.006)	Loss 0.5689 (0.5751)	Prec@1 92.969 (91.885)
Epoch: [83][136/176]	Time 0.529 (0.536)	Data 0.001 (0.005)	Loss 0.4680 (0.5769)	Prec@1 93.750 (91.825)
Epoch: [83][153/176]	Time 0.529 (0.536)	Data 0.001 (0.005)	Loss 0.5376 (0.5778)	Prec@1 92.188 (91.835)
Epoch: [83][170/176]	Time 0.528 (0.536)	Data 0.000 (0.004)	Loss 0.5456 (0.5777)	Prec@1 94.922 (91.838)
 * Prec@1 90.900
 * Prec@1 90.900
 * Prec@1 90.900
 * Prec@1 90.900
 * Noisy Prec@1 90.90
current lr 2.00000e-02
Epoch: [84][0/176]	Time 1.043 (1.043)	Data 0.467 (0.467)	Loss 0.5125 (0.5125)	Prec@1 92.578 (92.578)
Epoch: [84][17/176]	Time 0.529 (0.564)	Data 0.001 (0.027)	Loss 0.6623 (0.5619)	Prec@1 91.797 (92.339)
Epoch: [84][34/176]	Time 0.530 (0.548)	Data 0.001 (0.014)	Loss 0.5227 (0.5593)	Prec@1 93.750 (92.500)
Epoch: [84][51/176]	Time 0.529 (0.542)	Data 0.001 (0.010)	Loss 0.5817 (0.5543)	Prec@1 90.234 (92.465)
Epoch: [84][68/176]	Time 0.529 (0.541)	Data 0.001 (0.008)	Loss 0.6198 (0.5568)	Prec@1 89.062 (92.369)
Epoch: [84][85/176]	Time 0.545 (0.539)	Data 0.001 (0.007)	Loss 0.5775 (0.5628)	Prec@1 92.578 (92.278)
Epoch: [84][102/176]	Time 0.540 (0.539)	Data 0.002 (0.006)	Loss 0.5708 (0.5655)	Prec@1 91.406 (92.157)
Epoch: [84][119/176]	Time 0.530 (0.538)	Data 0.001 (0.005)	Loss 0.6648 (0.5633)	Prec@1 90.234 (92.207)
Epoch: [84][136/176]	Time 0.529 (0.537)	Data 0.001 (0.005)	Loss 0.5076 (0.5642)	Prec@1 91.406 (92.148)
Epoch: [84][153/176]	Time 0.528 (0.537)	Data 0.001 (0.004)	Loss 0.6439 (0.5671)	Prec@1 90.234 (92.091)
Epoch: [84][170/176]	Time 0.527 (0.536)	Data 0.000 (0.004)	Loss 0.4740 (0.5683)	Prec@1 94.922 (92.025)
 * Prec@1 90.920
 * Prec@1 90.920
 * Prec@1 90.920
 * Prec@1 90.920
 * Noisy Prec@1 90.92
current lr 2.00000e-02
Epoch: [85][0/176]	Time 1.081 (1.081)	Data 0.493 (0.493)	Loss 0.5725 (0.5725)	Prec@1 88.672 (88.672)
Epoch: [85][17/176]	Time 0.590 (0.572)	Data 0.002 (0.029)	Loss 0.6112 (0.5861)	Prec@1 87.891 (91.233)
Epoch: [85][34/176]	Time 0.536 (0.555)	Data 0.001 (0.015)	Loss 0.5830 (0.5778)	Prec@1 91.797 (91.741)
Epoch: [85][51/176]	Time 0.540 (0.547)	Data 0.001 (0.011)	Loss 0.5863 (0.5722)	Prec@1 93.750 (91.752)
Epoch: [85][68/176]	Time 0.529 (0.543)	Data 0.001 (0.008)	Loss 0.6146 (0.5670)	Prec@1 91.797 (91.859)
Epoch: [85][85/176]	Time 0.529 (0.542)	Data 0.001 (0.007)	Loss 0.5587 (0.5677)	Prec@1 89.062 (91.851)
Epoch: [85][102/176]	Time 0.529 (0.540)	Data 0.001 (0.006)	Loss 0.5115 (0.5695)	Prec@1 94.141 (91.820)
Epoch: [85][119/176]	Time 0.529 (0.540)	Data 0.001 (0.005)	Loss 0.6277 (0.5686)	Prec@1 90.234 (91.774)
Epoch: [85][136/176]	Time 0.529 (0.539)	Data 0.001 (0.005)	Loss 0.6981 (0.5712)	Prec@1 90.625 (91.689)
Epoch: [85][153/176]	Time 0.529 (0.539)	Data 0.001 (0.004)	Loss 0.5396 (0.5716)	Prec@1 92.969 (91.741)
Epoch: [85][170/176]	Time 0.528 (0.538)	Data 0.000 (0.004)	Loss 0.5379 (0.5716)	Prec@1 96.094 (91.804)
 * Prec@1 90.860
 * Prec@1 90.860
 * Prec@1 90.860
 * Prec@1 90.860
 * Noisy Prec@1 90.86
current lr 2.00000e-02
Epoch: [86][0/176]	Time 0.961 (0.961)	Data 0.420 (0.420)	Loss 0.5316 (0.5316)	Prec@1 92.188 (92.188)
Epoch: [86][17/176]	Time 0.530 (0.559)	Data 0.001 (0.024)	Loss 0.5094 (0.5667)	Prec@1 90.234 (91.905)
Epoch: [86][34/176]	Time 0.530 (0.545)	Data 0.001 (0.013)	Loss 0.5602 (0.5668)	Prec@1 92.188 (92.031)
Epoch: [86][51/176]	Time 0.548 (0.540)	Data 0.001 (0.009)	Loss 0.6441 (0.5684)	Prec@1 89.453 (92.037)
Epoch: [86][68/176]	Time 0.529 (0.538)	Data 0.001 (0.007)	Loss 0.6154 (0.5696)	Prec@1 94.531 (92.023)
Epoch: [86][85/176]	Time 0.529 (0.536)	Data 0.001 (0.006)	Loss 0.6276 (0.5747)	Prec@1 89.062 (91.847)
Epoch: [86][102/176]	Time 0.530 (0.536)	Data 0.001 (0.005)	Loss 0.4978 (0.5776)	Prec@1 93.750 (91.801)
Epoch: [86][119/176]	Time 0.550 (0.535)	Data 0.001 (0.005)	Loss 0.6346 (0.5768)	Prec@1 91.016 (91.751)
Epoch: [86][136/176]	Time 0.528 (0.535)	Data 0.001 (0.004)	Loss 0.5022 (0.5752)	Prec@1 91.797 (91.774)
Epoch: [86][153/176]	Time 0.529 (0.534)	Data 0.001 (0.004)	Loss 0.5102 (0.5760)	Prec@1 93.750 (91.799)
Epoch: [86][170/176]	Time 0.544 (0.534)	Data 0.000 (0.004)	Loss 0.6077 (0.5762)	Prec@1 91.016 (91.753)
 * Prec@1 90.560
 * Prec@1 90.560
 * Prec@1 90.560
 * Prec@1 90.560
 * Noisy Prec@1 90.56
current lr 2.00000e-02
Epoch: [87][0/176]	Time 1.022 (1.022)	Data 0.485 (0.485)	Loss 0.4914 (0.4914)	Prec@1 93.359 (93.359)
Epoch: [87][17/176]	Time 0.529 (0.559)	Data 0.001 (0.028)	Loss 0.5559 (0.5627)	Prec@1 91.016 (92.036)
Epoch: [87][34/176]	Time 0.532 (0.546)	Data 0.001 (0.015)	Loss 0.5664 (0.5591)	Prec@1 91.797 (92.098)
Epoch: [87][51/176]	Time 0.528 (0.540)	Data 0.001 (0.010)	Loss 0.5611 (0.5644)	Prec@1 92.188 (92.075)
Epoch: [87][68/176]	Time 0.529 (0.537)	Data 0.001 (0.008)	Loss 0.5339 (0.5672)	Prec@1 91.406 (92.040)
Epoch: [87][85/176]	Time 0.529 (0.535)	Data 0.001 (0.007)	Loss 0.5997 (0.5661)	Prec@1 90.234 (92.119)
Epoch: [87][102/176]	Time 0.528 (0.534)	Data 0.001 (0.006)	Loss 0.5223 (0.5669)	Prec@1 91.797 (92.093)
Epoch: [87][119/176]	Time 0.529 (0.534)	Data 0.001 (0.005)	Loss 0.5620 (0.5663)	Prec@1 90.234 (92.074)
Epoch: [87][136/176]	Time 0.528 (0.533)	Data 0.001 (0.005)	Loss 0.6390 (0.5692)	Prec@1 87.891 (92.014)
Epoch: [87][153/176]	Time 0.529 (0.533)	Data 0.001 (0.004)	Loss 0.5990 (0.5705)	Prec@1 91.016 (91.969)
Epoch: [87][170/176]	Time 0.527 (0.532)	Data 0.000 (0.004)	Loss 0.6007 (0.5735)	Prec@1 89.844 (91.911)
 * Prec@1 90.800
 * Prec@1 90.800
 * Prec@1 90.800
 * Prec@1 90.800
 * Noisy Prec@1 90.80
current lr 2.00000e-02
Epoch: [88][0/176]	Time 1.030 (1.030)	Data 0.470 (0.470)	Loss 0.5366 (0.5366)	Prec@1 91.797 (91.797)
Epoch: [88][17/176]	Time 0.528 (0.556)	Data 0.001 (0.027)	Loss 0.6423 (0.5683)	Prec@1 89.844 (91.840)
Epoch: [88][34/176]	Time 0.531 (0.543)	Data 0.001 (0.015)	Loss 0.6013 (0.5637)	Prec@1 91.406 (91.998)
Epoch: [88][51/176]	Time 0.529 (0.540)	Data 0.001 (0.010)	Loss 0.5031 (0.5690)	Prec@1 93.750 (92.030)
Epoch: [88][68/176]	Time 0.528 (0.538)	Data 0.001 (0.008)	Loss 0.7009 (0.5670)	Prec@1 90.234 (92.074)
Epoch: [88][85/176]	Time 0.529 (0.536)	Data 0.001 (0.007)	Loss 0.6094 (0.5677)	Prec@1 91.016 (91.951)
Epoch: [88][102/176]	Time 0.528 (0.536)	Data 0.001 (0.006)	Loss 0.5260 (0.5691)	Prec@1 92.188 (91.816)
Epoch: [88][119/176]	Time 0.533 (0.535)	Data 0.001 (0.005)	Loss 0.5019 (0.5687)	Prec@1 92.578 (91.810)
Epoch: [88][136/176]	Time 0.563 (0.535)	Data 0.001 (0.005)	Loss 0.5252 (0.5692)	Prec@1 93.750 (91.777)
Epoch: [88][153/176]	Time 0.564 (0.535)	Data 0.001 (0.004)	Loss 0.5692 (0.5698)	Prec@1 93.750 (91.792)
Epoch: [88][170/176]	Time 0.538 (0.535)	Data 0.000 (0.004)	Loss 0.6016 (0.5695)	Prec@1 91.797 (91.785)
 * Prec@1 90.900
 * Prec@1 90.900
 * Prec@1 90.900
 * Prec@1 90.900
 * Noisy Prec@1 90.90
current lr 2.00000e-02
Epoch: [89][0/176]	Time 1.013 (1.013)	Data 0.472 (0.472)	Loss 0.5643 (0.5643)	Prec@1 92.188 (92.188)
Epoch: [89][17/176]	Time 0.561 (0.559)	Data 0.002 (0.027)	Loss 0.5287 (0.5594)	Prec@1 94.922 (92.014)
Epoch: [89][34/176]	Time 0.546 (0.546)	Data 0.001 (0.015)	Loss 0.6171 (0.5551)	Prec@1 90.625 (92.188)
Epoch: [89][51/176]	Time 0.531 (0.542)	Data 0.001 (0.010)	Loss 0.5136 (0.5615)	Prec@1 91.797 (91.955)
Epoch: [89][68/176]	Time 0.529 (0.539)	Data 0.001 (0.008)	Loss 0.5611 (0.5696)	Prec@1 92.188 (91.769)
Epoch: [89][85/176]	Time 0.531 (0.537)	Data 0.001 (0.007)	Loss 0.5565 (0.5686)	Prec@1 92.188 (91.901)
Epoch: [89][102/176]	Time 0.529 (0.537)	Data 0.001 (0.006)	Loss 0.5105 (0.5675)	Prec@1 90.625 (91.823)
Epoch: [89][119/176]	Time 0.530 (0.536)	Data 0.001 (0.005)	Loss 0.6426 (0.5662)	Prec@1 87.891 (91.868)
Epoch: [89][136/176]	Time 0.528 (0.535)	Data 0.001 (0.005)	Loss 0.5531 (0.5641)	Prec@1 91.406 (91.945)
Epoch: [89][153/176]	Time 0.529 (0.534)	Data 0.001 (0.004)	Loss 0.6056 (0.5643)	Prec@1 92.188 (91.964)
Epoch: [89][170/176]	Time 0.544 (0.534)	Data 0.000 (0.004)	Loss 0.6128 (0.5663)	Prec@1 91.016 (91.929)
 * Prec@1 90.660
 * Prec@1 90.660
 * Prec@1 90.660
 * Prec@1 90.660
 * Noisy Prec@1 90.66
current lr 2.00000e-02
Epoch: [90][0/176]	Time 0.973 (0.973)	Data 0.436 (0.436)	Loss 0.4954 (0.4954)	Prec@1 94.531 (94.531)
Epoch: [90][17/176]	Time 0.535 (0.559)	Data 0.001 (0.025)	Loss 0.5828 (0.5350)	Prec@1 91.016 (92.773)
Epoch: [90][34/176]	Time 0.529 (0.545)	Data 0.001 (0.014)	Loss 0.5932 (0.5496)	Prec@1 93.359 (92.310)
Epoch: [90][51/176]	Time 0.531 (0.541)	Data 0.001 (0.010)	Loss 0.5679 (0.5457)	Prec@1 92.578 (92.465)
Epoch: [90][68/176]	Time 0.530 (0.540)	Data 0.001 (0.007)	Loss 0.6239 (0.5508)	Prec@1 91.797 (92.289)
Epoch: [90][85/176]	Time 0.529 (0.539)	Data 0.001 (0.006)	Loss 0.5706 (0.5524)	Prec@1 92.578 (92.247)
Epoch: [90][102/176]	Time 0.550 (0.538)	Data 0.001 (0.005)	Loss 0.5546 (0.5540)	Prec@1 92.578 (92.225)
Epoch: [90][119/176]	Time 0.533 (0.537)	Data 0.001 (0.005)	Loss 0.6233 (0.5603)	Prec@1 91.016 (92.142)
Epoch: [90][136/176]	Time 0.529 (0.537)	Data 0.001 (0.004)	Loss 0.5935 (0.5595)	Prec@1 92.969 (92.139)
Epoch: [90][153/176]	Time 0.529 (0.536)	Data 0.001 (0.004)	Loss 0.5514 (0.5631)	Prec@1 91.406 (92.023)
Epoch: [90][170/176]	Time 0.528 (0.536)	Data 0.000 (0.004)	Loss 0.5520 (0.5629)	Prec@1 91.797 (92.032)
 * Prec@1 90.880
 * Prec@1 90.880
 * Prec@1 90.880
 * Prec@1 90.880
 * Noisy Prec@1 90.88
current lr 2.00000e-02
Epoch: [91][0/176]	Time 0.999 (0.999)	Data 0.460 (0.460)	Loss 0.5768 (0.5768)	Prec@1 92.969 (92.969)
Epoch: [91][17/176]	Time 0.528 (0.555)	Data 0.001 (0.027)	Loss 0.6926 (0.5793)	Prec@1 88.672 (91.970)
Epoch: [91][34/176]	Time 0.528 (0.543)	Data 0.001 (0.014)	Loss 0.5252 (0.5690)	Prec@1 92.578 (92.243)
Epoch: [91][51/176]	Time 0.529 (0.541)	Data 0.001 (0.010)	Loss 0.4740 (0.5639)	Prec@1 93.359 (92.233)
Epoch: [91][68/176]	Time 0.529 (0.538)	Data 0.001 (0.008)	Loss 0.5825 (0.5632)	Prec@1 92.969 (92.318)
Epoch: [91][85/176]	Time 0.529 (0.537)	Data 0.001 (0.007)	Loss 0.5758 (0.5642)	Prec@1 91.406 (92.283)
Epoch: [91][102/176]	Time 0.529 (0.536)	Data 0.001 (0.006)	Loss 0.6162 (0.5648)	Prec@1 90.234 (92.260)
Epoch: [91][119/176]	Time 0.533 (0.536)	Data 0.001 (0.005)	Loss 0.5805 (0.5608)	Prec@1 90.625 (92.230)
Epoch: [91][136/176]	Time 0.532 (0.535)	Data 0.002 (0.005)	Loss 0.6251 (0.5638)	Prec@1 92.188 (92.130)
Epoch: [91][153/176]	Time 0.533 (0.535)	Data 0.001 (0.004)	Loss 0.5716 (0.5693)	Prec@1 89.453 (91.977)
Epoch: [91][170/176]	Time 0.534 (0.535)	Data 0.000 (0.004)	Loss 0.5510 (0.5708)	Prec@1 90.234 (91.918)
 * Prec@1 91.300
 * Prec@1 91.300
 * Prec@1 91.300
 * Prec@1 91.300
 * Noisy Prec@1 91.30
	 * New best: 91.30001
current lr 2.00000e-02
Epoch: [92][0/176]	Time 0.998 (0.998)	Data 0.438 (0.438)	Loss 0.6030 (0.6030)	Prec@1 91.406 (91.406)
Epoch: [92][17/176]	Time 0.528 (0.560)	Data 0.001 (0.025)	Loss 0.5888 (0.5787)	Prec@1 89.062 (91.493)
Epoch: [92][34/176]	Time 0.528 (0.549)	Data 0.001 (0.014)	Loss 0.4948 (0.5664)	Prec@1 93.359 (92.076)
Epoch: [92][51/176]	Time 0.536 (0.547)	Data 0.001 (0.010)	Loss 0.5099 (0.5713)	Prec@1 92.578 (92.030)
Epoch: [92][68/176]	Time 0.528 (0.545)	Data 0.001 (0.007)	Loss 0.5232 (0.5660)	Prec@1 92.578 (92.040)
Epoch: [92][85/176]	Time 0.529 (0.543)	Data 0.001 (0.006)	Loss 0.6273 (0.5644)	Prec@1 89.062 (91.874)
Epoch: [92][102/176]	Time 0.529 (0.541)	Data 0.001 (0.005)	Loss 0.5452 (0.5640)	Prec@1 91.406 (91.884)
Epoch: [92][119/176]	Time 0.529 (0.540)	Data 0.001 (0.005)	Loss 0.6154 (0.5649)	Prec@1 91.016 (91.921)
Epoch: [92][136/176]	Time 0.542 (0.539)	Data 0.001 (0.004)	Loss 0.4807 (0.5662)	Prec@1 94.531 (91.914)
Epoch: [92][153/176]	Time 0.529 (0.539)	Data 0.001 (0.004)	Loss 0.5310 (0.5652)	Prec@1 91.016 (91.908)
Epoch: [92][170/176]	Time 0.545 (0.538)	Data 0.000 (0.004)	Loss 0.6697 (0.5647)	Prec@1 91.797 (91.939)
 * Prec@1 91.100
 * Prec@1 91.100
 * Prec@1 91.100
 * Prec@1 91.100
 * Noisy Prec@1 91.10
current lr 2.00000e-02
Epoch: [93][0/176]	Time 1.042 (1.042)	Data 0.491 (0.491)	Loss 0.6536 (0.6536)	Prec@1 93.359 (93.359)
Epoch: [93][17/176]	Time 0.536 (0.560)	Data 0.001 (0.028)	Loss 0.4873 (0.5705)	Prec@1 91.406 (92.513)
Epoch: [93][34/176]	Time 0.528 (0.546)	Data 0.001 (0.015)	Loss 0.5393 (0.5611)	Prec@1 91.016 (92.221)
Epoch: [93][51/176]	Time 0.530 (0.543)	Data 0.001 (0.011)	Loss 0.5799 (0.5594)	Prec@1 93.359 (92.270)
Epoch: [93][68/176]	Time 0.529 (0.540)	Data 0.001 (0.008)	Loss 0.4743 (0.5579)	Prec@1 93.359 (92.171)
Epoch: [93][85/176]	Time 0.532 (0.538)	Data 0.001 (0.007)	Loss 0.5692 (0.5532)	Prec@1 92.188 (92.138)
Epoch: [93][102/176]	Time 0.529 (0.537)	Data 0.001 (0.006)	Loss 0.5146 (0.5526)	Prec@1 90.625 (92.100)
Epoch: [93][119/176]	Time 0.528 (0.536)	Data 0.001 (0.005)	Loss 0.5111 (0.5526)	Prec@1 94.922 (92.113)
Epoch: [93][136/176]	Time 0.528 (0.535)	Data 0.001 (0.005)	Loss 0.5498 (0.5539)	Prec@1 91.406 (92.022)
Epoch: [93][153/176]	Time 0.532 (0.535)	Data 0.001 (0.004)	Loss 0.5177 (0.5545)	Prec@1 93.750 (91.974)
Epoch: [93][170/176]	Time 0.527 (0.535)	Data 0.000 (0.004)	Loss 0.5662 (0.5559)	Prec@1 90.625 (91.932)
 * Prec@1 91.420
 * Prec@1 91.420
 * Prec@1 91.420
 * Prec@1 91.420
 * Noisy Prec@1 91.42
	 * New best: 91.42001
current lr 2.00000e-02
Epoch: [94][0/176]	Time 1.040 (1.040)	Data 0.485 (0.485)	Loss 0.6196 (0.6196)	Prec@1 91.406 (91.406)
Epoch: [94][17/176]	Time 0.536 (0.559)	Data 0.001 (0.028)	Loss 0.5247 (0.5601)	Prec@1 93.359 (92.535)
Epoch: [94][34/176]	Time 0.528 (0.546)	Data 0.001 (0.015)	Loss 0.5384 (0.5595)	Prec@1 94.922 (92.321)
Epoch: [94][51/176]	Time 0.529 (0.543)	Data 0.001 (0.010)	Loss 0.4755 (0.5549)	Prec@1 95.312 (92.503)
Epoch: [94][68/176]	Time 0.528 (0.540)	Data 0.001 (0.008)	Loss 0.5377 (0.5570)	Prec@1 93.359 (92.397)
Epoch: [94][85/176]	Time 0.548 (0.538)	Data 0.001 (0.007)	Loss 0.5389 (0.5599)	Prec@1 93.359 (92.319)
Epoch: [94][102/176]	Time 0.528 (0.537)	Data 0.001 (0.006)	Loss 0.6126 (0.5595)	Prec@1 91.406 (92.290)
Epoch: [94][119/176]	Time 0.531 (0.537)	Data 0.001 (0.005)	Loss 0.5444 (0.5569)	Prec@1 93.750 (92.308)
Epoch: [94][136/176]	Time 0.537 (0.538)	Data 0.001 (0.005)	Loss 0.5779 (0.5574)	Prec@1 91.797 (92.207)
Epoch: [94][153/176]	Time 0.528 (0.538)	Data 0.001 (0.004)	Loss 0.5341 (0.5548)	Prec@1 91.406 (92.208)
Epoch: [94][170/176]	Time 0.567 (0.538)	Data 0.000 (0.004)	Loss 0.5618 (0.5564)	Prec@1 93.359 (92.162)
 * Prec@1 91.140
 * Prec@1 91.140
 * Prec@1 91.140
 * Prec@1 91.140
 * Noisy Prec@1 91.14
current lr 2.00000e-02
Epoch: [95][0/176]	Time 0.981 (0.981)	Data 0.420 (0.420)	Loss 0.5190 (0.5190)	Prec@1 94.141 (94.141)
Epoch: [95][17/176]	Time 0.529 (0.556)	Data 0.001 (0.024)	Loss 0.5509 (0.5496)	Prec@1 89.453 (91.558)
Epoch: [95][34/176]	Time 0.532 (0.543)	Data 0.001 (0.013)	Loss 0.6039 (0.5588)	Prec@1 91.406 (91.763)
Epoch: [95][51/176]	Time 0.532 (0.540)	Data 0.001 (0.009)	Loss 0.5996 (0.5572)	Prec@1 91.016 (91.864)
Epoch: [95][68/176]	Time 0.529 (0.538)	Data 0.001 (0.007)	Loss 0.5617 (0.5576)	Prec@1 92.578 (91.887)
Epoch: [95][85/176]	Time 0.529 (0.536)	Data 0.001 (0.006)	Loss 0.5979 (0.5571)	Prec@1 89.844 (91.965)
Epoch: [95][102/176]	Time 0.542 (0.536)	Data 0.001 (0.005)	Loss 0.5533 (0.5559)	Prec@1 91.797 (91.990)
Epoch: [95][119/176]	Time 0.532 (0.536)	Data 0.001 (0.005)	Loss 0.6126 (0.5574)	Prec@1 90.234 (91.934)
Epoch: [95][136/176]	Time 0.529 (0.535)	Data 0.001 (0.004)	Loss 0.5629 (0.5559)	Prec@1 93.750 (92.034)
Epoch: [95][153/176]	Time 0.529 (0.535)	Data 0.001 (0.004)	Loss 0.6697 (0.5613)	Prec@1 89.844 (91.954)
Epoch: [95][170/176]	Time 0.528 (0.535)	Data 0.000 (0.004)	Loss 0.5200 (0.5589)	Prec@1 92.188 (91.984)
 * Prec@1 91.240
 * Prec@1 91.240
 * Prec@1 91.240
 * Prec@1 91.240
 * Noisy Prec@1 91.24
current lr 2.00000e-02
Epoch: [96][0/176]	Time 0.989 (0.989)	Data 0.442 (0.442)	Loss 0.4759 (0.4759)	Prec@1 92.969 (92.969)
Epoch: [96][17/176]	Time 0.533 (0.555)	Data 0.001 (0.026)	Loss 0.5513 (0.5335)	Prec@1 91.797 (92.600)
Epoch: [96][34/176]	Time 0.528 (0.543)	Data 0.001 (0.014)	Loss 0.5002 (0.5405)	Prec@1 92.578 (92.121)
Epoch: [96][51/176]	Time 0.594 (0.540)	Data 0.001 (0.010)	Loss 0.5658 (0.5501)	Prec@1 91.797 (92.120)
Epoch: [96][68/176]	Time 0.529 (0.539)	Data 0.001 (0.008)	Loss 0.5672 (0.5519)	Prec@1 90.234 (91.972)
Epoch: [96][85/176]	Time 0.529 (0.537)	Data 0.001 (0.006)	Loss 0.6091 (0.5516)	Prec@1 91.016 (92.042)
Epoch: [96][102/176]	Time 0.529 (0.536)	Data 0.001 (0.005)	Loss 0.7096 (0.5549)	Prec@1 89.844 (92.021)
Epoch: [96][119/176]	Time 0.528 (0.535)	Data 0.001 (0.005)	Loss 0.5550 (0.5554)	Prec@1 93.750 (92.083)
Epoch: [96][136/176]	Time 0.528 (0.535)	Data 0.001 (0.004)	Loss 0.4875 (0.5539)	Prec@1 93.359 (92.116)
Epoch: [96][153/176]	Time 0.554 (0.535)	Data 0.001 (0.004)	Loss 0.6552 (0.5558)	Prec@1 90.234 (92.051)
Epoch: [96][170/176]	Time 0.531 (0.534)	Data 0.000 (0.004)	Loss 0.5818 (0.5560)	Prec@1 91.797 (92.076)
 * Prec@1 91.180
 * Prec@1 91.180
 * Prec@1 91.180
 * Prec@1 91.180
 * Noisy Prec@1 91.18
current lr 2.00000e-02
Epoch: [97][0/176]	Time 1.020 (1.020)	Data 0.464 (0.464)	Loss 0.5857 (0.5857)	Prec@1 91.406 (91.406)
Epoch: [97][17/176]	Time 0.528 (0.559)	Data 0.001 (0.027)	Loss 0.5106 (0.5484)	Prec@1 92.969 (92.296)
Epoch: [97][34/176]	Time 0.530 (0.545)	Data 0.001 (0.014)	Loss 0.5945 (0.5606)	Prec@1 89.844 (92.221)
Epoch: [97][51/176]	Time 0.529 (0.541)	Data 0.001 (0.010)	Loss 0.5939 (0.5554)	Prec@1 90.234 (92.450)
Epoch: [97][68/176]	Time 0.528 (0.538)	Data 0.001 (0.008)	Loss 0.5567 (0.5613)	Prec@1 92.188 (92.137)
Epoch: [97][85/176]	Time 0.528 (0.536)	Data 0.001 (0.007)	Loss 0.6297 (0.5601)	Prec@1 90.234 (92.083)
Epoch: [97][102/176]	Time 0.529 (0.535)	Data 0.001 (0.006)	Loss 0.5837 (0.5619)	Prec@1 91.016 (92.078)
Epoch: [97][119/176]	Time 0.532 (0.534)	Data 0.001 (0.005)	Loss 0.5522 (0.5569)	Prec@1 92.578 (92.174)
Epoch: [97][136/176]	Time 0.536 (0.534)	Data 0.001 (0.005)	Loss 0.5369 (0.5591)	Prec@1 92.188 (92.102)
Epoch: [97][153/176]	Time 0.529 (0.534)	Data 0.001 (0.004)	Loss 0.5594 (0.5580)	Prec@1 91.797 (92.137)
Epoch: [97][170/176]	Time 0.544 (0.534)	Data 0.000 (0.004)	Loss 0.5735 (0.5559)	Prec@1 89.453 (92.178)
 * Prec@1 91.160
 * Prec@1 91.160
 * Prec@1 91.160
 * Prec@1 91.160
 * Noisy Prec@1 91.16
current lr 2.00000e-02
Epoch: [98][0/176]	Time 0.998 (0.998)	Data 0.456 (0.456)	Loss 0.6380 (0.6380)	Prec@1 89.453 (89.453)
Epoch: [98][17/176]	Time 0.553 (0.561)	Data 0.002 (0.026)	Loss 0.5785 (0.5703)	Prec@1 90.625 (91.580)
Epoch: [98][34/176]	Time 0.529 (0.547)	Data 0.001 (0.014)	Loss 0.4560 (0.5630)	Prec@1 94.531 (91.752)
Epoch: [98][51/176]	Time 0.553 (0.543)	Data 0.002 (0.010)	Loss 0.5449 (0.5604)	Prec@1 91.406 (91.804)
Epoch: [98][68/176]	Time 0.528 (0.542)	Data 0.001 (0.008)	Loss 0.5693 (0.5554)	Prec@1 91.016 (92.006)
Epoch: [98][85/176]	Time 0.528 (0.540)	Data 0.001 (0.006)	Loss 0.5812 (0.5562)	Prec@1 89.062 (91.956)
Epoch: [98][102/176]	Time 0.528 (0.538)	Data 0.001 (0.006)	Loss 0.5336 (0.5566)	Prec@1 92.188 (91.907)
Epoch: [98][119/176]	Time 0.529 (0.538)	Data 0.001 (0.005)	Loss 0.5948 (0.5586)	Prec@1 90.625 (91.895)
Epoch: [98][136/176]	Time 0.528 (0.538)	Data 0.001 (0.005)	Loss 0.5926 (0.5606)	Prec@1 91.406 (91.928)
Epoch: [98][153/176]	Time 0.560 (0.537)	Data 0.001 (0.004)	Loss 0.5311 (0.5600)	Prec@1 94.141 (91.941)
Epoch: [98][170/176]	Time 0.528 (0.536)	Data 0.000 (0.004)	Loss 0.5196 (0.5601)	Prec@1 93.359 (91.939)
 * Prec@1 91.020
 * Prec@1 91.020
 * Prec@1 91.020
 * Prec@1 91.020
 * Noisy Prec@1 91.02
current lr 2.00000e-02
Epoch: [99][0/176]	Time 1.038 (1.038)	Data 0.456 (0.456)	Loss 0.5697 (0.5697)	Prec@1 91.406 (91.406)
Epoch: [99][17/176]	Time 0.528 (0.557)	Data 0.001 (0.026)	Loss 0.5666 (0.5334)	Prec@1 92.578 (92.969)
Epoch: [99][34/176]	Time 0.528 (0.543)	Data 0.001 (0.014)	Loss 0.5640 (0.5404)	Prec@1 93.359 (92.935)
Epoch: [99][51/176]	Time 0.531 (0.539)	Data 0.001 (0.010)	Loss 0.6107 (0.5416)	Prec@1 89.453 (92.743)
Epoch: [99][68/176]	Time 0.551 (0.537)	Data 0.001 (0.008)	Loss 0.5319 (0.5444)	Prec@1 91.797 (92.555)
Epoch: [99][85/176]	Time 0.529 (0.537)	Data 0.001 (0.006)	Loss 0.6125 (0.5517)	Prec@1 91.797 (92.346)
Epoch: [99][102/176]	Time 0.529 (0.537)	Data 0.001 (0.006)	Loss 0.6209 (0.5537)	Prec@1 92.188 (92.328)
Epoch: [99][119/176]	Time 0.528 (0.536)	Data 0.001 (0.005)	Loss 0.4430 (0.5527)	Prec@1 95.703 (92.298)
Epoch: [99][136/176]	Time 0.536 (0.536)	Data 0.001 (0.004)	Loss 0.6033 (0.5559)	Prec@1 89.453 (92.205)
Epoch: [99][153/176]	Time 0.532 (0.535)	Data 0.001 (0.004)	Loss 0.5572 (0.5553)	Prec@1 92.188 (92.215)
Epoch: [99][170/176]	Time 0.527 (0.535)	Data 0.000 (0.004)	Loss 0.6999 (0.5548)	Prec@1 87.891 (92.185)
 * Prec@1 90.700
 * Prec@1 90.700
 * Prec@1 90.700
 * Prec@1 90.700
 * Noisy Prec@1 90.70
current lr 2.00000e-02
Epoch: [100][0/176]	Time 1.088 (1.088)	Data 0.550 (0.550)	Loss 0.5321 (0.5321)	Prec@1 93.359 (93.359)
Epoch: [100][17/176]	Time 0.528 (0.563)	Data 0.001 (0.032)	Loss 0.5244 (0.5489)	Prec@1 92.578 (91.884)
Epoch: [100][34/176]	Time 0.529 (0.548)	Data 0.001 (0.017)	Loss 0.5925 (0.5442)	Prec@1 94.141 (92.333)
Epoch: [100][51/176]	Time 0.544 (0.543)	Data 0.001 (0.012)	Loss 0.5617 (0.5454)	Prec@1 93.750 (92.465)
Epoch: [100][68/176]	Time 0.530 (0.540)	Data 0.001 (0.009)	Loss 0.5278 (0.5466)	Prec@1 93.359 (92.482)
Epoch: [100][85/176]	Time 0.549 (0.540)	Data 0.001 (0.008)	Loss 0.5862 (0.5490)	Prec@1 91.797 (92.406)
Epoch: [100][102/176]	Time 0.543 (0.539)	Data 0.001 (0.006)	Loss 0.5001 (0.5475)	Prec@1 91.797 (92.385)
Epoch: [100][119/176]	Time 0.530 (0.538)	Data 0.001 (0.006)	Loss 0.5240 (0.5536)	Prec@1 94.141 (92.233)
Epoch: [100][136/176]	Time 0.529 (0.538)	Data 0.001 (0.005)	Loss 0.6150 (0.5541)	Prec@1 89.844 (92.219)
Epoch: [100][153/176]	Time 0.546 (0.537)	Data 0.001 (0.005)	Loss 0.5131 (0.5527)	Prec@1 94.531 (92.193)
Epoch: [100][170/176]	Time 0.528 (0.537)	Data 0.000 (0.005)	Loss 0.4601 (0.5529)	Prec@1 94.531 (92.192)
 * Prec@1 90.660
 * Prec@1 90.660
 * Prec@1 90.660
 * Prec@1 90.660
 * Noisy Prec@1 90.66
current lr 2.00000e-02
Epoch: [101][0/176]	Time 1.008 (1.008)	Data 0.442 (0.442)	Loss 0.5921 (0.5921)	Prec@1 89.453 (89.453)
Epoch: [101][17/176]	Time 0.536 (0.559)	Data 0.002 (0.026)	Loss 0.5799 (0.5599)	Prec@1 90.625 (92.209)
Epoch: [101][34/176]	Time 0.529 (0.549)	Data 0.001 (0.014)	Loss 0.4753 (0.5536)	Prec@1 93.359 (92.455)
Epoch: [101][51/176]	Time 0.541 (0.543)	Data 0.001 (0.010)	Loss 0.5004 (0.5570)	Prec@1 93.750 (92.345)
Epoch: [101][68/176]	Time 0.530 (0.541)	Data 0.001 (0.008)	Loss 0.6610 (0.5547)	Prec@1 88.281 (92.255)
Epoch: [101][85/176]	Time 0.529 (0.540)	Data 0.001 (0.006)	Loss 0.5684 (0.5541)	Prec@1 91.016 (92.242)
Epoch: [101][102/176]	Time 0.533 (0.539)	Data 0.001 (0.005)	Loss 0.4427 (0.5577)	Prec@1 96.484 (92.275)
Epoch: [101][119/176]	Time 0.528 (0.537)	Data 0.001 (0.005)	Loss 0.5347 (0.5578)	Prec@1 94.141 (92.311)
Epoch: [101][136/176]	Time 0.528 (0.537)	Data 0.001 (0.004)	Loss 0.5789 (0.5565)	Prec@1 94.141 (92.282)
Epoch: [101][153/176]	Time 0.529 (0.536)	Data 0.001 (0.004)	Loss 0.5280 (0.5540)	Prec@1 96.094 (92.352)
Epoch: [101][170/176]	Time 0.529 (0.536)	Data 0.000 (0.004)	Loss 0.6196 (0.5549)	Prec@1 87.500 (92.379)
 * Prec@1 91.300
 * Prec@1 91.300
 * Prec@1 91.300
 * Prec@1 91.300
 * Noisy Prec@1 91.30
current lr 2.00000e-02
Epoch: [102][0/176]	Time 1.041 (1.041)	Data 0.463 (0.463)	Loss 0.4753 (0.4753)	Prec@1 94.531 (94.531)
Epoch: [102][17/176]	Time 0.529 (0.562)	Data 0.001 (0.027)	Loss 0.4483 (0.5193)	Prec@1 93.750 (92.860)
Epoch: [102][34/176]	Time 0.533 (0.551)	Data 0.001 (0.014)	Loss 0.4643 (0.5272)	Prec@1 94.531 (92.679)
Traceback (most recent call last):
  File "trainer_resnet.py", line 333, in <module>
    main()
  File "trainer_resnet.py", line 138, in main
    train(train_loader, model, criterion, optimizer, epoch, args=args, clip_fn=clip_weights)
  File "trainer_resnet.py", line 213, in train
    epoch=epoch - args.start_epoch
  File "/ibm/gpfs-homes/jbu/Resnet32-ICLR/Losses/torch_loss.py", line 275, in compute_gradient_and_backward
    y
  File "/ibm/gpfs-homes/jbu/Resnet32-ICLR/Losses/torch_loss.py", line 238, in _adversarial_loss
    rand_init=True,
  File "/u/jbu/.conda/envs/msc/lib/python3.7/site-packages/cleverhans/torch/attacks/projected_gradient_descent.py", line 131, in projected_gradient_descent
    targeted=targeted,
  File "/u/jbu/.conda/envs/msc/lib/python3.7/site-packages/cleverhans/torch/attacks/fast_gradient_method.py", line 87, in fast_gradient_method
    loss.backward()
  File "/u/jbu/.conda/envs/msc/lib/python3.7/site-packages/torch/tensor.py", line 221, in backward
    torch.autograd.backward(self, gradient, retain_graph, create_graph)
  File "/u/jbu/.conda/envs/msc/lib/python3.7/site-packages/torch/autograd/__init__.py", line 132, in backward
    allow_unreachable=True)  # allow_unreachable flag
KeyboardInterrupt
