Sender: LSF System <lsfadmin@zhcc006>
Subject: Job 770636: <python3 trainer_resnet.py -seed=0 -batch_size=256 -weight_decay=0.0005 -momentum=0.9 -save_every=10 -lr=0.1 -n_attack_steps=10 -beta_robustness=0.0 -eta_train=0.0 -eta_mode=ind -clipping_alpha=0.0 -attack_size_mismatch=0.2 -initial_std=0.001 -pretrained -burn_in=0 -workers=4 -n_epochs=300 -dataset=cifar10 -architecture=resnet9 -start_epoch=0 -data_dir=/dataP/jbu -session_id=9158116929> in cluster <ZHC2clusterLSF> Done

Job <python3 trainer_resnet.py -seed=0 -batch_size=256 -weight_decay=0.0005 -momentum=0.9 -save_every=10 -lr=0.1 -n_attack_steps=10 -beta_robustness=0.0 -eta_train=0.0 -eta_mode=ind -clipping_alpha=0.0 -attack_size_mismatch=0.2 -initial_std=0.001 -pretrained -burn_in=0 -workers=4 -n_epochs=300 -dataset=cifar10 -architecture=resnet9 -start_epoch=0 -data_dir=/dataP/jbu -session_id=9158116929> was submitted from host <zhcc022> by user <jbu> in cluster <ZHC2clusterLSF> at Sun Nov  7 19:46:25 2021
Job was executed on host(s) <zhcc006>, in queue <prod.med>, as user <jbu> in cluster <ZHC2clusterLSF> at Sun Nov  7 20:42:35 2021
</u/jbu> was used as the home directory.
</u/jbu/Master-Thesis> was used as the working directory.
Started at Sun Nov  7 20:42:35 2021
Terminated at Sun Nov  7 20:42:40 2021
Results reported at Sun Nov  7 20:42:40 2021

Your job looked like:

------------------------------------------------------------
# LSBATCH: User input
python3 trainer_resnet.py -seed=0 -batch_size=256 -weight_decay=0.0005 -momentum=0.9 -save_every=10 -lr=0.1 -n_attack_steps=10 -beta_robustness=0.0 -eta_train=0.0 -eta_mode=ind -clipping_alpha=0.0 -attack_size_mismatch=0.2 -initial_std=0.001 -pretrained -burn_in=0 -workers=4 -n_epochs=300 -dataset=cifar10 -architecture=resnet9 -start_epoch=0 -data_dir=/dataP/jbu -session_id=9158116929
------------------------------------------------------------

Successfully completed.

Resource usage summary:

    CPU time :                                   10.15 sec.
    Max Memory :                                 60 MB
    Average Memory :                             40.67 MB
    Total Requested Memory :                     -
    Delta Memory :                               -
    Max Swap :                                   -
    Max Processes :                              3
    Max Threads :                                131
    Run time :                                   5 sec.
    Turnaround time :                            3375 sec.

The output (if any) follows:

No pretrained model found at /ibm/gpfs-homes/jbu/Master-Thesis/Resources/cifar10_pretrained_models/resnet9.th
